rwxrwxr-x267/74      0 Apr 17 08:12 1986 ./
rw-r--r--267/74   1162 Apr 17 08:08 1986 ./CONVERT
r--r--r--267/74    590 Apr 17 08:08 1986 ./Makefile
rw-r--r--267/74   3986 Apr 17 08:08 1986 ./READ_ME
rwxr-xr-x267/74      0 Apr 17 08:13 1986 ./bin/
rw-r--r--267/74   2749 Apr 17 08:08 1986 ./bin/READ_ME
rwx------267/74      0 Apr 17 08:09 1986 ./data/
rwxrwxrwx267/74      0 Apr 17 08:09 1986 ./data/base/
rw-r--r--267/74     49 Apr 17 08:09 1986 ./data/base/READ_ME
rwxr-xr-x267/74      0 Apr 17 08:09 1986 ./demo/
rw-r--r--267/74    736 Apr 17 08:09 1986 ./demo/supply
rw-r--r--267/74   2115 Apr 17 08:09 1986 ./demo/qry
rw-r--r--267/74    416 Apr 17 08:09 1986 ./demo/sale
rw-r--r--267/74    294 Apr 17 08:09 1986 ./demo/supplier
rw-r--r--267/74   1250 Apr 17 08:09 1986 ./demo/employee
rw-r--r--267/74    836 Apr 17 08:09 1986 ./demo/dept
rw-r--r--267/74   1000 Apr 17 08:09 1986 ./demo/item
rw-r--r--267/74    644 Apr 17 08:09 1986 ./demo/parts
rw-r--r--267/74     81 Apr 17 08:09 1986 ./demo/store
rw-r--r--267/74    966 Apr 17 08:09 1986 ./demo/setup
rwxr-xr-x267/74      0 May 15 08:07 1986 ./doc/
rwxr-xr-x267/74      0 Apr 17 08:09 1986 ./doc/quel/
rw-r--r--267/74   1343 Apr 17 08:09 1986 ./doc/quel/delim.nr
rw-r--r--267/74   1891 Apr 17 08:09 1986 ./doc/quel/ordered.nr
rw-r--r--267/74    718 Apr 17 08:09 1986 ./doc/quel/use.nr
rw-r--r--267/74   6263 Apr 17 08:09 1986 ./doc/quel/modify.nr
rw-r--r--267/74  10983 Apr 17 08:09 1986 ./doc/quel/macros.nr
rw-r--r--267/74    940 Apr 17 08:09 1986 ./doc/quel/integrity.nr
rw-r--r--267/74   1768 Apr 17 08:09 1986 ./doc/quel/index.nr
rw-r--r--267/74   2297 Apr 17 08:09 1986 ./doc/quel/help.nr
rw-r--r--267/74   1860 Apr 17 08:09 1986 ./doc/quel/destroy.nr
rw-r--r--267/74   1011 Apr 17 08:09 1986 ./doc/quel/delete.nr
rw-r--r--267/74    615 Apr 17 08:09 1986 ./doc/quel/define.nr
rw-r--r--267/74    931 Apr 17 08:09 1986 ./doc/quel/create.nr
rw-r--r--267/74   7056 Apr 17 08:09 1986 ./doc/quel/copy.nr
rw-r--r--267/74   1962 Apr 17 08:09 1986 ./doc/quel/append.nr
rw-r--r--267/74   1313 Apr 17 08:09 1986 ./doc/quel/view.nr
rw-r--r--267/74    867 Apr 17 08:09 1986 ./doc/quel/save.nr
rw-r--r--267/74   2326 Apr 17 08:09 1986 ./doc/quel/retrieve.nr
rw-r--r--267/74   1426 Apr 17 08:09 1986 ./doc/quel/replace.nr
rw-r--r--267/74    980 Apr 17 08:09 1986 ./doc/quel/range.nr
rw-r--r--267/74  21047 Apr 17 08:09 1986 ./doc/quel/quel.nr
rw-r--r--267/74    916 Apr 17 08:09 1986 ./doc/quel/print.nr
rw-r--r--267/74   2654 Apr 17 08:09 1986 ./doc/quel/permit.nr
rw-r--r--267/74   8422 Apr 17 08:09 1986 ./doc/quel/monitor.nr
rwxr-xr-x267/74      0 Apr 17 08:09 1986 ./doc/other/
rw-r--r--267/74  14617 Apr 17 08:09 1986 ./doc/other/equeltut.q
rw-r--r--267/74   1112 Apr 17 08:09 1986 ./doc/other/equeldemo.q
rw-r--r--267/74  11286 Apr 17 08:09 1986 ./doc/other/v61v62diff.nr
rw-r--r--267/74    906 Apr 17 08:09 1986 ./doc/other/flags.cat
rw-r--r--267/74   1521 Apr 17 08:09 1986 ./doc/other/indconv.nr
rw-r--r--267/74  46024 Apr 17 08:09 1986 ./doc/other/maintain.nr
rw-r--r--267/74   8176 Apr 17 08:09 1986 ./doc/other/v6v61diff.nr
rw-r--r--267/74   3141 Apr 17 08:09 1986 ./doc/other/lockdev.nr
rw-r--r--267/74   5616 Apr 17 08:09 1986 ./doc/other/setup_geo.nr
rw-r--r--267/74  14347 Apr 17 08:09 1986 ./doc/other/howto_setup.nr
rw-r--r--267/74   1183 Apr 17 08:09 1986 ./doc/other/nmacs
rw-r--r--267/74   6996 Apr 17 08:09 1986 ./doc/other/v5v6diff.nr
rw-r--r--267/74  45945 Apr 17 08:09 1986 ./doc/other/tutorial.nr
rw-r--r--267/74  15097 Apr 17 08:09 1986 ./doc/other/code_cnvntns.c
rw-r--r--267/74  90795 Apr 17 08:09 1986 ./doc/other/design.roff
rw-r--r--267/74   3629 Apr 17 08:09 1986 ./doc/other/v710v81diff.nr
rwxr-xr-x267/74      0 Apr 17 08:09 1986 ./doc/files/
rw-r--r--267/74   1538 Apr 17 08:09 1986 ./doc/files/users.nr
rw-r--r--267/74   1122 Apr 17 08:09 1986 ./doc/files/ttytype.nr
rw-r--r--267/74    350 Apr 17 08:09 1986 ./doc/files/startup.nr
rw-r--r--267/74   3604 Apr 17 08:09 1986 ./doc/files/proctab.nr
rw-r--r--267/74   3322 Apr 17 08:09 1986 ./doc/files/libq.nr
rw-r--r--267/74    557 Apr 17 08:09 1986 ./doc/files/grafile.nr
rw-r--r--267/74   1066 Apr 17 08:09 1986 ./doc/files/error.nr
rw-r--r--267/74   1308 Apr 17 08:09 1986 ./doc/files/dbtmplt.nr
rw-r--r--267/74    547 Apr 17 08:09 1986 ./doc/files/dayfile.nr
rwxr-xr-x267/74      0 Apr 17 08:09 1986 ./doc/unix/
rw-r--r--267/74   2848 Apr 17 08:09 1986 ./doc/unix/usersetup.nr
rw-r--r--267/74   1910 Apr 17 08:09 1986 ./doc/unix/sysmod.nr
rw-r--r--267/74   4275 Apr 17 08:09 1986 ./doc/unix/restore.nr
rw-r--r--267/74   2095 Apr 17 08:09 1986 ./doc/unix/purge.nr
rw-r--r--267/74    812 Apr 17 08:09 1986 ./doc/unix/printr.nr
rw-r--r--267/74   5743 Apr 17 08:09 1986 ./doc/unix/ingres.nr
rw-r--r--267/74    753 Apr 17 08:09 1986 ./doc/unix/helpr.nr
rw-r--r--267/74  10566 Apr 17 08:09 1986 ./doc/unix/equel.nr
rw-r--r--267/74   1285 Apr 17 08:09 1986 ./doc/unix/destroydb.nr
rw-r--r--267/74   5045 Apr 17 08:09 1986 ./doc/unix/creatdb.nr
rw-r--r--267/74   1816 Apr 17 08:09 1986 ./doc/unix/copydb.nr
rw-r--r--267/74    709 Apr 17 08:09 1986 ./doc/naa
rw-r--r--267/74    523 Apr 17 08:09 1986 ./doc/iaa
rwxr-xr-x267/74    213 Apr 17 08:09 1986 ./doc/contents.sh
rw-r--r--267/74    424 May 15 08:07 1986 ./doc/1aa.nr
rw-r--r--267/74    574 May 15 08:07 1986 ./doc/0aa.nr
rw-r--r--267/74    439 May 15 08:10 1986 ./doc/Makefile
rwxr-xr-x267/74    258 Apr 17 08:09 1986 ./doc/toc.sh
rw-r--r--267/74   6821 May 15 08:10 1986 ./doc/toc.nr
rw-r--r--267/74    321 Apr 17 08:09 1986 ./doc/READ_ME
rw-r--r--267/74    874 May 15 08:07 1986 ./doc/taa
rwxr-xr-x267/74      0 Apr 17 08:09 1986 ./doc/error/
rw-r--r--267/74   1451 Apr 17 08:09 1986 ./doc/error/00intro.nr
rw-r--r--267/74  10758 Apr 17 08:09 1986 ./doc/error/05dbu.nr
rw-r--r--267/74   2351 Apr 17 08:09 1986 ./doc/error/04Aovqp.nr
rw-r--r--267/74   1818 Apr 17 08:09 1986 ./doc/error/04Bdecomp.nr
rw-r--r--267/74   3407 Apr 17 08:09 1986 ./doc/error/03qrymod.nr
rw-r--r--267/74  11147 Apr 17 08:09 1986 ./doc/error/02parser.nr
rwxr-xr-x267/74      0 Apr 17 08:10 1986 ./doc/access/
rw-r--r--267/74   1391 Apr 17 08:09 1986 ./doc/access/setkey.nr
rw-r--r--267/74    365 Apr 17 08:09 1986 ./doc/access/rmbatch.nr
rw-r--r--267/74   1331 Apr 17 08:09 1986 ./doc/access/replace.nr
rw-r--r--267/74   2423 Apr 17 08:10 1986 ./doc/access/openr.nr
rw-r--r--267/74    843 Apr 17 08:10 1986 ./doc/access/openbatch.nr
rw-r--r--267/74    703 Apr 17 08:10 1986 ./doc/access/noclose.nr
rw-r--r--267/74    560 Apr 17 08:10 1986 ./doc/access/kcompare.nr
rw-r--r--267/74  22557 Apr 17 08:10 1986 ./doc/access/internal.nr
rw-r--r--267/74   1119 Apr 17 08:10 1986 ./doc/access/insert.nr
rw-r--r--267/74    697 Apr 17 08:10 1986 ./doc/access/inpcloser.nr
rw-r--r--267/74    760 Apr 17 08:10 1986 ./doc/access/icompare.nr
rw-r--r--267/74    820 Apr 17 08:10 1986 ./doc/access/getequal.nr
rw-r--r--267/74   1426 Apr 17 08:10 1986 ./doc/access/get.nr
rw-r--r--267/74    479 Apr 17 08:10 1986 ./doc/access/formatpg.nr
rw-r--r--267/74   2316 Apr 17 08:10 1986 ./doc/access/find.nr
rw-r--r--267/74    447 Apr 17 08:10 1986 ./doc/access/delete.nr
rw-r--r--267/74    757 Apr 17 08:10 1986 ./doc/access/closer.nr
rw-r--r--267/74    470 Apr 17 08:10 1986 ./doc/access/closebatch.nr
rw-r--r--267/74    349 Apr 17 08:10 1986 ./doc/access/clearkeys.nr
rw-r--r--267/74    661 Apr 17 08:10 1986 ./doc/access/cleanrel.nr
rw-r--r--267/74    623 Apr 17 08:10 1986 ./doc/access/addbatch.nr
rw-r--r--267/74    424 Apr 17 08:10 1986 ./doc/access/1aa
rwxr-xr-x267/74     67 Apr 17 08:10 1986 ./doc/access/format
rw-r--r--267/74   2657 May 15 08:07 1986 ./doc/2aa.nr
rwxr-xr-x267/74      0 Apr 17 08:10 1986 ./files/
r--r--r--267/74    400 Apr 17 08:10 1986 ./files/sysmod7
r--r--r--267/74     31 Apr 17 08:10 1986 ./files/dayfile8
r--r--r--267/74    929 Apr 17 08:10 1986 ./files/dbtmplt8
r--r--r--267/74    548 Apr 17 08:10 1986 ./files/equel8
r--r--r--267/74   1445 Apr 17 08:10 1986 ./files/proctab7P
r--r--r--267/74     37 Apr 17 08:10 1986 ./files/error7_0
r--r--r--267/74    293 Apr 17 08:10 1986 ./files/error7_1
r--r--r--267/74   3948 Apr 17 08:10 1986 ./files/error7_5
r--r--r--267/74   1132 Apr 17 08:10 1986 ./files/error7_4
r--r--r--267/74    184 Apr 17 08:10 1986 ./files/error7_6
r--r--r--267/74    683 Apr 17 08:10 1986 ./files/proctab7V
r--r--r--267/74   1036 Apr 17 08:10 1986 ./files/error7_3
r--r--r--267/74    851 Apr 17 08:10 1986 ./files/dbtmplt7
r--r--r--267/74    703 Apr 17 08:10 1986 ./files/proctab7
r--r--r--267/74   1134 Apr 17 08:10 1986 ./files/equel7P
r--r--r--267/74     43 Apr 17 08:10 1986 ./files/usage
r--r--r--267/74    284 Apr 17 08:10 1986 ./files/startup
r--r--r--267/74    548 Apr 17 08:10 1986 ./files/equel7
r--r--r--267/74   5814 Apr 17 08:10 1986 ./files/error7_2
r--r--r--267/74   1641 Apr 17 08:10 1986 ./files/READ_ME
rw-r--r--267/74    268 Apr 17 08:10 1986 ./files/users
r--r--r--267/74     37 Apr 17 08:10 1986 ./files/error8_0
r--r--r--267/74    293 Apr 17 08:10 1986 ./files/error8_1
r--r--r--267/74   7497 Apr 17 08:10 1986 ./files/error8_2
r--r--r--267/74   1045 Apr 17 08:10 1986 ./files/error8_3
r--r--r--267/74   1269 Apr 17 08:10 1986 ./files/error8_4
r--r--r--267/74   4412 Apr 17 08:10 1986 ./files/error8_5
r--r--r--267/74    184 Apr 17 08:10 1986 ./files/error8_6
r--r--r--267/74    686 Apr 17 08:10 1986 ./files/proctab8
r--r--r--267/74    826 Apr 17 08:10 1986 ./files/procx8
r--r--r--267/74    400 Apr 17 08:10 1986 ./files/sysmod8
rwxr-xr-x267/74      0 Apr 17 08:10 1986 ./lib/
rw-r--r--267/74     80 Apr 17 08:10 1986 ./lib/READ_ME
rwxr-xr-x267/74      0 Apr 17 08:12 1986 ./source/
rwxr-xr-x267/74      0 Apr 17 08:10 1986 ./source/conf/
r--r--r--267/74   9211 Apr 17 08:10 1986 ./source/conf/Makefile
r--r--r--267/74    433 Apr 17 08:10 1986 ./source/conf/version.c
r--r--r--267/74    253 Apr 17 08:10 1986 ./source/conf/monitor.c
r--r--r--267/74    627 Apr 17 08:10 1986 ./source/conf/sysdump.c
r--r--r--267/74    447 Apr 17 08:10 1986 ./source/conf/sysmodfunc.c
r--r--r--267/74    262 Apr 17 08:10 1986 ./source/conf/sysmonitor.c
r--r--r--267/74   1808 Apr 17 08:10 1986 ./source/conf/univingres.c
rwxr-xr-x267/74      0 Apr 23 11:45 1986 ./source/ctlmod/
r--r--r--267/74    895 Apr 17 08:10 1986 ./source/ctlmod/av_files.c
r--r--r--267/74   4476 Apr 17 08:10 1986 ./source/ctlmod/call.c
r--r--r--267/74   2909 Apr 17 08:10 1986 ./source/ctlmod/call_fn.c
r--r--r--267/74   1328 Apr 17 08:10 1986 ./source/ctlmod/cm_cleanup.c
r--r--r--267/74   5880 Apr 23 09:28 1986 ./source/ctlmod/Makefile
r--r--r--267/74   3423 Apr 17 08:10 1986 ./source/ctlmod/ctlmod.h
r--r--r--267/74    334 Apr 17 08:10 1986 ./source/ctlmod/cm_close.c
r--r--r--267/74    777 Apr 17 08:10 1986 ./source/ctlmod/cm_reset.c
r--r--r--267/74   1899 Apr 17 08:10 1986 ./source/ctlmod/resetp.c
r--r--r--267/74   5395 Apr 17 08:10 1986 ./source/ctlmod/readqry.c
r--r--r--267/74   3591 Apr 17 08:10 1986 ./source/ctlmod/do_seq.c
r--r--r--267/74   2157 Apr 17 08:10 1986 ./source/ctlmod/do_st.c
r--r--r--267/74   2320 Apr 17 08:10 1986 ./source/ctlmod/error.c
r--r--r--267/74    367 Apr 17 08:10 1986 ./source/ctlmod/getp.c
r--r--r--267/74   1947 Apr 17 08:10 1986 ./source/ctlmod/init_qt.c
r--r--r--267/74   2159 Apr 17 08:10 1986 ./source/ctlmod/initp.c
r--r--r--267/74   7401 Apr 17 08:10 1986 ./source/ctlmod/main.c
r--r--r--267/74   1589 Apr 17 08:10 1986 ./source/ctlmod/mapvars.c
r--r--r--267/74   2191 Apr 17 08:10 1986 ./source/ctlmod/monitor.c
r--r--r--267/74    974 Apr 17 08:10 1986 ./source/ctlmod/pb_dump.c
r--r--r--267/74    773 Apr 17 08:10 1986 ./source/ctlmod/pb_flush.c
r--r--r--267/74   1502 Apr 17 08:10 1986 ./source/ctlmod/pb_get.c
r--r--r--267/74   1060 Apr 17 08:10 1986 ./source/ctlmod/pb_prime.c
r--r--r--267/74   2127 Apr 17 08:10 1986 ./source/ctlmod/range.c
r--r--r--267/74   1113 Apr 17 08:10 1986 ./source/ctlmod/pb_put.c
r--r--r--267/74   3215 Apr 17 08:10 1986 ./source/ctlmod/pb_read.c
r--r--r--267/74    424 Apr 17 08:10 1986 ./source/ctlmod/pb_rphys.c
r--r--r--267/74    648 Apr 17 08:10 1986 ./source/ctlmod/pb_tput.c
r--r--r--267/74    565 Apr 17 08:10 1986 ./source/ctlmod/pb_wphys.c
r--r--r--267/74   1354 Apr 17 08:10 1986 ./source/ctlmod/pb_write.c
r--r--r--267/74   3232 Apr 17 08:10 1986 ./source/ctlmod/proc_err.c
r--r--r--267/74   1503 Apr 17 08:10 1986 ./source/ctlmod/prvect.c
r--r--r--267/74   4093 Apr 17 08:10 1986 ./source/ctlmod/readinput.c
r--r--r--267/74   1329 Apr 17 08:10 1986 ./source/ctlmod/readmon.c
r--r--r--267/74   2471 Apr 17 08:10 1986 ./source/ctlmod/send_off.c
r--r--r--267/74   1728 Apr 17 08:10 1986 ./source/ctlmod/setp.c
r--r--r--267/74   2154 Apr 17 08:10 1986 ./source/ctlmod/sysdump.c
r--r--r--267/74   3817 Apr 17 08:10 1986 ./source/ctlmod/treepr.c
r--r--r--267/74   1757 Apr 17 08:10 1986 ./source/ctlmod/pipes.h
r--r--r--267/74   2495 Apr 17 08:10 1986 ./source/ctlmod/writeqry.c
r--r--r--267/74    550 Apr 17 08:10 1986 ./source/ctlmod/proc.h
r--r--r--267/74    821 Apr 17 08:10 1986 ./source/ctlmod/state.h
rw-r--r--267/74    788 Apr 17 08:10 1986 ./source/ctlmod/TraceFlags
rwxr-xr-x267/74      0 Apr 17 08:10 1986 ./source/dbu/
r--r--r--267/74  17149 Apr 17 08:10 1986 ./source/dbu/ksort.c
r--r--r--267/74   9853 Apr 17 08:10 1986 ./source/dbu/pr_prot.c
r--r--r--267/74   5160 Apr 17 08:10 1986 ./source/dbu/btreeupdate.c
r--r--r--267/74   2716 Apr 17 08:10 1986 ./source/dbu/convert.c
r--r--r--267/74   6827 Apr 17 08:10 1986 ./source/dbu/Makefile
r--r--r--267/74   4339 Apr 17 08:10 1986 ./source/dbu/secupdate.c
r--r--r--267/74   3070 Apr 17 08:10 1986 ./source/dbu/destroy.c
r--r--r--267/74   5526 Apr 17 08:10 1986 ./source/dbu/print.c
r--r--r--267/74   1337 Apr 17 08:10 1986 ./source/dbu/get_p_tid.c
r--r--r--267/74   5394 Apr 17 08:10 1986 ./source/dbu/index.c
r--r--r--267/74  12619 Apr 17 08:10 1986 ./source/dbu/create.c
r--r--r--267/74  42297 Apr 17 08:10 1986 ./source/dbu/modify.c
r--r--r--267/74   5423 Apr 17 08:10 1986 ./source/dbu/display.c
r--r--r--267/74   6921 Apr 17 08:10 1986 ./source/dbu/modupdate.c
r--r--r--267/74   9662 Apr 17 08:10 1986 ./source/dbu/pr_tree.c
r--r--r--267/74  16302 Apr 17 08:10 1986 ./source/dbu/rmqm.c
r--r--r--267/74    944 Apr 17 08:10 1986 ./source/dbu/purgetup.c
r--r--r--267/74   3502 Apr 17 08:10 1986 ./source/dbu/rdwrbatch.c
r--r--r--267/74   1440 Apr 17 08:10 1986 ./source/dbu/resetrel.c
r--r--r--267/74   4512 Apr 17 08:10 1986 ./source/dbu/save.c
r--r--r--267/74    748 Apr 17 08:10 1986 ./source/dbu/rupdate.c
r--r--r--267/74  10724 Apr 17 08:10 1986 ./source/dbu/help.c
r--r--r--267/74  20426 Apr 17 08:10 1986 ./source/dbu/copy.c
r--r--r--267/74   2753 Apr 17 08:10 1986 ./source/dbu/seq_atts.c
r--r--r--267/74   3565 Apr 17 08:10 1986 ./source/dbu/sysfunc.c
r--r--r--267/74   3518 Apr 17 08:10 1986 ./source/dbu/sysmon.c
r--r--r--267/74   4633 Apr 17 08:10 1986 ./source/dbu/udestroy.c
r--r--r--267/74  11148 Apr 17 08:10 1986 ./source/dbu/update.c
rw-r--r--267/74   1613 Apr 17 08:10 1986 ./source/dbu/TraceFlags
rwxr-xr-x267/74      0 Apr 17 08:10 1986 ./source/decomp/
r--r--r--267/74   1755 Apr 17 08:10 1986 ./source/decomp/ret_unique.c
r--r--r--267/74   4940 Apr 17 08:10 1986 ./source/decomp/globs.h
rw-r--r--267/74   1496 Apr 17 08:10 1986 ./source/decomp/TraceFlags
r--r--r--267/74   7555 Apr 17 08:10 1986 ./source/decomp/call_ovqp.c
r--r--r--267/74   3275 Apr 17 08:10 1986 ./source/decomp/qryproc.c
r--r--r--267/74   7147 Apr 17 08:10 1986 ./source/decomp/decomp.c
r--r--r--267/74   1075 Apr 17 08:10 1986 ./source/decomp/call_dbu.c
r--r--r--267/74   2975 Apr 17 08:10 1986 ./source/decomp/usubr.c
r--r--r--267/74   2582 Apr 17 08:10 1986 ./source/decomp/rnum.c
r--r--r--267/74   1143 Apr 17 08:10 1986 ./source/decomp/de_init.c
r--r--r--267/74  10229 Apr 17 08:10 1986 ./source/decomp/decision.c
r--r--r--267/74    214 Apr 17 08:10 1986 ./source/decomp/error.c
r--r--r--267/74   4391 Apr 17 08:10 1986 ./source/decomp/exec_sq.c
r--r--r--267/74   1760 Apr 17 08:10 1986 ./source/decomp/lockit.c
r--r--r--267/74   3047 Apr 17 08:10 1986 ./source/decomp/makenode.c
r--r--r--267/74   1379 Apr 17 08:10 1986 ./source/decomp/mapvar.c
r--r--r--267/74    657 Apr 17 08:10 1986 ./source/decomp/mklist.c
r--r--r--267/74  10778 Apr 17 08:10 1986 ./source/decomp/openrs.c
r--r--r--267/74    376 Apr 17 08:10 1986 ./source/decomp/prlinks.c
r--r--r--267/74   1609 Apr 17 08:10 1986 ./source/decomp/pull_const.c
r--r--r--267/74   5244 Apr 17 08:10 1986 ./source/decomp/pull_sq.c
r--r--r--267/74   3826 Apr 17 08:10 1986 ./source/decomp/ageval.c
r--r--r--267/74   2306 Apr 17 08:10 1986 ./source/decomp/rangetable.c
r--r--r--267/74   6147 Apr 17 08:10 1986 ./source/decomp/Makefile
r--r--r--267/74   6989 Apr 17 08:10 1986 ./source/decomp/reduction.c
r--r--r--267/74  14322 Apr 17 08:10 1986 ./source/decomp/reformat.c
r--r--r--267/74    409 Apr 17 08:10 1986 ./source/decomp/reinit.c
r--r--r--267/74   1298 Apr 17 08:10 1986 ./source/decomp/decomp.h
r--r--r--267/74   8408 Apr 17 08:10 1986 ./source/decomp/byeval.c
r--r--r--267/74   4139 Apr 17 08:10 1986 ./source/decomp/selectv.c
r--r--r--267/74   2316 Apr 17 08:10 1986 ./source/decomp/setvar.c
r--r--r--267/74   3868 Apr 17 08:10 1986 ./source/decomp/tempvar.c
r--r--r--267/74  15268 Apr 17 08:10 1986 ./source/decomp/aggregate.c
rwxr-xr-x267/74      0 Apr 17 08:10 1986 ./source/h/
r--r--r--267/74   1110 Apr 17 08:10 1986 ./source/h/Makefile
r--r--r--267/74    822 Apr 17 08:10 1986 ./source/h/depend.sed
r--r--r--267/74   2034 Apr 17 08:10 1986 ./source/h/batch.h
r--r--r--267/74   5275 Apr 17 08:10 1986 ./source/h/ingres.h
r--r--r--267/74   1293 Apr 17 08:10 1986 ./source/h/btree.h
r--r--r--267/74   4162 Apr 17 08:10 1986 ./source/h/catalog.h
r--r--r--267/74   2571 Apr 17 08:10 1986 ./source/h/useful.h
r--r--r--267/74    725 Apr 17 08:10 1986 ./source/h/func.h
r--r--r--267/74   1713 Apr 17 08:10 1986 ./source/h/ildr.h
r--r--r--267/74   5114 Apr 17 08:10 1986 ./source/h/access.h
r--r--r--267/74   1076 Apr 17 08:10 1986 ./source/h/lock.h
r--r--r--267/74   3291 Apr 17 08:10 1986 ./source/h/opsys.h
r--r--r--267/74    443 Apr 17 08:10 1986 ./source/h/pmon.h
r--r--r--267/74    718 Apr 17 08:10 1986 ./source/h/pv.h
r--r--r--267/74   2426 Apr 17 08:10 1986 ./source/h/range.h
r--r--r--267/74    438 Apr 17 08:10 1986 ./source/h/resp.h
r--r--r--267/74    113 Apr 17 08:10 1986 ./source/h/sccs.h
r--r--r--267/74   5165 Apr 17 08:10 1986 ./source/h/symbol.h
r--r--r--267/74   2310 Apr 17 08:10 1986 ./source/h/trace.h
r--r--r--267/74   5531 Apr 17 08:10 1986 ./source/h/tree.h
r--r--r--267/74   5008 Apr 17 08:10 1986 ./source/h/aux.h
r--r--r--267/74   1038 Apr 17 08:10 1986 ./source/h/version.h
r--r--r--267/74  19205 Apr 17 08:10 1986 ./source/h/errors.h
rwxr-xr-x267/74      0 Apr 17 08:11 1986 ./source/equel/
r--r--r--267/74   2638 Apr 17 08:10 1986 ./source/equel/yylex.c
r--r--r--267/74   1099 Apr 17 08:10 1986 ./source/equel/cmap.c
r--r--r--267/74   1523 Apr 17 08:11 1986 ./source/equel/comment.c
r--r--r--267/74   5526 Apr 17 08:11 1986 ./source/equel/cvar.c
r--r--r--267/74    844 Apr 17 08:11 1986 ./source/equel/getkey.c
r--r--r--267/74   5634 Apr 17 08:11 1986 ./source/equel/globals.h
r--r--r--267/74   3455 Apr 17 08:11 1986 ./source/equel/Makefile
r--r--r--267/74  21130 Apr 17 08:11 1986 ./source/equel/grammar.y
r--r--r--267/74   1183 Apr 17 08:11 1986 ./source/equel/nalloc.c
r--r--r--267/74   2186 Apr 17 08:11 1986 ./source/equel/name.c
r--r--r--267/74   2382 Apr 17 08:11 1986 ./source/equel/number.c
r--r--r--267/74   1838 Apr 17 08:11 1986 ./source/equel/operator.c
r--r--r--267/74   3264 Apr 17 08:11 1986 ./source/equel/tokens.y
r--r--r--267/74   3793 Apr 17 08:11 1986 ./source/equel/parser.c
r--r--r--267/74   2672 Apr 17 08:11 1986 ./source/equel/retrieve.c
r--r--r--267/74   1537 Apr 17 08:11 1986 ./source/equel/string.c
r--r--r--267/74   1688 Apr 17 08:11 1986 ./source/equel/yyerror.c
r--r--r--267/74   4847 Apr 17 08:11 1986 ./source/equel/include.c
r--r--r--267/74   2666 Apr 17 08:11 1986 ./source/equel/constants.h
r--r--r--267/74   5757 Apr 17 08:11 1986 ./source/equel/prtout.c
r--r--r--267/74   7217 Apr 17 08:11 1986 ./source/equel/display.c
r--r--r--267/74   3086 Apr 17 08:11 1986 ./source/equel/getch.c
r--r--r--267/74   5842 Apr 17 08:11 1986 ./source/equel/main.c
rwxr-xr-x267/74      0 Apr 17 08:11 1986 ./source/gutil/
r--r--r--267/74   3214 Apr 17 08:11 1986 ./source/gutil/Makefile
r--r--r--267/74    500 Apr 17 08:11 1986 ./source/gutil/append.c
r--r--r--267/74   2038 Apr 17 08:11 1986 ./source/gutil/atof.c
r--r--r--267/74   2077 Apr 17 08:11 1986 ./source/gutil/need.c
r--r--r--267/74    423 Apr 17 08:11 1986 ./source/gutil/bequal.c
r--r--r--267/74    347 Apr 17 08:11 1986 ./source/gutil/sequal.c
r--r--r--267/74    143 Apr 17 08:11 1986 ./source/gutil/bmove.SUN.c
r--r--r--267/74    280 Apr 17 08:11 1986 ./source/gutil/wait.s
r--r--r--267/74   1331 Apr 17 08:11 1986 ./source/gutil/atol.c
r--r--r--267/74    630 Apr 17 08:11 1986 ./source/gutil/oatoi.c
r--r--r--267/74    320 Apr 17 08:11 1986 ./source/gutil/bitcnt.c
r--r--r--267/74   3257 Apr 17 08:11 1986 ./source/gutil/ftoa.c
r--r--r--267/74    454 Apr 17 08:11 1986 ./source/gutil/bitpos.c
r--r--r--267/74    342 Apr 17 08:11 1986 ./source/gutil/capital.c
r--r--r--267/74    475 Apr 17 08:11 1986 ./source/gutil/clrmem.c
r--r--r--267/74    505 Apr 17 08:11 1986 ./source/gutil/concat.c
r--r--r--267/74   1886 Apr 17 08:11 1986 ./source/gutil/freebuf.c
r--r--r--267/74    327 Apr 17 08:11 1986 ./source/gutil/iocv.c
r--r--r--267/74    677 Apr 17 08:11 1986 ./source/gutil/getufield.c
r--r--r--267/74   1632 Apr 17 08:11 1986 ./source/gutil/fullwait.c
r--r--r--267/74    352 Apr 17 08:11 1986 ./source/gutil/itoa.c
r--r--r--267/74    296 Apr 17 08:11 1986 ./source/gutil/length.c
r--r--r--267/74    657 Apr 17 08:11 1986 ./source/gutil/cat.c
r--r--r--267/74    500 Apr 17 08:11 1986 ./source/gutil/lprintf.c
r--r--r--267/74    208 Apr 17 08:11 1986 ./source/gutil/min.c
r--r--r--267/74    150 Apr 17 08:11 1986 ./source/gutil/bmove.VAX.s
r--r--r--267/74    248 Apr 17 08:11 1986 ./source/gutil/pad.c
r--r--r--267/74    532 Apr 17 08:11 1986 ./source/gutil/perror.c
r--r--r--267/74    602 Apr 17 08:11 1986 ./source/gutil/pmove.c
r--r--r--267/74    658 Apr 17 08:11 1986 ./source/gutil/prargs.c
r--r--r--267/74   1382 Apr 17 08:11 1986 ./source/gutil/scompare.c
r--r--r--267/74    509 Apr 17 08:11 1986 ./source/gutil/set_si_buf.c
r--r--r--267/74    865 Apr 17 08:11 1986 ./source/gutil/set_so_buf.c
r--r--r--267/74    813 Apr 17 08:11 1986 ./source/gutil/setflag.c
r--r--r--267/74    376 Apr 17 08:11 1986 ./source/gutil/smove.c
r--r--r--267/74   1216 Apr 17 08:11 1986 ./source/gutil/syserr.c
r--r--r--267/74    199 Apr 17 08:11 1986 ./source/gutil/tTf.c
r--r--r--267/74   3213 Apr 17 08:11 1986 ./source/gutil/trace.c
r--r--r--267/74    263 Apr 17 08:11 1986 ./source/gutil/locv.s
r--r--r--267/74    550 Apr 17 08:11 1986 ./source/gutil/xalloc.c
r--r--r--267/74    593 Apr 17 08:11 1986 ./source/gutil/xfree.c
r--r--r--267/74    563 Apr 17 08:11 1986 ./source/gutil/ztack.c
r--r--r--267/74    709 Apr 17 08:11 1986 ./source/gutil/xputchar.c
r--r--r--267/74    505 Apr 17 08:11 1986 ./source/gutil/locv.c
rwxr-xr-x267/74      0 Apr 23 11:45 1986 ./source/monitor/
r--r--r--267/74   1490 Apr 17 08:11 1986 ./source/monitor/branch.c
r--r--r--267/74   4019 Apr 17 08:11 1986 ./source/monitor/buf.c
r--r--r--267/74   4704 Apr 23 09:27 1986 ./source/monitor/Makefile
r--r--r--267/74    471 Apr 17 08:11 1986 ./source/monitor/clear.c
r--r--r--267/74    882 Apr 17 08:11 1986 ./source/monitor/clrline.c
r--r--r--267/74   1079 Apr 17 08:11 1986 ./source/monitor/edit.c
r--r--r--267/74   1330 Apr 17 08:11 1986 ./source/monitor/eval.c
r--r--r--267/74   9515 Apr 17 08:11 1986 ./source/monitor/expr.c
r--r--r--267/74    477 Apr 17 08:11 1986 ./source/monitor/getch.c
r--r--r--267/74    831 Apr 17 08:11 1986 ./source/monitor/getfilenm.c
r--r--r--267/74   1370 Apr 17 08:11 1986 ./source/monitor/go.c
r--r--r--267/74   1459 Apr 17 08:11 1986 ./source/monitor/include.c
r--r--r--267/74  36093 Apr 17 08:11 1986 ./source/monitor/mac.c
r--r--r--267/74    914 Apr 17 08:11 1986 ./source/monitor/mcall.c
r--r--r--267/74   5232 Apr 17 08:11 1986 ./source/monitor/monitor.c
r--r--r--267/74    316 Apr 17 08:11 1986 ./source/monitor/newdirec.c
r--r--r--267/74    657 Apr 17 08:11 1986 ./source/monitor/print.c
r--r--r--267/74    606 Apr 17 08:11 1986 ./source/monitor/prompt.c
r--r--r--267/74   2981 Apr 17 08:11 1986 ./source/monitor/quit.c
r--r--r--267/74   1194 Apr 17 08:11 1986 ./source/monitor/shell.c
r--r--r--267/74   1076 Apr 17 08:11 1986 ./source/monitor/syscntrl.c
r--r--r--267/74   1625 Apr 17 08:11 1986 ./source/monitor/trapquery.c
r--r--r--267/74   7087 Apr 17 08:11 1986 ./source/monitor/ttymon.c
r--r--r--267/74    882 Apr 17 08:11 1986 ./source/monitor/writeout.c
r--r--r--267/74    926 Apr 17 08:11 1986 ./source/monitor/xwait.c
r--r--r--267/74    219 Apr 17 08:11 1986 ./source/monitor/buf.h
r--r--r--267/74   1904 Apr 17 08:11 1986 ./source/monitor/monitor.h
rw-r--r--267/74    270 Apr 17 08:11 1986 ./source/monitor/TraceFlags
rw-r--r--267/74      0 Apr 17 08:11 1986 ./source/monitor/config.c
rwxr-xr-x267/74      0 Apr 17 08:11 1986 ./source/iutil/
r--r--r--267/74   8596 Apr 17 08:11 1986 ./source/iutil/Makefile
r--r--r--267/74   1165 Apr 17 08:11 1986 ./source/iutil/utility.c
rw-r--r--267/74   1466 Apr 17 08:11 1986 ./source/iutil/TraceFlags
r--r--r--267/74   3803 Apr 17 08:11 1986 ./source/iutil/get_tuple.c
r--r--r--267/74    305 Apr 17 08:11 1986 ./source/iutil/acc_init.c
r--r--r--267/74   5658 Apr 17 08:11 1986 ./source/iutil/accbuf.c
r--r--r--267/74    913 Apr 17 08:11 1986 ./source/iutil/add_prim.c
r--r--r--267/74   5999 Apr 17 08:11 1986 ./source/iutil/batch.c
r--r--r--267/74    577 Apr 17 08:11 1986 ./source/iutil/batchxtra.c
r--r--r--267/74  16177 Apr 17 08:11 1986 ./source/iutil/initucode.c
r--r--r--267/74   5246 Apr 17 08:11 1986 ./source/iutil/bndxsearch.c
r--r--r--267/74   8546 Apr 17 08:11 1986 ./source/iutil/btree_util.c
r--r--r--267/74    239 Apr 17 08:11 1986 ./source/iutil/btreename.c
r--r--r--267/74   4962 Apr 17 08:11 1986 ./source/iutil/printup.c
r--r--r--267/74   2123 Apr 17 08:11 1986 ./source/iutil/btreerange.c
r--r--r--267/74    475 Apr 17 08:11 1986 ./source/iutil/cat_desc.c
r--r--r--267/74   2203 Apr 17 08:11 1986 ./source/iutil/checkadmin.c
r--r--r--267/74    552 Apr 17 08:11 1986 ./source/iutil/cleanrel.c
r--r--r--267/74   1312 Apr 17 08:11 1986 ./source/iutil/closecat.c
r--r--r--267/74    898 Apr 17 08:11 1986 ./source/iutil/closer.c
r--r--r--267/74    594 Apr 17 08:11 1986 ./source/iutil/clr_tuple.c
r--r--r--267/74   1810 Apr 17 08:11 1986 ./source/iutil/compare.c
r--r--r--267/74   1139 Apr 17 08:11 1986 ./source/iutil/create_btree.c
r--r--r--267/74   1336 Apr 17 08:11 1986 ./source/iutil/cslocks.c
r--r--r--267/74   1285 Apr 17 08:11 1986 ./source/iutil/dblocks.c
r--r--r--267/74   1006 Apr 17 08:11 1986 ./source/iutil/del_tuple.c
r--r--r--267/74   1130 Apr 17 08:11 1986 ./source/iutil/delete.c
r--r--r--267/74  12748 Apr 17 08:11 1986 ./source/iutil/delete_btree.c
r--r--r--267/74    865 Apr 17 08:11 1986 ./source/iutil/do_u_flag.c
r--r--r--267/74    424 Apr 17 08:11 1986 ./source/iutil/errfilen.c
r--r--r--267/74   3811 Apr 17 08:11 1986 ./source/iutil/find.c
r--r--r--267/74   4303 Apr 17 08:11 1986 ./source/iutil/findbest.c
r--r--r--267/74   2727 Apr 17 08:11 1986 ./source/iutil/add_ovflo.c
r--r--r--267/74   2180 Apr 17 08:11 1986 ./source/iutil/get.c
r--r--r--267/74   1344 Apr 17 08:11 1986 ./source/iutil/get_reltup.c
r--r--r--267/74   2164 Apr 17 08:11 1986 ./source/iutil/get_tid.c
r--r--r--267/74    637 Apr 17 08:11 1986 ./source/iutil/acc_addbuf.c
r--r--r--267/74   2031 Apr 17 08:11 1986 ./source/iutil/getequal.c
r--r--r--267/74   1149 Apr 17 08:11 1986 ./source/iutil/getnuser.c
r--r--r--267/74   2008 Apr 17 08:11 1986 ./source/iutil/getservent.c
r--r--r--267/74   3839 Apr 17 08:11 1986 ./source/iutil/gettree.c
r--r--r--267/74   1204 Apr 17 08:11 1986 ./source/iutil/getuser.c
r--r--r--267/74    494 Apr 17 08:11 1986 ./source/iutil/globals.c
r--r--r--267/74    656 Apr 17 08:11 1986 ./source/iutil/ingresname.c
r--r--r--267/74   1077 Apr 17 08:11 1986 ./source/iutil/formatpg.c
r--r--r--267/74   2442 Apr 17 08:11 1986 ./source/iutil/lock.c
r--r--r--267/74    814 Apr 17 08:11 1986 ./source/iutil/inpcloser.c
r--r--r--267/74   1922 Apr 17 08:11 1986 ./source/iutil/insert.c
r--r--r--267/74    989 Apr 17 08:11 1986 ./source/iutil/last_page.c
r--r--r--267/74  15696 Apr 17 08:11 1986 ./source/iutil/insert_btree.c
r--r--r--267/74   1164 Apr 17 08:11 1986 ./source/iutil/insert_mbtree.c
r--r--r--267/74   1528 Apr 17 08:11 1986 ./source/iutil/markopen.c
r--r--r--267/74   3795 Apr 17 08:11 1986 ./source/iutil/ndxsearch.c
r--r--r--267/74    823 Apr 17 08:11 1986 ./source/iutil/newlino.c
r--r--r--267/74   1418 Apr 17 08:11 1986 ./source/iutil/noclose.c
r--r--r--267/74   2633 Apr 17 08:11 1986 ./source/iutil/opencat.c
r--r--r--267/74   5572 Apr 17 08:11 1986 ./source/iutil/openr.c
r--r--r--267/74    441 Apr 17 08:11 1986 ./source/iutil/out_arg.c
r--r--r--267/74   6703 Apr 17 08:11 1986 ./source/iutil/replace.c
r--r--r--267/74   1580 Apr 17 08:11 1986 ./source/iutil/paramd.c
r--r--r--267/74   1825 Apr 17 08:11 1986 ./source/iutil/pglocks.c
r--r--r--267/74   1080 Apr 17 08:11 1986 ./source/iutil/printdesc.c
r--r--r--267/74   3239 Apr 17 08:11 1986 ./source/iutil/page.c
r--r--r--267/74   3136 Apr 17 08:11 1986 ./source/iutil/put_tuple.c
r--r--r--267/74   2399 Apr 17 08:11 1986 ./source/iutil/readadmin.c
r--r--r--267/74    929 Apr 17 08:11 1986 ./source/iutil/null_fn.c
r--r--r--267/74   1439 Apr 17 08:11 1986 ./source/iutil/rhash.c
r--r--r--267/74   1372 Apr 17 08:11 1986 ./source/iutil/rllocks.c
r--r--r--267/74   2382 Apr 17 08:11 1986 ./source/iutil/rub.c
r--r--r--267/74   2223 Apr 17 08:11 1986 ./source/iutil/scan_dups.c
r--r--r--267/74   1436 Apr 17 08:11 1986 ./source/iutil/setkey.c
r--r--r--267/74   1886 Apr 17 08:11 1986 ./source/iutil/sort.c
r--r--r--267/74    838 Apr 17 08:11 1986 ./source/iutil/trim_relna.c
r--r--r--267/74    809 Apr 17 08:11 1986 ./source/iutil/tup_len.c
r--r--r--267/74   1034 Apr 17 08:11 1986 ./source/iutil/writebatch.c
r--r--r--267/74   2214 Apr 17 08:11 1986 ./source/iutil/accintern.h
rwxr-xr-x267/74      0 Apr 17 08:11 1986 ./source/libq/
r--r--r--267/74   1291 Apr 17 08:11 1986 ./source/libq/IIatoi.c
r--r--r--267/74   4766 Apr 17 08:11 1986 ./source/libq/Makefile
r--r--r--267/74    455 Apr 17 08:11 1986 ./source/libq/IIbmove.c
r--r--r--267/74    532 Apr 17 08:11 1986 ./source/libq/IIconcatv.c
r--r--r--267/74   2983 Apr 17 08:11 1986 ./source/libq/IIconvert.c
r--r--r--267/74   1071 Apr 17 08:11 1986 ./source/libq/IIcvar.c
r--r--r--267/74   2066 Apr 17 08:11 1986 ./source/libq/IIerror.c
r--r--r--267/74   1288 Apr 17 08:11 1986 ./source/libq/IIexit.c
r--r--r--267/74    691 Apr 17 08:11 1986 ./source/libq/IIflushtup.c
r--r--r--267/74   2589 Apr 17 08:11 1986 ./source/libq/IIgetc.c
r--r--r--267/74   2345 Apr 17 08:11 1986 ./source/libq/IIw_right.c
r--r--r--267/74   4312 Apr 17 08:11 1986 ./source/libq/IIingres.c
r--r--r--267/74    563 Apr 17 08:11 1986 ./source/libq/IIitos.c
r--r--r--267/74    366 Apr 17 08:11 1986 ./source/libq/IIlength.c
r--r--r--267/74   1743 Apr 17 08:11 1986 ./source/libq/IIn_get.c
r--r--r--267/74   1733 Apr 17 08:11 1986 ./source/libq/IIgettup.c
r--r--r--267/74   2546 Apr 17 08:11 1986 ./source/libq/IIp_err.c
r--r--r--267/74    761 Apr 17 08:11 1986 ./source/libq/IIpb_flush.c
r--r--r--267/74   1269 Apr 17 08:11 1986 ./source/libq/IIpb_get.c
r--r--r--267/74   1026 Apr 17 08:11 1986 ./source/libq/IIpb_prime.c
r--r--r--267/74    982 Apr 17 08:11 1986 ./source/libq/IIpb_put.c
r--r--r--267/74   1843 Apr 17 08:11 1986 ./source/libq/IIpb_read.c
r--r--r--267/74   2572 Apr 17 08:11 1986 ./source/libq/IIw_left.c
r--r--r--267/74    393 Apr 17 08:11 1986 ./source/libq/IIpb_rphys.c
r--r--r--267/74    436 Apr 17 08:11 1986 ./source/libq/IIpb_wphys.c
r--r--r--267/74    661 Apr 17 08:11 1986 ./source/libq/IIpb_write.c
r--r--r--267/74   1246 Apr 17 08:11 1986 ./source/libq/IIresync.c
r--r--r--267/74    946 Apr 17 08:11 1986 ./source/libq/IIretrieve.c
r--r--r--267/74    456 Apr 17 08:11 1986 ./source/libq/IIsequal.c
r--r--r--267/74    442 Apr 17 08:11 1986 ./source/libq/IIsetup.c
r--r--r--267/74    756 Apr 17 08:11 1986 ./source/libq/IIsync.c
r--r--r--267/74    970 Apr 17 08:11 1986 ./source/libq/IIsyserr.c
r--r--r--267/74   2991 Apr 17 08:11 1986 ./source/libq/IIreadinp.c
r--r--r--267/74   2523 Apr 17 08:11 1986 ./source/libq/IIn_ret.c
rw-r--r--267/74    176 Apr 17 08:11 1986 ./source/libq/IIpb_flush
r--r--r--267/74    681 Apr 17 08:11 1986 ./source/libq/IIwrite.c
r--r--r--267/74   2431 Apr 17 08:11 1986 ./source/libq/IIglobals.h
rwxr-xr-x267/74      0 Apr 17 08:12 1986 ./source/ovqp/
r--r--r--267/74   2260 Apr 17 08:11 1986 ./source/ovqp/equelpr.c
rw-r--r--267/74    737 Apr 17 08:11 1986 ./source/ovqp/TraceFlags
r--r--r--267/74   7510 Apr 17 08:11 1986 ./source/ovqp/findsimps.c
r--r--r--267/74   4197 Apr 17 08:11 1986 ./source/ovqp/Makefile
r--r--r--267/74   1011 Apr 17 08:11 1986 ./source/ovqp/startovqp.c
r--r--r--267/74   2280 Apr 17 08:11 1986 ./source/ovqp/ovqp.h
r--r--r--267/74   9390 Apr 17 08:12 1986 ./source/ovqp/key.c
r--r--r--267/74   2627 Apr 17 08:12 1986 ./source/ovqp/prsym.c
r--r--r--267/74   7609 Apr 17 08:12 1986 ./source/ovqp/scan.c
r--r--r--267/74  13220 Apr 17 08:12 1986 ./source/ovqp/interp.c
r--r--r--267/74   5266 Apr 17 08:12 1986 ./source/ovqp/interp1.c
r--r--r--267/74  26084 Apr 17 08:12 1986 ./source/ovqp/string.c
r--r--r--267/74   2406 Apr 17 08:12 1986 ./source/ovqp/tidtest.c
r--r--r--267/74   9444 Apr 17 08:12 1986 ./source/ovqp/strategy.c
r--r--r--267/74   4184 Apr 17 08:12 1986 ./source/ovqp/typecheck.c
r--r--r--267/74    111 Apr 17 08:12 1986 ./source/ovqp/strategy.h
rwxr-xr-x267/74      0 Apr 17 08:12 1986 ./source/parser/
r--r--r--267/74   5341 Apr 17 08:12 1986 ./source/parser/Makefile
r--r--r--267/74    343 Apr 17 08:12 1986 ./source/parser/ack_err.c
r--r--r--267/74   8036 Apr 17 08:12 1986 ./source/parser/att_fcn.c
r--r--r--267/74   1122 Apr 17 08:12 1986 ./source/parser/call_tree.c
r--r--r--267/74   7864 Apr 17 08:12 1986 ./source/parser/control.c
r--r--r--267/74   7321 Apr 17 08:12 1986 ./source/parser/format.c
r--r--r--267/74   1140 Apr 17 08:12 1986 ./source/parser/get_scan.c
r--r--r--267/74   8197 Apr 17 08:12 1986 ./source/parser/norml.c
r--r--r--267/74   1628 Apr 17 08:12 1986 ./source/parser/par_init.c
r--r--r--267/74   2711 Apr 17 08:12 1986 ./source/parser/parser.c
r--r--r--267/74  10022 Apr 17 08:12 1986 ./source/parser/range_fcn.c
r--r--r--267/74   2290 Apr 17 08:12 1986 ./source/parser/s_number.c
r--r--r--267/74   1037 Apr 17 08:12 1986 ./source/parser/s_cmap.c
r--r--r--267/74   1940 Apr 17 08:12 1986 ./source/parser/s_string.c
r--r--r--267/74    398 Apr 17 08:12 1986 ./source/parser/s_inout.c
r--r--r--267/74   2978 Apr 17 08:12 1986 ./source/parser/s_yylex.c
r--r--r--267/74   1720 Apr 17 08:12 1986 ./source/parser/parser.h
r--r--r--267/74   1516 Apr 17 08:12 1986 ./source/parser/s_operator.c
r--r--r--267/74  16749 Apr 17 08:12 1986 ./source/parser/tree.c
r--r--r--267/74    514 Apr 17 08:12 1986 ./source/parser/s_symtab.c
r--r--r--267/74   1599 Apr 17 08:12 1986 ./source/parser/s_name.c
r--r--r--267/74   9156 Apr 17 08:12 1986 ./source/parser/par_util.c
r--r--r--267/74   2032 Apr 17 08:12 1986 ./source/parser/xdot.c
r--r--r--267/74   2703 Apr 17 08:12 1986 ./source/parser/scanner.h
r--r--r--267/74   1069 Apr 17 08:12 1986 ./source/parser/s_comment.c
r--r--r--267/74   3134 Apr 17 08:12 1986 ./source/parser/tables.y
r--r--r--267/74  22660 Apr 17 08:12 1986 ./source/parser/grammar.y
r--r--r--267/74   2859 Apr 17 08:12 1986 ./source/parser/yyerror.y
rw-r--r--267/74   1337 Apr 17 08:12 1986 ./source/parser/TraceFlags
rwxr-xr-x267/74      0 Apr 17 08:12 1986 ./source/support/
r--r--r--267/74   5840 Apr 17 08:12 1986 ./source/support/purge.c
r--r--r--267/74   9420 Apr 17 08:12 1986 ./source/support/Makefile
r--r--r--267/74  14165 Apr 17 08:12 1986 ./source/support/ingconv.q
r--r--r--267/74  26109 Apr 17 08:12 1986 ./source/support/restore.c
r--r--r--267/74   1626 Apr 17 08:12 1986 ./source/support/printadmin.c
r--r--r--267/74    953 Apr 17 08:12 1986 ./source/support/externs.c
r--r--r--267/74   4339 Apr 17 08:12 1986 ./source/support/destroydb.c
r--r--r--267/74   5060 Apr 17 08:12 1986 ./source/support/subs.c
r--r--r--267/74   1747 Apr 17 08:12 1986 ./source/support/error.c
r--r--r--267/74   3601 Apr 17 08:12 1986 ./source/support/helpr.c
r--r--r--267/74  13361 Apr 17 08:12 1986 ./source/support/ildr.c
r--r--r--267/74  34939 Apr 17 08:12 1986 ./source/support/creatdb.c
r--r--r--267/74   1653 Apr 17 08:12 1986 ./source/support/initsocket.c
r--r--r--267/74   3695 Apr 17 08:12 1986 ./source/support/printr.c
r--r--r--267/74   1400 Apr 17 08:12 1986 ./source/support/prvect.c
r--r--r--267/74   3522 Apr 17 08:12 1986 ./source/support/indconv.q
r--r--r--267/74   7297 Apr 17 08:12 1986 ./source/support/copydb.q
r--r--r--267/74   1830 Apr 17 08:12 1986 ./source/support/ildr.h
r--r--r--267/74  33872 Apr 17 08:12 1986 ./source/support/ingres.y
r--r--r--267/74   2498 Apr 17 08:12 1986 ./source/support/demodb.sh
r--r--r--267/74   7522 Apr 17 08:12 1986 ./source/support/timefix.c
r--r--r--267/74   3361 Apr 17 08:12 1986 ./source/support/usersetup.c
rwxr-xr-x267/74      0 Apr 17 08:12 1986 ./source/qrymod/
rw-r--r--267/74    413 Apr 17 08:12 1986 ./source/qrymod/TraceFlags
r--r--r--267/74   7500 Apr 17 08:12 1986 ./source/qrymod/trscan.c
r--r--r--267/74   4305 Apr 17 08:12 1986 ./source/qrymod/Makefile
r--r--r--267/74   5413 Apr 17 08:12 1986 ./source/qrymod/d_integ.c
r--r--r--267/74   4010 Apr 17 08:12 1986 ./source/qrymod/integrity.c
r--r--r--267/74   2074 Apr 17 08:12 1986 ./source/qrymod/d_view.c
r--r--r--267/74   1613 Apr 17 08:12 1986 ./source/qrymod/issue.c
r--r--r--267/74  23724 Apr 17 08:12 1986 ./source/qrymod/protect.c
r--r--r--267/74   7081 Apr 17 08:12 1986 ./source/qrymod/norml.c
r--r--r--267/74  11996 Apr 17 08:12 1986 ./source/qrymod/view.c
r--r--r--267/74   4352 Apr 17 08:12 1986 ./source/qrymod/puttree.c
r--r--r--267/74   2421 Apr 17 08:12 1986 ./source/qrymod/qrymod.c
r--r--r--267/74    942 Apr 17 08:12 1986 ./source/qrymod/tree.c
r--r--r--267/74  11424 Apr 17 08:12 1986 ./source/qrymod/d_prot.c
r--r--r--267/74   7916 Apr 17 08:12 1986 ./source/qrymod/util.c
r--r--r--267/74    665 Apr 17 08:12 1986 ./source/qrymod/qrymod.h
rwxr-xr-x267/74    417 Apr 17 08:12 1986 ./source/count
rwxr-xr-x267/74    236 Apr 17 08:12 1986 ./source/applyall
rw-r--r--267/74   2522 Apr 17 08:08 1986 ./source/READ_ME
rwxr-xr-x267/74    136 Apr 17 08:12 1986 ./source/findit
rw-r--r--267/74   1832 Apr 17 08:12 1986 ./version
