rwxrwxr-x  0/10      0 Jun  6 14:12 1986 ./
rwxrwxr-x  0/10      0 Jun  7 07:50 1986 ./cassette/
rw-r--r--  0/10    102 May  1 10:48 1983 ./cassette/hkmboo.cmd
rw-r--r--  0/10    114 May  1 10:48 1983 ./cassette/hksboo.cmd
rw-r--r--  0/10    102 May  1 10:48 1983 ./cassette/ramboo.cmd
rw-r--r--  0/10    127 May  1 10:48 1983 ./cassette/anyboo.cmd
rw-rw-r--  0/10  12468 Jun  7 07:49 1986 ./cassette/boot.730
rw-r--r--  0/10    155 May  1 10:48 1983 ./cassette/defboo.cmd
rw-r--r--  0/10    154 May  1 10:48 1983 ./cassette/defboo.hk
rw-r--r--  0/10    154 May  1 10:48 1983 ./cassette/defboo.ra
rw-r--r--  0/10    154 May  1 10:48 1983 ./cassette/defboo.up
rw-rw-r--  0/10  21720 Jun  7 07:49 1986 ./cassette/boot.750
rw-r--r--  0/10    155 May  1 10:48 1983 ./cassette/defboo.rb
rw-r--r--  0/10    103 May  1 10:48 1983 ./cassette/rbmboo.cmd
rw-r--r--  0/10     49 May  1 10:48 1983 ./cassette/restar.cmd
rw-r--r--  0/10    102 May  1 10:48 1983 ./cassette/upmboo.cmd
rw-r--r--  0/10    114 May  1 10:48 1983 ./cassette/upsboo.cmd
rw-r--r--  0/10    115 May  1 10:48 1983 ./cassette/rbsboo.cmd
rw-r--r--  0/10    114 May  1 10:48 1983 ./cassette/rasboo.cmd
rw-r--r--  0/10    156 Jun 17 11:42 1983 ./cassette/defboo.rl
rw-r--r--  0/10    115 Sep 26 07:09 1983 ./cassette/rlsboo.cmd
rw-rw-r--  0/10  13324 Jun  7 07:49 1986 ./cassette/copy.730
r--r--r--  0/10   1919 Jun  5 18:56 1986 ./cassette/Makefile
rw-rw-r--  0/10  24152 Jun  7 07:49 1986 ./cassette/copy.750
rw-rw-r--  0/10  15656 Jun  7 07:49 1986 ./cassette/format.730
rw-rw-r--  0/10  21072 Jun  7 07:49 1986 ./cassette/format.750
rw-rw-r--  0/10  10552 Jun  7 07:50 1986 ./cassette/drtest.730
rw-rw-r--  0/10  15968 Jun  7 07:50 1986 ./cassette/drtest.750
rw-r--r--  0/10   1713 Aug 11 10:18 1983 ./cassette/update.out
rw-r--r--  0/10    155 Aug 25 06:08 1983 ./cassette/cassette.out
rw-r--r--  0/10    155 Aug 25 06:13 1983 ./cassette/cassette.out1
rwxrwxr-x  0/10      0 Jun  7 06:52 1986 ./dist/
rwxrwxr-x  0/10      0 Jan 22 17:39 1986 ./dist/tp/
rw-r--r--  0/10  24148 Jun  7 07:49 1986 ./dist/tp/copy
rw-r--r--  0/10  25444 Jun  7 07:49 1986 ./dist/tp/boot
rw-r--r--  0/10  21068 Jun  7 07:49 1986 ./dist/tp/format
r-xr-xr-x  0/10    481 Jun  7 13:03 1986 ./dist/buildmini
r--r--r--  0/10   3023 Jun  7 13:03 1986 ./dist/get
rw-r--r--  0/10    881 Jun 24 09:40 1985 ./dist/README
r--r--r--  0/10   8953 Apr 29 07:18 1986 ./dist/MAKEDEV
r-xr-xr-x  0/10   3156 Jun  7 13:03 1986 ./dist/maketape
r--r--r--  0/10   8897 Jun  1 15:03 1986 ./dist/disktab
rw-r--r--  0/10    142 Apr 26 05:38 1986 ./dist/group
rw-r--r--  0/10     63 Aug 15 15:58 1983 ./dist/fstab.hp
rw-r--r--  0/10     63 Aug 15 15:58 1983 ./dist/fstab.ra60
rw-r--r--  0/10     63 Aug 15 15:58 1983 ./dist/fstab.ra80
rw-r--r--  0/10     63 Aug 15 15:58 1983 ./dist/fstab.ra81
rw-r--r--  0/10     63 Aug 15 15:58 1983 ./dist/fstab.rb80
rw-r--r--  0/10    111 Aug 15 15:58 1983 ./dist/fstab.rk07
rw-r--r--  0/10     41 Aug 15 15:58 1983 ./dist/fstab.rm03
rw-r--r--  0/10     63 Aug 15 15:58 1983 ./dist/fstab.rm05
rw-r--r--  0/10     41 Aug 15 15:58 1983 ./dist/fstab.rm80
rwxrwxr-x  0/10    740 Mar 18 05:39 1986 ./dist/MAKEHOSTS
rw-r--r--  0/10     41 Aug 15 15:58 1983 ./dist/fstab.rp06
rw-r--r--  0/10     63 Aug 15 15:58 1983 ./dist/fstab.rp07
rw-r--r--  0/10     63 Aug 15 15:58 1983 ./dist/fstab.up
rw-r--r--  0/10     41 Aug 15 15:58 1983 ./dist/fstab.up160m
rw-r--r--  0/10     63 Aug 15 15:58 1983 ./dist/fstab.up300m
rw-r--r--  0/10     79 Jun  8 05:32 1986 ./dist/motd
rw-r--r--  0/10   2064 Aug  6 04:58 1985 ./dist/passwd
rw-r--r--  0/10   1227 Jun  7 07:01 1986 ./dist/rc.local
rw-r--r--  0/10   2174 Jun  7 06:21 1986 ./dist/rc
rw-r--r--  0/10     77 Aug 15 16:02 1983 ./dist/printcap
rw-r--r--  0/10   1142 Jun 22 11:30 1985 ./dist/ttys
rw-r--r--  0/10   1525 Apr 21 14:00 1986 ./dist/services
rw-r--r--  0/10     63 Nov  4 07:55 1983 ./dist/fstab.hp400m
rw-r--r--  0/10    141 Oct 31 13:16 1985 ./dist/shells
rw-r--r--  0/10    990 Jun  7 06:48 1986 ./dist/inetd.conf
rw-r--r--  0/10    254 Jun  7 06:52 1986 ./dist/syslog.conf
rwxrwxr-x  0/10      0 Jun  7 02:12 1986 ./conf/
rwxrwxr-x  0/10      0 Feb  2 16:57 1986 ./conf/UCB8600.PROF symbolic link to UCB8600
rw-rw-r--  0/10   1222 Jun  7 02:12 1986 ./conf/UCB8600
r--r--r--  0/10   2794 Jun  5 18:46 1986 ./conf/files
r--r--r--  0/10   2484 Jun  7 11:46 1986 ./conf/files.vax
r--r--r--  0/10    583 Jun  5 18:47 1986 ./conf/newvers.sh
rw-r--r--  0/10    504 Oct 24 11:36 1985 ./conf/touch.c
rw-rw-r--  0/10    605 Oct 24 11:36 1985 ./conf/UCB730
rw-rw-r--  0/10   3806 Jun  7 02:04 1986 ./conf/LINT
rw-rw-r--  0/10   3159 Jun  7 12:23 1986 ./conf/GENERIC
r--r--r--  0/10   2218 Jun  5 18:47 1986 ./conf/param.c
rw-rw-r--  0/10   1096 Oct 24 11:36 1985 ./conf/UCB750
rw-r--r--  0/10    333 Oct 24 11:36 1985 ./conf/defines
rw-rw-r--  0/10    654 Oct 24 11:36 1985 ./conf/ANSEL
rw-r--r--  0/10     43 Oct 24 11:36 1985 ./conf/devices.vax
rw-rw-r--  0/10    982 Jun  7 02:09 1986 ./conf/UCB750IMP
r--r--r--  0/10   4758 Jun  5 18:46 1986 ./conf/Makefile.vax
rw-rw-r--  0/10   1460 Oct 24 11:36 1985 ./conf/UCB780
rw-rw-r--  0/10   3236 Jun  7 12:23 1986 ./conf/MICROVAXII
rwxrwxr-x  0/10      0 Jun  7 07:49 1986 ./floppy/
rw-r--r--  0/10    209 Feb 13 11:56 1983 ./floppy/anyboo.cmd
rw-rw-r--  0/10  21720 Jun  7 07:49 1986 ./floppy/boot
rw-rw-r--  0/10  24152 Jun  7 07:49 1986 ./floppy/copy
rw-rw-r--  0/10  21072 Jun  7 07:49 1986 ./floppy/format
rw-rw-r--  0/10  15968 Jun  7 07:49 1986 ./floppy/drtest
rw-r--r--  0/10    278 Sep 26 06:37 1983 ./floppy/defboo.hk
rw-r--r--  0/10    278 Sep 26 06:37 1983 ./floppy/defboo.hp
rw-r--r--  0/10    278 Sep 26 06:38 1983 ./floppy/defboo.up
rw-r--r--  0/10    278 Sep 26 06:35 1983 ./floppy/defboo.ra
rw-r--r--  0/10    175 Feb 13 11:56 1983 ./floppy/hpmboo.cmd
rw-r--r--  0/10    179 Feb 13 11:56 1983 ./floppy/hpsboo.cmd
rw-r--r--  0/10    175 Sep 26 06:43 1983 ./floppy/ramboo.cmd
rw-r--r--  0/10    179 Sep 26 06:43 1983 ./floppy/rasboo.cmd
rw-r--r--  0/10    270 Aug  2 09:20 1983 ./floppy/restar.cmd
rw-r--r--  0/10    175 Feb 13 11:56 1983 ./floppy/upmboo.cmd
rw-r--r--  0/10    179 Feb 13 11:56 1983 ./floppy/upsboo.cmd
rw-r--r--  0/10    281 Mar  7 11:41 1983 ./floppy/utboot.cmd
rw-r--r--  0/10    175 Sep 26 06:42 1983 ./floppy/hkmboo.cmd
rw-r--r--  0/10    179 Sep 26 06:42 1983 ./floppy/hksboo.cmd
r--r--r--  0/10   1283 Jun  5 19:00 1986 ./floppy/Makefile
rw-r--r--  0/10   9984 Jul 10 08:17 1983 ./floppy/3tracks
rw-rw-r--  0/10    512 May 22 07:35 1985 ./floppy/defboo.MS780C-interleaved
rwxrwxr-x  0/10      0 Feb 22 12:24 1986 ./h/
r--r--r--  0/10   1390 Jun  5 16:19 1986 ./h/acct.h
r--r--r--  0/10   6523 Jun  5 16:20 1986 ./h/buf.h
r--r--r--  0/10    716 Jun  5 16:20 1986 ./h/callout.h
r--r--r--  0/10    571 Jun  5 16:32 1986 ./h/vm.h
r--r--r--  0/10    608 Jun  5 16:21 1986 ./h/dk.h
r--r--r--  0/10   2674 Jun  5 16:29 1986 ./h/trace.h
r--r--r--  0/10   4474 Jun  5 16:31 1986 ./h/user.h
r--r--r--  0/10   2567 Jun  5 16:20 1986 ./h/cmap.h
r--r--r--  0/10    460 Jun  5 16:20 1986 ./h/clist.h
r--r--r--  0/10  11166 Jun  5 16:24 1986 ./h/ioctl.h
r--r--r--  0/10   1337 Jun  5 16:21 1986 ./h/conf.h
r--r--r--  0/10   3226 Jun  5 16:21 1986 ./h/dir.h
r--r--r--  0/10    672 Jun  5 16:30 1986 ./h/uio.h
r--r--r--  0/10   7240 Jun  5 16:26 1986 ./h/protosw.h
r--r--r--  0/10   3180 Jun  5 16:22 1986 ./h/file.h
r--r--r--  0/10   1553 Jun  5 16:21 1986 ./h/dkbad.h
r--r--r--  0/10    865 Jun  5 16:21 1986 ./h/dmap.h
r--r--r--  0/10    829 Jun  5 16:22 1986 ./h/exec.h
r--r--r--  0/10   6035 Jun  5 16:23 1986 ./h/inode.h
r--r--r--  0/10    659 Jun  5 16:22 1986 ./h/domain.h
r--r--r--  0/10   5024 Jun  5 16:28 1986 ./h/socketvar.h
r--r--r--  0/10    423 Jun  5 16:31 1986 ./h/un.h
r--r--r--  0/10   5026 Jun  5 16:26 1986 ./h/proc.h
r--r--r--  0/10    451 Jun  5 16:25 1986 ./h/msgbuf.h
r--r--r--  0/10   3859 Jun  5 16:22 1986 ./h/errno.h
r--r--r--  0/10   4725 Jun  5 16:24 1986 ./h/mbuf.h
r--r--r--  0/10   2228 Jun  5 16:23 1986 ./h/gprof.h
r--r--r--  0/10    721 Jun  5 16:24 1986 ./h/kernel.h
r--r--r--  0/10   1844 Jun  5 16:24 1986 ./h/map.h
r--r--r--  0/10    909 Jun  5 16:25 1986 ./h/mman.h
r--r--r--  0/10    602 Jun  5 16:25 1986 ./h/mount.h
r--r--r--  0/10   2299 Jun  5 16:25 1986 ./h/mtio.h
r--r--r--  0/10   4182 Jun  5 16:27 1986 ./h/signal.h
r--r--r--  0/10   5103 Jun  5 16:27 1986 ./h/quota.h
r--r--r--  0/10   1401 Jun  5 16:27 1986 ./h/reboot.h
r--r--r--  0/10   1751 Jun  5 16:27 1986 ./h/resource.h
r--r--r--  0/10    335 Jun  5 16:27 1986 ./h/seg.h
r--r--r--  0/10   1985 Jun  5 16:30 1986 ./h/types.h
r--r--r--  0/10   1198 Jun  5 16:28 1986 ./h/stat.h
r--r--r--  0/10   2126 Jun  5 16:28 1986 ./h/systm.h
r--r--r--  0/10   1966 Jun  5 16:29 1986 ./h/text.h
r--r--r--  0/10   1484 Jun  5 16:29 1986 ./h/time.h
r--r--r--  0/10    380 Jun  5 16:29 1986 ./h/timeb.h
r--r--r--  0/10    466 Jun  5 16:29 1986 ./h/times.h
r--r--r--  0/10   2758 Jun  5 16:25 1986 ./h/namei.h
r--r--r--  0/10   1333 Jun  5 16:30 1986 ./h/ttychars.h
r--r--r--  0/10    822 Jun  5 16:30 1986 ./h/ttydev.h
rwxrwxr-x  0/10      0 Feb  2 18:05 1986 ./h/tags symbolic link to ../sys/tags
r--r--r--  0/10  15068 Jun  5 16:23 1986 ./h/fs.h
r--r--r--  0/10   1866 Jun  5 16:31 1986 ./h/unpcb.h
r--r--r--  0/10    661 Jun  5 16:31 1986 ./h/vadvise.h
r--r--r--  0/10   4412 Jun  5 16:30 1986 ./h/tty.h
r--r--r--  0/10    707 Jun  5 16:32 1986 ./h/vlimit.h
r--r--r--  0/10   5089 Jun  5 16:32 1986 ./h/vmmac.h
r--r--r--  0/10   2441 Jun  5 16:33 1986 ./h/wait.h
r--r--r--  0/10   3310 Jun  5 16:32 1986 ./h/vmmeter.h
r--r--r--  0/10    473 Jun  5 16:32 1986 ./h/vmparam.h
r--r--r--  0/10   1664 Jun  5 16:32 1986 ./h/vmsystm.h
r--r--r--  0/10    995 Jun  5 16:33 1986 ./h/vtimes.h
r--r--r--  0/10    466 Jun  5 16:31 1986 ./h/vcmd.h
r--r--r--  0/10    677 Jun  5 16:19 1986 ./h/bkmac.h
r--r--r--  0/10    837 Jun  5 16:26 1986 ./h/ptrace.h
r--r--r--  0/10   2403 Jun  5 16:28 1986 ./h/syslog.h
r--r--r--  0/10   4279 Jun  5 16:28 1986 ./h/socket.h
r--r--r--  0/10   3848 Jun  5 16:33 1986 ./h/vsio.h
r--r--r--  0/10   5249 Jun  5 16:26 1986 ./h/param.h
r--r--r--  0/10   2121 Jun  5 16:29 1986 ./h/tablet.h
rwxrwxr-x  0/10      0 Jun  8 04:45 1986 ./GENERIC/
rw-rw-r--  0/10   8040 Jun  7 12:25 1986 ./GENERIC/ioconf.c
rw-rw-r--  0/10   8928 Jun  7 12:25 1986 ./GENERIC/ubglue.s
rw-rw-r--  0/10    228 Jun  7 12:25 1986 ./GENERIC/ubvec.s
rwxrwxr-x  0/10      0 Jun  6 14:11 1986 ./GENERIC/sys symbolic link to ../h
rw-rw-r--  0/10  90999 Jun  7 12:46 1986 ./GENERIC/Makefile
rw-rw-r--  0/10     16 Jun  6 14:11 1986 ./GENERIC/loop.h
rw-rw-r--  0/10     14 Jun  6 14:11 1986 ./GENERIC/sl.h
rw-rw-r--  0/10     15 Jun  6 14:11 1986 ./GENERIC/imp.h
rw-rw-r--  0/10     17 Jun  6 14:11 1986 ./GENERIC/ether.h
rw-rw-r--  0/10     14 Jun  6 14:11 1986 ./GENERIC/bk.h
rw-rw-r--  0/10     15 Jun  6 14:11 1986 ./GENERIC/pty.h
rw-rw-r--  0/10     14 Jun  6 14:11 1986 ./GENERIC/tb.h
rw-rw-r--  0/10     15 Jun  6 14:11 1986 ./GENERIC/acc.h
rw-rw-r--  0/10     15 Jun  6 14:11 1986 ./GENERIC/css.h
rw-rw-r--  0/10     14 Jun  6 14:11 1986 ./GENERIC/de.h
rw-rw-r--  0/10     15 Jun  6 14:11 1986 ./GENERIC/ddn.h
rw-rw-r--  0/10     15 Jun  6 14:11 1986 ./GENERIC/dmc.h
rw-rw-r--  0/10     14 Jun  6 14:11 1986 ./GENERIC/ec.h
rw-rw-r--  0/10     14 Jun  6 14:11 1986 ./GENERIC/en.h
rw-rw-r--  0/10     14 Jun  6 14:11 1986 ./GENERIC/ex.h
rw-rw-r--  0/10     15 Jun  6 14:11 1986 ./GENERIC/hdh.h
rw-rw-r--  0/10     14 Jun  6 14:11 1986 ./GENERIC/hy.h
rw-rw-r--  0/10     14 Jun  6 14:11 1986 ./GENERIC/il.h
rw-rw-r--  0/10     15 Jun  6 14:11 1986 ./GENERIC/pcl.h
rw-rw-r--  0/10     14 Jun  6 14:11 1986 ./GENERIC/qn.h
rw-rw-r--  0/10     14 Jun  6 14:11 1986 ./GENERIC/ns.h
rw-rw-r--  0/10     14 Jun  6 14:11 1986 ./GENERIC/vv.h
rw-rw-r--  0/10     14 Jun  6 14:11 1986 ./GENERIC/hp.h
rw-rw-r--  0/10     28 Jun  6 14:11 1986 ./GENERIC/tu.h
rw-rw-r--  0/10     15 Jun  6 14:11 1986 ./GENERIC/mba.h
rw-rw-r--  0/10     28 Jun  6 14:11 1986 ./GENERIC/mu.h
rw-rw-r--  0/10     14 Jun  6 14:11 1986 ./GENERIC/ad.h
rw-rw-r--  0/10     14 Jun  6 14:11 1986 ./GENERIC/ct.h
rw-rw-r--  0/10     14 Jun  6 14:11 1986 ./GENERIC/dh.h
rw-rw-r--  0/10     15 Jun  6 14:11 1986 ./GENERIC/dhu.h
rw-rw-r--  0/10     15 Jun  6 14:11 1986 ./GENERIC/dmf.h
rw-rw-r--  0/10     15 Jun  6 14:11 1986 ./GENERIC/dmz.h
rw-rw-r--  0/10     14 Jun  6 14:11 1986 ./GENERIC/dn.h
rw-rw-r--  0/10     14 Jun  6 14:11 1986 ./GENERIC/dz.h
rw-rw-r--  0/10     14 Jun  6 14:11 1986 ./GENERIC/kg.h
rw-rw-r--  0/10     29 Jun  6 14:11 1986 ./GENERIC/rb.h
rw-rw-r--  0/10     14 Jun  6 14:11 1986 ./GENERIC/ik.h
rw-rw-r--  0/10     14 Jun  6 14:11 1986 ./GENERIC/lp.h
rw-rw-r--  0/10     15 Jun  6 14:11 1986 ./GENERIC/lpa.h
rw-rw-r--  0/10     14 Jun  6 14:11 1986 ./GENERIC/ps.h
rw-rw-r--  0/10     28 Jun  6 14:11 1986 ./GENERIC/rk.h
rw-rw-r--  0/10     28 Jun  6 14:11 1986 ./GENERIC/rl.h
rw-rw-r--  0/10     14 Jun  6 14:11 1986 ./GENERIC/rx.h
rw-rw-r--  0/10     28 Jun  6 14:11 1986 ./GENERIC/te.h
rw-rw-r--  0/10     32 Jun  6 14:11 1986 ./GENERIC/tms.h
rw-rw-r--  0/10     28 Jun  6 14:11 1986 ./GENERIC/ts.h
rw-rw-r--  0/10     15 Jun  6 14:11 1986 ./GENERIC/uba.h
rw-rw-r--  0/10     29 Jun  6 14:11 1986 ./GENERIC/ra.h
rw-rw-r--  0/10     28 Jun  6 14:11 1986 ./GENERIC/up.h
rw-rw-r--  0/10     28 Jun  6 14:11 1986 ./GENERIC/tj.h
rw-rw-r--  0/10     14 Jun  6 14:11 1986 ./GENERIC/uu.h
rw-rw-r--  0/10     14 Jun  6 14:11 1986 ./GENERIC/va.h
rw-rw-r--  0/10     14 Jun  6 14:11 1986 ./GENERIC/vp.h
rw-rw-r--  0/10     14 Jun  6 14:11 1986 ./GENERIC/vs.h
rw-rw-r--  0/10    222 Jun  7 12:25 1986 ./GENERIC/swaphkvmunix.c
rw-rw-r--  0/10    222 Jun  7 12:25 1986 ./GENERIC/swaphpvmunix.c
rw-rw-r--  0/10     14 Jun  7 12:25 1986 ./GENERIC/qe.h
rw-rw-r--  0/10    837 Jun  7 12:47 1986 ./GENERIC/assym.s
rw-rw-r--  0/10  51218 Jun  7 12:47 1986 ./GENERIC/locore.c
rw-rw-r--  0/10  29961 Jun  7 12:46 1986 ./GENERIC/Makefile.bak
rw-rw-r--  0/10     36 Jun  6 15:51 1986 ./GENERIC/emulate.o
rw-rw-r--  0/10  66036 Jun  7 12:47 1986 ./GENERIC/locore.o
rw-rw-r--  0/10   3119 Jun  6 16:07 1986 ./GENERIC/tcp_output.o
rw-rw-r--  0/10    933 Jun  7 12:47 1986 ./GENERIC/af.o
rw-rw-r--  0/10   2877 Jun  6 15:52 1986 ./GENERIC/if.o
rw-rw-r--  0/10   2991 Jun  6 15:55 1986 ./GENERIC/route.o
rw-rw-r--  0/10   1967 Jun  6 15:53 1986 ./GENERIC/if_loop.o
rw-rw-r--  0/10   1738 Jun  6 15:54 1986 ./GENERIC/raw_cb.o
rw-rw-r--  0/10   3204 Jun  6 15:58 1986 ./GENERIC/in.o
rw-rw-r--  0/10   2310 Jun  6 15:54 1986 ./GENERIC/raw_usrreq.o
rw-rw-r--  0/10   4866 Jun  6 15:57 1986 ./GENERIC/if_ether.o
rw-rw-r--  0/10   3350 Jun  6 15:58 1986 ./GENERIC/in_pcb.o
rw-rw-r--  0/10   1418 Jun  6 15:59 1986 ./GENERIC/in_proto.o
rw-rw-r--  0/10   4207 Jun  6 16:00 1986 ./GENERIC/ip_icmp.o
rw-rw-r--  0/10   7898 Jun  6 16:01 1986 ./GENERIC/ip_input.o
rw-rw-r--  0/10   3076 Jun  6 16:02 1986 ./GENERIC/ip_output.o
rw-rw-r--  0/10   1279 Jun  6 16:02 1986 ./GENERIC/raw_ip.o
rw-rw-r--  0/10   3680 Jun  6 16:03 1986 ./GENERIC/tcp_debug.o
rw-rw-r--  0/10   7039 Jun  6 16:05 1986 ./GENERIC/tcp_input.o
rw-rw-r--  0/10   3253 Jun  6 16:08 1986 ./GENERIC/tcp_subr.o
rw-rw-r--  0/10   2118 Jun  6 16:08 1986 ./GENERIC/tcp_timer.o
r--r--r--  0/10   2218 Jun  6 18:42 1986 ./GENERIC/param.c
rw-rw-r--  0/10   3886 Jun  6 16:10 1986 ./GENERIC/tcp_usrreq.o
rw-rw-r--  0/10   3556 Jun  6 16:11 1986 ./GENERIC/udp_usrreq.o
rw-rw-r--  0/10   3781 Jun  6 16:12 1986 ./GENERIC/idp_usrreq.o
rw-rw-r--  0/10   2267 Jun  6 16:13 1986 ./GENERIC/ns.o
rw-rw-r--  0/10   2800 Jun  6 16:14 1986 ./GENERIC/ns_error.o
rw-rw-r--  0/10     36 Jun  6 16:14 1986 ./GENERIC/ns_ip.o
rw-rw-r--  0/10   5673 Jun  6 16:15 1986 ./GENERIC/ns_input.o
rw-rw-r--  0/10   1343 Jun  6 16:16 1986 ./GENERIC/ns_output.o
rw-rw-r--  0/10   3312 Jun  6 16:17 1986 ./GENERIC/ns_pcb.o
rw-rw-r--  0/10   1346 Jun  6 16:17 1986 ./GENERIC/ns_proto.o
rw-rw-r--  0/10   3484 Jun  6 16:18 1986 ./GENERIC/spp_debug.o
rw-rw-r--  0/10   9274 Jun  6 16:21 1986 ./GENERIC/spp_usrreq.o
rw-rw-r--  0/10   5900 Jun  6 16:22 1986 ./GENERIC/init_main.o
rw-rw-r--  0/10   5495 Jun  6 16:23 1986 ./GENERIC/init_sysent.o
rw-rw-r--  0/10   2833 Jun  6 16:23 1986 ./GENERIC/kern_acct.o
rw-rw-r--  0/10   4363 Jun  6 16:24 1986 ./GENERIC/kern_clock.o
rw-rw-r--  0/10   4598 Jun  6 16:25 1986 ./GENERIC/kern_descrip.o
rw-rw-r--  0/10   6440 Jun  6 16:27 1986 ./GENERIC/kern_exec.o
rw-rw-r--  0/10   4935 Jun  6 16:28 1986 ./GENERIC/kern_exit.o
rw-rw-r--  0/10   4594 Jun  6 16:29 1986 ./GENERIC/kern_fork.o
rw-rw-r--  0/10   3873 Jun  6 16:30 1986 ./GENERIC/kern_mman.o
rw-rw-r--  0/10   2959 Jun  6 16:30 1986 ./GENERIC/kern_proc.o
rw-rw-r--  0/10   3657 Jun  6 16:31 1986 ./GENERIC/kern_prot.o
rw-rw-r--  0/10   3595 Jun  6 16:32 1986 ./GENERIC/kern_resource.o
rw-rw-r--  0/10   6660 Jun  6 16:33 1986 ./GENERIC/kern_sig.o
rw-rw-r--  0/10   1469 Jun  6 16:33 1986 ./GENERIC/kern_subr.o
rw-rw-r--  0/10   4784 Jun  6 16:34 1986 ./GENERIC/kern_synch.o
rw-rw-r--  0/10   3453 Jun  6 16:35 1986 ./GENERIC/kern_time.o
rw-rw-r--  0/10   1790 Jun  6 16:35 1986 ./GENERIC/kern_xxx.o
rw-rw-r--  0/10   5291 Jun  6 16:36 1986 ./GENERIC/quota_kern.o
rw-rw-r--  0/10   2221 Jun  6 16:37 1986 ./GENERIC/quota_subr.o
rw-rw-r--  0/10   4015 Jun  6 16:38 1986 ./GENERIC/quota_sys.o
rw-rw-r--  0/10   2960 Jun  6 16:38 1986 ./GENERIC/quota_ufs.o
rw-rw-r--  0/10   1961 Jun  6 16:39 1986 ./GENERIC/subr_log.o
rw-rw-r--  0/10   4160 Jun  6 16:40 1986 ./GENERIC/subr_prf.o
rw-rw-r--  0/10   2589 Jun  6 16:40 1986 ./GENERIC/subr_rmap.o
rw-rw-r--  0/10   2649 Jun  6 16:41 1986 ./GENERIC/subr_xxx.o
rw-rw-r--  0/10   4672 Jun  6 16:42 1986 ./GENERIC/sys_generic.o
rw-rw-r--  0/10   6365 Jun  6 16:44 1986 ./GENERIC/sys_inode.o
rw-rw-r--  0/10   3750 Jun  6 16:44 1986 ./GENERIC/sys_process.o
rw-rw-r--  0/10   1971 Jun  6 16:45 1986 ./GENERIC/sys_socket.o
rw-rw-r--  0/10  12143 Jun  6 16:48 1986 ./GENERIC/tty.o
rw-rw-r--  0/10   1756 Jun  6 16:48 1986 ./GENERIC/tty_conf.o
rw-rw-r--  0/10   5495 Jun  6 16:50 1986 ./GENERIC/tty_pty.o
rw-rw-r--  0/10   3214 Jun  6 16:50 1986 ./GENERIC/tty_subr.o
rw-rw-r--  0/10   1703 Jun  6 16:51 1986 ./GENERIC/tty_tty.o
rw-rw-r--  0/10  11640 Jun  6 16:53 1986 ./GENERIC/ufs_alloc.o
rw-rw-r--  0/10   5755 Jun  6 16:54 1986 ./GENERIC/ufs_bio.o
rw-rw-r--  0/10   2828 Jun  6 16:55 1986 ./GENERIC/ufs_bmap.o
rw-rw-r--  0/10    943 Jun  6 16:55 1986 ./GENERIC/ufs_dsort.o
rw-rw-r--  0/10   1813 Jun  6 16:56 1986 ./GENERIC/ufs_fio.o
rw-rw-r--  0/10   6276 Jun  6 16:57 1986 ./GENERIC/ufs_inode.o
rw-rw-r--  0/10   4155 Jun  6 16:58 1986 ./GENERIC/ufs_mount.o
rw-rw-r--  0/10   8484 Jun  6 17:00 1986 ./GENERIC/ufs_namei.o
rw-rw-r--  0/10   4476 Jun  6 17:01 1986 ./GENERIC/ufs_subr.o
rw-rw-r--  0/10  11869 Jun  6 17:02 1986 ./GENERIC/ufs_syscalls.o
rw-rw-r--  0/10    817 Jun  6 17:03 1986 ./GENERIC/ufs_tables.o
rw-rw-r--  0/10   1103 Jun  6 17:03 1986 ./GENERIC/ufs_xxx.o
rw-rw-r--  0/10   1360 Jun  6 17:03 1986 ./GENERIC/uipc_domain.o
rw-rw-r--  0/10   5346 Jun  6 17:04 1986 ./GENERIC/uipc_mbuf.o
rw-rw-r--  0/10    713 Jun  7 12:48 1986 ./GENERIC/uipc_proto.o
rw-rw-r--  0/10   8472 Jun  6 17:07 1986 ./GENERIC/uipc_socket.o
rw-rw-r--  0/10   6350 Jun  6 17:08 1986 ./GENERIC/uipc_socket2.o
rw-rw-r--  0/10   8070 Jun  6 17:10 1986 ./GENERIC/uipc_syscalls.o
rw-rw-r--  0/10   5799 Jun  6 17:11 1986 ./GENERIC/uipc_usrreq.o
rw-rw-r--  0/10   4761 Jun  6 17:12 1986 ./GENERIC/vm_drum.o
rw-rw-r--  0/10   8223 Jun  6 17:13 1986 ./GENERIC/vm_mem.o
rw-rw-r--  0/10    975 Jun  6 17:13 1986 ./GENERIC/vm_mon.o
rw-rw-r--  0/10  12530 Jun  6 17:16 1986 ./GENERIC/vm_page.o
rw-rw-r--  0/10   4743 Jun  6 17:17 1986 ./GENERIC/vm_proc.o
rw-rw-r--  0/10   6076 Jun  6 17:18 1986 ./GENERIC/vm_pt.o
rw-rw-r--  0/10   5817 Jun  6 17:19 1986 ./GENERIC/vm_sched.o
rw-rw-r--  0/10   2512 Jun  6 17:20 1986 ./GENERIC/vm_subr.o
rw-rw-r--  0/10   2971 Jun  6 17:21 1986 ./GENERIC/vm_sw.o
rw-rw-r--  0/10   4570 Jun  6 17:21 1986 ./GENERIC/vm_swap.o
rw-rw-r--  0/10   3987 Jun  6 17:22 1986 ./GENERIC/vm_swp.o
rw-rw-r--  0/10   5437 Jun  6 17:23 1986 ./GENERIC/vm_text.o
rw-rw-r--  0/10  10945 Jun  7 12:49 1986 ./GENERIC/autoconf.o
rw-rw-r--  0/10   1205 Jun  7 12:49 1986 ./GENERIC/clock.o
rw-rw-r--  0/10  10567 Jun  7 12:49 1986 ./GENERIC/conf.o
rw-rw-r--  0/10   2713 Jun  7 12:50 1986 ./GENERIC/cons.o
rw-rw-r--  0/10    944 Jun  7 12:50 1986 ./GENERIC/cpudata.o
rw-rw-r--  0/10   2933 Jun  7 12:50 1986 ./GENERIC/crl.o
rw-rw-r--  0/10    393 Jun  6 17:27 1986 ./GENERIC/dkbad.o
rw-rw-r--  0/10   2820 Jun  7 12:51 1986 ./GENERIC/flp.o
rw-rw-r--  0/10    510 Jun  6 17:28 1986 ./GENERIC/in_cksum.o
rw-rw-r--  0/10     36 Jun  6 17:28 1986 ./GENERIC/ka630.o
rw-rw-r--  0/10    726 Jun  6 17:28 1986 ./GENERIC/ns_cksum.o
rw-rw-r--  0/10  13338 Jun  7 12:52 1986 ./GENERIC/machdep.o
rw-rw-r--  0/10   2710 Jun  6 17:31 1986 ./GENERIC/mem.o
rw-rw-r--  0/10   1564 Jun  6 17:31 1986 ./GENERIC/sys_machdep.o
rw-rw-r--  0/10   3895 Jun  7 12:52 1986 ./GENERIC/trap.o
rw-rw-r--  0/10   8367 Jun  7 12:53 1986 ./GENERIC/tu.o
rw-rw-r--  0/10    160 Jun  6 17:33 1986 ./GENERIC/udiv.o
rw-rw-r--  0/10   2247 Jun  6 17:34 1986 ./GENERIC/ufs_machdep.o
rw-rw-r--  0/10    162 Jun  6 17:34 1986 ./GENERIC/urem.o
rw-rw-r--  0/10   3103 Jun  6 17:34 1986 ./GENERIC/vm_machdep.o
rw-rw-r--  0/10   7464 Jun  6 17:37 1986 ./GENERIC/if_de.o
rw-rw-r--  0/10   7592 Jun  6 17:39 1986 ./GENERIC/if_ec.o
rw-rw-r--  0/10   5403 Jun  6 17:40 1986 ./GENERIC/if_en.o
rw-rw-r--  0/10   7946 Jun  6 17:42 1986 ./GENERIC/if_ex.o
rw-rw-r--  0/10   6859 Jun  6 17:44 1986 ./GENERIC/if_il.o
rw-rw-r--  0/10   4264 Jun  6 17:45 1986 ./GENERIC/if_uba.o
rw-rw-r--  0/10  10916 Jun  6 17:47 1986 ./GENERIC/hp.o
rw-rw-r--  0/10   6300 Jun  6 17:50 1986 ./GENERIC/ht.o
rw-rw-r--  0/10   4513 Jun  7 12:53 1986 ./GENERIC/mba.o
rw-rw-r--  0/10   7881 Jun  6 17:58 1986 ./GENERIC/mt.o
rw-rw-r--  0/10   7498 Jun  6 18:01 1986 ./GENERIC/dh.o
rw-rw-r--  0/10   6405 Jun  6 18:02 1986 ./GENERIC/dhu.o
rw-rw-r--  0/10   9197 Jun  6 18:05 1986 ./GENERIC/dmf.o
rw-rw-r--  0/10   8110 Jun  6 18:07 1986 ./GENERIC/dmz.o
rw-rw-r--  0/10   8115 Jun  6 18:09 1986 ./GENERIC/dz.o
rw-rw-r--  0/10  13264 Jun  6 18:12 1986 ./GENERIC/idc.o
rw-rw-r--  0/10   3619 Jun  6 18:13 1986 ./GENERIC/lp.o
rw-rw-r--  0/10   9850 Jun  6 18:15 1986 ./GENERIC/rk.o
rw-rw-r--  0/10   7550 Jun  6 18:17 1986 ./GENERIC/rl.o
rw-rw-r--  0/10   8040 Jun  6 18:19 1986 ./GENERIC/tm.o
rw-rw-r--  0/10  14226 Jun  6 18:23 1986 ./GENERIC/tmscp.o
rw-rw-r--  0/10   7757 Jun  6 18:25 1986 ./GENERIC/ts.o
rw-rw-r--  0/10   6697 Jun  7 12:54 1986 ./GENERIC/uba.o
rw-rw-r--  0/10  14713 Jun  6 18:30 1986 ./GENERIC/uda.o
rw-rw-r--  0/10  10433 Jun  6 18:37 1986 ./GENERIC/up.o
rw-rw-r--  0/10   8174 Jun  6 18:42 1986 ./GENERIC/ut.o
rw-rw-r--  0/10   2179 Jun  7 12:54 1986 ./GENERIC/param.o
rw-rw-r--  0/10      2 Jun  7 12:55 1986 ./GENERIC/version
rw-rw-r--  0/10   8617 Jun  7 12:55 1986 ./GENERIC/ioconf.o
rw-rw-r--  0/10    233 Jun  7 12:55 1986 ./GENERIC/vers.c
rw-rw-r--  0/10   3089 Jun  7 12:55 1986 ./GENERIC/swapgeneric.o
rw-rw-r--  0/10    271 Jun  7 12:55 1986 ./GENERIC/vers.o
rwxr-xr-x  0/10 407552 Jun  7 12:56 1986 ./GENERIC/vmunix
rwxrwxr-x  0/10      0 Jun  7 07:28 1986 ./mdec/
r--r--r--  0/10   2559 Jun  5 18:54 1986 ./mdec/Makefile
rw-rw-r--  0/10    136 Jun  7 07:27 1986 ./mdec/a.out
r--r--r--  0/10   2911 Jun  5 18:51 1986 ./mdec/hkboot.s
rw-rw-r--  0/10    768 Jun  7 07:27 1986 ./mdec/b.out
r--r--r--  0/10   3602 Jun  5 18:51 1986 ./mdec/hpboot.s
rw-rw-r--  0/10    512 Jun  7 07:26 1986 ./mdec/hkboot
rw-rw-r--  0/10    512 Jun  7 07:26 1986 ./mdec/hpboot
rw-rw-r--  0/10    512 Jun  7 07:26 1986 ./mdec/htboot
rw-rw-r--  0/10    512 Jun  7 07:26 1986 ./mdec/mtboot
rw-rw-r--  0/10    512 Jun  7 07:26 1986 ./mdec/noboot
rw-rw-r--  0/10    512 Jun  7 07:26 1986 ./mdec/raboot
rw-rw-r--  0/10    512 Jun  7 07:26 1986 ./mdec/rlboot
rwxr-xr-x  0/10   9348 Nov  5 10:22 1982 ./mdec/installboot
rw-rw-r--  0/10    512 Jun  7 07:27 1986 ./mdec/upboot
rw-rw-r--  0/10    512 Jun  7 07:27 1986 ./mdec/utboot
rw-rw-r--  0/10    512 Jun  7 07:27 1986 ./mdec/tmboot
r--r--r--  0/10   6314 Jun  5 18:52 1986 ./mdec/htboot.s
r--r--r--  0/10    725 Jun  5 18:52 1986 ./mdec/httoggle.s
rw-rw-r--  0/10    512 Jun  7 07:27 1986 ./mdec/tsboot
rw-rw-r--  0/10   1024 Jun  7 07:27 1986 ./mdec/tuboot
r--r--r--  0/10   7261 Jun  5 18:52 1986 ./mdec/mtboot.s
rw-rw-r--  0/10    112 Jun  7 07:27 1986 ./mdec/httoggle
r--r--r--  0/10    917 Jun  5 18:52 1986 ./mdec/mttoggle.s
r--r--r--  0/10   2078 Jun  5 18:52 1986 ./mdec/raboot.s
r--r--r--  0/10   3291 Jun  5 18:53 1986 ./mdec/rlboot.s
r--r--r--  0/10   5350 Jun  5 18:53 1986 ./mdec/tmboot.s
r--r--r--  0/10    662 Jun  5 18:53 1986 ./mdec/tmtoggle.s
r--r--r--  0/10   5692 Jun  5 18:53 1986 ./mdec/tsboot.s
r--r--r--  0/10   1004 Jun  5 18:53 1986 ./mdec/tstoggle.s
r--r--r--  0/10  10844 Jun  5 18:54 1986 ./mdec/tuboot.s
r--r--r--  0/10   3073 Jun  5 18:54 1986 ./mdec/upboot.s
r--r--r--  0/10   5711 Jun  5 18:54 1986 ./mdec/utboot.s
r--r--r--  0/10    830 Jun  5 18:54 1986 ./mdec/uttoggle.s
r--r--r--  0/10   1036 Jun  5 18:52 1986 ./mdec/installboot.c
rw-rw-r--  0/10    120 Jun  7 07:27 1986 ./mdec/mttoggle
rw-rw-r--  0/10     96 Jun  7 07:27 1986 ./mdec/tmtoggle
rw-rw-r--  0/10    136 Jun  7 07:27 1986 ./mdec/tstoggle
rw-rw-r--  0/10    104 Jun  7 07:27 1986 ./mdec/uttoggle
rwxrwxr-x  0/10      0 Feb 24 18:59 1986 ./net/
r--r--r--  0/10   7728 Jun  5 16:42 1986 ./net/route.c
r--r--r--  0/10    788 Jun  5 16:38 1986 ./net/af.h
r--r--r--  0/10   7155 Jun  5 16:39 1986 ./net/if.c
r--r--r--  0/10   7269 Jun  5 16:39 1986 ./net/if.h
r--r--r--  0/10   1181 Jun  5 16:40 1986 ./net/netisr.h
r--r--r--  0/10   2315 Jun  5 16:43 1986 ./net/route.h
r--r--r--  0/10   1564 Jun  5 16:41 1986 ./net/raw_cb.h
r--r--r--  0/10   6149 Jun  5 16:42 1986 ./net/raw_usrreq.c
rwxrwxr-x  0/10      0 Feb  2 18:14 1986 ./net/tags symbolic link to ../sys/tags
r--r--r--  0/10   2628 Jun  5 16:53 1986 ./net/if_loop.c
r--r--r--  0/10   1341 Jun  5 16:38 1986 ./net/af.c
r--r--r--  0/10   2934 Jun  5 16:41 1986 ./net/raw_cb.c
r--r--r--  0/10   1858 Jun  5 16:40 1986 ./net/if_arp.h
r--r--r--  0/10  11225 Jun  5 16:40 1986 ./net/if_sl.c
rwxrwxr-x  0/10      0 Jan 22 17:53 1986 ./netimp/
r--r--r--  0/10   5560 Jun  5 16:56 1986 ./netimp/if_imp.h
r--r--r--  0/10   2506 Jun  5 16:56 1986 ./netimp/if_imphost.h
r--r--r--  0/10   2468 Jun  5 16:57 1986 ./netimp/raw_imp.c
rwxrwxr-x  0/10      0 Feb  2 18:17 1986 ./netimp/tags symbolic link to ../sys/tags
r--r--r--  0/10  18101 Jun  5 16:55 1986 ./netimp/if_imp.c
r--r--r--  0/10   4546 Jun  5 16:56 1986 ./netimp/if_imphost.c
rwxrwxr-x  0/10      0 Jan 22 17:53 1986 ./netinet/
r--r--r--  0/10   9852 Jun  5 17:25 1986 ./netinet/in.c
r--r--r--  0/10   9122 Jun  5 17:26 1986 ./netinet/in_pcb.c
r--r--r--  0/10   1262 Jun  5 17:26 1986 ./netinet/in_pcb.h
r--r--r--  0/10  13637 Jun  5 17:24 1986 ./netinet/if_ether.c
r--r--r--  0/10   4145 Jun  5 17:32 1986 ./netinet/tcp_timer.h
r--r--r--  0/10   2921 Jun  5 17:26 1986 ./netinet/in_proto.c
r--r--r--  0/10   2286 Jun  5 17:24 1986 ./netinet/if_ether.h
r--r--r--  0/10   4992 Jun  5 17:32 1986 ./netinet/tcp_timer.c
r--r--r--  0/10  22317 Jun  5 17:28 1986 ./netinet/ip_input.c
r--r--r--  0/10    832 Jun  5 17:26 1986 ./netinet/in_systm.h
r--r--r--  0/10   3427 Jun  5 17:27 1986 ./netinet/ip_icmp.h
r--r--r--  0/10    984 Jun  5 17:24 1986 ./netinet/icmp_var.h
r--r--r--  0/10   2954 Jun  5 17:28 1986 ./netinet/ip_var.h
r--r--r--  0/10  10110 Jun  5 17:27 1986 ./netinet/ip_icmp.c
r--r--r--  0/10   3224 Jun  5 17:29 1986 ./netinet/raw_ip.c
r--r--r--  0/10   1313 Jun  5 17:29 1986 ./netinet/tcp.h
r--r--r--  0/10   2656 Jun  5 17:29 1986 ./netinet/tcp_debug.c
r--r--r--  0/10    666 Jun  5 17:29 1986 ./netinet/tcp_debug.h
r--r--r--  0/10   1956 Jun  5 17:30 1986 ./netinet/tcp_fsm.h
r--r--r--  0/10  11027 Jun  5 17:31 1986 ./netinet/tcp_output.c
r--r--r--  0/10   6579 Jun  5 17:32 1986 ./netinet/tcp_subr.c
r--r--r--  0/10   1013 Jun  5 17:31 1986 ./netinet/tcp_seq.h
r--r--r--  0/10   7821 Jun  5 17:34 1986 ./netinet/udp_usrreq.c
r--r--r--  0/10   2801 Jun  5 17:25 1986 ./netinet/in.h
r--r--r--  0/10   3094 Jun  5 17:33 1986 ./netinet/tcp_var.h
r--r--r--  0/10  10615 Jun  5 17:33 1986 ./netinet/tcp_usrreq.c
r--r--r--  0/10    885 Jun  5 17:33 1986 ./netinet/tcpip.h
r--r--r--  0/10    474 Jun  5 17:33 1986 ./netinet/udp.h
r--r--r--  0/10    912 Jun  5 17:34 1986 ./netinet/udp_var.h
r--r--r--  0/10   1456 Jun  5 17:26 1986 ./netinet/in_var.h
rwxrwxr-x  0/10      0 Feb  2 16:59 1986 ./netinet/tags symbolic link to ../sys/tags
r--r--r--  0/10   3150 Jun  5 17:27 1986 ./netinet/ip.h
r--r--r--  0/10  10531 Jun  5 17:28 1986 ./netinet/ip_output.c
r--r--r--  0/10  27338 Jun  5 17:31 1986 ./netinet/tcp_input.c
rwxrwxr-x  0/10      0 Jan 22 17:41 1986 ./netns/
rwxrwxr-x  0/10      0 Feb  2 17:00 1986 ./netns/tags symbolic link to ../sys/tags
r--r--r--  0/10   5736 Jun  5 17:36 1986 ./netns/ns_error.c
r--r--r--  0/10   6592 Jun  5 17:36 1986 ./netns/ns.c
r--r--r--  0/10   3099 Jun  5 17:36 1986 ./netns/ns.h
r--r--r--  0/10    637 Jun  5 17:35 1986 ./netns/idp.h
r--r--r--  0/10    588 Jun  5 17:35 1986 ./netns/idp_var.h
r--r--r--  0/10   2314 Jun  5 17:47 1986 ./netns/ns_error.h
r--r--r--  0/10   1498 Jun  5 17:36 1986 ./netns/ns_if.h
r--r--r--  0/10  10395 Jun  5 17:37 1986 ./netns/ns_input.c
r--r--r--  0/10   2944 Jun  5 17:38 1986 ./netns/spp_debug.c
r--r--r--  0/10   1692 Jun  5 17:38 1986 ./netns/ns_proto.c
r--r--r--  0/10    821 Jun  5 17:38 1986 ./netns/sp.h
r--r--r--  0/10    905 Jun  5 17:38 1986 ./netns/spidp.h
r--r--r--  0/10    662 Jun  5 17:38 1986 ./netns/spp_debug.h
r--r--r--  0/10   3043 Jun  5 17:39 1986 ./netns/spp_var.h
r--r--r--  0/10   8583 Jun  5 17:37 1986 ./netns/ns_ip.c
r--r--r--  0/10  10387 Jun  5 17:35 1986 ./netns/idp_usrreq.c
r--r--r--  0/10   1547 Jun  5 17:37 1986 ./netns/ns_pcb.h
r--r--r--  0/10   7410 Jun  5 17:37 1986 ./netns/ns_pcb.c
r--r--r--  0/10   2652 Jun  5 17:37 1986 ./netns/ns_output.c
r--r--r--  0/10  30871 Jun  5 17:39 1986 ./netns/spp_usrreq.c
rwxrwxr-x  0/10      0 Jun  8 04:45 1986 ./stand/
r--r--r--  0/10   2287 Jun  5 18:40 1986 ./stand/autoconf.c
r--r--r--  0/10   5777 Jun  5 18:40 1986 ./stand/boot.c
r--r--r--  0/10   2060 Jun  5 18:40 1986 ./stand/bootxx.c
r--r--r--  0/10    406 Jun  5 18:40 1986 ./stand/cat.c
r--r--r--  0/10   2797 Jun  5 18:40 1986 ./stand/conf.c
r--r--r--  0/10   1462 Jun  5 18:41 1986 ./stand/confhpup.c
r--r--r--  0/10   1371 Jun  5 18:41 1986 ./stand/confxx.c
r--r--r--  0/10   1447 Jun  5 18:41 1986 ./stand/copy.c
r--r--r--  0/10   2174 Jun  5 18:41 1986 ./stand/drtest.c
r--r--r--  0/10  14763 Jun  5 18:41 1986 ./stand/format.c
r--r--r--  0/10   3831 Jun  5 18:44 1986 ./stand/saio.h
r--r--r--  0/10   1936 Jun  5 18:42 1986 ./stand/hp.old.c
r--r--r--  0/10   4458 Jun  5 18:42 1986 ./stand/hpmaptype.c
r--r--r--  0/10   2367 Jun  5 18:42 1986 ./stand/ht.c
r--r--r--  0/10   3411 Jun  5 18:43 1986 ./stand/idc.c
r--r--r--  0/10   6754 Jun  5 18:43 1986 ./stand/imptst.c
r--r--r--  0/10    774 Jun  5 18:43 1986 ./stand/ls.c
r--r--r--  0/10    607 Jun  5 18:43 1986 ./stand/machdep.c
r--r--r--  0/10   2109 Jun  5 18:43 1986 ./stand/mba.c
r--r--r--  0/10   2952 Jun  5 18:44 1986 ./stand/mt.c
r--r--r--  0/10   3619 Jun  5 18:44 1986 ./stand/prf.c
r--r--r--  0/10   2273 Jun  5 18:44 1986 ./stand/rk.c
r--r--r--  0/10   5509 Jun  5 18:44 1986 ./stand/rl.c
r--r--r--  0/10  12094 Jun  5 18:42 1986 ./stand/hp.c
r--r--r--  0/10   1614 Jun  5 18:45 1986 ./stand/savax.h
r--r--r--  0/10   1842 Jun  5 18:45 1986 ./stand/srt0.c
r--r--r--  0/10  12740 Jun  5 18:45 1986 ./stand/sys.c
rw-rw-r--  0/10   2349 Jun  7 07:28 1986 ./stand/boot.o
r--r--r--  0/10   2122 Jun  5 18:45 1986 ./stand/tm.c
r--r--r--  0/10   2810 Jun  5 18:46 1986 ./stand/ts.c
r--r--r--  0/10   1557 Jun  5 18:46 1986 ./stand/uba.c
r--r--r--  0/10   4452 Jun  5 18:46 1986 ./stand/uda.c
r--r--r--  0/10  12088 Jun  5 18:47 1986 ./stand/up.c
r--r--r--  0/10   2205 Jun  5 18:47 1986 ./stand/up.old.c
r--r--r--  0/10   1717 Jun  5 18:47 1986 ./stand/upmaptype.c
rw-rw-r--  0/10    634 Jun  7 07:28 1986 ./stand/relsrt0.o
r--r--r--  0/10  15047 Jun  5 18:48 1986 ./stand/Makefile
rw-rw-r--  0/10   2049 Jun  7 07:29 1986 ./stand/conf.o
rw-rw-r--  0/10   5143 Jun  7 07:30 1986 ./stand/sys.o
rw-rw-r--  0/10   1448 Jun  7 07:29 1986 ./stand/bootconf.o
rw-rw-r--  0/10   1383 Jun  7 07:37 1986 ./stand/prf.o
rw-rw-r--  0/10    972 Jun  7 07:30 1986 ./stand/autoconf.o
rw-rw-r--  0/10   5510 Jun  7 07:30 1986 ./stand/hp.o
rw-rw-r--  0/10   1520 Jun  7 07:31 1986 ./stand/hpmaptype.o
rw-rw-r--  0/10   1393 Jun  7 07:31 1986 ./stand/ht.o
rw-rw-r--  0/10   2001 Jun  7 07:32 1986 ./stand/idc.o
rw-rw-r--  0/10    908 Jun  7 07:33 1986 ./stand/mba.o
rw-rw-r--  0/10   1432 Jun  7 07:33 1986 ./stand/mt.o
rw-rw-r--  0/10   1454 Jun  7 07:34 1986 ./stand/rk.o
rw-rw-r--  0/10   1987 Jun  7 07:34 1986 ./stand/rl.o
rw-rw-r--  0/10   1084 Jun  7 07:35 1986 ./stand/tm.o
rw-rw-r--  0/10   1915 Jun  7 07:35 1986 ./stand/ts.o
rw-rw-r--  0/10   4707 Jun  7 07:36 1986 ./stand/up.o
rw-rw-r--  0/10    793 Jun  7 07:36 1986 ./stand/upmaptype.o
rw-rw-r--  0/10    651 Jun  7 07:36 1986 ./stand/uba.o
rw-rw-r--  0/10   2366 Jun  7 07:36 1986 ./stand/uda.o
rw-rw-r--  0/10   1444 Jun  7 07:37 1986 ./stand/ut.o
rw-rw-r--  0/10    167 Jun  7 07:37 1986 ./stand/machdep.o
r--r--r--  0/10   2641 Jun  5 18:47 1986 ./stand/ut.c
rw-rw-r--  0/10    167 Jun  7 07:37 1986 ./stand/dkbad.o
r--r--r--  0/10  11264 Sep 19 02:16 1984 ./stand/pcs750.bin
rw-rw-r--  0/10  44672 Jun  7 07:37 1986 ./stand/libsa.a
rwxrwxr-x  0/10  27648 Jun  7 07:37 1986 ./stand/boot
rw-rw-r--  0/10  25444 Jun  7 07:38 1986 ./stand/tpboot
rw-rw-r--  0/10   2109 Jun  7 07:38 1986 ./stand/tpboot.o
rw-rw-r--  0/10    902 Jun  7 07:38 1986 ./stand/copy.o
rw-rw-r--  0/10    503 Jun  7 07:38 1986 ./stand/srt0.o
rwxrwxr-x  0/10  30720 Jun  7 07:38 1986 ./stand/copy
rw-rw-r--  0/10    491 Jun  7 07:38 1986 ./stand/tpsrt0.o
rw-rw-r--  0/10  24148 Jun  7 07:38 1986 ./stand/tpcopy
rw-rw-r--  0/10   8441 Jun  7 07:39 1986 ./stand/format.o
rw-rw-r--  0/10    893 Jun  7 07:39 1986 ./stand/confhpup.o
rwxrwxr-x  0/10  25600 Jun  7 07:40 1986 ./stand/format
rw-rw-r--  0/10  21068 Jun  7 07:41 1986 ./stand/tpformat
rw-rw-r--  0/10   8441 Jun  7 07:40 1986 ./stand/tpformat.o
rw-rw-r--  0/10   1487 Jun  7 07:41 1986 ./stand/drtest.o
rwxrwxr-x  0/10  20480 Jun  7 07:41 1986 ./stand/drtest
rw-rw-r--  0/10   2060 Jun  7 07:41 1986 ./stand/boothp.c
rw-rw-r--  0/10      0 Jun  7 07:41 1986 ./stand/bootxx.o
rw-rw-r--  0/10   1014 Jun  7 07:41 1986 ./stand/boothp.o
rw-rw-r--  0/10   1371 Jun  7 07:41 1986 ./stand/confhp.c
rw-rw-r--  0/10      0 Jun  7 07:41 1986 ./stand/confxx.o
rw-rw-r--  0/10   7736 Jun  7 07:43 1986 ./stand/boothp
rw-rw-r--  0/10    764 Jun  7 07:42 1986 ./stand/confhp.o
rw-rw-r--  0/10   4362 Jun  7 07:43 1986 ./stand/smsys.o
rw-rw-r--  0/10   1402 Jun  7 07:42 1986 ./stand/hp.old.o
rw-rw-r--  0/10   2060 Jun  7 07:43 1986 ./stand/boothk.c
rw-rw-r--  0/10   1014 Jun  7 07:43 1986 ./stand/boothk.o
rw-rw-r--  0/10   1371 Jun  7 07:43 1986 ./stand/confrk.c
rw-rw-r--  0/10    764 Jun  7 07:44 1986 ./stand/confrk.o
rw-rw-r--  0/10   6780 Jun  7 07:44 1986 ./stand/boothk
rw-rw-r--  0/10   2060 Jun  7 07:44 1986 ./stand/bootup.c
rw-rw-r--  0/10   1014 Jun  7 07:44 1986 ./stand/bootup.o
rw-rw-r--  0/10   1371 Jun  7 07:44 1986 ./stand/confup.c
rw-rw-r--  0/10    764 Jun  7 07:44 1986 ./stand/confup.o
rw-rw-r--  0/10   7176 Jun  7 07:45 1986 ./stand/bootup
rw-rw-r--  0/10   1585 Jun  7 07:45 1986 ./stand/up.old.o
rw-rw-r--  0/10   2060 Jun  7 07:45 1986 ./stand/bootra.c
rw-rw-r--  0/10   1014 Jun  7 07:45 1986 ./stand/bootra.o
rw-rw-r--  0/10   1371 Jun  7 07:45 1986 ./stand/confra.c
rw-rw-r--  0/10    764 Jun  7 07:45 1986 ./stand/confra.o
rw-rw-r--  0/10   7140 Jun  7 07:46 1986 ./stand/bootra
rw-rw-r--  0/10   2060 Jun  7 07:46 1986 ./stand/bootrl.c
rw-rw-r--  0/10   1014 Jun  7 07:46 1986 ./stand/bootrl.o
rw-rw-r--  0/10   1371 Jun  7 07:46 1986 ./stand/confrl.c
rw-rw-r--  0/10    764 Jun  7 07:46 1986 ./stand/confrl.o
rw-rw-r--  0/10   7236 Jun  7 07:46 1986 ./stand/bootrl
rwxrwxr-x  0/10  16384 Jun  7 07:47 1986 ./stand/730boot
rw-rw-r--  0/10   2349 Jun  7 07:47 1986 ./stand/730boot.o
rwxrwxr-x  0/10  17408 Jun  7 07:47 1986 ./stand/730copy
rw-rw-r--  0/10   1537 Jun  7 07:47 1986 ./stand/730conf.o
r--r--r--  0/10   8399 Jun  5 18:46 1986 ./stand/tmscp.c
rw-rw-r--  0/10   1150 Jun  7 07:47 1986 ./stand/730bootconf.o
rwxrwxr-x  0/10  19456 Jun  7 07:47 1986 ./stand/730format
rwxrwxr-x  0/10  14336 Jun  7 07:47 1986 ./stand/730drtest
rwxrwxr-x  0/10      0 Jun  7 02:09 1986 ./sys/
r--r--r--  0/10   6683 Jun  5 17:07 1986 ./sys/subr_prf.c
r--r--r--  0/10   8246 Jun  5 17:22 1986 ./sys/vm_text.c
r--r--r--  0/10   3548 Jun  5 17:01 1986 ./sys/kern_acct.c
r--r--r--  0/10  34761 Jun  5 17:09 1986 ./sys/tty.c
r--r--r--  0/10   5561 Jun  5 17:08 1986 ./sys/syscalls.c
r--r--r--  0/10   6269 Jun  5 17:13 1986 ./sys/ufs_mount.c
r--r--r--  0/10   6833 Jun  5 17:02 1986 ./sys/kern_descrip.c
r--r--r--  0/10  10686 Jun  5 17:02 1986 ./sys/kern_exec.c
r--r--r--  0/10   6983 Jun  5 17:16 1986 ./sys/uipc_mbuf.c
r--r--r--  0/10   6171 Jun  5 17:02 1986 ./sys/kern_fork.c
r--r--r--  0/10  16551 Jun  5 17:17 1986 ./sys/uipc_syscalls.c
r--r--r--  0/10   2097 Jun  5 17:03 1986 ./sys/kern_proc.c
r--r--r--  0/10   2901 Jun  5 17:08 1986 ./sys/sys_socket.c
r--r--r--  0/10   4442 Jun  5 17:04 1986 ./sys/kern_resource.c
r--r--r--  0/10   6088 Jun  5 17:02 1986 ./sys/kern_exit.c
r--r--r--  0/10   2596 Jun  5 17:04 1986 ./sys/kern_subr.c
r--r--r--  0/10   7470 Jun  5 17:05 1986 ./sys/kern_synch.c
r--r--r--  0/10   4786 Jun  5 17:12 1986 ./sys/ufs_bmap.c
r--r--r--  0/10   8199 Jun  5 17:07 1986 ./sys/sys_generic.c
r--r--r--  0/10  15573 Jun  5 17:05 1986 ./sys/quota_kern.c
r--r--r--  0/10   2813 Jun  5 17:06 1986 ./sys/quota_subr.c
r--r--r--  0/10  14222 Jun  5 17:20 1986 ./sys/vm_pt.c
r--r--r--  0/10   5402 Jun  5 17:06 1986 ./sys/subr_mcount.c
r--r--r--  0/10  27909 Jun  5 17:11 1986 ./sys/ufs_alloc.c
r--r--r--  0/10   8926 Jun  5 17:07 1986 ./sys/subr_rmap.c
r--r--r--  0/10   2354 Jun  5 17:07 1986 ./sys/subr_xxx.c
r--r--r--  0/10   6536 Jun  5 17:05 1986 ./sys/kern_xxx.c
r--r--r--  0/10  11633 Jun  5 17:08 1986 ./sys/sys_inode.c
r--r--r--  0/10  16453 Jun  5 17:04 1986 ./sys/kern_sig.c
r--r--r--  0/10   8699 Jun  5 17:05 1986 ./sys/kern_time.c
r--r--r--  0/10   6170 Jun  5 17:00 1986 ./sys/init_main.c
r--r--r--  0/10   3821 Jun  5 17:09 1986 ./sys/tty_bk.c
r--r--r--  0/10   1926 Jun  5 17:09 1986 ./sys/tty_conf.c
r--r--r--  0/10  12428 Jun  5 17:10 1986 ./sys/tty_pty.c
r--r--r--  0/10   4513 Jun  5 17:03 1986 ./sys/kern_prot.c
r--r--r--  0/10  13775 Jun  5 17:12 1986 ./sys/ufs_bio.c
r--r--r--  0/10   1523 Jun  5 17:11 1986 ./sys/tty_tty.c
r--r--r--  0/10  13246 Jun  5 17:18 1986 ./sys/vm_mem.c
r--r--r--  0/10   9481 Jun  5 17:10 1986 ./sys/tty_subr.c
r--r--r--  0/10   2935 Jun  5 17:12 1986 ./sys/ufs_dsort.c
r--r--r--  0/10   2856 Jun  5 17:12 1986 ./sys/ufs_fio.c
r--r--r--  0/10  16562 Jun  5 17:13 1986 ./sys/ufs_inode.c
r--r--r--  0/10  11201 Jun  5 17:01 1986 ./sys/kern_clock.c
r--r--r--  0/10  35132 Jun  5 17:14 1986 ./sys/ufs_namei.c
r--r--r--  0/10   8597 Jun  5 17:14 1986 ./sys/ufs_subr.c
r--r--r--  0/10   2520 Jun  5 17:15 1986 ./sys/ufs_xxx.c
r--r--r--  0/10   7626 Jun  5 17:10 1986 ./sys/tty_tb.c
r--r--r--  0/10  17429 Jun  5 17:16 1986 ./sys/uipc_socket.c
r--r--r--  0/10   1083 Jun  5 17:16 1986 ./sys/uipc_proto.c
rw-rw-r--  0/10 105636 Jun  6 18:56 1986 ./sys/tags
r--r--r--  0/10  13313 Jun  5 17:18 1986 ./sys/uipc_usrreq.c
r--r--r--  0/10  14728 Jun  5 17:17 1986 ./sys/uipc_socket2.c
r--r--r--  0/10   6941 Jun  5 17:18 1986 ./sys/vm_drum.c
r--r--r--  0/10   2788 Jun  5 17:15 1986 ./sys/uipc_domain.c
r--r--r--  0/10   1412 Jun  5 17:19 1986 ./sys/vm_mon.c
r--r--r--  0/10   3492 Jun  5 17:06 1986 ./sys/subr_log.c
r--r--r--  0/10   6268 Jun  5 17:03 1986 ./sys/kern_mman.c
r--r--r--  0/10  10694 Jun  5 17:20 1986 ./sys/vm_sched.c
r--r--r--  0/10   2964 Jun  5 17:21 1986 ./sys/vm_subr.c
r--r--r--  0/10   3728 Jun  5 17:21 1986 ./sys/vm_sw.c
r--r--r--  0/10   5521 Jun  5 17:21 1986 ./sys/vm_swap.c
r--r--r--  0/10   6399 Jun  5 17:22 1986 ./sys/vm_swp.c
r--r--r--  0/10  31807 Jun  5 17:19 1986 ./sys/vm_page.c
r--r--r--  0/10   4304 Jun  5 17:08 1986 ./sys/sys_process.c
r--r--r--  0/10   6880 Jun  5 17:06 1986 ./sys/quota_sys.c
r--r--r--  0/10   5559 Jun  5 17:06 1986 ./sys/quota_ufs.c
r--r--r--  0/10  26758 Jun  5 17:15 1986 ./sys/ufs_syscalls.c
r--r--r--  0/10   4204 Jun  5 17:15 1986 ./sys/ufs_tables.c
r--r--r--  0/10   8812 Jun  5 17:20 1986 ./sys/vm_proc.c
r--r--r--  0/10   9113 Jun  5 17:01 1986 ./sys/init_sysent.c
r--r--r--  0/10   1592 Jun  6 14:55 1986 ./sys/Makefile
rwxrwxr-x  0/10      0 Jun  7 02:00 1986 ./vax/
rwxrwxr-x  0/10      0 Jun  7 06:23 1986 ./vax/inline/
r--r--r--  0/10   7235 Jun  5 18:13 1986 ./vax/inline/main.c
r--r--r--  0/10   1677 Jun  5 18:15 1986 ./vax/inline/Makefile
r--r--r--  0/10   2291 Jun  5 18:11 1986 ./vax/inline/inline.h
r--r--r--  0/10   3948 Jun  5 18:12 1986 ./vax/inline/langpats.c
r--r--r--  0/10   9434 Jun  5 18:12 1986 ./vax/inline/machdep.c
r--r--r--  0/10   1112 Jun  5 18:12 1986 ./vax/inline/libcpats.c
rwxrwxr-x  0/10  24576 Jun  6 14:46 1986 ./vax/inline/inline
r--r--r--  0/10   3090 Jun  5 18:12 1986 ./vax/inline/machpats.c
r--r--r--  0/10   8090 Jun  5 17:40 1986 ./vax/Locore.c
rwxrwxr-x  0/10      0 Feb  2 17:24 1986 ./vax/tags symbolic link to ../sys/tags
r--r--r--  0/10  24685 Jun  7 12:19 1986 ./vax/autoconf.c
r--r--r--  0/10   1461 Jun  5 17:42 1986 ./vax/cons.h
r--r--r--  0/10   2883 Jun  5 17:42 1986 ./vax/cpu.h
r--r--r--  0/10   3023 Jun  5 17:42 1986 ./vax/cpudata.c
r--r--r--  0/10  38786 Jun  6 10:08 1986 ./vax/locore.s
r--r--r--  0/10  30643 Jun  5 17:45 1986 ./vax/machdep.c
r--r--r--  0/10   3639 Jun  5 17:46 1986 ./vax/nexus.h
r--r--r--  0/10   6091 Jun  5 17:46 1986 ./vax/mem.h
r--r--r--  0/10   1320 Jun  5 17:45 1986 ./vax/machparam.h
r--r--r--  0/10   3550 Jun  7 12:19 1986 ./vax/swapgeneric.c
r--r--r--  0/10  15232 Jun  6 15:02 1986 ./vax/conf.c
r--r--r--  0/10    488 Jun  5 17:57 1986 ./vax/rpb.s
r--r--r--  0/10   1735 Jun  5 17:43 1986 ./vax/flp.h
r--r--r--  0/10   5306 Jun  5 17:50 1986 ./vax/vmparam.h
r--r--r--  0/10    601 Jun  5 17:43 1986 ./vax/dkio.h
r--r--r--  0/10   3562 Jun  5 17:41 1986 ./vax/clock.c
r--r--r--  0/10     92 Jun  5 17:58 1986 ./vax/crt0.ex
r--r--r--  0/10   1081 Jun  5 17:41 1986 ./vax/clock.h
r--r--r--  0/10   3785 Jun  5 17:42 1986 ./vax/cons.c
r--r--r--  0/10   1241 Jun  5 17:58 1986 ./vax/udiv.s
r--r--r--  0/10   3836 Jun  5 17:46 1986 ./vax/mtpr.h
r--r--r--  0/10    785 Jun  5 17:43 1986 ./vax/dkbad.c
r--r--r--  0/10    622 Jun  5 17:43 1986 ./vax/frame.h
r--r--r--  0/10   5757 Jun  5 17:43 1986 ./vax/flp.c
r--r--r--  0/10   3123 Jun  5 17:43 1986 ./vax/genassym.c
r--r--r--  0/10   3640 Jun  5 17:44 1986 ./vax/in_cksum.c
r--r--r--  0/10  10128 Jun  5 17:46 1986 ./vax/mscp.h
r--r--r--  0/10   1456 Jun  5 17:47 1986 ./vax/pcb.h
r--r--r--  0/10    957 Jun  5 18:08 1986 ./vax/pcb.m
r--r--r--  0/10   1277 Jun  5 17:47 1986 ./vax/psl.h
r--r--r--  0/10   2348 Jun  5 17:47 1986 ./vax/pte.h
r--r--r--  0/10    654 Jun  5 17:47 1986 ./vax/reg.h
r--r--r--  0/10    731 Jun  5 17:47 1986 ./vax/rpb.h
r--r--r--  0/10   2488 Jun  5 17:47 1986 ./vax/rsp.h
r--r--r--  0/10   2260 Jun  5 17:48 1986 ./vax/scb.h
r--r--r--  0/10   1064 Jun  5 17:49 1986 ./vax/trap.h
r--r--r--  0/10   1312 Jun  5 17:58 1986 ./vax/urem.s
r--r--r--  0/10   3023 Jun  5 17:45 1986 ./vax/mem.c
r--r--r--  0/10  11297 Jun  5 17:48 1986 ./vax/tmscp.h
r--r--r--  0/10    928 Jun  5 17:58 1986 ./vax/symbols.raw
r--r--r--  0/10   1951 Jun  5 17:58 1986 ./vax/scb.s
r--r--r--  0/10   6932 Jun  5 17:48 1986 ./vax/trap.c
r--r--r--  0/10   3832 Jun  5 17:50 1986 ./vax/vm_machdep.c
r--r--r--  0/10   2783 Jun  5 17:48 1986 ./vax/sys_machdep.c
r--r--r--  0/10  15570 Jun  5 17:49 1986 ./vax/tu.c
r--r--r--  0/10   3201 Jun  5 17:46 1986 ./vax/ns_cksum.c
r--r--r--  0/10   1772 Aug  8 06:53 1984 ./vax/astags
rw-rw-r--  0/10    379 Jun  7 02:00 1986 ./vax/symbols.sort
r--r--r--  0/10   4324 Jun  5 17:42 1986 ./vax/crl.c
r--r--r--  0/10   2939 Jun  5 17:42 1986 ./vax/crl.h
r--r--r--  0/10   2345 Jun  5 17:50 1986 ./vax/ufs_machdep.c
r--r--r--  0/10   2534 Jun  5 17:44 1986 ./vax/ioa.h
r--r--r--  0/10   3433 Jun  5 17:44 1986 ./vax/ka630.c
r--r--r--  0/10   1718 Jun  5 17:44 1986 ./vax/ka630.h
r--r--r--  0/10  28983 Jun  5 17:56 1986 ./vax/emulate.s
rwxrwxr-x  0/10      0 Jun  6 10:27 1986 ./vaxif/
r--r--r--  0/10  23565 Jun  6 10:03 1986 ./vaxif/if_dmc.c
r--r--r--  0/10  15750 Jun  6 10:07 1986 ./vaxif/if_hdh.c
r--r--r--  0/10   1709 Jun  5 18:34 1986 ./vaxif/if_accreg.h
r--r--r--  0/10   9359 Jun  6 10:01 1986 ./vaxif/if_acc.c
r--r--r--  0/10   2165 Jun  5 18:34 1986 ./vaxif/if_cssreg.h
r--r--r--  0/10  23489 Jun  6 10:04 1986 ./vaxif/if_ec.c
r--r--r--  0/10   2758 Jun  5 18:35 1986 ./vaxif/if_dmc.h
r--r--r--  0/10   9253 Jun  6 10:11 1986 ./vaxif/if_uba.c
r--r--r--  0/10  19630 Jun  6 10:09 1986 ./vaxif/if_il.c
r--r--r--  0/10   9335 Jun  5 18:36 1986 ./vaxif/if_hy.h
r--r--r--  0/10   1264 Jun  5 18:35 1986 ./vaxif/if_enreg.h
rwxrwxr-x  0/10      0 Feb  2 17:56 1986 ./vaxif/tags symbolic link to ../sys/tags
r--r--r--  0/10  46625 Jun  6 10:02 1986 ./vaxif/if_ddn.c
r--r--r--  0/10   1516 Jun  6 10:13 1986 ./vaxif/raw_hy.c
r--r--r--  0/10   4234 Jun  5 18:37 1986 ./vaxif/if_ilreg.h
r--r--r--  0/10   3417 Jun  5 18:38 1986 ./vaxif/if_uba.h
r--r--r--  0/10   2520 Jun  5 18:38 1986 ./vaxif/if_pclreg.h
r--r--r--  0/10  37598 Jun  6 10:08 1986 ./vaxif/if_hy.c
r--r--r--  0/10  20961 Jun  6 10:02 1986 ./vaxif/if_de.c
r--r--r--  0/10  17405 Jun  6 10:05 1986 ./vaxif/if_en.c
r--r--r--  0/10   6616 Jun  5 18:37 1986 ./vaxif/if_hyreg.h
r--r--r--  0/10   1684 Jun  5 18:37 1986 ./vaxif/if_il.h
r--r--r--  0/10   3834 Jun  5 18:38 1986 ./vaxif/if_vv.h
r--r--r--  0/10   6819 Jun  5 18:35 1986 ./vaxif/if_dereg.h
r--r--r--  0/10   2425 Jun  5 18:37 1986 ./vaxif/if_ix.h
r--r--r--  0/10   2146 Jun  5 18:35 1986 ./vaxif/if_ecreg.h
r--r--r--  0/10  10161 Jun  5 18:36 1986 ./vaxif/if_exreg.h
r--r--r--  0/10   4363 Jun  5 18:34 1986 ./vaxif/if_ddnreg.h
r--r--r--  0/10  24839 Jun  6 10:07 1986 ./vaxif/if_ex.c
r--r--r--  0/10  11425 Jun  6 10:01 1986 ./vaxif/if_css.c
r--r--r--  0/10   4164 Jun  5 18:34 1986 ./vaxif/if_ddnvar.h
r--r--r--  0/10  12332 Jun  6 10:10 1986 ./vaxif/if_pcl.c
r--r--r--  0/10    788 Jun  5 18:35 1986 ./vaxif/if_en.h
r--r--r--  0/10   3848 Jun  5 18:36 1986 ./vaxif/if_hdhreg.h
r--r--r--  0/10  26304 Jun  6 10:12 1986 ./vaxif/if_vv.c
r--r--r--  0/10  28122 Jun  6 10:10 1986 ./vaxif/if_qe.c
r--r--r--  0/10   5216 Jun  5 18:38 1986 ./vaxif/if_qereg.h
rwxrwxr-x  0/10      0 Jan 25 13:46 1986 ./vaxmba/
r--r--r--  0/10   6270 Jun  5 18:29 1986 ./vaxmba/hpreg.h
r--r--r--  0/10  35477 Jun  5 18:32 1986 ./vaxmba/mt.c
r--r--r--  0/10   4413 Jun  5 18:30 1986 ./vaxmba/htreg.h
r--r--r--  0/10  13828 Jun  5 18:30 1986 ./vaxmba/ht.c
r--r--r--  0/10   4176 Jun  5 18:31 1986 ./vaxmba/mbareg.h
r--r--r--  0/10   4696 Jun  5 18:31 1986 ./vaxmba/mbavar.h
r--r--r--  0/10  25988 Jun  5 18:29 1986 ./vaxmba/hp.c
r--r--r--  0/10   5159 Jun  5 18:33 1986 ./vaxmba/mtreg.h
rwxrwxr-x  0/10      0 Feb  2 17:59 1986 ./vaxmba/tags symbolic link to ../sys/tags
r--r--r--  0/10  11245 Jun  5 18:31 1986 ./vaxmba/mba.c
rwxrwxr-x  0/10      0 Jun  6 10:27 1986 ./vaxuba/
r--r--r--  0/10   3417 Jun  5 18:05 1986 ./vaxuba/ad.c
r--r--r--  0/10    720 Jun  5 18:05 1986 ./vaxuba/adreg.h
r--r--r--  0/10   4622 Jun  5 18:05 1986 ./vaxuba/ct.c
r--r--r--  0/10  23491 Jun  5 18:07 1986 ./vaxuba/dmf.c
r--r--r--  0/10   1688 Jun  5 18:06 1986 ./vaxuba/dhreg.h
r--r--r--  0/10   5395 Jun  5 18:07 1986 ./vaxuba/dmfreg.h
r--r--r--  0/10  16804 Jun  5 18:06 1986 ./vaxuba/dh.c
r--r--r--  0/10   1429 Jun  5 18:08 1986 ./vaxuba/dmreg.h
r--r--r--  0/10   4239 Jun  5 18:09 1986 ./vaxuba/dn.c
r--r--r--  0/10  14170 Jun  5 18:09 1986 ./vaxuba/dz.c
r--r--r--  0/10   2492 Jun  5 18:10 1986 ./vaxuba/dzreg.h
r--r--r--  0/10  26486 Jun  5 18:21 1986 ./vaxuba/up.c
r--r--r--  0/10   4077 Jun  5 18:10 1986 ./vaxuba/idcreg.h
r--r--r--  0/10   5082 Jun  5 18:10 1986 ./vaxuba/ik.c
r--r--r--  0/10   2410 Jun  5 18:11 1986 ./vaxuba/ikreg.h
r--r--r--  0/10   1842 Jun  5 18:11 1986 ./vaxuba/kgclock.c
r--r--r--  0/10   6771 Jun  5 18:11 1986 ./vaxuba/lp.c
r--r--r--  0/10  16113 Jun  5 18:12 1986 ./vaxuba/lpa.c
r--r--r--  0/10    339 Jun  5 18:13 1986 ./vaxuba/pdma.h
r--r--r--  0/10  15597 Jun  5 18:14 1986 ./vaxuba/ps.c
r--r--r--  0/10   4146 Jun  5 18:14 1986 ./vaxuba/psreg.h
r--r--r--  0/10  18335 Jun  5 18:15 1986 ./vaxuba/rk.c
r--r--r--  0/10   5043 Jun  5 18:15 1986 ./vaxuba/rkreg.h
r--r--r--  0/10  16469 Jun  5 18:06 1986 ./vaxuba/dhu.c
r--r--r--  0/10   4129 Jun  5 18:15 1986 ./vaxuba/rlreg.h
r--r--r--  0/10  21151 Jun  5 18:16 1986 ./vaxuba/rx.c
r--r--r--  0/10   3382 Jun  5 18:16 1986 ./vaxuba/rxreg.h
r--r--r--  0/10   3393 Jun  5 18:17 1986 ./vaxuba/tmreg.h
r--r--r--  0/10   4950 Jun  5 18:09 1986 ./vaxuba/dmzreg.h
r--r--r--  0/10  21920 Jun  5 18:18 1986 ./vaxuba/ts.c
r--r--r--  0/10   5893 Jun  5 18:19 1986 ./vaxuba/tsreg.h
r--r--r--  0/10   6254 Jun  5 18:22 1986 ./vaxuba/upreg.h
r--r--r--  0/10  14492 Jun  5 18:19 1986 ./vaxuba/uba.c
r--r--r--  0/10   6015 Jun  5 18:19 1986 ./vaxuba/ubareg.h
r--r--r--  0/10   7573 Jun  5 18:20 1986 ./vaxuba/ubavar.h
r--r--r--  0/10  21912 Jun  5 18:10 1986 ./vaxuba/idc.c
r--r--r--  0/10   1740 Jun  5 18:20 1986 ./vaxuba/udareg.h
r--r--r--  0/10  21113 Jun  5 18:22 1986 ./vaxuba/ut.c
r--r--r--  0/10   6499 Jun  5 18:22 1986 ./vaxuba/utreg.h
r--r--r--  0/10  18636 Jun  5 18:23 1986 ./vaxuba/uu.c
r--r--r--  0/10   1084 Jun  5 18:23 1986 ./vaxuba/uureg.h
r--r--r--  0/10  10152 Jun  5 18:23 1986 ./vaxuba/va.c
r--r--r--  0/10   7292 Jun  5 18:24 1986 ./vaxuba/vp.c
r--r--r--  0/10    689 Jun  5 18:24 1986 ./vaxuba/vpreg.h
r--r--r--  0/10  37653 Jun  5 18:20 1986 ./vaxuba/uda.c
r--r--r--  0/10  17235 Jun  5 18:15 1986 ./vaxuba/rl.c
r--r--r--  0/10   4830 Jun  5 18:07 1986 ./vaxuba/dhureg.h
rwxrwxr-x  0/10      0 Feb  2 18:06 1986 ./vaxuba/tags symbolic link to ../sys/tags
r--r--r--  0/10  17713 Jun  5 18:08 1986 ./vaxuba/dmz.c
r--r--r--  0/10  21501 Jun  5 18:24 1986 ./vaxuba/vs.c
r--r--r--  0/10   6176 Jun  5 18:24 1986 ./vaxuba/vsreg.h
r--r--r--  0/10  23809 Jun  5 18:17 1986 ./vaxuba/tm.c
r--r--r--  0/10  57511 Jun  5 18:18 1986 ./vaxuba/tmscp.c
r--r--r--  0/10   3109 Jun  5 18:18 1986 ./vaxuba/tmscpreg.h
r--r--r--  0/10  15195 Jun  5 18:13 1986 ./vaxuba/npreg.h
rwxrwxr-x  0/10      0 Feb  2 17:48 1986 ./machine symbolic link to vax
rwxrwxr-x  0/10      0 Apr 26 14:01 1986 ./consolerl/
rw-rw-r--  0/10  21720 Jun  7 07:49 1986 ./consolerl/boot
rwxr-xr-x  0/10  24152 Jun  7 07:49 1986 ./consolerl/copy
rw-r--r--  0/10  21072 Jun  7 07:49 1986 ./consolerl/format
rw-r--r--  0/10  15968 Jun  7 07:50 1986 ./consolerl/drtest
rw-rw-r--  0/10    595 Mar 13 18:37 1986 ./consolerl/anyboo.com
rw-r--r--  0/10    585 Mar 13 18:37 1986 ./consolerl/hkmboo.com
rw-r--r--  0/10    587 Mar 13 18:37 1986 ./consolerl/hksboo.com
rw-r--r--  0/10    585 Mar 13 18:37 1986 ./consolerl/hpmboo.com
rw-r--r--  0/10    587 Mar 13 18:37 1986 ./consolerl/hpsboo.com
rw-r--r--  0/10    595 Mar 13 18:37 1986 ./consolerl/ramboo.com
rw-r--r--  0/10    597 Mar 13 18:37 1986 ./consolerl/rasboo.com
rw-r--r--  0/10    585 Mar 13 18:37 1986 ./consolerl/upmboo.com
rw-r--r--  0/10    587 Mar 13 18:37 1986 ./consolerl/upsboo.com
r--r--r--  0/10    850 Jun  5 18:57 1986 ./consolerl/Makefile
rw-r--r--  0/10    585 Mar 13 18:37 1986 ./consolerl/defboo.hk
rw-r--r--  0/10    585 Mar 13 18:37 1986 ./consolerl/defboo.hp
rw-r--r--  0/10    585 Mar 13 18:37 1986 ./consolerl/defboo.up
rw-r--r--  0/10    595 Mar 13 18:37 1986 ./consolerl/defboo.ra
