rwxr-xr-x  3/10      0 Dec 25 16:04 1998 ./
rwxr-xr-x  3/10      0 Dec 25 22:01 1998 ./machine symbolic link to vax
rwxr-xr-x  3/10      0 Dec 25 23:35 1998 ./cassette/
rw-r--r--  3/10    127 Apr 30 06:48 1983 ./cassette/anyboo.cmd
rw-r--r--  3/10    155 Aug 24 02:13 1983 ./cassette/cassette.out1
rw-r--r--  3/10    155 Aug 24 02:08 1983 ./cassette/cassette.out
rw-r--r--  3/10    154 Apr 30 06:48 1983 ./cassette/defboo.hk
rw-r--r--  3/10    154 Apr 30 06:48 1983 ./cassette/defboo.ra
rw-r--r--  3/10    155 Apr 30 06:48 1983 ./cassette/defboo.rb
rw-r--r--  3/10    156 Jun 16 07:42 1983 ./cassette/defboo.rl
rw-r--r--  3/10    154 Apr 30 06:48 1983 ./cassette/defboo.up
rw-r--r--  3/10    102 Apr 30 06:48 1983 ./cassette/hkmboo.cmd
rw-r--r--  3/10    114 Apr 30 06:48 1983 ./cassette/hksboo.cmd
r--r--r--  3/10   1725 Dec 20 16:52 1998 ./cassette/Makefile
rw-r--r--  3/10    102 Apr 30 06:48 1983 ./cassette/ramboo.cmd
rw-r--r--  3/10    114 Apr 30 06:48 1983 ./cassette/rasboo.cmd
rw-r--r--  3/10    103 Apr 30 06:48 1983 ./cassette/rbmboo.cmd
rw-r--r--  3/10    115 Apr 30 06:48 1983 ./cassette/rbsboo.cmd
rw-r--r--  3/10     49 Apr 30 06:48 1983 ./cassette/restar.cmd
rw-r--r--  3/10    115 Sep 25 03:09 1983 ./cassette/rlsboo.cmd
rw-r--r--  3/10   1713 Aug 10 06:18 1983 ./cassette/update.out
rw-r--r--  3/10    102 Apr 30 06:48 1983 ./cassette/upmboo.cmd
rw-r--r--  3/10    114 Apr 30 06:48 1983 ./cassette/upsboo.cmd
rw-r--r--  3/10  27088 Dec 25 15:54 1998 ./cassette/boot.730
rw-r--r--  3/10  34492 Dec 25 15:54 1998 ./cassette/boot.750
rw-r--r--  3/10  30492 Dec 25 15:54 1998 ./cassette/copy.730
rw-r--r--  3/10  38812 Dec 25 15:54 1998 ./cassette/copy.750
rw-r--r--  3/10  26660 Dec 25 15:55 1998 ./cassette/format.730
rw-r--r--  3/10  32388 Dec 25 15:55 1998 ./cassette/format.750
rw-r--r--  3/10  21484 Dec 25 15:55 1998 ./cassette/drtest.730
rw-r--r--  3/10  27212 Dec 25 15:55 1998 ./cassette/drtest.750
rwxr-xr-x  3/10      0 Dec 25 22:43 1998 ./conf/
rwxr-xr-x  3/10      0 Dec 25 22:01 1998 ./conf/GENERIC symbolic link to GENERIC.allvax
rw-r--r--  3/10    654 Sep 17 23:53 1985 ./conf/ANSEL
rw-r--r--  3/10    766 May 21 05:42 1988 ./conf/CALDER
rw-r--r--  3/10    333 May 17 16:10 1983 ./conf/defines
r--r--r--  3/10     10 Dec 21 13:49 1998 ./conf/devices.tahoe
r--r--r--  3/10     50 Jun  6 01:16 1988 ./conf/devices.vax
r--r--r--  3/10   3222 May 21 05:36 1988 ./conf/files
r--r--r--  3/10   5516 May 23 06:07 1989 ./conf/files.tahoe
r--r--r--  3/10   3288 Dec 20 17:23 1998 ./conf/files.vax
rw-r--r--  3/10   3591 Dec 23 22:35 1998 ./conf/GENERIC.allvax
rw-r--r--  3/10   1259 May 23 22:30 1989 ./conf/GENERIC.hcx9
rw-r--r--  3/10   2590 Jun  2 03:16 1988 ./conf/GENERIC.tahoe
rw-r--r--  3/10   3348 May 24 00:02 1988 ./conf/GENERIC.vax
rw-r--r--  3/10   1419 Sep  7 22:50 1989 ./conf/GENERIC1.hcx9
rw-r--r--  3/10    918 Nov 10 09:07 1986 ./conf/KDB
rwxr-xr-x  3/10      0 Dec 25 22:01 1998 ./conf/LINT symbolic link to LINT.vax
rw-r--r--  3/10   2579 May 25 01:00 1988 ./conf/LINT.tahoe
rw-r--r--  3/10   4396 Dec 23 22:36 1998 ./conf/LINT.vax
r--r--r--  3/10   3552 Oct 22 10:20 1987 ./conf/Makefile.tahoe
r--r--r--  3/10   4387 Oct 22 10:20 1987 ./conf/Makefile.vax
rw-r--r--  3/10    653 May 21 02:45 1988 ./conf/MICROVAXII
r--r--r--  3/10    591 Dec 21 15:00 1998 ./conf/newvers.sh
rw-r--r--  3/10   1182 May  1 08:03 1988 ./conf/OKEEFFE
r--r--r--  3/10   2237 Dec  6 10:34 1986 ./conf/param.c
rw-r--r--  3/10    780 Dec 25 14:31 1998 ./conf/POLYGON
rwxr-xr-x  3/10      0 Dec 25 22:43 1998 ./consolerl/
rw-r--r--  3/10    595 Oct  3 12:49 1985 ./consolerl/anyboo.com
rw-r--r--  3/10    585 Aug  9 04:57 1985 ./consolerl/defboo.hk
rw-r--r--  3/10    585 Aug  9 04:57 1985 ./consolerl/defboo.hp
rw-r--r--  3/10    595 Aug  9 04:57 1985 ./consolerl/defboo.ra
rw-r--r--  3/10    585 Aug  9 04:57 1985 ./consolerl/defboo.up
rw-r--r--  3/10    585 Aug  9 04:32 1985 ./consolerl/hkmboo.com
rw-r--r--  3/10    587 Aug  9 04:32 1985 ./consolerl/hksboo.com
rw-r--r--  3/10    585 Aug  9 04:32 1985 ./consolerl/hpmboo.com
rw-r--r--  3/10    587 Aug  9 04:32 1985 ./consolerl/hpsboo.com
r--r--r--  3/10    655 Dec 20 17:29 1998 ./consolerl/Makefile
rw-r--r--  3/10    595 Aug  9 04:32 1985 ./consolerl/ramboo.com
rw-r--r--  3/10    597 Aug  9 04:32 1985 ./consolerl/rasboo.com
rw-r--r--  3/10    585 Aug  9 04:32 1985 ./consolerl/upmboo.com
rw-r--r--  3/10    587 Aug  9 04:32 1985 ./consolerl/upsboo.com
rw-r--r--  3/10  34492 Dec 25 15:54 1998 ./consolerl/boot
rw-r--r--  3/10  38812 Dec 25 15:54 1998 ./consolerl/copy
rw-r--r--  3/10  32388 Dec 25 15:55 1998 ./consolerl/format
rw-r--r--  3/10  27212 Dec 25 15:55 1998 ./consolerl/drtest
rwxr-xr-x  3/10      0 Dec 25 22:43 1998 ./floppy/
rw-r--r--  3/10    209 Feb 12 04:56 1983 ./floppy/anyboo.cmd
rw-r--r--  3/10    278 Sep 25 02:37 1983 ./floppy/defboo.hk
rw-r--r--  3/10    278 Sep 25 02:37 1983 ./floppy/defboo.hp
rw-r--r--  3/10    286 Jul 14 04:24 1988 ./floppy/defboo.kra
rw-r--r--  3/10    512 May 21 03:35 1985 ./floppy/defboo.MS780C-interleaved
rw-r--r--  3/10    278 Sep 25 02:35 1983 ./floppy/defboo.ra
rw-r--r--  3/10    278 Sep 25 02:38 1983 ./floppy/defboo.up
rw-r--r--  3/10    175 Sep 25 02:42 1983 ./floppy/hkmboo.cmd
rw-r--r--  3/10    179 Sep 25 02:42 1983 ./floppy/hksboo.cmd
rw-r--r--  3/10    175 Feb 12 04:56 1983 ./floppy/hpmboo.cmd
rw-r--r--  3/10    179 Feb 12 04:56 1983 ./floppy/hpsboo.cmd
r--r--r--  3/10   1102 Dec 20 17:32 1998 ./floppy/Makefile
rw-r--r--  3/10    175 Sep 25 02:43 1983 ./floppy/ramboo.cmd
rw-r--r--  3/10    179 Sep 25 02:43 1983 ./floppy/rasboo.cmd
rw-r--r--  3/10    270 Aug  1 05:20 1983 ./floppy/restar.cmd
rw-r--r--  3/10    175 Feb 12 04:56 1983 ./floppy/upmboo.cmd
rw-r--r--  3/10    179 Feb 12 04:56 1983 ./floppy/upsboo.cmd
rw-r--r--  3/10    281 Mar  6 05:41 1983 ./floppy/utboot.cmd
rw-r--r--  3/10  34492 Dec 25 15:54 1998 ./floppy/boot
rw-r--r--  3/10  38812 Dec 25 15:54 1998 ./floppy/copy
rw-r--r--  3/10  32388 Dec 25 15:55 1998 ./floppy/format
rw-r--r--  3/10  27212 Dec 25 15:55 1998 ./floppy/drtest
rwxr-xr-x  3/10      0 Dec 25 22:43 1998 ./h/
rwxr-xr-x  3/10      0 Dec 25 22:01 1998 ./h/tags symbolic link to ../machine/tags
r--r--r--  3/10   1390 Jun  4 12:19 1986 ./h/acct.h
r--r--r--  3/10    611 Dec 20 17:48 1998 ./h/bkmac.h
r--r--r--  3/10   6519 May 14 00:25 1988 ./h/buf.h
r--r--r--  3/10    716 Jun  4 12:20 1986 ./h/callout.h
r--r--r--  3/10    460 Jun  4 12:20 1986 ./h/clist.h
r--r--r--  3/10   2567 Jun  4 12:20 1986 ./h/cmap.h
r--r--r--  3/10   1379 May 14 00:25 1988 ./h/conf.h
r--r--r--  3/10   3266 Dec 21 23:41 1986 ./h/dir.h
r--r--r--  3/10   8964 Jun 27 07:41 1988 ./h/disklabel.h
r--r--r--  3/10   1553 Jun  4 12:21 1986 ./h/dkbad.h
r--r--r--  3/10    613 May 21 02:52 1988 ./h/dkstat.h
r--r--r--  3/10    865 Jun  4 12:21 1986 ./h/dmap.h
r--r--r--  3/10   1288 Jun 27 07:53 1988 ./h/domain.h
r--r--r--  3/10   3859 Jun  4 12:22 1986 ./h/errno.h
r--r--r--  3/10    829 Jun  4 12:22 1986 ./h/exec.h
r--r--r--  3/10   3180 Jun  4 12:22 1986 ./h/file.h
r--r--r--  3/10  17232 Jun 27 07:51 1988 ./h/fs.h
r--r--r--  3/10   2228 Jun  4 12:23 1986 ./h/gprof.h
r--r--r--  3/10   6079 Oct 13 09:59 1986 ./h/inode.h
r--r--r--  3/10  11488 May  6 00:55 1988 ./h/ioctl.h
r--r--r--  3/10    721 Jun  4 12:24 1986 ./h/kernel.h
r--r--r--  3/10   5557 Jun 27 07:42 1988 ./h/malloc.h
r--r--r--  3/10   1865 Sep 29 23:47 1987 ./h/map.h
r--r--r--  3/10   5384 Apr 23 11:51 1988 ./h/mbuf.h
r--r--r--  3/10    909 Jun  4 12:25 1986 ./h/mman.h
r--r--r--  3/10    600 Jun 21 04:27 1987 ./h/mount.h
r--r--r--  3/10    451 Jun  4 12:25 1986 ./h/msgbuf.h
r--r--r--  3/10   2348 Dec 17 23:35 1987 ./h/mtio.h
r--r--r--  3/10   2779 Jan  5 04:42 1988 ./h/namei.h
r--r--r--  3/10   5485 Jun  5 06:52 1987 ./h/param.h
r--r--r--  3/10   5124 Dec 18 08:44 1986 ./h/proc.h
r--r--r--  3/10   7869 Jun 27 07:54 1988 ./h/protosw.h
r--r--r--  3/10    837 Jun  4 12:26 1986 ./h/ptrace.h
r--r--r--  3/10   5732 Jun 27 07:55 1988 ./h/quota.h
r--r--r--  3/10   2942 Jun 27 07:43 1988 ./h/reboot.h
r--r--r--  3/10   1751 Jun  4 12:27 1986 ./h/resource.h
r--r--r--  3/10    246 Dec 20 23:36 1998 ./h/seg.h
r--r--r--  3/10   3458 May 14 00:24 1988 ./h/signal.h
r--r--r--  3/10   4909 Jul 16 03:04 1988 ./h/socket.h
r--r--r--  3/10   5652 Jul 16 03:05 1988 ./h/socketvar.h
r--r--r--  3/10   1198 Jun  4 12:28 1986 ./h/stat.h
r--r--r--  3/10   3813 Oct 13 10:48 1986 ./h/syscall.h
r--r--r--  3/10   3420 Jun 27 07:42 1988 ./h/syslog.h
r--r--r--  3/10   2091 May 25 22:02 1988 ./h/systm.h
r--r--r--  3/10   2213 Dec 17 23:35 1987 ./h/tablet.h
r--r--r--  3/10   2031 Oct 13 11:04 1986 ./h/text.h
r--r--r--  3/10   1484 Jun  4 12:29 1986 ./h/time.h
r--r--r--  3/10    380 Jun  4 12:29 1986 ./h/timeb.h
r--r--r--  3/10    466 Jun  4 12:29 1986 ./h/times.h
r--r--r--  3/10   2674 Jun  4 12:29 1986 ./h/trace.h
r--r--r--  3/10   4412 Mar 12 07:34 1987 ./h/tty.h
r--r--r--  3/10   1355 May  6 04:06 1988 ./h/ttychars.h
r--r--r--  3/10    736 Oct 13 11:07 1986 ./h/ttydev.h
r--r--r--  3/10   2068 Jun 20 03:24 1987 ./h/types.h
r--r--r--  3/10    672 Jun  4 12:30 1986 ./h/uio.h
r--r--r--  3/10   1052 Jun 27 07:54 1988 ./h/un.h
r--r--r--  3/10   2495 Jun 27 07:51 1988 ./h/unpcb.h
r--r--r--  3/10   4474 Jun  4 12:31 1986 ./h/user.h
r--r--r--  3/10    661 Mar 12 07:34 1987 ./h/vadvise.h
r--r--r--  3/10    472 Dec 17 23:35 1987 ./h/vcmd.h
r--r--r--  3/10    707 Mar 12 07:34 1987 ./h/vlimit.h
r--r--r--  3/10    601 May 14 00:23 1988 ./h/vm.h
r--r--r--  3/10   5527 Nov 12 02:51 1987 ./h/vmmac.h
r--r--r--  3/10   3438 Oct 13 12:01 1986 ./h/vmmeter.h
r--r--r--  3/10    503 May 14 00:23 1988 ./h/vmparam.h
r--r--r--  3/10   1664 Jun  4 12:32 1986 ./h/vmsystm.h
r--r--r--  3/10   3880 Dec 17 23:35 1987 ./h/vsio.h
r--r--r--  3/10    995 Jun  4 12:33 1986 ./h/vtimes.h
r--r--r--  3/10   3004 Jan 27 05:14 1988 ./h/wait.h
rwxr-xr-x  3/10      0 Dec 25 22:43 1998 ./kdb/
r--r--r--  3/10   2005 Dec 15 08:26 1986 ./kdb/defs.h
r--r--r--  3/10    829 Dec 15 08:26 1986 ./kdb/kdb_access.c
r--r--r--  3/10   3251 Dec 15 08:26 1986 ./kdb/kdb_command.c
r--r--r--  3/10    874 Dec 15 08:26 1986 ./kdb/kdb_ctype.c
r--r--r--  3/10   5325 Dec 15 08:26 1986 ./kdb/kdb_expr.c
r--r--r--  3/10   4435 Dec 15 08:26 1986 ./kdb/kdb_format.c
r--r--r--  3/10   1985 Dec 15 08:26 1986 ./kdb/kdb_input.c
r--r--r--  3/10    885 Dec 15 08:26 1986 ./kdb/kdb_message.c
r--r--r--  3/10   3440 Dec 15 08:26 1986 ./kdb/kdb_output.c
r--r--r--  3/10   1521 Dec 15 08:26 1986 ./kdb/kdb_pcs.c
r--r--r--  3/10   4509 Dec 15 08:26 1986 ./kdb/kdb_print.c
r--r--r--  3/10   2876 Dec 15 08:26 1986 ./kdb/kdb_runpcs.c
r--r--r--  3/10   3379 Dec 15 08:26 1986 ./kdb/kdb_sym.c
r--r--r--  3/10   1613 Dec 15 08:26 1986 ./kdb/kdb_trap.c
r--r--r--  3/10   3244 Nov 22 23:56 1986 ./kdb/redef.h
rwxr-xr-x  3/10      0 Dec 25 14:49 1998 ./POLYGON/
rw-r--r--  3/10   1630 Dec 25 14:31 1998 ./POLYGON/ioconf.c
rw-r--r--  3/10   1285 Dec 25 14:31 1998 ./POLYGON/ubglue.s
rw-r--r--  3/10    228 Dec 25 14:31 1998 ./POLYGON/ubvec.s
rwxr-xr-x  3/10      0 Dec 25 22:02 1998 ./POLYGON/sys symbolic link to ../h
rwxr-xr-x  3/10      0 Dec 25 22:02 1998 ./POLYGON/machine symbolic link to ../vax
rw-r--r--  3/10  79277 Dec 25 14:35 1998 ./POLYGON/Makefile
rw-r--r--  3/10     16 Dec 25 14:31 1998 ./POLYGON/kadb.h
rw-r--r--  3/10     16 Dec 25 14:31 1998 ./POLYGON/loop.h
rw-r--r--  3/10     14 Dec 25 14:31 1998 ./POLYGON/sl.h
rw-r--r--  3/10     15 Dec 25 14:31 1998 ./POLYGON/imp.h
rw-r--r--  3/10     17 Dec 25 14:31 1998 ./POLYGON/ether.h
rw-r--r--  3/10     14 Dec 25 14:31 1998 ./POLYGON/ns.h
rw-r--r--  3/10     14 Dec 25 14:31 1998 ./POLYGON/bk.h
rw-r--r--  3/10     15 Dec 25 14:31 1998 ./POLYGON/pty.h
rw-r--r--  3/10     14 Dec 25 14:31 1998 ./POLYGON/tb.h
rw-r--r--  3/10     29 Dec 25 14:31 1998 ./POLYGON/ra.h
rw-r--r--  3/10     15 Dec 25 14:31 1998 ./POLYGON/kra.h
rw-r--r--  3/10     14 Dec 25 14:31 1998 ./POLYGON/ii.h
rw-r--r--  3/10     14 Dec 25 14:31 1998 ./POLYGON/bi.h
rw-r--r--  3/10     15 Dec 25 14:31 1998 ./POLYGON/acc.h
rw-r--r--  3/10     15 Dec 25 14:31 1998 ./POLYGON/css.h
rw-r--r--  3/10     14 Dec 25 14:31 1998 ./POLYGON/de.h
rw-r--r--  3/10     15 Dec 25 14:31 1998 ./POLYGON/ddn.h
rw-r--r--  3/10     15 Dec 25 14:31 1998 ./POLYGON/dmc.h
rw-r--r--  3/10     15 Dec 25 14:31 1998 ./POLYGON/dmv.h
rw-r--r--  3/10     14 Dec 25 14:31 1998 ./POLYGON/ec.h
rw-r--r--  3/10     14 Dec 25 14:31 1998 ./POLYGON/en.h
rw-r--r--  3/10     14 Dec 25 14:31 1998 ./POLYGON/ex.h
rw-r--r--  3/10     15 Dec 25 14:31 1998 ./POLYGON/hdh.h
rw-r--r--  3/10     14 Dec 25 14:31 1998 ./POLYGON/hy.h
rw-r--r--  3/10     14 Dec 25 14:31 1998 ./POLYGON/il.h
rw-r--r--  3/10     14 Dec 25 14:31 1998 ./POLYGON/np.h
rw-r--r--  3/10     15 Dec 25 14:31 1998 ./POLYGON/pcl.h
rw-r--r--  3/10     14 Dec 25 14:31 1998 ./POLYGON/qe.h
rw-r--r--  3/10     14 Dec 25 14:31 1998 ./POLYGON/vv.h
rw-r--r--  3/10     14 Dec 25 14:31 1998 ./POLYGON/hp.h
rw-r--r--  3/10     14 Dec 25 14:31 1998 ./POLYGON/tu.h
rw-r--r--  3/10     15 Dec 25 14:31 1998 ./POLYGON/mba.h
rw-r--r--  3/10     14 Dec 25 14:31 1998 ./POLYGON/mu.h
rw-r--r--  3/10     14 Dec 25 14:31 1998 ./POLYGON/ad.h
rw-r--r--  3/10     14 Dec 25 14:31 1998 ./POLYGON/ct.h
rw-r--r--  3/10     14 Dec 25 14:31 1998 ./POLYGON/dh.h
rw-r--r--  3/10     15 Dec 25 14:31 1998 ./POLYGON/dhu.h
rw-r--r--  3/10     15 Dec 25 14:31 1998 ./POLYGON/dmf.h
rw-r--r--  3/10     15 Dec 25 14:31 1998 ./POLYGON/dmz.h
rw-r--r--  3/10     14 Dec 25 14:31 1998 ./POLYGON/dn.h
rw-r--r--  3/10     14 Dec 25 14:31 1998 ./POLYGON/dz.h
rw-r--r--  3/10     14 Dec 25 14:31 1998 ./POLYGON/rb.h
rw-r--r--  3/10     14 Dec 25 14:31 1998 ./POLYGON/ik.h
rw-r--r--  3/10     14 Dec 25 14:31 1998 ./POLYGON/kg.h
rw-r--r--  3/10     14 Dec 25 14:31 1998 ./POLYGON/lp.h
rw-r--r--  3/10     15 Dec 25 14:31 1998 ./POLYGON/lpa.h
rw-r--r--  3/10     14 Dec 25 14:31 1998 ./POLYGON/ps.h
rw-r--r--  3/10     14 Dec 25 14:31 1998 ./POLYGON/rk.h
rw-r--r--  3/10     14 Dec 25 14:31 1998 ./POLYGON/rl.h
rw-r--r--  3/10     14 Dec 25 14:31 1998 ./POLYGON/rx.h
rw-r--r--  3/10     14 Dec 25 14:31 1998 ./POLYGON/te.h
rw-r--r--  3/10     32 Dec 25 14:31 1998 ./POLYGON/tms.h
rw-r--r--  3/10     28 Dec 25 14:31 1998 ./POLYGON/ts.h
rw-r--r--  3/10     15 Dec 25 14:31 1998 ./POLYGON/uba.h
rw-r--r--  3/10     14 Dec 25 14:31 1998 ./POLYGON/up.h
rw-r--r--  3/10     14 Dec 25 14:31 1998 ./POLYGON/tj.h
rw-r--r--  3/10     14 Dec 25 14:31 1998 ./POLYGON/uu.h
rw-r--r--  3/10     14 Dec 25 14:31 1998 ./POLYGON/va.h
rw-r--r--  3/10     14 Dec 25 14:31 1998 ./POLYGON/vp.h
rw-r--r--  3/10     14 Dec 25 14:31 1998 ./POLYGON/vs.h
rw-r--r--  3/10     14 Dec 25 14:31 1998 ./POLYGON/qv.h
rw-r--r--  3/10     14 Dec 25 14:31 1998 ./POLYGON/qd.h
rw-r--r--  3/10    263 Dec 25 14:31 1998 ./POLYGON/swapvmunix.c
rw-r--r--  3/10    838 Dec 25 14:35 1998 ./POLYGON/assym.s
rw-r--r--  3/10  50221 Dec 25 14:35 1998 ./POLYGON/locore.c
rw-r--r--  3/10   2830 Dec 25 14:36 1998 ./POLYGON/emulate.o
rw-r--r--  3/10  71345 Dec 25 14:36 1998 ./POLYGON/locore.o
rw-r--r--  3/10    887 Dec 25 14:36 1998 ./POLYGON/af.o
rw-r--r--  3/10   3168 Dec 25 14:36 1998 ./POLYGON/if.o
rw-r--r--  3/10   3043 Dec 25 14:36 1998 ./POLYGON/route.o
rw-r--r--  3/10   3631 Dec 25 14:37 1998 ./POLYGON/tcp_debug.o
rw-r--r--  3/10   1720 Dec 25 14:36 1998 ./POLYGON/if_loop.o
rw-r--r--  3/10   1737 Dec 25 14:36 1998 ./POLYGON/raw_cb.o
rw-r--r--  3/10   3320 Dec 25 14:36 1998 ./POLYGON/in.o
rw-r--r--  3/10   2326 Dec 25 14:36 1998 ./POLYGON/raw_usrreq.o
rw-r--r--  3/10   4982 Dec 25 14:36 1998 ./POLYGON/if_ether.o
rw-r--r--  3/10   4648 Dec 25 14:40 1998 ./POLYGON/kern_synch.o
rw-r--r--  3/10   3330 Dec 25 14:36 1998 ./POLYGON/in_pcb.o
rw-r--r--  3/10   1418 Dec 25 14:37 1998 ./POLYGON/in_proto.o
rw-r--r--  3/10   4239 Dec 25 14:37 1998 ./POLYGON/ip_icmp.o
rw-r--r--  3/10   7987 Dec 25 14:37 1998 ./POLYGON/ip_input.o
rw-r--r--  3/10   3337 Dec 25 14:37 1998 ./POLYGON/ip_output.o
rw-r--r--  3/10   1283 Dec 25 14:37 1998 ./POLYGON/raw_ip.o
rw-r--r--  3/10   7800 Dec 25 14:37 1998 ./POLYGON/tcp_input.o
rw-r--r--  3/10   3243 Dec 25 14:38 1998 ./POLYGON/tcp_subr.o
rw-r--r--  3/10   3319 Dec 25 14:37 1998 ./POLYGON/tcp_output.o
rw-r--r--  3/10   2383 Dec 25 14:38 1998 ./POLYGON/tcp_timer.o
rw-r--r--  3/10   5828 Dec 25 14:38 1998 ./POLYGON/init_main.o
rw-r--r--  3/10   3774 Dec 25 14:38 1998 ./POLYGON/tcp_usrreq.o
rw-r--r--  3/10   3538 Dec 25 14:38 1998 ./POLYGON/udp_usrreq.o
rw-r--r--  3/10   2833 Dec 25 14:38 1998 ./POLYGON/kern_acct.o
rw-r--r--  3/10   5494 Dec 25 14:38 1998 ./POLYGON/init_sysent.o
rw-r--r--  3/10   6485 Dec 25 14:39 1998 ./POLYGON/kern_exec.o
rw-r--r--  3/10   4363 Dec 25 14:38 1998 ./POLYGON/kern_clock.o
rw-r--r--  3/10   4594 Dec 25 14:38 1998 ./POLYGON/kern_descrip.o
rw-r--r--  3/10   4772 Dec 25 14:39 1998 ./POLYGON/kern_exit.o
rw-r--r--  3/10   4455 Dec 25 14:39 1998 ./POLYGON/kern_fork.o
rw-r--r--  3/10   3950 Dec 25 14:39 1998 ./POLYGON/kern_mman.o
rw-r--r--  3/10   3400 Dec 25 14:40 1998 ./POLYGON/kern_time.o
rw-r--r--  3/10   3481 Dec 25 14:39 1998 ./POLYGON/kern_malloc.o
rw-r--r--  3/10   2742 Dec 25 14:39 1998 ./POLYGON/kern_proc.o
rw-r--r--  3/10   3375 Dec 25 14:39 1998 ./POLYGON/kern_prot.o
rw-r--r--  3/10   6668 Dec 25 14:39 1998 ./POLYGON/kern_sig.o
rw-r--r--  3/10   2227 Dec 25 14:39 1998 ./POLYGON/kern_resource.o
rw-r--r--  3/10   1469 Dec 25 14:39 1998 ./POLYGON/kern_subr.o
r--r--r--  3/10   2237 Dec 25 14:49 1998 ./POLYGON/param.c
rw-r--r--  3/10   1791 Dec 25 14:40 1998 ./POLYGON/kern_xxx.o
rw-r--r--  3/10   1163 Dec 25 14:40 1998 ./POLYGON/quota_sys.o
rw-r--r--  3/10     36 Dec 25 14:40 1998 ./POLYGON/quota_kern.o
rw-r--r--  3/10     36 Dec 25 14:40 1998 ./POLYGON/quota_subr.o
rw-r--r--  3/10     36 Dec 25 14:40 1998 ./POLYGON/quota_ufs.o
rw-r--r--  3/10   1962 Dec 25 14:40 1998 ./POLYGON/subr_log.o
rw-r--r--  3/10   4454 Dec 25 14:40 1998 ./POLYGON/subr_prf.o
rw-r--r--  3/10   2619 Dec 25 14:40 1998 ./POLYGON/subr_rmap.o
rw-r--r--  3/10    120 Dec 25 14:40 1998 ./POLYGON/subr_xxx.o
rw-r--r--  3/10   6667 Dec 25 14:40 1998 ./POLYGON/sys_inode.o
rw-r--r--  3/10   4839 Dec 25 14:40 1998 ./POLYGON/sys_generic.o
rw-r--r--  3/10  12097 Dec 25 14:41 1998 ./POLYGON/tty.o
rw-r--r--  3/10   3786 Dec 25 14:40 1998 ./POLYGON/sys_process.o
rw-r--r--  3/10   1956 Dec 25 14:41 1998 ./POLYGON/sys_socket.o
rw-r--r--  3/10   1756 Dec 25 14:41 1998 ./POLYGON/tty_conf.o
rw-r--r--  3/10   5491 Dec 25 14:41 1998 ./POLYGON/tty_pty.o
rw-r--r--  3/10   3210 Dec 25 14:41 1998 ./POLYGON/tty_subr.o
rw-r--r--  3/10   1704 Dec 25 14:41 1998 ./POLYGON/tty_tty.o
rw-r--r--  3/10  12353 Dec 25 14:42 1998 ./POLYGON/ufs_alloc.o
rw-r--r--  3/10   5839 Dec 25 14:42 1998 ./POLYGON/ufs_bio.o
rw-r--r--  3/10   2828 Dec 25 14:42 1998 ./POLYGON/ufs_bmap.o
rw-r--r--  3/10   1810 Dec 25 14:42 1998 ./POLYGON/ufs_fio.o
rw-r--r--  3/10   4159 Dec 25 14:42 1998 ./POLYGON/ufs_mount.o
rw-r--r--  3/10   3020 Dec 25 14:42 1998 ./POLYGON/ufs_disksubr.o
rw-r--r--  3/10   5809 Dec 25 14:42 1998 ./POLYGON/ufs_inode.o
rw-r--r--  3/10   8344 Dec 25 14:42 1998 ./POLYGON/ufs_namei.o
rw-r--r--  3/10   4400 Dec 25 14:43 1998 ./POLYGON/ufs_subr.o
rw-r--r--  3/10   1103 Dec 25 14:43 1998 ./POLYGON/ufs_xxx.o
rw-r--r--  3/10  11377 Dec 25 14:43 1998 ./POLYGON/ufs_syscalls.o
rw-r--r--  3/10    817 Dec 25 14:43 1998 ./POLYGON/ufs_tables.o
rw-r--r--  3/10   5764 Dec 25 14:43 1998 ./POLYGON/uipc_mbuf.o
rw-r--r--  3/10   1287 Dec 25 14:43 1998 ./POLYGON/uipc_domain.o
rw-r--r--  3/10   4730 Dec 25 14:44 1998 ./POLYGON/vm_drum.o
rw-r--r--  3/10    713 Dec 25 14:43 1998 ./POLYGON/uipc_proto.o
rw-r--r--  3/10   7551 Dec 25 14:43 1998 ./POLYGON/uipc_socket.o
rw-r--r--  3/10   6394 Dec 25 14:43 1998 ./POLYGON/uipc_socket2.o
rw-r--r--  3/10   7255 Dec 25 14:44 1998 ./POLYGON/uipc_syscalls.o
rw-r--r--  3/10   5843 Dec 25 14:44 1998 ./POLYGON/uipc_usrreq.o
rw-r--r--  3/10   7128 Dec 25 14:44 1998 ./POLYGON/vm_mem.o
rw-r--r--  3/10    975 Dec 25 14:44 1998 ./POLYGON/vm_mon.o
rw-r--r--  3/10  12167 Dec 25 14:44 1998 ./POLYGON/vm_page.o
rw-r--r--  3/10   4817 Dec 25 14:45 1998 ./POLYGON/vm_proc.o
rw-r--r--  3/10   6055 Dec 25 14:45 1998 ./POLYGON/vm_pt.o
rw-r--r--  3/10   5772 Dec 25 14:45 1998 ./POLYGON/vm_sched.o
rw-r--r--  3/10   2504 Dec 25 14:45 1998 ./POLYGON/vm_subr.o
rw-r--r--  3/10   2672 Dec 25 14:45 1998 ./POLYGON/vm_sw.o
rw-r--r--  3/10   4648 Dec 25 14:45 1998 ./POLYGON/vm_swap.o
rw-r--r--  3/10   4453 Dec 25 14:45 1998 ./POLYGON/vm_swp.o
rw-r--r--  3/10   5499 Dec 25 14:45 1998 ./POLYGON/vm_text.o
rw-r--r--  3/10   7372 Dec 25 14:45 1998 ./POLYGON/autoconf.o
rw-r--r--  3/10   2056 Dec 25 14:46 1998 ./POLYGON/clock.o
rw-r--r--  3/10   9760 Dec 25 14:46 1998 ./POLYGON/conf.o
rw-r--r--  3/10   3036 Dec 25 14:46 1998 ./POLYGON/cons.o
rw-r--r--  3/10    938 Dec 25 14:46 1998 ./POLYGON/cpudata.o
rw-r--r--  3/10     36 Dec 25 14:46 1998 ./POLYGON/crl.o
rw-r--r--  3/10    393 Dec 25 14:46 1998 ./POLYGON/dkbad.o
rw-r--r--  3/10     36 Dec 25 14:46 1998 ./POLYGON/flp.o
rw-r--r--  3/10    510 Dec 25 14:46 1998 ./POLYGON/in_cksum.o
rw-r--r--  3/10   3943 Dec 25 14:46 1998 ./POLYGON/ka650.o
rw-r--r--  3/10   1859 Dec 25 14:46 1998 ./POLYGON/ka630.o
rw-r--r--  3/10     36 Dec 25 14:46 1998 ./POLYGON/ka730.o
rw-r--r--  3/10     36 Dec 25 14:46 1998 ./POLYGON/ka750.o
rw-r--r--  3/10     36 Dec 25 14:46 1998 ./POLYGON/ka780.o
rw-r--r--  3/10     36 Dec 25 14:46 1998 ./POLYGON/ka820.o
rw-r--r--  3/10     36 Dec 25 14:46 1998 ./POLYGON/ka860.o
rw-r--r--  3/10   9584 Dec 25 14:46 1998 ./POLYGON/machdep.o
rw-r--r--  3/10   2710 Dec 25 14:46 1998 ./POLYGON/mem.o
rw-r--r--  3/10   6724 Dec 25 14:47 1998 ./POLYGON/mscp.o
rw-r--r--  3/10     36 Dec 25 14:47 1998 ./POLYGON/rx50.o
rw-r--r--  3/10   4019 Dec 25 14:47 1998 ./POLYGON/trap.o
rw-r--r--  3/10   1564 Dec 25 14:47 1998 ./POLYGON/sys_machdep.o
rw-r--r--  3/10     36 Dec 25 14:47 1998 ./POLYGON/tu.o
rw-r--r--  3/10    163 Dec 25 14:47 1998 ./POLYGON/udiv.o
rw-r--r--  3/10    162 Dec 25 14:47 1998 ./POLYGON/urem.o
rw-r--r--  3/10   2247 Dec 25 14:47 1998 ./POLYGON/ufs_machdep.o
rw-r--r--  3/10   7925 Dec 25 14:47 1998 ./POLYGON/if_qe.o
rw-r--r--  3/10   4202 Dec 25 14:47 1998 ./POLYGON/if_uba.o
rw-r--r--  3/10   3095 Dec 25 14:47 1998 ./POLYGON/vm_machdep.o
rw-r--r--  3/10   8076 Dec 25 14:47 1998 ./POLYGON/dz.o
rw-r--r--  3/10  13228 Dec 25 14:48 1998 ./POLYGON/tmscp.o
rw-r--r--  3/10   7951 Dec 25 14:48 1998 ./POLYGON/ts.o
rw-r--r--  3/10   5581 Dec 25 14:48 1998 ./POLYGON/uba.o
rw-r--r--  3/10  19108 Dec 25 14:49 1998 ./POLYGON/uda.o
rw-r--r--  3/10   2043 Dec 25 14:49 1998 ./POLYGON/param.o
rw-r--r--  3/10      2 Dec 25 14:49 1998 ./POLYGON/version
rw-r--r--  3/10   2394 Dec 25 14:49 1998 ./POLYGON/ioconf.o
rw-r--r--  3/10    248 Dec 25 14:49 1998 ./POLYGON/swapvmunix.o
rw-r--r--  3/10    237 Dec 25 14:49 1998 ./POLYGON/vers.c
rw-r--r--  3/10    275 Dec 25 14:49 1998 ./POLYGON/vers.o
rwxr-xr-x  3/10 303104 Dec 25 14:49 1998 ./POLYGON/vmunix
rwxr-xr-x  3/10      0 Dec 26 01:05 1998 ./mdec/
rw-r--r--  3/10   1812 Dec 26 00:49 1998 ./mdec/Makefile
rw-r--r--  3/10    800 Dec 26 00:50 1998 ./mdec/a.out
rw-r--r--  3/10    512 Dec 26 00:50 1998 ./mdec/hkboot
r--r--r--  3/10   3077 Apr  3 03:13 1987 ./mdec/hkboot.c
rw-r--r--  3/10    512 Dec 26 00:50 1998 ./mdec/hpboot
r--r--r--  3/10   3673 Apr  3 03:13 1987 ./mdec/hpboot.c
rw-r--r--  3/10   2437 Mar  8 03:20 1986 ./mdec/hpboot.s.rom
rw-r--r--  3/10    512 Dec 26 00:50 1998 ./mdec/htboot
r--r--r--  3/10   6314 Apr  3 03:13 1987 ./mdec/htboot.c
rw-r--r--  3/10    112 Dec 25 14:57 1998 ./mdec/httoggle
r--r--r--  3/10    725 Apr  3 03:13 1987 ./mdec/httoggle.s
r--r--r--  3/10   1036 Apr  3 03:13 1987 ./mdec/installboot.c
rw-r--r--  3/10    512 Dec 26 00:50 1998 ./mdec/mtboot
r--r--r--  3/10   7261 Apr  3 03:13 1987 ./mdec/mtboot.c
rw-r--r--  3/10    120 Dec 25 14:57 1998 ./mdec/mttoggle
r--r--r--  3/10    917 Apr  3 03:13 1987 ./mdec/mttoggle.s
rw-r--r--  3/10    512 Dec 25 14:57 1998 ./mdec/noboot
rw-r--r--  3/10    512 Dec 26 00:50 1998 ./mdec/raboot
r--r--r--  3/10   2232 Apr  3 03:13 1987 ./mdec/raboot.c
rw-r--r--  3/10    512 Dec 26 00:50 1998 ./mdec/rdboot
r--r--r--  3/10   3437 Jan 21 23:51 1988 ./mdec/rdboot.c
rw-r--r--  3/10    512 Dec 26 00:50 1998 ./mdec/rlboot
r--r--r--  3/10   3381 Apr  3 03:13 1987 ./mdec/rlboot.c
rw-r--r--  3/10    512 Dec 26 00:50 1998 ./mdec/tmboot
r--r--r--  3/10   5350 Apr  3 03:13 1987 ./mdec/tmboot.c
rw-r--r--  3/10   1024 Dec 26 00:50 1998 ./mdec/tmscpboot
r--r--r--  3/10  10969 Dec 21 16:01 1998 ./mdec/tmscpboot.c
rw-r--r--  3/10     96 Dec 25 14:57 1998 ./mdec/tmtoggle
r--r--r--  3/10    662 Apr  3 03:13 1987 ./mdec/tmtoggle.s
rw-r--r--  3/10    512 Dec 26 00:50 1998 ./mdec/tsboot
r--r--r--  3/10   5692 Apr  3 03:13 1987 ./mdec/tsboot.c
rw-r--r--  3/10    136 Dec 25 14:57 1998 ./mdec/tstoggle
r--r--r--  3/10   1004 Apr  3 03:13 1987 ./mdec/tstoggle.s
rw-r--r--  3/10   1024 Dec 26 00:50 1998 ./mdec/tuboot
r--r--r--  3/10  10854 Apr  3 03:13 1987 ./mdec/tuboot.c
rw-r--r--  3/10    512 Dec 26 00:50 1998 ./mdec/upboot
r--r--r--  3/10   3142 Apr  3 03:13 1987 ./mdec/upboot.c
rw-r--r--  3/10    512 Dec 26 00:50 1998 ./mdec/utboot
r--r--r--  3/10   5711 Apr  3 03:13 1987 ./mdec/utboot.c
rw-r--r--  3/10    104 Dec 25 14:57 1998 ./mdec/uttoggle
r--r--r--  3/10    830 Apr  3 03:13 1987 ./mdec/uttoggle.s
rwxr-xr-x  3/10      0 Dec 25 22:44 1998 ./net/
rwxr-xr-x  3/10      0 Dec 25 22:02 1998 ./net/tags symbolic link to ../machine/tags
r--r--r--  3/10   1978 Jun 27 07:59 1988 ./net/af.c
r--r--r--  3/10   1417 Jun 27 07:59 1988 ./net/af.h
r--r--r--  3/10   8075 Jun 27 07:59 1988 ./net/if.c
r--r--r--  3/10   7898 Jun 27 07:59 1988 ./net/if.h
r--r--r--  3/10   2487 Jun 27 07:59 1988 ./net/if_arp.h
r--r--r--  3/10   3243 Jun 27 07:59 1988 ./net/if_loop.c
r--r--r--  3/10  11823 Jun 27 07:59 1988 ./net/if_sl.c
r--r--r--  3/10   1834 Jun 27 07:59 1988 ./net/netisr.h
r--r--r--  3/10   3579 Jun 27 07:59 1988 ./net/raw_cb.c
r--r--r--  3/10   2193 Jun 27 07:59 1988 ./net/raw_cb.h
r--r--r--  3/10   6782 Jun 27 07:59 1988 ./net/raw_usrreq.c
r--r--r--  3/10   8391 Jun 27 07:59 1988 ./net/route.c
r--r--r--  3/10   3012 Jun 27 07:59 1988 ./net/route.h
rwxr-xr-x  3/10      0 Dec 25 22:44 1998 ./netimp/
rwxr-xr-x  3/10      0 Dec 25 22:02 1998 ./netimp/tags symbolic link to ../machine/tags
r--r--r--  3/10  23211 Jun 29 05:58 1988 ./netimp/if_imp.c
r--r--r--  3/10   8283 Jun 29 05:58 1988 ./netimp/if_imp.h
r--r--r--  3/10   5588 Jun 29 05:58 1988 ./netimp/if_imphost.c
r--r--r--  3/10   3830 Jun 29 05:58 1988 ./netimp/if_imphost.h
r--r--r--  3/10   3118 Jun 29 05:58 1988 ./netimp/raw_imp.c
rwxr-xr-x  3/10      0 Dec 25 22:44 1998 ./netinet/
rwxr-xr-x  3/10      0 Dec 25 22:03 1998 ./netinet/tags symbolic link to ../machine/tags
r--r--r--  3/10   1609 Jun 29 06:08 1988 ./netinet/icmp_var.h
r--r--r--  3/10  15377 Jun 29 06:08 1988 ./netinet/if_ether.c
r--r--r--  3/10   2915 Jun 29 06:08 1988 ./netinet/if_ether.h
r--r--r--  3/10  10952 Jun 29 06:08 1988 ./netinet/in.c
r--r--r--  3/10   3468 Jun 29 06:08 1988 ./netinet/in.h
r--r--r--  3/10   3364 Jun 29 06:08 1988 ./netinet/in_cksum.c
r--r--r--  3/10   9795 Jun 29 06:08 1988 ./netinet/in_pcb.c
r--r--r--  3/10   1891 Jun 29 06:08 1988 ./netinet/in_pcb.h
r--r--r--  3/10   3550 Jun 29 06:08 1988 ./netinet/in_proto.c
r--r--r--  3/10   1461 Jun 29 06:08 1988 ./netinet/in_systm.h
r--r--r--  3/10   2085 Jun 29 06:08 1988 ./netinet/in_var.h
r--r--r--  3/10   4146 Jun 29 06:08 1988 ./netinet/ip.h
r--r--r--  3/10  10837 Jun 29 06:08 1988 ./netinet/ip_icmp.c
r--r--r--  3/10   4307 Jun 29 06:08 1988 ./netinet/ip_icmp.h
r--r--r--  3/10  23797 Jun 29 06:08 1988 ./netinet/ip_input.c
r--r--r--  3/10  11719 Jun 29 06:08 1988 ./netinet/ip_output.c
r--r--r--  3/10   3669 Jun 29 06:08 1988 ./netinet/ip_var.h
r--r--r--  3/10   3859 Jun 29 06:08 1988 ./netinet/raw_ip.c
r--r--r--  3/10   2065 Jun 29 06:08 1988 ./netinet/tcp.h
r--r--r--  3/10   1514 Jun 29 06:08 1988 ./netinet/tcpip.h
r--r--r--  3/10   3285 Jun 29 06:08 1988 ./netinet/tcp_debug.c
r--r--r--  3/10   1295 Jun 29 06:08 1988 ./netinet/tcp_debug.h
r--r--r--  3/10   2585 Jun 29 06:08 1988 ./netinet/tcp_fsm.h
r--r--r--  3/10   1103 Jun 29 06:08 1988 ./netinet/udp.h
r--r--r--  3/10  34268 Jul  7 02:51 1988 ./netinet/tcp_input.c
r--r--r--  3/10  12357 Jun 29 06:08 1988 ./netinet/tcp_output.c
r--r--r--  3/10   1642 Jun 29 06:08 1988 ./netinet/tcp_seq.h
r--r--r--  3/10   7862 Jun 29 06:08 1988 ./netinet/tcp_subr.c
r--r--r--  3/10   7704 Jun 29 06:08 1988 ./netinet/tcp_timer.c
r--r--r--  3/10   4785 Jun 29 06:08 1988 ./netinet/tcp_timer.h
r--r--r--  3/10  11125 Jun 29 06:08 1988 ./netinet/tcp_usrreq.c
r--r--r--  3/10   8837 Jun 29 06:08 1988 ./netinet/tcp_var.h
r--r--r--  3/10   8469 Jun 29 06:08 1988 ./netinet/udp_usrreq.c
r--r--r--  3/10   1547 Jun 29 06:08 1988 ./netinet/udp_var.h
rwxr-xr-x  3/10      0 Dec 25 22:44 1998 ./netns/
r--r--r--  3/10   1278 Jun 29 06:13 1988 ./netns/idp.h
r--r--r--  3/10  11053 Jun 29 06:13 1988 ./netns/idp_usrreq.c
r--r--r--  3/10   1229 Jun 29 06:13 1988 ./netns/idp_var.h
r--r--r--  3/10   7227 Jun 29 06:13 1988 ./netns/ns.c
r--r--r--  3/10   3418 Jun 29 06:13 1988 ./netns/ns.h
r--r--r--  3/10   6682 Jun 29 06:13 1988 ./netns/ns_error.c
r--r--r--  3/10   2887 Jun 29 06:13 1988 ./netns/ns_error.h
r--r--r--  3/10   2139 Jun 29 06:13 1988 ./netns/ns_if.h
r--r--r--  3/10  11033 Jun 29 06:13 1988 ./netns/ns_input.c
r--r--r--  3/10   9210 May 23 06:10 1989 ./netns/ns_ip.c
r--r--r--  3/10   3287 Jun 29 06:13 1988 ./netns/ns_output.c
r--r--r--  3/10   7932 Jun 29 06:13 1988 ./netns/ns_pcb.c
r--r--r--  3/10   2182 Jun 29 06:13 1988 ./netns/ns_pcb.h
r--r--r--  3/10   2327 Jun 29 06:14 1988 ./netns/ns_proto.c
r--r--r--  3/10   1462 Jun 29 06:14 1988 ./netns/sp.h
r--r--r--  3/10   1540 Jun 29 06:14 1988 ./netns/spidp.h
r--r--r--  3/10   3587 Jun 29 06:14 1988 ./netns/spp_debug.c
r--r--r--  3/10   1303 Jun 29 06:14 1988 ./netns/spp_debug.h
r--r--r--  3/10   4270 Jun 29 06:14 1988 ./netns/spp_timer.h
r--r--r--  3/10  40581 Jun 29 06:14 1988 ./netns/spp_usrreq.c
r--r--r--  3/10   7831 Jun 29 06:14 1988 ./netns/spp_var.h
rwxr-xr-x  3/10      0 Dec 25 22:03 1998 ./netns/tags symbolic link to ../machine/tags
rwxr-xr-x  3/10      0 Dec 25 22:45 1998 ./stand/
r--r--r--  3/10    276 Dec 21 21:38 1998 ./stand/cat.c
r--r--r--  3/10   1233 Dec 21 21:40 1998 ./stand/copy.c
r--r--r--  3/10   2683 Jun 29 07:19 1988 ./stand/dev.c
r--r--r--  3/10   1008 Dec 21 21:50 1998 ./stand/docopy.c
r--r--r--  3/10   1114 Jun 29 07:19 1988 ./stand/getfile.c
r--r--r--  3/10    758 Dec 21 21:53 1998 ./stand/gets.c
r--r--r--  3/10   2123 May 23 06:11 1989 ./stand/ls.c
r--r--r--  3/10    633 Feb 21 01:45 1988 ./stand/printn.c
r--r--r--  3/10    886 Dec 21 21:56 1998 ./stand/saerrno.h
r--r--r--  3/10   3538 Dec 21 21:59 1998 ./stand/saio.h
r--r--r--  3/10   1110 Dec 21 22:01 1998 ./stand/saioctl.h
r--r--r--  3/10  13284 Jun 30 22:06 1988 ./stand/sys.c
rwxr-xr-x  3/10      0 Dec 25 22:45 1998 ./sys/
rwxr-xr-x  3/10      0 Dec 25 22:03 1998 ./sys/tags symbolic link to ../machine/tags
r--r--r--  3/10   6436 May 25 22:01 1988 ./sys/init_main.c
r--r--r--  3/10   9111 Jul 13 05:18 1987 ./sys/init_sysent.c
r--r--r--  3/10   3550 Nov 25 01:58 1986 ./sys/kern_acct.c
r--r--r--  3/10  11228 Nov  3 00:01 1986 ./sys/kern_clock.c
r--r--r--  3/10   6833 Jun  4 13:02 1986 ./sys/kern_descrip.c
r--r--r--  3/10  11107 Jun  5 04:39 1988 ./sys/kern_exec.c
rw-r--r--  3/10   7019 Dec 12 04:25 1986 ./sys/kern_exit.c.newwait
r--r--r--  3/10   6250 Aug  7 09:21 1987 ./sys/kern_exit.c
r--r--r--  3/10   6244 Nov  3 00:01 1986 ./sys/kern_fork.c
r--r--r--  3/10   5697 Jun 29 06:15 1988 ./sys/kern_malloc.c
r--r--r--  3/10   7193 Jul 10 05:59 1987 ./sys/kern_mman.c
r--r--r--  3/10   2079 Jul 13 12:34 1987 ./sys/kern_proc.c
r--r--r--  3/10   4513 Jun  4 13:03 1986 ./sys/kern_prot.c
r--r--r--  3/10   4319 Jul 20 04:31 1987 ./sys/kern_resource.c
r--r--r--  3/10  16666 Dec 14 02:52 1986 ./sys/kern_sig.c
r--r--r--  3/10   2596 Jun  4 13:04 1986 ./sys/kern_subr.c
r--r--r--  3/10   9641 Dec 10 12:13 1987 ./sys/kern_synch.c
r--r--r--  3/10   8698 Jul 21 02:10 1987 ./sys/kern_time.c
r--r--r--  3/10   6528 Feb 26 06:10 1987 ./sys/kern_xxx.c
r--r--r--  3/10   1949 Mar 28 00:15 1987 ./sys/Makefile
r--r--r--  3/10  16192 Jun 29 06:15 1988 ./sys/quota_kern.c
r--r--r--  3/10   3442 Jun 29 06:20 1988 ./sys/quota_subr.c
r--r--r--  3/10   7505 Jun 29 06:20 1988 ./sys/quota_sys.c
r--r--r--  3/10   6186 Jun 29 06:20 1988 ./sys/quota_ufs.c
r--r--r--  3/10   3492 Jun  4 13:06 1986 ./sys/subr_log.c
r--r--r--  3/10   5624 Jan 19 03:04 1988 ./sys/subr_mcount.c
r--r--r--  3/10   8007 Jul 25 00:40 1988 ./sys/subr_prf.c
r--r--r--  3/10   8965 Apr 24 09:49 1988 ./sys/subr_rmap.c
r--r--r--  3/10   1331 Jul 21 06:36 1987 ./sys/subr_xxx.c
r--r--r--  3/10   5560 Jul 10 05:59 1987 ./sys/syscalls.c
r--r--r--  3/10   8469 May 24 08:26 1988 ./sys/sys_generic.c
r--r--r--  3/10  13031 May 22 04:07 1988 ./sys/sys_inode.c
r--r--r--  3/10   4498 Dec 10 06:41 1987 ./sys/sys_process.c
r--r--r--  3/10   3529 Dec 22 13:53 1998 ./sys/sys_socket.c
r--r--r--  3/10  35241 May 25 22:01 1988 ./sys/tty.c
r--r--r--  3/10   3731 Jul 27 05:36 1987 ./sys/tty_bk.c
r--r--r--  3/10   1929 May 25 21:56 1988 ./sys/tty_conf.c
r--r--r--  3/10  12435 May 15 03:24 1988 ./sys/tty_pty.c
r--r--r--  3/10   9527 May 15 03:24 1988 ./sys/tty_subr.c
r--r--r--  3/10   8062 Jul 27 06:12 1987 ./sys/tty_tb.c
r--r--r--  3/10   1523 Jun  4 13:11 1986 ./sys/tty_tty.c
r--r--r--  3/10  28617 Jun 29 06:15 1988 ./sys/ufs_alloc.c
r--r--r--  3/10  14432 Nov 13 06:41 1987 ./sys/ufs_bio.c
r--r--r--  3/10   4786 Apr  2 03:49 1987 ./sys/ufs_bmap.c
r--r--r--  3/10   9239 Dec 22 02:19 1998 ./sys/ufs_disksubr.c
r--r--r--  3/10   2856 Jun  4 13:12 1986 ./sys/ufs_fio.c
r--r--r--  3/10  16081 Dec 22 02:31 1998 ./sys/ufs_inode.c
r--r--r--  3/10   7216 May 24 08:26 1988 ./sys/ufs_mount.c
r--r--r--  3/10  34812 Dec 22 02:45 1998 ./sys/ufs_namei.c
r--r--r--  3/10   8751 Dec 22 02:55 1998 ./sys/ufs_subr.c
r--r--r--  3/10  26817 Apr 18 05:27 1987 ./sys/ufs_syscalls.c
r--r--r--  3/10   4255 Apr 13 00:11 1987 ./sys/ufs_tables.c
r--r--r--  3/10   2520 Jun  4 13:15 1986 ./sys/ufs_xxx.c
r--r--r--  3/10   3417 Jun 29 06:20 1988 ./sys/uipc_domain.c
r--r--r--  3/10   8743 Jun 29 06:20 1988 ./sys/uipc_mbuf.c
r--r--r--  3/10   1712 Jun 29 06:21 1988 ./sys/uipc_proto.c
r--r--r--  3/10  15482 Jun 29 06:18 1988 ./sys/uipc_socket2.c
r--r--r--  3/10  17896 Jul 16 03:10 1988 ./sys/uipc_socket.c
r--r--r--  3/10  17114 Dec 22 13:48 1998 ./sys/uipc_syscalls.c
r--r--r--  3/10  14431 Jun 29 06:20 1988 ./sys/uipc_usrreq.c
r--r--r--  3/10   6985 Jul 11 08:05 1987 ./sys/vm_drum.c
r--r--r--  3/10  12476 Nov 24 04:23 1987 ./sys/vm_mem.c
r--r--r--  3/10   1412 Jun  4 13:19 1986 ./sys/vm_mon.c
r--r--r--  3/10  33291 Sep  2 10:43 1987 ./sys/vm_page.c
r--r--r--  3/10   9929 May 31 02:54 1987 ./sys/vm_proc.c
r--r--r--  3/10  15353 May 25 22:01 1988 ./sys/vm_pt.c
r--r--r--  3/10  10784 Aug  8 06:10 1987 ./sys/vm_sched.c
r--r--r--  3/10   2680 Sep  5 04:32 1987 ./sys/vm_subr.c
r--r--r--  3/10   3830 May  6 06:14 1988 ./sys/vm_sw.c
r--r--r--  3/10   6025 Nov  3 00:02 1986 ./sys/vm_swap.c
r--r--r--  3/10   7394 May  6 06:14 1988 ./sys/vm_swp.c
r--r--r--  3/10   8750 Mar 25 05:42 1987 ./sys/vm_text.c
rwxr-xr-x  3/10      0 Dec 23 16:31 1998 ./tahoe/
r--r--r--  3/10   4062 Mar 28 23:07 1986 ./tahoe/astags
r--r--r--  3/10  12708 May 23 06:21 1989 ./tahoe/autoconf.c
r--r--r--  3/10   2450 Jun 29 06:34 1988 ./tahoe/clock.c
r--r--r--  3/10   1328 Jun 29 06:34 1988 ./tahoe/clock.h
r--r--r--  3/10   7258 May 23 06:22 1989 ./tahoe/conf.c
r--r--r--  3/10  10117 May 21 07:36 1988 ./tahoe/cons.c
r--r--r--  3/10   1533 May 21 07:36 1988 ./tahoe/cp.h
r--r--r--  3/10   1795 May 21 07:36 1988 ./tahoe/cpu.h
r--r--r--  3/10   1511 Jun 29 06:34 1988 ./tahoe/endian.h
r--r--r--  3/10    291 May 21 07:36 1988 ./tahoe/frame.h
r--r--r--  3/10   5233 May 23 06:22 1989 ./tahoe/genassym.c
rwxr-xr-x  3/10      0 Dec 23 16:32 1998 ./tahoe/inline/
rwxr-xr-x  3/10  20480 Dec 14 04:59 1987 ./tahoe/inline/inline
r--r--r--  3/10   2177 Feb 24 10:27 1986 ./tahoe/inline/inline.h
r--r--r--  3/10   2735 Nov 25 03:40 1986 ./tahoe/inline/langpats.c
rw-r--r--  3/10   2924 Dec 14 04:59 1987 ./tahoe/inline/langpats.o
r--r--r--  3/10    390 Feb 24 10:27 1986 ./tahoe/inline/libcpats.c
rw-r--r--  3/10    268 Dec 14 04:59 1987 ./tahoe/inline/libcpats.o
r--r--r--  3/10   4767 Feb 24 10:27 1986 ./tahoe/inline/machdep.c
rw-r--r--  3/10   3418 Dec 14 04:59 1987 ./tahoe/inline/machdep.o
r--r--r--  3/10    816 Feb 24 10:27 1986 ./tahoe/inline/machpats.c
rw-r--r--  3/10    707 Dec 14 04:59 1987 ./tahoe/inline/machpats.o
r--r--r--  3/10   6849 Feb 24 10:27 1986 ./tahoe/inline/main.c
rw-r--r--  3/10   4215 Dec 14 04:59 1987 ./tahoe/inline/main.o
r--r--r--  3/10   1673 Feb 24 10:28 1986 ./tahoe/inline/Makefile
r--r--r--  3/10   4293 Jun 29 06:34 1988 ./tahoe/in_cksum.c
r--r--r--  3/10   2223 May 21 07:37 1988 ./tahoe/kdbparam.h
r--r--r--  3/10   8119 Nov 20 04:08 1986 ./tahoe/kdb_instrs
r--r--r--  3/10   7891 May 21 07:37 1988 ./tahoe/kdb_machdep.c
r--r--r--  3/10   4551 May 21 07:37 1988 ./tahoe/kdb_opset.c
r--r--r--  3/10   6975 May 27 05:41 1988 ./tahoe/Locore.c
r--r--r--  3/10  41931 Sep  7 21:49 1989 ./tahoe/locore.s
r--r--r--  3/10  16561 May 25 22:09 1988 ./tahoe/machdep.c
r--r--r--  3/10   2767 May 21 07:37 1988 ./tahoe/machparam.h
r--r--r--  3/10   3098 May 21 07:37 1988 ./tahoe/mem.c
r--r--r--  3/10   1460 May 21 07:37 1988 ./tahoe/mem.h
r--r--r--  3/10   1438 May 21 07:37 1988 ./tahoe/mtpr.h
r--r--r--  3/10   5284 Jun 29 06:34 1988 ./tahoe/ns_cksum.c
r--r--r--  3/10   1807 May 21 07:37 1988 ./tahoe/pcb.h
r--r--r--  3/10   1043 May 21 07:37 1988 ./tahoe/psl.h
r--r--r--  3/10   2501 May 21 07:37 1988 ./tahoe/pte.h
r--r--r--  3/10    710 May 21 07:37 1988 ./tahoe/reg.h
r--r--r--  3/10    726 May 21 07:37 1988 ./tahoe/rpb.h
r--r--r--  3/10   2650 May 21 07:37 1988 ./tahoe/scb.h
r--r--r--  3/10   1333 May 21 07:37 1988 ./tahoe/scb.s
r--r--r--  3/10   2860 May 24 04:22 1989 ./tahoe/swapgeneric.c
r--r--r--  3/10    720 May 21 07:37 1988 ./tahoe/symbols.raw
rw-r--r--  3/10    379 Jan  5 07:15 1986 ./tahoe/symbols.sort
r--r--r--  3/10   1560 Jun 29 06:34 1988 ./tahoe/SYS.h
r--r--r--  3/10   2602 May 21 07:37 1988 ./tahoe/sys_machdep.c
rw-r--r--  3/10 308265 May 24 00:46 1988 ./tahoe/tags
r--r--r--  3/10   8374 May 21 07:37 1988 ./tahoe/trap.c
r--r--r--  3/10   1565 May 21 07:37 1988 ./tahoe/trap.h
r--r--r--  3/10    479 May 21 07:37 1988 ./tahoe/udiv.s
r--r--r--  3/10   2974 Jun 29 06:34 1988 ./tahoe/ufs_machdep.c
r--r--r--  3/10    960 May 21 07:37 1988 ./tahoe/urem.s
r--r--r--  3/10   5311 May 21 07:37 1988 ./tahoe/vmparam.h
r--r--r--  3/10   9969 Jul  9 05:35 1988 ./tahoe/vm_machdep.c
rwxr-xr-x  3/10      0 Dec 23 16:32 1998 ./tahoealign/
r--r--r--  3/10    540 Jul 20 00:17 1986 ./tahoealign/Aadd2.c
r--r--r--  3/10    541 Jul 20 00:17 1986 ./tahoealign/Aadd3.c
r--r--r--  3/10    277 Jul 20 00:17 1986 ./tahoealign/Aadda.c
r--r--r--  3/10    408 Jul 20 00:17 1986 ./tahoealign/Aaddd.c
r--r--r--  3/10    400 Jul 20 00:17 1986 ./tahoealign/Aaddf.c
r--r--r--  3/10    906 Jul 20 00:17 1986 ./tahoealign/Aadwc.c
r--r--r--  3/10    511 Jul 20 00:17 1986 ./tahoealign/Aand2.c
r--r--r--  3/10    512 Jul 20 00:17 1986 ./tahoealign/Aand3.c
r--r--r--  3/10    672 Jul 20 00:17 1986 ./tahoealign/Aaobleq.c
r--r--r--  3/10    664 Jul 20 00:17 1986 ./tahoealign/Aaoblss.c
r--r--r--  3/10    417 Jul 20 00:17 1986 ./tahoealign/Abbc.c
r--r--r--  3/10    411 Jul 20 00:17 1986 ./tahoealign/Abbs.c
r--r--r--  3/10    248 Jul 20 00:17 1986 ./tahoealign/Abicpsw.c
r--r--r--  3/10    243 Jul 20 00:17 1986 ./tahoealign/Abispsw.c
r--r--r--  3/10    482 Jul 20 00:17 1986 ./tahoealign/Abit.c
r--r--r--  3/10    973 Jul 20 00:17 1986 ./tahoealign/Acall.c
r--r--r--  3/10    590 Jul 20 00:17 1986 ./tahoealign/Acasel.c
r--r--r--  3/10    247 Jul 20 00:17 1986 ./tahoealign/Aclr.c
r--r--r--  3/10    502 Jul 20 00:17 1986 ./tahoealign/Acmp.c
r--r--r--  3/10    630 Jul 20 00:17 1986 ./tahoealign/Acmpd.c
r--r--r--  3/10    678 Jul 20 00:17 1986 ./tahoealign/Acmpd2.c
r--r--r--  3/10    625 Jul 20 00:17 1986 ./tahoealign/Acmpf.c
r--r--r--  3/10    671 Jul 20 00:17 1986 ./tahoealign/Acmpf2.c
r--r--r--  3/10    535 Jul 20 00:17 1986 ./tahoealign/Acvdl.c
r--r--r--  3/10    533 Jul 20 00:17 1986 ./tahoealign/Acvfl.c
r--r--r--  3/10    581 Jul 20 00:17 1986 ./tahoealign/Acvld.c
r--r--r--  3/10    651 Jul 20 00:17 1986 ./tahoealign/Acvlf.c
r--r--r--  3/10    438 Jul 20 00:17 1986 ./tahoealign/Acvt.c
r--r--r--  3/10    469 Jul 20 00:17 1986 ./tahoealign/Acvtlb.c
r--r--r--  3/10    459 Jul 20 00:17 1986 ./tahoealign/Acvtlw.c
r--r--r--  3/10    521 Jul 20 00:17 1986 ./tahoealign/Adec.c
r--r--r--  3/10    411 Jul 20 00:17 1986 ./tahoealign/Adivd.c
r--r--r--  3/10    406 Jul 20 00:17 1986 ./tahoealign/Adivf.c
r--r--r--  3/10    614 Jul 20 00:17 1986 ./tahoealign/Adivl2.c
r--r--r--  3/10    612 Jul 20 00:17 1986 ./tahoealign/Adivl3.c
r--r--r--  3/10    852 Jul 20 00:17 1986 ./tahoealign/Aediv.c
r--r--r--  3/10    789 Jul 20 00:17 1986 ./tahoealign/Aemul.c
r--r--r--  3/10    494 Jul 20 00:17 1986 ./tahoealign/Affc.c
r--r--r--  3/10    467 Jul 20 00:17 1986 ./tahoealign/Affs.c
r--r--r--  3/10    546 Jul 20 00:17 1986 ./tahoealign/Aget_byte.c
r--r--r--  3/10    702 Jul 20 00:17 1986 ./tahoealign/Aget_long.c
r--r--r--  3/10    604 Jul 20 00:17 1986 ./tahoealign/Aget_word.c
r--r--r--  3/10    521 Jul 20 00:17 1986 ./tahoealign/Ainc.c
r--r--r--  3/10    214 Jul 20 00:17 1986 ./tahoealign/Ajmp.c
r--r--r--  3/10    430 Jul 20 00:17 1986 ./tahoealign/Aldd.c
r--r--r--  3/10    464 Jul 20 00:17 1986 ./tahoealign/Aldf.c
r--r--r--  3/10    447 Jul 20 00:17 1986 ./tahoealign/Aldfd.c
r--r--r--  3/10   1212 Jul 20 00:18 1986 ./tahoealign/align.c
r--r--r--  3/10   3324 Jul 20 00:17 1986 ./tahoealign/align.h
r--r--r--  3/10    505 Jul 20 00:17 1986 ./tahoealign/Alnd.c
r--r--r--  3/10    460 Jul 20 00:17 1986 ./tahoealign/Alnf.c
r--r--r--  3/10    568 Jul 20 00:17 1986 ./tahoealign/Aloadr.c
r--r--r--  3/10    474 Jul 20 00:17 1986 ./tahoealign/Amcom.c
r--r--r--  3/10    475 Jul 20 00:17 1986 ./tahoealign/Amneg.c
r--r--r--  3/10    470 Jul 20 00:18 1986 ./tahoealign/Amov.c
r--r--r--  3/10    519 Jul 20 00:18 1986 ./tahoealign/Amova.c
r--r--r--  3/10    414 Jul 20 00:18 1986 ./tahoealign/Amuld.c
r--r--r--  3/10    409 Jul 20 00:18 1986 ./tahoealign/Amulf.c
r--r--r--  3/10    650 Jul 20 00:18 1986 ./tahoealign/Amovob.c
r--r--r--  3/10    219 Jul 20 00:18 1986 ./tahoealign/Amovpsl.c
r--r--r--  3/10    527 Jul 20 00:18 1986 ./tahoealign/Amovzb.c
r--r--r--  3/10    523 Jul 20 00:18 1986 ./tahoealign/Amovzwl.c
r--r--r--  3/10    553 Jul 20 00:18 1986 ./tahoealign/Amull2.c
r--r--r--  3/10    525 Jul 20 00:18 1986 ./tahoealign/Amull3.c
r--r--r--  3/10   8879 Jul 20 00:18 1986 ./tahoealign/Aoperand.c
r--r--r--  3/10    537 Jul 20 00:18 1986 ./tahoealign/Aor2.c
r--r--r--  3/10    537 Jul 20 00:18 1986 ./tahoealign/Aor3.c
r--r--r--  3/10    743 Jul 20 00:18 1986 ./tahoealign/Aprober.c
r--r--r--  3/10    744 Jul 20 00:18 1986 ./tahoealign/Aprobew.c
r--r--r--  3/10    352 Jul 20 00:18 1986 ./tahoealign/Apush.c
r--r--r--  3/10    395 Jul 20 00:18 1986 ./tahoealign/Apusha.c
r--r--r--  3/10    381 Jul 20 00:18 1986 ./tahoealign/Apushx.c
r--r--r--  3/10    539 Jul 20 00:18 1986 ./tahoealign/Aput_byte.c
r--r--r--  3/10    667 Jul 20 00:18 1986 ./tahoealign/Aput_long.c
r--r--r--  3/10    591 Jul 20 00:18 1986 ./tahoealign/Aput_word.c
r--r--r--  3/10   2514 Jul 20 00:18 1986 ./tahoealign/Areadable.c
r--r--r--  3/10   1312 Jul 20 00:18 1986 ./tahoealign/Aregister.c
r--r--r--  3/10    912 Jul 20 00:18 1986 ./tahoealign/Asbwc.c
r--r--r--  3/10    577 Jul 20 00:18 1986 ./tahoealign/Ashal.c
r--r--r--  3/10    555 Jul 20 00:18 1986 ./tahoealign/Ashar.c
r--r--r--  3/10    587 Jul 20 00:18 1986 ./tahoealign/Ashll.c
r--r--r--  3/10    673 Jul 20 00:18 1986 ./tahoealign/Ashlq.c
r--r--r--  3/10    552 Jul 20 00:18 1986 ./tahoealign/Ashrl.c
r--r--r--  3/10    674 Jul 20 00:18 1986 ./tahoealign/Ashrq.c
r--r--r--  3/10    430 Jul 20 00:18 1986 ./tahoealign/Astd.c
r--r--r--  3/10    378 Jul 20 00:18 1986 ./tahoealign/Astf.c
r--r--r--  3/10    570 Jul 20 00:18 1986 ./tahoealign/Astorer.c
r--r--r--  3/10    546 Jul 20 00:18 1986 ./tahoealign/Asub2.c
r--r--r--  3/10    546 Jul 20 00:18 1986 ./tahoealign/Asub3.c
r--r--r--  3/10    331 Jul 20 00:18 1986 ./tahoealign/Asuba.c
r--r--r--  3/10    417 Jul 20 00:18 1986 ./tahoealign/Asubd.c
r--r--r--  3/10    413 Jul 20 00:18 1986 ./tahoealign/Asubf.c
r--r--r--  3/10    365 Jul 20 00:18 1986 ./tahoealign/Atst.c
r--r--r--  3/10   2520 Jul 20 00:18 1986 ./tahoealign/Awriteable.c
r--r--r--  3/10    935 Jul 20 00:18 1986 ./tahoealign/Awrite_byte.c
r--r--r--  3/10    579 Jul 20 00:18 1986 ./tahoealign/Awrite_back.c
r--r--r--  3/10    643 Jul 20 00:18 1986 ./tahoealign/Awrite_long.c
r--r--r--  3/10    910 Jul 20 00:18 1986 ./tahoealign/Awrite_quad.c
r--r--r--  3/10    937 Jul 20 00:18 1986 ./tahoealign/Awrite_word.c
r--r--r--  3/10    509 Jul 20 00:18 1986 ./tahoealign/Axor2.c
r--r--r--  3/10    509 Jul 20 00:18 1986 ./tahoealign/Axor3.c
r--r--r--  3/10   3103 Jul 20 00:17 1986 ./tahoealign/defs.h
r--r--r--  3/10   2499 Jul 20 00:18 1986 ./tahoealign/exception.c
r--r--r--  3/10  20313 Jul 20 00:18 1986 ./tahoealign/table.c
rwxr-xr-x  3/10      0 Dec 23 16:33 1998 ./tahoedist/
r--r--r--  3/10   1668 Jun 29 06:58 1988 ./tahoedist/20b.c
r--r--r--  3/10    733 Jul  9 04:45 1988 ./tahoedist/buildboot
r--r--r--  3/10   1115 Jul  9 00:01 1988 ./tahoedist/buildmini
r--r--r--  3/10   4828 Jun 14 07:57 1988 ./tahoedist/disktab
rw-r--r--  3/10     61 Nov 16 08:21 1986 ./tahoedist/fstab.dk
r--r--r--  3/10   2894 Jul  9 00:01 1988 ./tahoedist/get
rw-r--r--  3/10    142 Nov 16 08:09 1986 ./tahoedist/group
rw-r--r--  3/10    990 Nov 16 08:09 1986 ./tahoedist/inetd.conf
rwxr-xr-x  3/10   1157 Dec 10 08:39 1986 ./tahoedist/makeboot
r--r--r--  3/10   6043 Jul  7 02:05 1988 ./tahoedist/MAKEDEV
rwxr-xr-x  3/10   1444 Jul  8 23:58 1988 ./tahoedist/MAKEHOSTS
r--r--r--  3/10   2961 Jul 16 05:08 1988 ./tahoedist/maketape
rwxr-xr-x  3/10   3119 Apr  7 02:53 1987 ./tahoedist/maketape2
rw-r--r--  3/10     79 Nov 16 08:09 1986 ./tahoedist/motd
r-xr-xr-x  3/10    332 Jul 16 03:29 1988 ./tahoedist/netstart
r--r--r--  3/10   2108 Jan 25 00:37 1988 ./tahoedist/passwd
rw-r--r--  3/10     77 Nov 16 08:09 1986 ./tahoedist/printcap
rw-r--r--  3/10   2854 Jul 10 00:21 1988 ./tahoedist/rc
rw-r--r--  3/10    442 Jul 16 03:30 1988 ./tahoedist/rc.local
rw-r--r--  3/10    881 Nov 16 08:09 1986 ./tahoedist/README
rw-r--r--  3/10   1525 Nov 16 08:09 1986 ./tahoedist/services
rw-r--r--  3/10    141 Nov 16 08:09 1986 ./tahoedist/shells
rw-r--r--  3/10    287 Apr 20 22:01 1988 ./tahoedist/syslog.conf
rw-r--r--  3/10   1363 Nov 16 08:09 1986 ./tahoedist/tape3
rw-r--r--  3/10   1190 Jul 16 05:31 1988 ./tahoedist/ttys
rwxr-xr-x  3/10      0 Dec 23 16:34 1998 ./tahoeif/
rwxr-xr-x  3/10      0 Dec 25 22:04 1998 ./tahoeif/tags symbolic link to ../tahoe/tags
r--r--r--  3/10  22040 Jun 29 06:36 1988 ./tahoeif/if_ace.c
r--r--r--  3/10   3514 May 21 07:31 1988 ./tahoeif/if_acereg.h
r--r--r--  3/10  18978 Jun 29 06:36 1988 ./tahoeif/if_enp.c
r--r--r--  3/10   5602 May 30 21:42 1988 ./tahoeif/if_enpreg.h
r--r--r--  3/10  33816 May 23 06:35 1989 ./tahoeif/if_ex.c
r--r--r--  3/10  10805 May 23 06:34 1989 ./tahoeif/if_exreg.h
rwxr-xr-x  3/10      0 Dec 23 16:35 1998 ./tahoemath/
r--r--r--  3/10    706 Nov  3 10:07 1986 ./tahoemath/FP.h
r--r--r--  3/10    416 Jan  3 11:51 1986 ./tahoemath/fp.h
r--r--r--  3/10   3693 Jan  3 11:51 1986 ./tahoemath/fpe.c
r--r--r--  3/10   2789 Jan  5 06:51 1986 ./tahoemath/Kaddd.s
r--r--r--  3/10   2771 Jan  5 06:51 1986 ./tahoemath/Kaddf.s
r--r--r--  3/10   3282 Jan  5 06:51 1986 ./tahoemath/Katanf.s
r--r--r--  3/10    520 Jan  5 06:51 1986 ./tahoemath/Kcmpf.s
r--r--r--  3/10   1043 Jan  5 06:51 1986 ./tahoemath/Kcvtdl.s
r--r--r--  3/10   1243 Jan  5 06:51 1986 ./tahoemath/Kcvtfl.s
r--r--r--  3/10   1300 Jan  5 06:51 1986 ./tahoemath/Kcvtld.s
r--r--r--  3/10   1274 Jan  5 06:51 1986 ./tahoemath/Kcvtlf.s
r--r--r--  3/10   1798 Jan  5 06:51 1986 ./tahoemath/Kdivd.s
r--r--r--  3/10   1690 Jan  5 06:51 1986 ./tahoemath/Kdivf.s
r--r--r--  3/10   3562 Jan  5 06:51 1986 ./tahoemath/Kexpf.s
r--r--r--  3/10   1127 Jan  5 06:51 1986 ./tahoemath/Kfnorm.s
r--r--r--  3/10    968 Jan  3 11:51 1986 ./tahoemath/Kfp.h
r--r--r--  3/10    278 Jan  5 06:51 1986 ./tahoemath/Kfp_exp.s
r--r--r--  3/10    473 Jan  5 06:51 1986 ./tahoemath/Kfp_mvtoacc.s
r--r--r--  3/10    854 Jan  5 06:51 1986 ./tahoemath/Kfrexpd.s
r--r--r--  3/10    976 Jan  5 06:51 1986 ./tahoemath/Kfrexpf.s
r--r--r--  3/10   1755 Jan  5 06:51 1986 ./tahoemath/Kldexpf.s
r--r--r--  3/10   2842 Jan  5 06:51 1986 ./tahoemath/Klogf.s
r--r--r--  3/10   2221 Jan  5 06:51 1986 ./tahoemath/Kmodf.s
r--r--r--  3/10   2754 Jan  5 06:51 1986 ./tahoemath/Kmuld.s
r--r--r--  3/10   2035 Jan  5 06:51 1986 ./tahoemath/Kmulf.s
r--r--r--  3/10    413 Jan  5 06:51 1986 ./tahoemath/Knegd.s
r--r--r--  3/10    398 Jan  5 06:51 1986 ./tahoemath/Knegf.s
r--r--r--  3/10   1047 Jan  5 06:51 1986 ./tahoemath/Ksfnorm.s
r--r--r--  3/10    283 Jan  5 06:51 1986 ./tahoemath/Ksfp_exp.s
r--r--r--  3/10   4317 Jan  5 06:51 1986 ./tahoemath/Ksinfcosf.s
r--r--r--  3/10   2638 Jan  5 06:51 1986 ./tahoemath/Ksqrtf.s
r--r--r--  3/10    437 Jan  5 06:51 1986 ./tahoemath/Ksubd.s
r--r--r--  3/10    491 Jan  5 06:51 1986 ./tahoemath/Ksubf.s
r--r--r--  3/10    708 Jan  3 11:51 1986 ./tahoemath/SYS.h
rwxr-xr-x  3/10      0 Dec 23 16:36 1998 ./tahoestand/
r--r--r--  3/10   3093 May 24 01:44 1989 ./tahoestand/boot.c
rw-r--r--  3/10   1660 May 24 01:48 1989 ./tahoestand/boot.o
rw-r--r--  3/10    610 May 24 01:48 1989 ./tahoestand/bootsrt0.o
rw-r--r--  3/10    252 May 24 01:49 1989 ./tahoestand/cat.o
r--r--r--  3/10   1536 Jun 29 06:36 1988 ./tahoestand/conf.c
rw-r--r--  3/10    628 May 24 01:45 1989 ./tahoestand/conf.o
rw-r--r--  3/10    795 May 24 01:49 1989 ./tahoestand/copy.o
r--r--r--  3/10   6251 May 24 02:33 1988 ./tahoestand/cy.c
rw-r--r--  3/10   4068 May 24 01:45 1989 ./tahoestand/cy.o
r--r--r--  3/10   5954 Dec 18 11:53 1986 ./tahoestand/cyvar.h
rw-r--r--  3/10   1083 May 24 01:45 1989 ./tahoestand/dev.o
rw-r--r--  3/10    229 May 24 01:45 1989 ./tahoestand/getfile.o
rw-r--r--  3/10    336 May 24 01:45 1989 ./tahoestand/gets.o
rw-r--r--  3/10   7228 May 24 03:26 1989 ./tahoestand/hd.c
rw-r--r--  3/10   2856 May 24 03:26 1989 ./tahoestand/hd.o
rw-r--r--  3/10  25074 May 24 03:26 1989 ./tahoestand/libsa.a
rw-r--r--  3/10    872 May 24 01:49 1989 ./tahoestand/ls.o
r--r--r--  3/10   2007 Oct 27 06:47 1987 ./tahoestand/machdep.c
rw-r--r--  3/10    513 May 24 01:45 1989 ./tahoestand/machdep.o
r--r--r--  3/10   3349 May 11 07:50 1989 ./tahoestand/Makefile
r--r--r--  3/10   6251 May 24 02:33 1988 ./tahoestand/ncy.c
rw-r--r--  3/10   3843 May 24 01:49 1989 ./tahoestand/ncy.o
r--r--r--  3/10   3246 Mar  3 02:56 1988 ./tahoestand/prf.c
rw-r--r--  3/10   1354 May 24 01:45 1989 ./tahoestand/prf.o
rw-r--r--  3/10    291 May 24 01:45 1989 ./tahoestand/printn.o
r--r--r--  3/10   1281 Apr  2 04:29 1987 ./tahoestand/srt0.c
rw-r--r--  3/10   2462 May 24 01:45 1989 ./tahoestand/srt0.o
rw-r--r--  3/10   5975 May 24 01:45 1989 ./tahoestand/sys.o
r--r--r--  3/10  10813 Jun 14 07:48 1988 ./tahoestand/vd.c
rw-r--r--  3/10   5725 May 24 01:45 1989 ./tahoestand/vd.o
rwxr-xr-x  3/10      0 Dec 23 16:36 1998 ./tahoestand/vdformat/
r--r--r--  3/10   6590 Jun 30 07:53 1987 ./tahoestand/vdformat/cmd.c
r--r--r--  3/10    812 Nov  4 09:24 1986 ./tahoestand/vdformat/cmd.h
r--r--r--  3/10   2884 Jun 14 07:51 1988 ./tahoestand/vdformat/config.c
r--r--r--  3/10   1546 Jun  2 07:57 1988 ./tahoestand/vdformat/cons.c
r--r--r--  3/10   4708 Jun  7 03:35 1988 ./tahoestand/vdformat/correct.c
r--r--r--  3/10   1479 Jun 30 07:55 1987 ./tahoestand/vdformat/delete.c
r--r--r--  3/10   6100 Jun  7 03:35 1988 ./tahoestand/vdformat/disklabel.c
r--r--r--  3/10   1284 Nov 23 03:29 1987 ./tahoestand/vdformat/exercise.c
r--r--r--  3/10   3968 Jun  7 03:36 1988 ./tahoestand/vdformat/format.c
r--r--r--  3/10   1011 Jun 30 07:55 1987 ./tahoestand/vdformat/help.c
r--r--r--  3/10    606 Nov 23 03:29 1987 ./tahoestand/vdformat/info.c
r--r--r--  3/10   8369 Jun  7 03:36 1988 ./tahoestand/vdformat/io.c
r--r--r--  3/10   1289 Nov 23 03:29 1987 ./tahoestand/vdformat/list.c
r--r--r--  3/10  10050 Jul  9 00:01 1988 ./tahoestand/vdformat/Makefile
r--r--r--  3/10  15879 Jun  7 03:36 1988 ./tahoestand/vdformat/maps.c
r--r--r--  3/10   6644 Nov 23 03:29 1987 ./tahoestand/vdformat/proc_cmd.c
r--r--r--  3/10   1702 Nov 23 03:29 1987 ./tahoestand/vdformat/profile.c
r--r--r--  3/10   9362 Jun  7 03:36 1988 ./tahoestand/vdformat/relocate.c
r--r--r--  3/10    327 Jun 30 07:55 1987 ./tahoestand/vdformat/reset.c
r--r--r--  3/10   1782 Jun  7 03:36 1988 ./tahoestand/vdformat/smd.c
r--r--r--  3/10   1930 Jun  7 03:36 1988 ./tahoestand/vdformat/smd_e.c
r--r--r--  3/10    768 Nov 23 03:29 1987 ./tahoestand/vdformat/start.c
r--r--r--  3/10   1752 Jun  7 03:34 1988 ./tahoestand/vdformat/status.c
r--r--r--  3/10   1881 May 30 21:45 1988 ./tahoestand/vdformat/util.c
r--r--r--  3/10   4730 Jun  7 03:36 1988 ./tahoestand/vdformat/vdfmt.c
r--r--r--  3/10   7635 Jul 12 00:17 1988 ./tahoestand/vdformat/vdfmt.h
r--r--r--  3/10   6258 Jun  7 03:36 1988 ./tahoestand/vdformat/verify.c
rwxr-xr-x  3/10      0 Dec 23 16:37 1998 ./tahoevba/
rwxr-xr-x  3/10      0 Dec 25 22:05 1998 ./tahoevba/tags symbolic link to ../tahoe/tags
r--r--r--  3/10  30231 Jul 16 03:27 1988 ./tahoevba/cy.c
rw-r--r--  3/10   6491 Mar  4 22:37 1988 ./tahoevba/cyreg.h
r--r--r--  3/10  28355 May 21 07:33 1988 ./tahoevba/dr.c
r--r--r--  3/10   6906 May 21 07:33 1988 ./tahoevba/drreg.h
r--r--r--  3/10  22438 Sep  7 21:43 1989 ./tahoevba/hd.c
rw-r--r--  3/10  13127 Mar  3 10:49 1988 ./tahoevba/hdc.h
r--r--r--  3/10  10495 Apr 30 23:05 1989 ./tahoevba/hdreg.h
r--r--r--  3/10  15629 May 30 21:42 1988 ./tahoevba/ik.c
r--r--r--  3/10   2768 May 21 07:33 1988 ./tahoevba/ikreg.h
r--r--r--  3/10  32732 Jul  9 05:31 1988 ./tahoevba/mp.c
r--r--r--  3/10  15071 Jul 15 05:25 1988 ./tahoevba/mpreg.h
r--r--r--  3/10   2221 May 21 07:33 1988 ./tahoevba/psproto.h
r--r--r--  3/10   1641 May 21 07:33 1988 ./tahoevba/psreg.h
r--r--r--  3/10    553 May 21 07:47 1988 ./tahoevba/scope.h
r--r--r--  3/10   8769 Apr 25 05:47 1989 ./tahoevba/vba.c
r--r--r--  3/10   3395 Jun 29 06:51 1988 ./tahoevba/vbaparam.h
r--r--r--  3/10   6662 Jun 29 06:51 1988 ./tahoevba/vbavar.h
r--r--r--  3/10  39256 May 23 23:01 1989 ./tahoevba/vd.c
r--r--r--  3/10  14230 Jun 29 06:51 1988 ./tahoevba/vdreg.h
rw-r--r--  3/10  30912 May 23 06:47 1989 ./tahoevba/vx.c
r--r--r--  3/10   5720 Jun 29 06:51 1988 ./tahoevba/vxreg.h
rwxr-xr-x  3/10      0 Dec 25 22:45 1998 ./vax/
r--r--r--  3/10   5335 Apr 30 03:06 1985 ./vax/asnumber.h
r--r--r--  3/10   1772 Aug  7 02:53 1984 ./vax/astags
r--r--r--  3/10   5253 Dec 22 15:28 1998 ./vax/clock.c
r--r--r--  3/10   1672 Dec 22 15:29 1998 ./vax/clock.h
r--r--r--  3/10  18485 May 25 22:36 1988 ./vax/conf.c
r--r--r--  3/10   5327 May  7 03:21 1988 ./vax/cons.c
r--r--r--  3/10   1461 Jun  4 13:42 1986 ./vax/cons.h
r--r--r--  3/10   4834 Dec 22 15:41 1998 ./vax/cpu.h
r--r--r--  3/10   5647 Dec 22 15:42 1998 ./vax/cpudata.c
r--r--r--  3/10   4324 Jun  4 13:42 1986 ./vax/crl.c
r--r--r--  3/10   2939 Jun  4 13:42 1986 ./vax/crl.h
r--r--r--  3/10     92 Jun  4 13:58 1986 ./vax/crt0.ex
r--r--r--  3/10    785 Jun  4 13:43 1986 ./vax/dkbad.c
r--r--r--  3/10    605 Dec 22 00:56 1987 ./vax/dkio.h
r--r--r--  3/10  29398 Dec 22 15:48 1998 ./vax/emulate.s
r--r--r--  3/10   1512 Jun 29 06:52 1988 ./vax/endian.h
r--r--r--  3/10   5757 Jun  4 13:43 1986 ./vax/flp.c
r--r--r--  3/10   1735 Jun  4 13:43 1986 ./vax/flp.h
r--r--r--  3/10    563 Dec 22 16:00 1998 ./vax/frame.h
r--r--r--  3/10   3151 Dec 22 16:03 1998 ./vax/genassym.c
rwxr-xr-x  3/10      0 Dec 25 22:45 1998 ./vax/inline/
r--r--r--  3/10   2227 Dec 22 18:21 1998 ./vax/inline/inline.h
r--r--r--  3/10   3948 Jun  4 14:12 1986 ./vax/inline/langpats.c
r--r--r--  3/10   1054 Dec 22 18:25 1998 ./vax/inline/libcpats.c
r--r--r--  3/10   9376 Dec 22 18:26 1998 ./vax/inline/machdep.c
r--r--r--  3/10   3068 Dec 22 18:28 1998 ./vax/inline/machpats.c
r--r--r--  3/10   7187 Dec 22 18:31 1998 ./vax/inline/main.c
r--r--r--  3/10   1677 Jun  4 14:15 1986 ./vax/inline/Makefile
rw-r--r--  3/10   4424 Dec 25 14:35 1998 ./vax/inline/main.o
rw-r--r--  3/10   5063 Dec 25 14:35 1998 ./vax/inline/machdep.o
rw-r--r--  3/10   2913 Dec 25 14:35 1998 ./vax/inline/machpats.o
rw-r--r--  3/10    932 Dec 25 14:35 1998 ./vax/inline/libcpats.o
rw-r--r--  3/10   4272 Dec 25 14:35 1998 ./vax/inline/langpats.o
rwxr-xr-x  3/10  26624 Dec 25 14:35 1998 ./vax/inline/inline
r--r--r--  3/10   4209 Jun 29 06:52 1988 ./vax/in_cksum.c
r--r--r--  3/10   2695 Dec 22 16:05 1998 ./vax/ioa.h
r--r--r--  3/10   3663 Dec 22 16:09 1998 ./vax/ka630.c
r--r--r--  3/10   1856 Dec 22 16:10 1998 ./vax/ka630.h
r--r--r--  3/10   2522 Jul  9 03:11 1988 ./vax/ka730.c
r--r--r--  3/10   2878 Jul  9 03:11 1988 ./vax/ka750.c
r--r--r--  3/10   6074 Jul  9 03:11 1988 ./vax/ka780.c
r--r--r--  3/10   8285 Dec 22 16:14 1998 ./vax/ka820.c
r--r--r--  3/10   3593 Dec 22 16:15 1998 ./vax/ka820.h
r--r--r--  3/10   6025 Dec 22 16:17 1998 ./vax/ka860.c
r--r--r--  3/10   1907 May  7 03:00 1988 ./vax/kdbparam.h
rw-r--r--  3/10  15862 Jan 16 04:18 1987 ./vax/kdb_instrs
r--r--r--  3/10   7010 May 19 10:39 1988 ./vax/kdb_machdep.c
r--r--r--  3/10  13340 May 25 22:37 1988 ./vax/kdb_opset.c
r--r--r--  3/10   8526 May 27 05:08 1988 ./vax/Locore.c
r--r--r--  3/10  44126 Dec 23 23:49 1998 ./vax/locore.s
r--r--r--  3/10  20518 Dec 22 16:50 1998 ./vax/machdep.c
r--r--r--  3/10   2590 Jan 24 21:31 1988 ./vax/machparam.h
r--r--r--  3/10   3023 Jun  4 13:45 1986 ./vax/mem.c
r--r--r--  3/10    646 May  7 03:21 1988 ./vax/mem.h
r--r--r--  3/10  23086 Dec 22 17:13 1998 ./vax/mscp.c
r--r--r--  3/10  14754 Dec 22 17:14 1998 ./vax/mscp.h
r--r--r--  3/10   6018 Dec 22 17:15 1998 ./vax/mscpvar.h
r--r--r--  3/10   4877 Dec 22 17:18 1998 ./vax/mtpr.h
r--r--r--  3/10   3495 Dec 22 17:34 1998 ./vax/nexus.h
r--r--r--  3/10   3831 Jun 29 06:52 1988 ./vax/ns_cksum.c
r--r--r--  3/10   1397 Dec 22 17:36 1998 ./vax/pcb.h
r--r--r--  3/10    957 Jun  4 14:08 1986 ./vax/pcb.m
r--r--r--  3/10   1268 Dec 22 17:38 1998 ./vax/psl.h
r--r--r--  3/10   2459 May  2 09:25 1988 ./vax/pte.h
r--r--r--  3/10    712 Dec 22 17:42 1998 ./vax/reg.h
r--r--r--  3/10    731 Jun  4 13:47 1986 ./vax/rpb.h
r--r--r--  3/10    488 Jun  4 13:57 1986 ./vax/rpb.s
r--r--r--  3/10   2424 Dec 22 17:43 1998 ./vax/rsp.h
r--r--r--  3/10   5266 Jul  9 03:10 1988 ./vax/rx50.c
r--r--r--  3/10   1624 Dec 22 17:45 1998 ./vax/rx50reg.h
r--r--r--  3/10   2767 May  7 03:21 1988 ./vax/scb.h
r--r--r--  3/10   3256 May 14 00:13 1988 ./vax/scb.s
r--r--r--  3/10   3584 Dec 22 17:53 1998 ./vax/swapgeneric.c
r--r--r--  3/10    928 Jun  4 13:58 1986 ./vax/symbols.raw
rw-r--r--  3/10    379 Jul 21 07:36 1984 ./vax/symbols.sort
r--r--r--  3/10   2783 Jun  4 13:48 1986 ./vax/sys_machdep.c
rw-r--r--  3/10 557088 May 24 00:45 1988 ./vax/tags
r--r--r--  3/10  11298 May 27 05:14 1988 ./vax/tmscp.h
r--r--r--  3/10   6988 May 19 04:22 1988 ./vax/trap.c
r--r--r--  3/10   1856 Dec 22 18:03 1998 ./vax/trap.h
r--r--r--  3/10  15570 Jun  4 13:49 1986 ./vax/tu.c
r--r--r--  3/10   2199 Dec  3 07:32 1987 ./vax/udiv.s
r--r--r--  3/10   2345 Jun  4 13:50 1986 ./vax/ufs_machdep.c
r--r--r--  3/10   1312 Jun  4 13:58 1986 ./vax/urem.s
r--r--r--  3/10   5235 Nov 29 22:58 1987 ./vax/vmparam.h
r--r--r--  3/10   3457 May  7 03:21 1988 ./vax/vm_machdep.c
r--r--r--  3/10   4494 Dec 22 16:11 1998 ./vax/ka650.c
r--r--r--  3/10   7585 Dec 22 16:12 1998 ./vax/ka650.h
r--r--r--  3/10  33248 Dec 24 00:04 1998 ./vax/autoconf.c
rwxr-xr-x  3/10      0 Dec 25 22:45 1998 ./vaxbi/
r--r--r--  3/10   1605 Dec 22 18:38 1998 ./vaxbi/bi.c
r--r--r--  3/10   8388 Dec 22 18:39 1998 ./vaxbi/bireg.h
r--r--r--  3/10    730 Dec 22 18:41 1998 ./vaxbi/bivar.h
r--r--r--  3/10  43388 Jul  9 02:44 1988 ./vaxbi/kdb.c
r--r--r--  3/10   2773 Dec 22 18:46 1998 ./vaxbi/kdbreg.h
r--r--r--  3/10   2486 Dec 22 18:50 1998 ./vaxbi/nireg.h
rwxr-xr-x  3/10      0 Dec 26 01:03 1998 ./vaxdist/
rw-r--r--  3/10    995 Sep 16 03:35 1985 ./vaxdist/.cshrc
rw-r--r--  3/10    137 Jun 23 11:29 1985 ./vaxdist/.login
rw-r--r--  3/10    121 Jun 23 11:29 1985 ./vaxdist/.profile
r--r--r--  3/10   1668 Jun 29 06:58 1988 ./vaxdist/20b.c
rw-r--r--  3/10    722 Jun 14 10:39 1988 ./vaxdist/aliases
r-xr-xr-x  3/10    427 Dec 25 23:36 1998 ./vaxdist/buildmini
rw-r--r--  3/10    456 Jul 16 05:33 1988 ./vaxdist/crontab
r--r--r--  3/10  14770 Jan 27 04:32 1988 ./vaxdist/disktab
rw-r--r--  3/10     63 Aug 14 11:58 1983 ./vaxdist/fstab.rp07
rw-r--r--  3/10     63 Aug 14 11:58 1983 ./vaxdist/fstab.rm05
rw-r--r--  3/10     63 Aug 14 11:58 1983 ./vaxdist/fstab.ra81
rw-r--r--  3/10     63 Aug 14 11:58 1983 ./vaxdist/fstab.hp
rw-r--r--  3/10     63 Nov  3 00:55 1983 ./vaxdist/fstab.hp400m
rw-r--r--  3/10     63 Aug 14 11:58 1983 ./vaxdist/fstab.ra60
rw-r--r--  3/10     63 Aug 14 11:58 1983 ./vaxdist/fstab.ra80
rw-r--r--  3/10     63 Aug 14 11:58 1983 ./vaxdist/fstab.rb80
rw-r--r--  3/10    111 Aug 14 11:58 1983 ./vaxdist/fstab.rk07
rw-r--r--  3/10     41 Aug 14 11:58 1983 ./vaxdist/fstab.rm03
rw-r--r--  3/10     41 Aug 14 11:58 1983 ./vaxdist/fstab.rm80
rw-r--r--  3/10     41 Aug 14 11:58 1983 ./vaxdist/fstab.rp06
rw-r--r--  3/10     63 Aug 14 11:58 1983 ./vaxdist/fstab.up
rw-r--r--  3/10     41 Aug 14 11:58 1983 ./vaxdist/fstab.up160m
rw-r--r--  3/10     63 Aug 14 11:58 1983 ./vaxdist/fstab.up300m
rw-r--r--  3/10      5 Feb 14 11:13 1986 ./vaxdist/ftpusers
r--r--r--  3/10   2360 Dec 25 16:56 1998 ./vaxdist/get
r-xr-xr-x  3/10   1483 Dec 26 01:03 1998 ./vaxdist/maketape
rw-r--r--  3/10    162 Dec 25 18:19 1998 ./vaxdist/group
rw-r--r--  3/10    387 Jun  6 03:00 1986 ./vaxdist/hosts
rw-r--r--  3/10     32 Jul 22 13:49 1983 ./vaxdist/hosts.equiv
rw-r--r--  3/10    990 Jun  6 02:48 1986 ./vaxdist/inetd.conf
r--r--r--  3/10   9358 Jul 16 04:47 1988 ./vaxdist/MAKEDEV
rwxr-xr-x  3/10   1444 Jul  8 23:58 1988 ./vaxdist/MAKEHOSTS
rw-r--r--  3/10    303 Dec 25 18:24 1998 ./vaxdist/passwd
rw-r--r--  3/10     82 Dec 25 18:47 1998 ./vaxdist/motd
r-xr-xr-x  3/10    332 Jul 16 03:29 1988 ./vaxdist/netstart
rw-r--r--  3/10  12301 Jun  5 05:40 1986 ./vaxdist/networks
rw-r--r--  3/10     77 Aug 14 12:02 1983 ./vaxdist/printcap
rw-r--r--  3/10    441 Jul 18 03:05 1985 ./vaxdist/protocols
rw-r--r--  3/10   2854 Jul 10 00:21 1988 ./vaxdist/rc
rw-r--r--  3/10    442 Jul 16 03:30 1988 ./vaxdist/rc.local
rw-r--r--  3/10    881 Jun 23 05:40 1985 ./vaxdist/README
rw-r--r--  3/10   1629 Feb  8 23:03 1987 ./vaxdist/remote
rw-r--r--  3/10   1525 Apr 20 08:00 1986 ./vaxdist/services
rw-r--r--  3/10    141 Oct 30 06:16 1985 ./vaxdist/shells
rw-r--r--  3/10    287 Apr 20 22:01 1988 ./vaxdist/syslog.conf
rwxr-xr-x  3/10      0 Dec 25 15:54 1998 ./vaxdist/tp/
rw-r--r--  3/10  38812 Dec 25 15:54 1998 ./vaxdist/tp/copy
rw-r--r--  3/10  39704 Dec 25 15:54 1998 ./vaxdist/tp/boot
rw-r--r--  3/10  32384 Dec 25 15:54 1998 ./vaxdist/tp/format
rw-r--r--  3/10   1142 Jun 21 07:30 1985 ./vaxdist/ttys
rwxr-xr-x  3/10      0 Dec 25 22:46 1998 ./vaxif/
rwxr-xr-x  3/10      0 Dec 25 22:06 1998 ./vaxif/tags symbolic link to ../vax/tags
r--r--r--  3/10  10264 Jun 29 06:55 1988 ./vaxif/if_acc.c
r--r--r--  3/10   1641 Dec 22 19:11 1998 ./vaxif/if_accreg.h
r--r--r--  3/10  12154 Jun 29 06:55 1988 ./vaxif/if_css.c
r--r--r--  3/10   2097 Dec 22 19:23 1998 ./vaxif/if_cssreg.h
r--r--r--  3/10  46625 Jun  5 06:02 1986 ./vaxif/if_ddn.c
r--r--r--  3/10   4363 Jun  4 14:34 1986 ./vaxif/if_ddnreg.h
r--r--r--  3/10   4164 Jun  4 14:34 1986 ./vaxif/if_ddnvar.h
r--r--r--  3/10  22645 Dec 22 20:27 1998 ./vaxif/if_de.c
r--r--r--  3/10   6751 Dec 22 20:29 1998 ./vaxif/if_dereg.h
r--r--r--  3/10  24606 Dec 22 20:36 1998 ./vaxif/if_dmc.c
r--r--r--  3/10   2715 Dec 22 20:42 1998 ./vaxif/if_dmc.h
r--r--r--  3/10  27046 Dec 22 20:44 1998 ./vaxif/if_dmv.c
r--r--r--  3/10   4337 Dec 22 20:47 1998 ./vaxif/if_dmv.h
r--r--r--  3/10  24120 Dec 22 23:03 1998 ./vaxif/if_ec.c
r--r--r--  3/10   2774 Dec 22 23:04 1998 ./vaxif/if_ecreg.h
r--r--r--  3/10  18033 Dec 22 23:06 1998 ./vaxif/if_en.c
r--r--r--  3/10    720 Dec 22 23:08 1998 ./vaxif/if_en.h
r--r--r--  3/10   1196 Dec 22 23:09 1998 ./vaxif/if_enreg.h
r--r--r--  3/10  25617 Dec 22 23:13 1998 ./vaxif/if_ex.c
r--r--r--  3/10  10176 Dec 22 23:14 1998 ./vaxif/if_exreg.h
r--r--r--  3/10  15729 May 25 22:39 1988 ./vaxif/if_hdh.c
r--r--r--  3/10   4061 Dec 22 23:18 1998 ./vaxif/if_hdhreg.h
r--r--r--  3/10  38501 Dec 22 23:21 1998 ./vaxif/if_hy.c
r--r--r--  3/10   9363 Dec 22 23:23 1998 ./vaxif/if_hy.h
r--r--r--  3/10   6742 Dec 22 23:24 1998 ./vaxif/if_hyreg.h
r--r--r--  3/10  20544 Dec 22 23:28 1998 ./vaxif/if_il.c
r--r--r--  3/10   1616 Dec 22 23:29 1998 ./vaxif/if_il.h
r--r--r--  3/10   4166 Dec 22 23:31 1998 ./vaxif/if_ilreg.h
r--r--r--  3/10  23625 Dec 22 23:33 1998 ./vaxif/if_ix.c
r--r--r--  3/10   2448 Dec 22 23:34 1998 ./vaxif/if_ix.h
r--r--r--  3/10  12960 Dec 22 23:37 1998 ./vaxif/if_pcl.c
r--r--r--  3/10   2452 Dec 22 23:38 1998 ./vaxif/if_pclreg.h
r--r--r--  3/10  29010 Dec 22 23:43 1998 ./vaxif/if_qe.c
r--r--r--  3/10   5436 Dec 22 23:50 1998 ./vaxif/if_qereg.h
r--r--r--  3/10   9890 Dec 22 23:53 1998 ./vaxif/if_uba.c
r--r--r--  3/10   3446 Dec 22 23:55 1998 ./vaxif/if_uba.h
r--r--r--  3/10  27633 Dec 23 00:00 1998 ./vaxif/if_vv.c
r--r--r--  3/10   4462 Dec 23 00:05 1998 ./vaxif/if_vv.h
r--r--r--  3/10   1739 Dec 23 00:06 1998 ./vaxif/raw_hy.c
rwxr-xr-x  3/10      0 Dec 25 22:46 1998 ./vaxmba/
rwxr-xr-x  3/10      0 Dec 25 22:06 1998 ./vaxmba/tags symbolic link to ../vax/tags
r--r--r--  3/10  36336 Jul 15 06:26 1988 ./vaxmba/hp.c
r--r--r--  3/10   6211 Dec 23 00:39 1998 ./vaxmba/hpreg.h
r--r--r--  3/10  13697 May  6 06:21 1988 ./vaxmba/ht.c
r--r--r--  3/10   4414 Dec 23 00:41 1998 ./vaxmba/htreg.h
r--r--r--  3/10  11396 Feb 19 05:34 1987 ./vaxmba/mba.c
r--r--r--  3/10   4117 Dec 23 00:43 1998 ./vaxmba/mbareg.h
r--r--r--  3/10   4637 Dec 23 00:44 1998 ./vaxmba/mbavar.h
r--r--r--  3/10  30940 Dec 23 23:03 1998 ./vaxmba/mt.c
r--r--r--  3/10   5150 Dec 23 00:47 1998 ./vaxmba/mtreg.h
rwxr-xr-x  3/10      0 Dec 25 22:46 1998 ./vaxstand/
r--r--r--  3/10   7034 Dec 23 01:24 1998 ./vaxstand/autoconf.c
r--r--r--  3/10   5019 Dec 25 15:21 1998 ./vaxstand/boot.c
r--r--r--  3/10   1635 Feb  4 00:10 1988 ./vaxstand/bootxx.c
r--r--r--  3/10   4043 Jun 29 07:04 1988 ./vaxstand/conf.c
r--r--r--  3/10   1245 Jun 29 07:04 1988 ./vaxstand/confhpup.c
r--r--r--  3/10    334 Dec 23 01:31 1998 ./vaxstand/confxx.c
r--r--r--  3/10   1918 Mar  4 04:10 1988 ./vaxstand/drtest.c
r--r--r--  3/10  15312 May 27 04:49 1988 ./vaxstand/format.c
r--r--r--  3/10  14042 Jul  8 04:05 1988 ./vaxstand/hp.c
r--r--r--  3/10   5092 Jun 14 07:21 1988 ./vaxstand/hpmaptype.c
r--r--r--  3/10   2463 Feb 22 00:55 1988 ./vaxstand/ht.c
r--r--r--  3/10   3369 Jul  9 03:40 1988 ./vaxstand/idc.c
rw-r--r--  3/10   7530 Jan 21 10:09 1988 ./vaxstand/imploop.c
r--r--r--  3/10   6745 Jan 28 08:54 1988 ./vaxstand/imptst.c
r--r--r--  3/10   6017 Jul  8 04:38 1988 ./vaxstand/kdb.c
r--r--r--  3/10    603 Jan 28 08:54 1988 ./vaxstand/machdep.c
rw-r--r--  3/10  19770 Dec 25 15:46 1998 ./vaxstand/Makefile
r--r--r--  3/10   2240 Jul  9 03:40 1988 ./vaxstand/mba.c
r--r--r--  3/10   3037 Feb 22 00:57 1988 ./vaxstand/mt.c
r--r--r--  3/10  11264 Jun  4 14:38 1986 ./vaxstand/pcs750.bin
r--r--r--  3/10   3066 Dec 23 01:50 1998 ./vaxstand/prf.c
r--r--r--  3/10  32717 Dec 23 02:03 1998 ./vaxstand/qdcons.c
r--r--r--  3/10  46640 Dec 23 02:08 1998 ./vaxstand/qfont.c
r--r--r--  3/10  10156 Dec 23 02:10 1998 ./vaxstand/qvcons.c
r--r--r--  3/10   3501 Jul  9 03:40 1988 ./vaxstand/rk.c
r--r--r--  3/10   5760 Jul  9 03:40 1988 ./vaxstand/rl.c
r--r--r--  3/10   1337 Jul  9 03:40 1988 ./vaxstand/savax.h
r--r--r--  3/10   3487 Dec 23 02:13 1998 ./vaxstand/srt0.c
r--r--r--  3/10   2359 Jul  9 03:40 1988 ./vaxstand/tm.c
r--r--r--  3/10   8402 Dec 25 15:37 1998 ./vaxstand/tmscp.c
r--r--r--  3/10   3246 Jul  9 03:40 1988 ./vaxstand/ts.c
r--r--r--  3/10   1675 Jul  9 03:40 1988 ./vaxstand/uba.c
r--r--r--  3/10   6738 Jul  9 03:39 1988 ./vaxstand/uda.c
r--r--r--  3/10  13659 Dec 25 15:40 1998 ./vaxstand/up.c
r--r--r--  3/10   2235 May 27 04:50 1988 ./vaxstand/upmaptype.c
r--r--r--  3/10   2930 Jul  9 03:40 1988 ./vaxstand/ut.c
rw-r--r--  3/10   2229 Dec 25 15:46 1998 ./vaxstand/boot.o
rw-r--r--  3/10    913 Dec 25 15:46 1998 ./vaxstand/relsrt0.o
rw-r--r--  3/10   1924 Dec 25 15:46 1998 ./vaxstand/conf.o
rw-r--r--  3/10   1079 Dec 25 15:46 1998 ./vaxstand/dev.o
rw-r--r--  3/10   1457 Dec 25 15:46 1998 ./vaxstand/bootconf.o
rw-r--r--  3/10    167 Dec 25 15:46 1998 ./vaxstand/dkbad.o
rw-r--r--  3/10    221 Dec 25 15:46 1998 ./vaxstand/getfile.o
rw-r--r--  3/10    344 Dec 25 15:46 1998 ./vaxstand/gets.o
rw-r--r--  3/10    167 Dec 25 15:46 1998 ./vaxstand/machdep.o
rw-r--r--  3/10   1143 Dec 25 15:46 1998 ./vaxstand/prf.o
rw-r--r--  3/10    283 Dec 25 15:46 1998 ./vaxstand/printn.o
rw-r--r--  3/10   3081 Dec 25 15:46 1998 ./vaxstand/qfont.o
rw-r--r--  3/10   5963 Dec 25 15:47 1998 ./vaxstand/sys.o
rw-r--r--  3/10  70722 Dec 25 15:48 1998 ./vaxstand/libsa.a
rw-r--r--  3/10   3683 Dec 25 15:47 1998 ./vaxstand/autoconf.o
rw-r--r--  3/10   5622 Dec 25 15:47 1998 ./vaxstand/hp.o
rw-r--r--  3/10   1568 Dec 25 15:47 1998 ./vaxstand/hpmaptype.o
rw-r--r--  3/10   1351 Dec 25 15:47 1998 ./vaxstand/ht.o
rw-r--r--  3/10   1773 Dec 25 15:47 1998 ./vaxstand/idc.o
rw-r--r--  3/10   2120 Dec 25 15:47 1998 ./vaxstand/kdb.o
rw-r--r--  3/10    930 Dec 25 15:47 1998 ./vaxstand/mba.o
rw-r--r--  3/10   1374 Dec 25 15:47 1998 ./vaxstand/mt.o
rw-r--r--  3/10   1794 Dec 25 15:47 1998 ./vaxstand/rk.o
rw-r--r--  3/10   6264 Dec 25 15:47 1998 ./vaxstand/qdcons.o
rw-r--r--  3/10   3034 Dec 25 15:47 1998 ./vaxstand/qvcons.o
rw-r--r--  3/10   1953 Dec 25 15:48 1998 ./vaxstand/rl.o
rw-r--r--  3/10   1234 Dec 25 15:48 1998 ./vaxstand/tm.o
rw-r--r--  3/10   2540 Dec 25 15:48 1998 ./vaxstand/tmscp.o
rw-r--r--  3/10   1873 Dec 25 15:48 1998 ./vaxstand/ts.o
rw-r--r--  3/10   5327 Dec 25 15:48 1998 ./vaxstand/up.o
rw-r--r--  3/10    672 Dec 25 15:48 1998 ./vaxstand/uba.o
rw-r--r--  3/10    870 Dec 25 15:48 1998 ./vaxstand/upmaptype.o
rw-r--r--  3/10   2825 Dec 25 15:48 1998 ./vaxstand/uda.o
rw-r--r--  3/10   1570 Dec 25 15:48 1998 ./vaxstand/ut.o
rwxr-xr-x  3/10  41984 Dec 25 15:48 1998 ./vaxstand/boot
rw-r--r--  3/10  39704 Dec 25 15:48 1998 ./vaxstand/tpboot
rw-r--r--  3/10   2091 Dec 25 15:48 1998 ./vaxstand/tpboot.o
rw-r--r--  3/10    252 Dec 25 15:48 1998 ./vaxstand/cat.o
rw-r--r--  3/10    746 Dec 25 15:49 1998 ./vaxstand/srt0.o
rwxr-xr-x  3/10  47104 Dec 25 15:49 1998 ./vaxstand/cat
rw-r--r--  3/10    791 Dec 25 15:49 1998 ./vaxstand/copy.o
rwxr-xr-x  3/10  47104 Dec 25 15:49 1998 ./vaxstand/copy
rw-r--r--  3/10    746 Dec 25 15:49 1998 ./vaxstand/tpsrt0.o
rw-r--r--  3/10  38812 Dec 25 15:49 1998 ./vaxstand/tpcopy
rw-r--r--  3/10   8559 Dec 25 15:49 1998 ./vaxstand/format.o
rw-r--r--  3/10    377 Dec 25 15:49 1998 ./vaxstand/confhpup.o
rwxr-xr-x  3/10  38912 Dec 25 15:49 1998 ./vaxstand/format
rw-r--r--  3/10  32384 Dec 25 15:49 1998 ./vaxstand/tpformat
rw-r--r--  3/10   8555 Dec 25 15:49 1998 ./vaxstand/tpformat.o
rwxr-xr-x  3/10  32768 Dec 25 15:49 1998 ./vaxstand/drtest
rw-r--r--  3/10   1200 Dec 25 15:49 1998 ./vaxstand/drtest.o
rw-r--r--  3/10    868 Dec 25 15:49 1998 ./vaxstand/ls.o
rwxr-xr-x  3/10  47104 Dec 25 15:49 1998 ./vaxstand/ls
rwxr-xr-x  3/10  33792 Dec 25 15:49 1998 ./vaxstand/730boot
rw-r--r--  3/10   1505 Dec 25 15:49 1998 ./vaxstand/730boot.o
rwxr-xr-x  3/10  37888 Dec 25 15:50 1998 ./vaxstand/730copy
rw-r--r--  3/10   1322 Dec 25 15:49 1998 ./vaxstand/730bootconf.o
rw-r--r--  3/10   1635 Dec 25 15:49 1998 ./vaxstand/730conf.o
rw-r--r--  3/10   2919 Dec 25 15:50 1998 ./vaxstand/confup.c
rw-r--r--  3/10      0 Dec 25 15:50 1998 ./vaxstand/confxx.o
rw-r--r--  3/10   1150 Dec 25 15:50 1998 ./vaxstand/confup.o
rwxr-xr-x  3/10  32768 Dec 25 15:50 1998 ./vaxstand/730format
rwxr-xr-x  3/10  26624 Dec 25 15:50 1998 ./vaxstand/730drtest
rw-r--r--  3/10   2919 Dec 25 15:50 1998 ./vaxstand/confhp.c
rw-r--r--  3/10   1150 Dec 25 15:50 1998 ./vaxstand/confhp.o
rw-r--r--  3/10    781 Dec 25 15:50 1998 ./vaxstand/bootxx.o
rw-r--r--  3/10   1152 Dec 25 15:50 1998 ./vaxstand/confkra.o
rw-r--r--  3/10   1574 Dec 25 15:50 1998 ./vaxstand/sm_hp.o
rw-r--r--  3/10   7692 Dec 25 15:50 1998 ./vaxstand/boothp
rw-r--r--  3/10   4087 Dec 25 15:50 1998 ./vaxstand/sm_sys.o
rw-r--r--  3/10   2919 Dec 25 15:50 1998 ./vaxstand/confrk.c
rw-r--r--  3/10    852 Dec 25 15:50 1998 ./vaxstand/sm_autoconf.o
rw-r--r--  3/10   1150 Dec 25 15:50 1998 ./vaxstand/confrk.o
rw-r--r--  3/10   6644 Dec 25 15:50 1998 ./vaxstand/boothk
rw-r--r--  3/10   2926 Dec 25 15:50 1998 ./vaxstand/confkra.c
rw-r--r--  3/10   6452 Dec 25 15:50 1998 ./vaxstand/bootkra
rw-r--r--  3/10   7672 Dec 25 15:50 1998 ./vaxstand/bootup
rw-r--r--  3/10   7200 Dec 25 15:50 1998 ./vaxstand/bootra
rw-r--r--  3/10   2638 Dec 25 15:50 1998 ./vaxstand/sm_up.o
rw-r--r--  3/10   2919 Dec 25 15:50 1998 ./vaxstand/confra.c
rw-r--r--  3/10   1150 Dec 25 15:50 1998 ./vaxstand/confra.o
rw-r--r--  3/10   2919 Dec 25 15:50 1998 ./vaxstand/confrl.c
rw-r--r--  3/10   1150 Dec 25 15:51 1998 ./vaxstand/confrl.o
rw-r--r--  3/10   6852 Dec 25 15:51 1998 ./vaxstand/bootrl
rwxr-xr-x  3/10      0 Dec 25 22:46 1998 ./vaxuba/
rwxr-xr-x  3/10      0 Dec 25 22:07 1998 ./vaxuba/tags symbolic link to ../vax/tags
r--r--r--  3/10   3437 May 11 23:22 1987 ./vaxuba/ad.c
r--r--r--  3/10    724 Dec 22 00:59 1987 ./vaxuba/adreg.h
r--r--r--  3/10   4622 Jun  4 14:05 1986 ./vaxuba/ct.c
r--r--r--  3/10  17094 Dec 23 13:54 1998 ./vaxuba/dh.c
r--r--r--  3/10   1688 Jun  4 14:06 1986 ./vaxuba/dhreg.h
r--r--r--  3/10  16720 Dec 23 13:57 1998 ./vaxuba/dhu.c
r--r--r--  3/10   4831 Dec 23 13:58 1998 ./vaxuba/dhureg.h
r--r--r--  3/10  14051 Dec 23 14:00 1998 ./vaxuba/dmf.c
r--r--r--  3/10   2030 Feb 19 05:36 1987 ./vaxuba/dmfreg.h
r--r--r--  3/10   1429 Jun  4 14:08 1986 ./vaxuba/dmreg.h
r--r--r--  3/10  12339 Aug 19 23:03 1986 ./vaxuba/dmx.c
r--r--r--  3/10    867 Dec 23 14:05 1998 ./vaxuba/dmx.h
r--r--r--  3/10   3748 Dec 23 14:06 1998 ./vaxuba/dmxreg.h
r--r--r--  3/10   6680 Dec 23 14:09 1998 ./vaxuba/dmz.c
r--r--r--  3/10    623 Feb 19 05:36 1987 ./vaxuba/dmzreg.h
r--r--r--  3/10   4239 Jun  4 14:09 1986 ./vaxuba/dn.c
r--r--r--  3/10  14258 Jan 13 20:47 1987 ./vaxuba/dz.c
r--r--r--  3/10   2492 Jun  4 14:10 1986 ./vaxuba/dzreg.h
r--r--r--  3/10  21394 Dec 23 14:16 1998 ./vaxuba/idc.c
r--r--r--  3/10   4077 Jun  4 14:10 1986 ./vaxuba/idcreg.h
r--r--r--  3/10   5085 Dec 23 14:18 1998 ./vaxuba/ik.c
r--r--r--  3/10   2416 Dec 22 00:56 1987 ./vaxuba/ikreg.h
r--r--r--  3/10   1842 Jun  4 14:11 1986 ./vaxuba/kgclock.c
r--r--r--  3/10   6771 Jun  4 14:11 1986 ./vaxuba/lp.c
r--r--r--  3/10  16113 Jun  4 14:12 1986 ./vaxuba/lpa.c
r--r--r--  3/10  46578 Apr 16 06:52 1987 ./vaxuba/np.c
r--r--r--  3/10  18404 Apr  8 00:46 1987 ./vaxuba/npreg.h
r--r--r--  3/10    275 Dec 23 14:31 1998 ./vaxuba/pdma.h
r--r--r--  3/10  15597 Jun  4 14:14 1986 ./vaxuba/ps.c
r--r--r--  3/10   4120 Dec 23 14:32 1998 ./vaxuba/psreg.h
r--r--r--  3/10  89101 Dec 23 14:40 1998 ./vaxuba/qd.c
r--r--r--  3/10   3915 Jun  3 07:32 1988 ./vaxuba/qdioctl.h
r--r--r--  3/10  10526 Dec 23 14:48 1998 ./vaxuba/qdreg.h
r--r--r--  3/10  17213 Jun  3 07:32 1988 ./vaxuba/qduser.h
r--r--r--  3/10   2955 Dec 23 14:51 1998 ./vaxuba/qevent.h
r--r--r--  3/10  60395 Dec 23 14:53 1998 ./vaxuba/qfont.c
r--r--r--  3/10  33658 Dec 23 14:56 1998 ./vaxuba/qv.c
r--r--r--  3/10   2239 Jun  3 07:32 1988 ./vaxuba/qvioctl.h
r--r--r--  3/10   2575 Dec 23 14:58 1998 ./vaxuba/qvreg.h
r--r--r--  3/10  18009 Dec 23 14:59 1998 ./vaxuba/rk.c
r--r--r--  3/10   5043 Jun  4 14:15 1986 ./vaxuba/rkreg.h
r--r--r--  3/10  16950 Dec 23 15:01 1998 ./vaxuba/rl.c
r--r--r--  3/10   4129 Jun  4 14:15 1986 ./vaxuba/rlreg.h
r--r--r--  3/10  21220 Jan 28 00:18 1988 ./vaxuba/rx.c
r--r--r--  3/10   3406 Dec 22 00:53 1987 ./vaxuba/rxreg.h
r--r--r--  3/10  23539 May  6 06:17 1988 ./vaxuba/tm.c
r--r--r--  3/10   3393 Apr 17 01:57 1987 ./vaxuba/tmreg.h
r--r--r--  3/10  57126 Dec 23 23:09 1998 ./vaxuba/tmscp.c
r--r--r--  3/10   3238 Dec 23 15:13 1998 ./vaxuba/tmscpreg.h
r--r--r--  3/10  23603 Dec 23 15:15 1998 ./vaxuba/ts.c
r--r--r--  3/10   5999 Dec 23 15:16 1998 ./vaxuba/tsreg.h
r--r--r--  3/10  16975 Dec 23 23:11 1998 ./vaxuba/uba.c
r--r--r--  3/10   9511 Dec 23 16:05 1998 ./vaxuba/ubareg.h
r--r--r--  3/10   8687 Dec 23 16:07 1998 ./vaxuba/ubavar.h
r--r--r--  3/10  60125 Dec 23 16:12 1998 ./vaxuba/uda.c
r--r--r--  3/10   2362 Dec 23 16:19 1998 ./vaxuba/udareg.h
r--r--r--  3/10  26143 Dec 23 16:21 1998 ./vaxuba/up.c
rw-r--r--  3/10  40592 Jul  9 08:52 1988 ./vaxuba/up.c.disklabel
r--r--r--  3/10   6254 Jun  4 14:22 1986 ./vaxuba/upreg.h
r--r--r--  3/10  20726 May  6 06:17 1988 ./vaxuba/ut.c
r--r--r--  3/10   6492 May 25 22:40 1988 ./vaxuba/utreg.h
r--r--r--  3/10  18636 Jun  4 14:23 1986 ./vaxuba/uu.c
r--r--r--  3/10   1084 Jun  4 14:23 1986 ./vaxuba/uureg.h
r--r--r--  3/10  10152 Jun  4 14:23 1986 ./vaxuba/va.c
r--r--r--  3/10   7292 Jun  4 14:24 1986 ./vaxuba/vp.c
r--r--r--  3/10    689 Jun  4 14:24 1986 ./vaxuba/vpreg.h
r--r--r--  3/10  21502 Dec 23 16:28 1998 ./vaxuba/vs.c
r--r--r--  3/10   6176 Jun  4 14:24 1986 ./vaxuba/vsreg.h
rwxr-xr-x  3/10      0 Dec 25 14:22 1998 ./GENERIC/
rw-r--r--  3/10   8777 Dec 25 13:54 1998 ./GENERIC/ioconf.c
rw-r--r--  3/10   9543 Dec 25 13:54 1998 ./GENERIC/ubglue.s
rw-r--r--  3/10    228 Dec 25 13:54 1998 ./GENERIC/ubvec.s
rwxr-xr-x  3/10      0 Dec 25 22:08 1998 ./GENERIC/sys symbolic link to ../h
rwxr-xr-x  3/10      0 Dec 25 22:08 1998 ./GENERIC/machine symbolic link to ../vax
rw-r--r--  3/10 111755 Dec 25 14:00 1998 ./GENERIC/Makefile
rw-r--r--  3/10     16 Dec 25 13:54 1998 ./GENERIC/kadb.h
rw-r--r--  3/10     16 Dec 25 13:54 1998 ./GENERIC/loop.h
rw-r--r--  3/10     14 Dec 25 13:54 1998 ./GENERIC/sl.h
rw-r--r--  3/10     15 Dec 25 13:54 1998 ./GENERIC/imp.h
rw-r--r--  3/10     17 Dec 25 13:54 1998 ./GENERIC/ether.h
rw-r--r--  3/10     14 Dec 25 13:54 1998 ./GENERIC/bk.h
rw-r--r--  3/10     15 Dec 25 13:54 1998 ./GENERIC/pty.h
rw-r--r--  3/10     14 Dec 25 13:54 1998 ./GENERIC/tb.h
rw-r--r--  3/10     29 Dec 25 13:54 1998 ./GENERIC/ra.h
rw-r--r--  3/10     30 Dec 25 13:54 1998 ./GENERIC/kra.h
rw-r--r--  3/10     14 Dec 25 13:54 1998 ./GENERIC/ii.h
rw-r--r--  3/10     14 Dec 25 13:54 1998 ./GENERIC/bi.h
rw-r--r--  3/10     15 Dec 25 13:54 1998 ./GENERIC/acc.h
rw-r--r--  3/10     15 Dec 25 13:54 1998 ./GENERIC/css.h
rw-r--r--  3/10     14 Dec 25 13:54 1998 ./GENERIC/de.h
rw-r--r--  3/10     15 Dec 25 13:54 1998 ./GENERIC/ddn.h
rw-r--r--  3/10     15 Dec 25 13:54 1998 ./GENERIC/dmc.h
rw-r--r--  3/10     15 Dec 25 13:54 1998 ./GENERIC/dmv.h
rw-r--r--  3/10     14 Dec 25 13:54 1998 ./GENERIC/ec.h
rw-r--r--  3/10     14 Dec 25 13:54 1998 ./GENERIC/en.h
rw-r--r--  3/10     14 Dec 25 13:54 1998 ./GENERIC/ex.h
rw-r--r--  3/10     15 Dec 25 13:54 1998 ./GENERIC/hdh.h
rw-r--r--  3/10     14 Dec 25 13:54 1998 ./GENERIC/hy.h
rw-r--r--  3/10     14 Dec 25 13:54 1998 ./GENERIC/il.h
rw-r--r--  3/10     14 Dec 25 13:54 1998 ./GENERIC/np.h
rw-r--r--  3/10     15 Dec 25 13:54 1998 ./GENERIC/pcl.h
rw-r--r--  3/10     14 Dec 25 13:54 1998 ./GENERIC/qe.h
rw-r--r--  3/10     14 Dec 25 13:54 1998 ./GENERIC/ns.h
rw-r--r--  3/10     14 Dec 25 13:54 1998 ./GENERIC/vv.h
rw-r--r--  3/10     14 Dec 25 13:54 1998 ./GENERIC/hp.h
rw-r--r--  3/10     28 Dec 25 13:54 1998 ./GENERIC/tu.h
rw-r--r--  3/10     15 Dec 25 13:54 1998 ./GENERIC/mba.h
rw-r--r--  3/10     28 Dec 25 13:54 1998 ./GENERIC/mu.h
rw-r--r--  3/10     14 Dec 25 13:54 1998 ./GENERIC/ad.h
rw-r--r--  3/10     14 Dec 25 13:54 1998 ./GENERIC/ct.h
rw-r--r--  3/10     14 Dec 25 13:54 1998 ./GENERIC/dh.h
rw-r--r--  3/10     15 Dec 25 13:54 1998 ./GENERIC/dhu.h
rw-r--r--  3/10     15 Dec 25 13:54 1998 ./GENERIC/dmf.h
rw-r--r--  3/10     15 Dec 25 13:54 1998 ./GENERIC/dmz.h
rw-r--r--  3/10     14 Dec 25 13:54 1998 ./GENERIC/dn.h
rw-r--r--  3/10     14 Dec 25 13:54 1998 ./GENERIC/dz.h
rw-r--r--  3/10     29 Dec 25 13:54 1998 ./GENERIC/rb.h
rw-r--r--  3/10     14 Dec 25 13:54 1998 ./GENERIC/ik.h
rw-r--r--  3/10     14 Dec 25 13:54 1998 ./GENERIC/kg.h
rw-r--r--  3/10     14 Dec 25 13:54 1998 ./GENERIC/lp.h
rw-r--r--  3/10     15 Dec 25 13:54 1998 ./GENERIC/lpa.h
rw-r--r--  3/10     14 Dec 25 13:54 1998 ./GENERIC/ps.h
rw-r--r--  3/10     28 Dec 25 13:54 1998 ./GENERIC/rk.h
rw-r--r--  3/10     28 Dec 25 13:54 1998 ./GENERIC/rl.h
rw-r--r--  3/10     14 Dec 25 13:54 1998 ./GENERIC/rx.h
rw-r--r--  3/10     28 Dec 25 13:54 1998 ./GENERIC/te.h
rw-r--r--  3/10     32 Dec 25 13:54 1998 ./GENERIC/tms.h
rw-r--r--  3/10     28 Dec 25 13:54 1998 ./GENERIC/ts.h
rw-r--r--  3/10     15 Dec 25 13:54 1998 ./GENERIC/uba.h
rw-r--r--  3/10     28 Dec 25 13:54 1998 ./GENERIC/up.h
rw-r--r--  3/10     28 Dec 25 13:54 1998 ./GENERIC/tj.h
rw-r--r--  3/10     14 Dec 25 13:54 1998 ./GENERIC/uu.h
rw-r--r--  3/10     14 Dec 25 13:54 1998 ./GENERIC/va.h
rw-r--r--  3/10     14 Dec 25 13:54 1998 ./GENERIC/vp.h
rw-r--r--  3/10     14 Dec 25 13:54 1998 ./GENERIC/vs.h
rw-r--r--  3/10     14 Dec 25 13:54 1998 ./GENERIC/qv.h
rw-r--r--  3/10     14 Dec 25 13:54 1998 ./GENERIC/qd.h
rw-r--r--  3/10    222 Dec 25 13:54 1998 ./GENERIC/swaphkvmunix.c
rw-r--r--  3/10    222 Dec 25 13:54 1998 ./GENERIC/swaphpvmunix.c
rw-r--r--  3/10    838 Dec 25 14:01 1998 ./GENERIC/assym.s
rw-r--r--  3/10  58479 Dec 25 14:01 1998 ./GENERIC/locore.c
rw-r--r--  3/10   2830 Dec 25 14:01 1998 ./GENERIC/emulate.o
rw-r--r--  3/10  80671 Dec 25 14:01 1998 ./GENERIC/locore.o
rw-r--r--  3/10    933 Dec 25 14:01 1998 ./GENERIC/af.o
rw-r--r--  3/10   3168 Dec 25 14:01 1998 ./GENERIC/if.o
rw-r--r--  3/10   3043 Dec 25 14:01 1998 ./GENERIC/route.o
rw-r--r--  3/10   3337 Dec 25 14:02 1998 ./GENERIC/ip_output.o
rw-r--r--  3/10   1966 Dec 25 14:01 1998 ./GENERIC/if_loop.o
rw-r--r--  3/10   1737 Dec 25 14:01 1998 ./GENERIC/raw_cb.o
rw-r--r--  3/10   3320 Dec 25 14:02 1998 ./GENERIC/in.o
rw-r--r--  3/10   2326 Dec 25 14:01 1998 ./GENERIC/raw_usrreq.o
rw-r--r--  3/10   4982 Dec 25 14:01 1998 ./GENERIC/if_ether.o
rw-r--r--  3/10   3330 Dec 25 14:02 1998 ./GENERIC/in_pcb.o
rw-r--r--  3/10   1418 Dec 25 14:02 1998 ./GENERIC/in_proto.o
rw-r--r--  3/10   4239 Dec 25 14:02 1998 ./GENERIC/ip_icmp.o
rw-r--r--  3/10   7987 Dec 25 14:02 1998 ./GENERIC/ip_input.o
rw-r--r--  3/10   1283 Dec 25 14:02 1998 ./GENERIC/raw_ip.o
rw-r--r--  3/10   1956 Dec 25 14:07 1998 ./GENERIC/sys_socket.o
rw-r--r--  3/10   3631 Dec 25 14:02 1998 ./GENERIC/tcp_debug.o
rw-r--r--  3/10   7800 Dec 25 14:03 1998 ./GENERIC/tcp_input.o
rw-r--r--  3/10   3243 Dec 25 14:03 1998 ./GENERIC/tcp_subr.o
rw-r--r--  3/10   3319 Dec 25 14:03 1998 ./GENERIC/tcp_output.o
rw-r--r--  3/10   2383 Dec 25 14:03 1998 ./GENERIC/tcp_timer.o
rw-r--r--  3/10   2267 Dec 25 14:03 1998 ./GENERIC/ns.o
rw-r--r--  3/10   3774 Dec 25 14:03 1998 ./GENERIC/tcp_usrreq.o
rw-r--r--  3/10   3538 Dec 25 14:03 1998 ./GENERIC/udp_usrreq.o
rw-r--r--  3/10   3765 Dec 25 14:03 1998 ./GENERIC/idp_usrreq.o
rw-r--r--  3/10   2911 Dec 25 14:03 1998 ./GENERIC/ns_error.o
rw-r--r--  3/10     36 Dec 25 14:03 1998 ./GENERIC/ns_ip.o
rw-r--r--  3/10   5661 Dec 25 14:04 1998 ./GENERIC/ns_input.o
rw-r--r--  3/10   1343 Dec 25 14:04 1998 ./GENERIC/ns_output.o
rw-r--r--  3/10   3315 Dec 25 14:04 1998 ./GENERIC/ns_pcb.o
rw-r--r--  3/10   1346 Dec 25 14:04 1998 ./GENERIC/ns_proto.o
rw-r--r--  3/10   3507 Dec 25 14:04 1998 ./GENERIC/spp_debug.o
rw-r--r--  3/10   6077 Dec 25 14:04 1998 ./GENERIC/init_main.o
rw-r--r--  3/10  11672 Dec 25 14:04 1998 ./GENERIC/spp_usrreq.o
rw-r--r--  3/10   2833 Dec 25 14:05 1998 ./GENERIC/kern_acct.o
rw-r--r--  3/10   4804 Dec 25 14:05 1998 ./GENERIC/kern_exit.o
rw-r--r--  3/10   5494 Dec 25 14:04 1998 ./GENERIC/init_sysent.o
rw-r--r--  3/10   6485 Dec 25 14:05 1998 ./GENERIC/kern_exec.o
rw-r--r--  3/10   4363 Dec 25 14:05 1998 ./GENERIC/kern_clock.o
rw-r--r--  3/10   4594 Dec 25 14:05 1998 ./GENERIC/kern_descrip.o
rw-r--r--  3/10   4599 Dec 25 14:05 1998 ./GENERIC/kern_fork.o
rw-r--r--  3/10   3973 Dec 25 14:05 1998 ./GENERIC/kern_mman.o
rw-r--r--  3/10   3481 Dec 25 14:05 1998 ./GENERIC/kern_malloc.o
rw-r--r--  3/10   2870 Dec 25 14:05 1998 ./GENERIC/kern_proc.o
rw-r--r--  3/10   3641 Dec 25 14:05 1998 ./GENERIC/kern_prot.o
rw-r--r--  3/10   6668 Dec 25 14:06 1998 ./GENERIC/kern_sig.o
rw-r--r--  3/10   2227 Dec 25 14:06 1998 ./GENERIC/kern_resource.o
rw-r--r--  3/10   1469 Dec 25 14:06 1998 ./GENERIC/kern_subr.o
rw-r--r--  3/10   3423 Dec 25 14:06 1998 ./GENERIC/kern_time.o
rw-r--r--  3/10   4648 Dec 25 14:06 1998 ./GENERIC/kern_synch.o
rw-r--r--  3/10   1791 Dec 25 14:06 1998 ./GENERIC/kern_xxx.o
rw-r--r--  3/10   4016 Dec 25 14:06 1998 ./GENERIC/quota_sys.o
rw-r--r--  3/10  12097 Dec 25 14:08 1998 ./GENERIC/tty.o
rw-r--r--  3/10   5258 Dec 25 14:06 1998 ./GENERIC/quota_kern.o
rw-r--r--  3/10   2222 Dec 25 14:06 1998 ./GENERIC/quota_subr.o
rw-r--r--  3/10   2961 Dec 25 14:06 1998 ./GENERIC/quota_ufs.o
rw-r--r--  3/10   1962 Dec 25 14:07 1998 ./GENERIC/subr_log.o
rw-r--r--  3/10   4454 Dec 25 14:07 1998 ./GENERIC/subr_prf.o
rw-r--r--  3/10   2619 Dec 25 14:07 1998 ./GENERIC/subr_rmap.o
rw-r--r--  3/10    120 Dec 25 14:07 1998 ./GENERIC/subr_xxx.o
rw-r--r--  3/10   6667 Dec 25 14:07 1998 ./GENERIC/sys_inode.o
rw-r--r--  3/10   4839 Dec 25 14:07 1998 ./GENERIC/sys_generic.o
r--r--r--  3/10   2237 Dec 25 14:22 1998 ./GENERIC/param.c
rw-r--r--  3/10   3786 Dec 25 14:07 1998 ./GENERIC/sys_process.o
rw-r--r--  3/10   1756 Dec 25 14:08 1998 ./GENERIC/tty_conf.o
rw-r--r--  3/10   5491 Dec 25 14:08 1998 ./GENERIC/tty_pty.o
rw-r--r--  3/10   3210 Dec 25 14:08 1998 ./GENERIC/tty_subr.o
rw-r--r--  3/10   1704 Dec 25 14:08 1998 ./GENERIC/tty_tty.o
rw-r--r--  3/10  12675 Dec 25 14:08 1998 ./GENERIC/ufs_alloc.o
rw-r--r--  3/10   5839 Dec 25 14:08 1998 ./GENERIC/ufs_bio.o
rw-r--r--  3/10   2828 Dec 25 14:08 1998 ./GENERIC/ufs_bmap.o
rw-r--r--  3/10   3020 Dec 25 14:09 1998 ./GENERIC/ufs_disksubr.o
rw-r--r--  3/10   1810 Dec 25 14:09 1998 ./GENERIC/ufs_fio.o
rw-r--r--  3/10   6165 Dec 25 14:09 1998 ./GENERIC/ufs_inode.o
rw-r--r--  3/10   4220 Dec 25 14:09 1998 ./GENERIC/ufs_mount.o
rw-r--r--  3/10   8344 Dec 25 14:09 1998 ./GENERIC/ufs_namei.o
rw-r--r--  3/10   4528 Dec 25 14:09 1998 ./GENERIC/ufs_subr.o
rw-r--r--  3/10  11877 Dec 25 14:10 1998 ./GENERIC/ufs_syscalls.o
rw-r--r--  3/10    817 Dec 25 14:10 1998 ./GENERIC/ufs_tables.o
rw-r--r--  3/10   1103 Dec 25 14:10 1998 ./GENERIC/ufs_xxx.o
rw-r--r--  3/10   1361 Dec 25 14:10 1998 ./GENERIC/uipc_domain.o
rw-r--r--  3/10   5764 Dec 25 14:10 1998 ./GENERIC/uipc_mbuf.o
rw-r--r--  3/10    713 Dec 25 14:10 1998 ./GENERIC/uipc_proto.o
rw-r--r--  3/10   7551 Dec 25 14:10 1998 ./GENERIC/uipc_socket.o
rw-r--r--  3/10   6394 Dec 25 14:10 1998 ./GENERIC/uipc_socket2.o
rw-r--r--  3/10   7255 Dec 25 14:10 1998 ./GENERIC/uipc_syscalls.o
rw-r--r--  3/10   5843 Dec 25 14:11 1998 ./GENERIC/uipc_usrreq.o
rw-r--r--  3/10   6055 Dec 25 14:11 1998 ./GENERIC/vm_pt.o
rw-r--r--  3/10   4730 Dec 25 14:11 1998 ./GENERIC/vm_drum.o
rw-r--r--  3/10   7151 Dec 25 14:11 1998 ./GENERIC/vm_mem.o
rw-r--r--  3/10    975 Dec 25 14:11 1998 ./GENERIC/vm_mon.o
rw-r--r--  3/10  12190 Dec 25 14:11 1998 ./GENERIC/vm_page.o
rw-r--r--  3/10   4840 Dec 25 14:11 1998 ./GENERIC/vm_proc.o
rw-r--r--  3/10   5772 Dec 25 14:12 1998 ./GENERIC/vm_sched.o
rw-r--r--  3/10   2504 Dec 25 14:12 1998 ./GENERIC/vm_subr.o
rw-r--r--  3/10   2708 Dec 25 14:12 1998 ./GENERIC/vm_sw.o
rw-r--r--  3/10   4671 Dec 25 14:12 1998 ./GENERIC/vm_swap.o
rw-r--r--  3/10   4453 Dec 25 14:12 1998 ./GENERIC/vm_swp.o
rw-r--r--  3/10   5522 Dec 25 14:12 1998 ./GENERIC/vm_text.o
rw-r--r--  3/10  14573 Dec 25 14:12 1998 ./GENERIC/autoconf.o
rw-r--r--  3/10   2170 Dec 25 14:12 1998 ./GENERIC/clock.o
rw-r--r--  3/10  12361 Dec 25 14:13 1998 ./GENERIC/conf.o
rw-r--r--  3/10   3255 Dec 25 14:13 1998 ./GENERIC/cons.o
rw-r--r--  3/10   2944 Dec 25 14:13 1998 ./GENERIC/cpudata.o
rw-r--r--  3/10   2937 Dec 25 14:13 1998 ./GENERIC/crl.o
rw-r--r--  3/10    393 Dec 25 14:13 1998 ./GENERIC/dkbad.o
rw-r--r--  3/10   2852 Dec 25 14:13 1998 ./GENERIC/flp.o
rw-r--r--  3/10    510 Dec 25 14:13 1998 ./GENERIC/in_cksum.o
rw-r--r--  3/10   3988 Dec 25 14:13 1998 ./GENERIC/ka650.o
rw-r--r--  3/10   1883 Dec 25 14:13 1998 ./GENERIC/ka630.o
rw-r--r--  3/10   1084 Dec 25 14:13 1998 ./GENERIC/ka730.o
rw-r--r--  3/10   1067 Dec 25 14:13 1998 ./GENERIC/ka750.o
rw-r--r--  3/10   1191 Dec 25 14:13 1998 ./GENERIC/ka780.o
rw-r--r--  3/10   2868 Dec 25 14:13 1998 ./GENERIC/ka820.o
rw-r--r--  3/10   1825 Dec 25 14:13 1998 ./GENERIC/ka860.o
rw-r--r--  3/10  10564 Dec 25 14:14 1998 ./GENERIC/machdep.o
rw-r--r--  3/10   2710 Dec 25 14:14 1998 ./GENERIC/mem.o
rw-r--r--  3/10   6724 Dec 25 14:14 1998 ./GENERIC/mscp.o
rw-r--r--  3/10    726 Dec 25 14:14 1998 ./GENERIC/ns_cksum.o
rw-r--r--  3/10   1929 Dec 25 14:14 1998 ./GENERIC/rx50.o
rw-r--r--  3/10   1564 Dec 25 14:14 1998 ./GENERIC/sys_machdep.o
rw-r--r--  3/10   4019 Dec 25 14:14 1998 ./GENERIC/trap.o
rw-r--r--  3/10   8386 Dec 25 14:14 1998 ./GENERIC/tu.o
rw-r--r--  3/10    163 Dec 25 14:14 1998 ./GENERIC/udiv.o
rw-r--r--  3/10   2247 Dec 25 14:14 1998 ./GENERIC/ufs_machdep.o
rw-r--r--  3/10    162 Dec 25 14:14 1998 ./GENERIC/urem.o
rw-r--r--  3/10   3095 Dec 25 14:14 1998 ./GENERIC/vm_machdep.o
rw-r--r--  3/10    802 Dec 25 14:14 1998 ./GENERIC/bi.o
rw-r--r--  3/10  14177 Dec 25 14:15 1998 ./GENERIC/kdb.o
rw-r--r--  3/10   7983 Dec 25 14:15 1998 ./GENERIC/if_de.o
rw-r--r--  3/10   7675 Dec 25 14:15 1998 ./GENERIC/if_ec.o
rw-r--r--  3/10   7615 Dec 25 14:15 1998 ./GENERIC/if_ex.o
rw-r--r--  3/10   7099 Dec 25 14:16 1998 ./GENERIC/if_il.o
rw-r--r--  3/10   8265 Dec 25 14:16 1998 ./GENERIC/if_qe.o
rw-r--r--  3/10   4202 Dec 25 14:16 1998 ./GENERIC/if_uba.o
rw-r--r--  3/10  13441 Dec 25 14:16 1998 ./GENERIC/hp.o
rw-r--r--  3/10   6004 Dec 25 14:17 1998 ./GENERIC/ht.o
rw-r--r--  3/10   4580 Dec 25 14:17 1998 ./GENERIC/mba.o
rw-r--r--  3/10   7361 Dec 25 14:17 1998 ./GENERIC/mt.o
rw-r--r--  3/10   7540 Dec 25 14:17 1998 ./GENERIC/dh.o
rw-r--r--  3/10   6471 Dec 25 14:17 1998 ./GENERIC/dhu.o
rw-r--r--  3/10   6577 Dec 25 14:17 1998 ./GENERIC/dmf.o
rw-r--r--  3/10   5116 Dec 25 14:18 1998 ./GENERIC/dmx.o
rw-r--r--  3/10   4767 Dec 25 14:18 1998 ./GENERIC/dmz.o
rw-r--r--  3/10   8080 Dec 25 14:18 1998 ./GENERIC/dz.o
rw-r--r--  3/10  12923 Dec 25 14:18 1998 ./GENERIC/idc.o
rw-r--r--  3/10   3636 Dec 25 14:18 1998 ./GENERIC/lp.o
rw-r--r--  3/10   9644 Dec 25 14:19 1998 ./GENERIC/rk.o
rw-r--r--  3/10   7301 Dec 25 14:19 1998 ./GENERIC/rl.o
rw-r--r--  3/10   7907 Dec 25 14:19 1998 ./GENERIC/tm.o
rw-r--r--  3/10  13963 Dec 25 14:19 1998 ./GENERIC/tmscp.o
rw-r--r--  3/10   7974 Dec 25 14:20 1998 ./GENERIC/ts.o
rw-r--r--  3/10   7165 Dec 25 14:20 1998 ./GENERIC/uba.o
rw-r--r--  3/10  19311 Dec 25 14:20 1998 ./GENERIC/uda.o
rw-r--r--  3/10  10219 Dec 25 14:20 1998 ./GENERIC/up.o
rw-r--r--  3/10   7805 Dec 25 14:21 1998 ./GENERIC/ut.o
rw-r--r--  3/10   9639 Dec 25 14:21 1998 ./GENERIC/qv.o
rw-r--r--  3/10   5017 Dec 25 14:21 1998 ./GENERIC/qfont.o
rw-r--r--  3/10  25906 Dec 25 14:22 1998 ./GENERIC/qd.o
rw-r--r--  3/10   2179 Dec 25 14:22 1998 ./GENERIC/param.o
rw-r--r--  3/10      2 Dec 25 14:22 1998 ./GENERIC/version
rw-r--r--  3/10   9305 Dec 25 14:22 1998 ./GENERIC/ioconf.o
rw-r--r--  3/10    237 Dec 25 14:22 1998 ./GENERIC/vers.c
rw-r--r--  3/10   3106 Dec 25 14:22 1998 ./GENERIC/swapgeneric.o
rw-r--r--  3/10    275 Dec 25 14:22 1998 ./GENERIC/vers.o
rwxr-xr-x  3/10 483328 Dec 25 14:22 1998 ./GENERIC/vmunix
