rwxr-xr-x  3/10      0 Oct  2 21:53 1999 ./
rwxr-xr-x  3/10      0 Sep  7 09:56 1999 ./cassette/
r--r--r--  3/10   1453 Jan 14 17:34 1999 ./cassette/Makefile
rw-r--r--  3/10    127 Apr 30 05:48 1983 ./cassette/anyboo.cmd
rw-r--r--  3/10    155 Aug 24 01:13 1983 ./cassette/cassette.out1
rw-r--r--  3/10    155 Aug 24 01:08 1983 ./cassette/cassette.out
rw-r--r--  3/10    154 Apr 30 05:48 1983 ./cassette/defboo.hk
rw-r--r--  3/10    154 Apr 30 05:48 1983 ./cassette/defboo.ra
rw-r--r--  3/10    155 Apr 30 05:48 1983 ./cassette/defboo.rb
rw-r--r--  3/10    156 Jun 16 06:42 1983 ./cassette/defboo.rl
rw-r--r--  3/10    154 Apr 30 05:48 1983 ./cassette/defboo.up
rw-r--r--  3/10    102 Apr 30 05:48 1983 ./cassette/hkmboo.cmd
rw-r--r--  3/10    114 Apr 30 05:48 1983 ./cassette/hksboo.cmd
rw-r--r--  3/10    102 Apr 30 05:48 1983 ./cassette/ramboo.cmd
rw-r--r--  3/10    114 Apr 30 05:48 1983 ./cassette/rasboo.cmd
rw-r--r--  3/10    103 Apr 30 05:48 1983 ./cassette/rbmboo.cmd
rw-r--r--  3/10    115 Apr 30 05:48 1983 ./cassette/rbsboo.cmd
rw-r--r--  3/10     49 Apr 30 05:48 1983 ./cassette/restar.cmd
rw-r--r--  3/10    115 Sep 25 02:09 1983 ./cassette/rlsboo.cmd
rw-r--r--  3/10   1713 Aug 10 05:18 1983 ./cassette/update.out
rw-r--r--  3/10    102 Apr 30 05:48 1983 ./cassette/upmboo.cmd
rw-r--r--  3/10    114 Apr 30 05:48 1983 ./cassette/upsboo.cmd
rw-r--r--  3/10  34680 Oct  2 22:28 1999 ./cassette/boot
rw-r--r--  3/10  38952 Oct  2 22:28 1999 ./cassette/copy
rw-r--r--  3/10  32400 Oct  2 22:28 1999 ./cassette/format
rw-r--r--  3/10  27224 Oct  2 22:28 1999 ./cassette/drtest
rwxr-xr-x  3/10      0 Sep  7 09:15 1999 ./consolerl/
r--r--r--  3/10    988 Sep  7 09:15 1999 ./consolerl/Makefile
rw-r--r--  3/10  34680 Oct  2 22:28 1999 ./consolerl/boot
rw-r--r--  3/10  38952 Oct  2 22:28 1999 ./consolerl/copy
rw-r--r--  3/10  32400 Oct  2 22:28 1999 ./consolerl/format
rw-r--r--  3/10  27224 Oct  2 22:28 1999 ./consolerl/drtest
rw-r--r--  3/10    595 Oct  3 11:49 1985 ./consolerl/anyboo.com
rw-r--r--  3/10    585 Aug  9 03:57 1985 ./consolerl/defboo.hk
rw-r--r--  3/10    585 Aug  9 03:57 1985 ./consolerl/defboo.hp
rw-r--r--  3/10    595 Aug  9 03:57 1985 ./consolerl/defboo.ra
rw-r--r--  3/10    585 Aug  9 03:57 1985 ./consolerl/defboo.up
rw-r--r--  3/10    585 Aug  9 03:32 1985 ./consolerl/hkmboo.com
rw-r--r--  3/10    587 Aug  9 03:32 1985 ./consolerl/hksboo.com
rw-r--r--  3/10    585 Aug  9 03:32 1985 ./consolerl/hpmboo.com
rw-r--r--  3/10    587 Aug  9 03:32 1985 ./consolerl/hpsboo.com
rw-r--r--  3/10    595 Aug  9 03:32 1985 ./consolerl/ramboo.com
rw-r--r--  3/10    597 Aug  9 03:32 1985 ./consolerl/rasboo.com
rw-r--r--  3/10    585 Aug  9 03:32 1985 ./consolerl/upmboo.com
rw-r--r--  3/10    587 Aug  9 03:32 1985 ./consolerl/upsboo.com
rwxr-xr-x  3/10      0 Jan 14 17:12 1999 ./floppy/
r--r--r--  3/10   1283 Jan 12 14:53 1999 ./floppy/Makefile
rw-r--r--  3/10  34680 Oct  2 22:28 1999 ./floppy/boot
rw-r--r--  3/10  38952 Oct  2 22:28 1999 ./floppy/copy
rw-r--r--  3/10  32400 Oct  2 22:28 1999 ./floppy/format
rw-r--r--  3/10  27224 Oct  2 22:28 1999 ./floppy/drtest
rw-r--r--  3/10    209 Feb 12 03:56 1983 ./floppy/anyboo.cmd
rw-r--r--  3/10    278 Sep 25 01:37 1983 ./floppy/defboo.hk
rw-r--r--  3/10    278 Sep 25 01:37 1983 ./floppy/defboo.hp
rw-r--r--  3/10    286 Jul 14 03:24 1988 ./floppy/defboo.kra
rw-r--r--  3/10    512 May 21 02:35 1985 ./floppy/defboo.MS780C-interleaved
rw-r--r--  3/10    278 Sep 25 01:35 1983 ./floppy/defboo.ra
rw-r--r--  3/10    278 Sep 25 01:38 1983 ./floppy/defboo.up
rw-r--r--  3/10    175 Sep 25 01:42 1983 ./floppy/hkmboo.cmd
rw-r--r--  3/10    179 Sep 25 01:42 1983 ./floppy/hksboo.cmd
rw-r--r--  3/10    175 Feb 12 03:56 1983 ./floppy/hpmboo.cmd
rw-r--r--  3/10    179 Feb 12 03:56 1983 ./floppy/hpsboo.cmd
rw-r--r--  3/10    175 Sep 25 01:43 1983 ./floppy/ramboo.cmd
rw-r--r--  3/10    179 Sep 25 01:43 1983 ./floppy/rasboo.cmd
rw-r--r--  3/10    270 Aug  1 04:20 1983 ./floppy/restar.cmd
rw-r--r--  3/10    175 Feb 12 03:56 1983 ./floppy/upmboo.cmd
rw-r--r--  3/10    179 Feb 12 03:56 1983 ./floppy/upsboo.cmd
rw-r--r--  3/10    281 Mar  6 04:41 1983 ./floppy/utboot.cmd
rw-r--r--  3/10   9984 Jan  8 01:41 1999 ./floppy/3tracks
rwxr-xr-x  3/10      0 Jan 14 17:50 1999 ./h/
rwxr-xr-x  3/10      0 Oct  2 15:27 1999 ./h/tags symbolic link to ../machine/tags
r--r--r--  3/10   1390 Jan 12 14:54 1999 ./h/acct.h
r--r--r--  3/10   6519 Jan 12 14:54 1999 ./h/buf.h
r--r--r--  3/10    716 Jan 12 14:54 1999 ./h/callout.h
r--r--r--  3/10    460 Jan 12 14:54 1999 ./h/clist.h
r--r--r--  3/10   2567 Jan 12 14:54 1999 ./h/cmap.h
r--r--r--  3/10   1379 Jan 12 14:54 1999 ./h/conf.h
r--r--r--  3/10   3266 Jan 12 14:54 1999 ./h/dir.h
r--r--r--  3/10   8964 Jan 12 14:54 1999 ./h/disklabel.h
r--r--r--  3/10   1553 Jan 12 14:54 1999 ./h/dkbad.h
r--r--r--  3/10    613 Jan 12 14:54 1999 ./h/dkstat.h
r--r--r--  3/10    865 Jan 12 14:54 1999 ./h/dmap.h
r--r--r--  3/10   1288 Jan 12 14:54 1999 ./h/domain.h
r--r--r--  3/10   3859 Jan 12 14:54 1999 ./h/errno.h
r--r--r--  3/10    829 Jan 12 14:54 1999 ./h/exec.h
r--r--r--  3/10   3180 Jan 12 14:54 1999 ./h/file.h
r--r--r--  3/10  17232 Jan 12 14:54 1999 ./h/fs.h
r--r--r--  3/10   2228 Jan 12 14:54 1999 ./h/gprof.h
r--r--r--  3/10   6079 Jan 12 14:54 1999 ./h/inode.h
r--r--r--  3/10  11488 Jan 12 14:54 1999 ./h/ioctl.h
r--r--r--  3/10    721 Jan 12 14:54 1999 ./h/kernel.h
r--r--r--  3/10   5557 Jan 12 14:54 1999 ./h/malloc.h
r--r--r--  3/10   1865 Jan 12 14:54 1999 ./h/map.h
r--r--r--  3/10   5384 Jan 12 14:54 1999 ./h/mbuf.h
r--r--r--  3/10    909 Jan 12 14:54 1999 ./h/mman.h
r--r--r--  3/10    600 Jan 12 14:54 1999 ./h/mount.h
r--r--r--  3/10    451 Jan 12 14:54 1999 ./h/msgbuf.h
r--r--r--  3/10   2348 Jan 12 14:54 1999 ./h/mtio.h
r--r--r--  3/10   2779 Jan 12 14:54 1999 ./h/namei.h
r--r--r--  3/10   5485 Jan 12 14:54 1999 ./h/param.h
r--r--r--  3/10   5124 Jan 12 14:54 1999 ./h/proc.h
r--r--r--  3/10   7869 Jan 12 14:54 1999 ./h/protosw.h
r--r--r--  3/10    837 Jan 12 14:54 1999 ./h/ptrace.h
r--r--r--  3/10   5732 Jan 12 14:54 1999 ./h/quota.h
r--r--r--  3/10   2942 Jan 12 14:54 1999 ./h/reboot.h
r--r--r--  3/10   1780 Jan 12 14:54 1999 ./h/resource.h
r--r--r--  3/10   3458 Jan 12 14:54 1999 ./h/signal.h
r--r--r--  3/10   4909 Jan 12 14:54 1999 ./h/socket.h
r--r--r--  3/10   5652 Jan 12 14:54 1999 ./h/socketvar.h
r--r--r--  3/10   1198 Jan 12 14:54 1999 ./h/stat.h
r--r--r--  3/10   3813 Jan 12 14:54 1999 ./h/syscall.h
r--r--r--  3/10   3420 Jan 12 14:54 1999 ./h/syslog.h
r--r--r--  3/10   2091 Jan 12 14:54 1999 ./h/systm.h
r--r--r--  3/10   2213 Jan 12 14:54 1999 ./h/tablet.h
r--r--r--  3/10    677 Jan 12 14:54 1999 ./h/bkmac.h
r--r--r--  3/10   2031 Jan 12 14:54 1999 ./h/text.h
r--r--r--  3/10   1484 Jan 12 14:54 1999 ./h/time.h
r--r--r--  3/10    380 Jan 12 14:54 1999 ./h/timeb.h
r--r--r--  3/10    466 Jan 12 14:54 1999 ./h/times.h
r--r--r--  3/10   2674 Jan 12 14:54 1999 ./h/trace.h
r--r--r--  3/10   4412 Jan 12 14:54 1999 ./h/tty.h
r--r--r--  3/10   1355 Jan 12 14:54 1999 ./h/ttychars.h
r--r--r--  3/10    736 Jan 12 14:54 1999 ./h/ttydev.h
r--r--r--  3/10   2068 Jan 12 14:54 1999 ./h/types.h
r--r--r--  3/10    672 Jan 12 14:54 1999 ./h/uio.h
r--r--r--  3/10   1052 Jan 12 14:54 1999 ./h/un.h
r--r--r--  3/10   2495 Jan 12 14:54 1999 ./h/unpcb.h
r--r--r--  3/10   4474 Jan 12 14:54 1999 ./h/user.h
r--r--r--  3/10    661 Mar 12 06:34 1987 ./h/vadvise.h
r--r--r--  3/10    472 Jan 12 14:54 1999 ./h/vcmd.h
r--r--r--  3/10    707 Jan 12 14:54 1999 ./h/vlimit.h
r--r--r--  3/10    601 May 13 23:23 1988 ./h/vm.h
r--r--r--  3/10   5527 Nov 12 01:51 1987 ./h/vmmac.h
r--r--r--  3/10   3438 Jan 12 14:54 1999 ./h/vmmeter.h
r--r--r--  3/10    503 May 13 23:23 1988 ./h/vmparam.h
r--r--r--  3/10   1664 Jun  4 11:32 1986 ./h/vmsystm.h
r--r--r--  3/10   3880 Jan 12 14:54 1999 ./h/vsio.h
r--r--r--  3/10    995 Jun  4 11:33 1986 ./h/vtimes.h
r--r--r--  3/10   3004 Jan 12 14:54 1999 ./h/wait.h
r--r--r--  3/10    335 Jan 12 14:54 1999 ./h/seg.h
rwxr-xr-x  3/10      0 Jan 12 14:55 1999 ./kdb/
r--r--r--  3/10   2005 Jan 12 14:55 1999 ./kdb/defs.h
r--r--r--  3/10    829 Jan 12 14:55 1999 ./kdb/kdb_access.c
r--r--r--  3/10   3251 Jan 12 14:55 1999 ./kdb/kdb_command.c
r--r--r--  3/10    874 Jan 12 14:55 1999 ./kdb/kdb_ctype.c
r--r--r--  3/10   5325 Jan 12 14:55 1999 ./kdb/kdb_expr.c
r--r--r--  3/10   4435 Jan 12 14:55 1999 ./kdb/kdb_format.c
r--r--r--  3/10   1985 Jan 12 14:55 1999 ./kdb/kdb_input.c
r--r--r--  3/10    885 Jan 12 14:55 1999 ./kdb/kdb_message.c
r--r--r--  3/10   3440 Jan 12 14:55 1999 ./kdb/kdb_output.c
r--r--r--  3/10   1521 Jan 12 14:55 1999 ./kdb/kdb_pcs.c
r--r--r--  3/10   4509 Jan 12 14:55 1999 ./kdb/kdb_print.c
r--r--r--  3/10   2876 Jan 12 14:55 1999 ./kdb/kdb_runpcs.c
r--r--r--  3/10   3379 Jan 12 14:55 1999 ./kdb/kdb_sym.c
r--r--r--  3/10   1613 Jan 12 14:55 1999 ./kdb/kdb_trap.c
r--r--r--  3/10   3244 Nov 22 22:56 1986 ./kdb/redef.h
rwxr-xr-x  0/10      0 Oct  2 22:15 1999 ./GENERIC/
rw-r--r--  0/10   8777 Oct  2 21:53 1999 ./GENERIC/ioconf.c
rw-r--r--  0/10   9543 Oct  2 21:53 1999 ./GENERIC/ubglue.s
rw-r--r--  0/10    228 Oct  2 21:53 1999 ./GENERIC/ubvec.s
rwxr-xr-x  0/10      0 Oct  2 21:53 1999 ./GENERIC/sys symbolic link to ../h
rwxr-xr-x  0/10      0 Oct  2 21:53 1999 ./GENERIC/machine symbolic link to ../vax
rw-r--r--  0/10 110466 Oct  2 21:59 1999 ./GENERIC/Makefile
rw-r--r--  0/10     16 Oct  2 21:53 1999 ./GENERIC/kadb.h
rw-r--r--  0/10     16 Oct  2 21:53 1999 ./GENERIC/loop.h
rw-r--r--  0/10     14 Oct  2 21:53 1999 ./GENERIC/sl.h
rw-r--r--  0/10     15 Oct  2 21:53 1999 ./GENERIC/imp.h
rw-r--r--  0/10     17 Oct  2 21:53 1999 ./GENERIC/ether.h
rw-r--r--  0/10     14 Oct  2 21:53 1999 ./GENERIC/bk.h
rw-r--r--  0/10     15 Oct  2 21:53 1999 ./GENERIC/pty.h
rw-r--r--  0/10     14 Oct  2 21:53 1999 ./GENERIC/tb.h
rw-r--r--  0/10     29 Oct  2 21:53 1999 ./GENERIC/ra.h
rw-r--r--  0/10     30 Oct  2 21:53 1999 ./GENERIC/kra.h
rw-r--r--  0/10     14 Oct  2 21:53 1999 ./GENERIC/ii.h
rw-r--r--  0/10     14 Oct  2 21:53 1999 ./GENERIC/bi.h
rw-r--r--  0/10     15 Oct  2 21:53 1999 ./GENERIC/acc.h
rw-r--r--  0/10     15 Oct  2 21:53 1999 ./GENERIC/css.h
rw-r--r--  0/10     14 Oct  2 21:53 1999 ./GENERIC/de.h
rw-r--r--  0/10     15 Oct  2 21:53 1999 ./GENERIC/ddn.h
rw-r--r--  0/10     15 Oct  2 21:53 1999 ./GENERIC/dmc.h
rw-r--r--  0/10     15 Oct  2 21:53 1999 ./GENERIC/dmv.h
rw-r--r--  0/10     14 Oct  2 21:53 1999 ./GENERIC/ec.h
rw-r--r--  0/10     14 Oct  2 21:53 1999 ./GENERIC/en.h
rw-r--r--  0/10     14 Oct  2 21:53 1999 ./GENERIC/ex.h
rw-r--r--  0/10     15 Oct  2 21:53 1999 ./GENERIC/hdh.h
rw-r--r--  0/10     14 Oct  2 21:53 1999 ./GENERIC/hy.h
rw-r--r--  0/10     14 Oct  2 21:53 1999 ./GENERIC/il.h
rw-r--r--  0/10     14 Oct  2 21:53 1999 ./GENERIC/np.h
rw-r--r--  0/10     15 Oct  2 21:53 1999 ./GENERIC/pcl.h
rw-r--r--  0/10     14 Oct  2 21:53 1999 ./GENERIC/qe.h
rw-r--r--  0/10     14 Oct  2 21:53 1999 ./GENERIC/ns.h
rw-r--r--  0/10     14 Oct  2 21:53 1999 ./GENERIC/vv.h
rw-r--r--  0/10     14 Oct  2 21:53 1999 ./GENERIC/hp.h
rw-r--r--  0/10     28 Oct  2 21:53 1999 ./GENERIC/tu.h
rw-r--r--  0/10     15 Oct  2 21:53 1999 ./GENERIC/mba.h
rw-r--r--  0/10     28 Oct  2 21:53 1999 ./GENERIC/mu.h
rw-r--r--  0/10     14 Oct  2 21:53 1999 ./GENERIC/ad.h
rw-r--r--  0/10     14 Oct  2 21:53 1999 ./GENERIC/ct.h
rw-r--r--  0/10     14 Oct  2 21:53 1999 ./GENERIC/dh.h
rw-r--r--  0/10     15 Oct  2 21:53 1999 ./GENERIC/dhu.h
rw-r--r--  0/10     15 Oct  2 21:53 1999 ./GENERIC/dmf.h
rw-r--r--  0/10     15 Oct  2 21:53 1999 ./GENERIC/dmz.h
rw-r--r--  0/10     14 Oct  2 21:53 1999 ./GENERIC/dn.h
rw-r--r--  0/10     14 Oct  2 21:53 1999 ./GENERIC/dz.h
rw-r--r--  0/10     29 Oct  2 21:53 1999 ./GENERIC/rb.h
rw-r--r--  0/10     14 Oct  2 21:53 1999 ./GENERIC/ik.h
rw-r--r--  0/10     14 Oct  2 21:53 1999 ./GENERIC/kg.h
rw-r--r--  0/10     14 Oct  2 21:53 1999 ./GENERIC/lp.h
rw-r--r--  0/10     15 Oct  2 21:53 1999 ./GENERIC/lpa.h
rw-r--r--  0/10     14 Oct  2 21:53 1999 ./GENERIC/ps.h
rw-r--r--  0/10     28 Oct  2 21:53 1999 ./GENERIC/rk.h
rw-r--r--  0/10     28 Oct  2 21:53 1999 ./GENERIC/rl.h
rw-r--r--  0/10     14 Oct  2 21:53 1999 ./GENERIC/rx.h
rw-r--r--  0/10     28 Oct  2 21:53 1999 ./GENERIC/te.h
rw-r--r--  0/10     32 Oct  2 21:53 1999 ./GENERIC/tms.h
rw-r--r--  0/10     28 Oct  2 21:53 1999 ./GENERIC/ts.h
rw-r--r--  0/10     15 Oct  2 21:53 1999 ./GENERIC/uba.h
rw-r--r--  0/10     28 Oct  2 21:53 1999 ./GENERIC/up.h
rw-r--r--  0/10     28 Oct  2 21:53 1999 ./GENERIC/tj.h
rw-r--r--  0/10     14 Oct  2 21:53 1999 ./GENERIC/uu.h
rw-r--r--  0/10     14 Oct  2 21:53 1999 ./GENERIC/va.h
rw-r--r--  0/10     14 Oct  2 21:53 1999 ./GENERIC/vp.h
rw-r--r--  0/10     14 Oct  2 21:53 1999 ./GENERIC/vs.h
rw-r--r--  0/10     14 Oct  2 21:53 1999 ./GENERIC/qv.h
rw-r--r--  0/10     14 Oct  2 21:53 1999 ./GENERIC/qd.h
rw-r--r--  0/10    838 Oct  2 21:59 1999 ./GENERIC/assym.s
rw-r--r--  0/10  58474 Oct  2 21:59 1999 ./GENERIC/locore.c
rw-r--r--  0/10   2830 Oct  2 21:59 1999 ./GENERIC/emulate.o
rw-r--r--  0/10  80707 Oct  2 21:59 1999 ./GENERIC/locore.o
rw-r--r--  0/10    933 Oct  2 21:59 1999 ./GENERIC/af.o
rw-r--r--  0/10   3168 Oct  2 21:59 1999 ./GENERIC/if.o
rw-r--r--  0/10   3043 Oct  2 22:00 1999 ./GENERIC/route.o
rw-r--r--  0/10   7800 Oct  2 22:01 1999 ./GENERIC/tcp_input.o
rw-r--r--  0/10   1966 Oct  2 22:00 1999 ./GENERIC/if_loop.o
rw-r--r--  0/10   1737 Oct  2 22:00 1999 ./GENERIC/raw_cb.o
rw-r--r--  0/10   3320 Oct  2 22:00 1999 ./GENERIC/in.o
rw-r--r--  0/10   2326 Oct  2 22:00 1999 ./GENERIC/raw_usrreq.o
rw-r--r--  0/10   4982 Oct  2 22:00 1999 ./GENERIC/if_ether.o
r--r--r--  0/10   2237 Oct  2 22:15 1999 ./GENERIC/param.c
rw-r--r--  0/10   3330 Oct  2 22:00 1999 ./GENERIC/in_pcb.o
rw-r--r--  0/10   1418 Oct  2 22:00 1999 ./GENERIC/in_proto.o
rw-r--r--  0/10   4239 Oct  2 22:00 1999 ./GENERIC/ip_icmp.o
rw-r--r--  0/10   7987 Oct  2 22:00 1999 ./GENERIC/ip_input.o
rw-r--r--  0/10   3337 Oct  2 22:00 1999 ./GENERIC/ip_output.o
rw-r--r--  0/10   1283 Oct  2 22:00 1999 ./GENERIC/raw_ip.o
rw-r--r--  0/10   3631 Oct  2 22:01 1999 ./GENERIC/tcp_debug.o
rw-r--r--  0/10   7907 Oct  2 22:13 1999 ./GENERIC/tm.o
rw-r--r--  0/10   3319 Oct  2 22:01 1999 ./GENERIC/tcp_output.o
rw-r--r--  0/10   3243 Oct  2 22:01 1999 ./GENERIC/tcp_subr.o
rw-r--r--  0/10   2383 Oct  2 22:01 1999 ./GENERIC/tcp_timer.o
rw-r--r--  0/10   3774 Oct  2 22:01 1999 ./GENERIC/tcp_usrreq.o
rw-r--r--  0/10   3538 Oct  2 22:01 1999 ./GENERIC/udp_usrreq.o
rw-r--r--  0/10   3765 Oct  2 22:01 1999 ./GENERIC/idp_usrreq.o
rw-r--r--  0/10   2267 Oct  2 22:01 1999 ./GENERIC/ns.o
rw-r--r--  0/10   2911 Oct  2 22:01 1999 ./GENERIC/ns_error.o
rw-r--r--  0/10     36 Oct  2 22:01 1999 ./GENERIC/ns_ip.o
rw-r--r--  0/10   5661 Oct  2 22:01 1999 ./GENERIC/ns_input.o
rw-r--r--  0/10   1343 Oct  2 22:02 1999 ./GENERIC/ns_output.o
rw-r--r--  0/10   3315 Oct  2 22:02 1999 ./GENERIC/ns_pcb.o
rw-r--r--  0/10   1346 Oct  2 22:02 1999 ./GENERIC/ns_proto.o
rw-r--r--  0/10   3507 Oct  2 22:02 1999 ./GENERIC/spp_debug.o
rw-r--r--  0/10  11672 Oct  2 22:02 1999 ./GENERIC/spp_usrreq.o
rw-r--r--  0/10   6077 Oct  2 22:02 1999 ./GENERIC/init_main.o
rw-r--r--  0/10   5494 Oct  2 22:02 1999 ./GENERIC/init_sysent.o
rw-r--r--  0/10   2833 Oct  2 22:02 1999 ./GENERIC/kern_acct.o
rw-r--r--  0/10   4363 Oct  2 22:02 1999 ./GENERIC/kern_clock.o
rw-r--r--  0/10   4594 Oct  2 22:02 1999 ./GENERIC/kern_descrip.o
rw-r--r--  0/10   6485 Oct  2 22:02 1999 ./GENERIC/kern_exec.o
rw-r--r--  0/10   4804 Oct  2 22:03 1999 ./GENERIC/kern_exit.o
rw-r--r--  0/10   4599 Oct  2 22:03 1999 ./GENERIC/kern_fork.o
rw-r--r--  0/10   3481 Oct  2 22:03 1999 ./GENERIC/kern_malloc.o
rw-r--r--  0/10   3973 Oct  2 22:03 1999 ./GENERIC/kern_mman.o
rw-r--r--  0/10   2870 Oct  2 22:03 1999 ./GENERIC/kern_proc.o
rw-r--r--  0/10   3641 Oct  2 22:03 1999 ./GENERIC/kern_prot.o
rw-r--r--  0/10   2227 Oct  2 22:03 1999 ./GENERIC/kern_resource.o
rw-r--r--  0/10   6668 Oct  2 22:03 1999 ./GENERIC/kern_sig.o
rw-r--r--  0/10   1469 Oct  2 22:03 1999 ./GENERIC/kern_subr.o
rw-r--r--  0/10   4648 Oct  2 22:03 1999 ./GENERIC/kern_synch.o
rw-r--r--  0/10   3423 Oct  2 22:03 1999 ./GENERIC/kern_time.o
rw-r--r--  0/10   1791 Oct  2 22:03 1999 ./GENERIC/kern_xxx.o
rw-r--r--  0/10   5258 Oct  2 22:03 1999 ./GENERIC/quota_kern.o
rw-r--r--  0/10   2222 Oct  2 22:04 1999 ./GENERIC/quota_subr.o
rw-r--r--  0/10   4016 Oct  2 22:04 1999 ./GENERIC/quota_sys.o
rw-r--r--  0/10   2961 Oct  2 22:04 1999 ./GENERIC/quota_ufs.o
rw-r--r--  0/10   1962 Oct  2 22:04 1999 ./GENERIC/subr_log.o
rw-r--r--  0/10   4454 Oct  2 22:04 1999 ./GENERIC/subr_prf.o
rw-r--r--  0/10   2619 Oct  2 22:04 1999 ./GENERIC/subr_rmap.o
rw-r--r--  0/10    120 Oct  2 22:04 1999 ./GENERIC/subr_xxx.o
rw-r--r--  0/10   4839 Oct  2 22:04 1999 ./GENERIC/sys_generic.o
rw-r--r--  0/10   6667 Oct  2 22:04 1999 ./GENERIC/sys_inode.o
rw-r--r--  0/10   3786 Oct  2 22:04 1999 ./GENERIC/sys_process.o
rw-r--r--  0/10   1956 Oct  2 22:04 1999 ./GENERIC/sys_socket.o
rw-r--r--  0/10  12097 Oct  2 22:04 1999 ./GENERIC/tty.o
rw-r--r--  0/10   1756 Oct  2 22:05 1999 ./GENERIC/tty_conf.o
rw-r--r--  0/10   5491 Oct  2 22:05 1999 ./GENERIC/tty_pty.o
rw-r--r--  0/10   3210 Oct  2 22:05 1999 ./GENERIC/tty_subr.o
rw-r--r--  0/10   1704 Oct  2 22:05 1999 ./GENERIC/tty_tty.o
rw-r--r--  0/10  12675 Oct  2 22:05 1999 ./GENERIC/ufs_alloc.o
rw-r--r--  0/10   5839 Oct  2 22:05 1999 ./GENERIC/ufs_bio.o
rw-r--r--  0/10   2828 Oct  2 22:05 1999 ./GENERIC/ufs_bmap.o
rw-r--r--  0/10   3020 Oct  2 22:05 1999 ./GENERIC/ufs_disksubr.o
rw-r--r--  0/10   1810 Oct  2 22:05 1999 ./GENERIC/ufs_fio.o
rw-r--r--  0/10   6165 Oct  2 22:05 1999 ./GENERIC/ufs_inode.o
rw-r--r--  0/10   4220 Oct  2 22:06 1999 ./GENERIC/ufs_mount.o
rw-r--r--  0/10   8344 Oct  2 22:06 1999 ./GENERIC/ufs_namei.o
rw-r--r--  0/10   4528 Oct  2 22:06 1999 ./GENERIC/ufs_subr.o
rw-r--r--  0/10  11877 Oct  2 22:06 1999 ./GENERIC/ufs_syscalls.o
rw-r--r--  0/10    817 Oct  2 22:06 1999 ./GENERIC/ufs_tables.o
rw-r--r--  0/10   1103 Oct  2 22:06 1999 ./GENERIC/ufs_xxx.o
rw-r--r--  0/10   1361 Oct  2 22:06 1999 ./GENERIC/uipc_domain.o
rw-r--r--  0/10   5764 Oct  2 22:06 1999 ./GENERIC/uipc_mbuf.o
rw-r--r--  0/10    713 Oct  2 22:06 1999 ./GENERIC/uipc_proto.o
rw-r--r--  0/10   7551 Oct  2 22:06 1999 ./GENERIC/uipc_socket.o
rw-r--r--  0/10   6394 Oct  2 22:06 1999 ./GENERIC/uipc_socket2.o
rw-r--r--  0/10   7255 Oct  2 22:07 1999 ./GENERIC/uipc_syscalls.o
rw-r--r--  0/10   5843 Oct  2 22:07 1999 ./GENERIC/uipc_usrreq.o
rw-r--r--  0/10   4730 Oct  2 22:07 1999 ./GENERIC/vm_drum.o
rw-r--r--  0/10   7151 Oct  2 22:07 1999 ./GENERIC/vm_mem.o
rw-r--r--  0/10   6055 Oct  2 22:07 1999 ./GENERIC/vm_pt.o
rw-r--r--  0/10    975 Oct  2 22:07 1999 ./GENERIC/vm_mon.o
rw-r--r--  0/10  12190 Oct  2 22:07 1999 ./GENERIC/vm_page.o
rw-r--r--  0/10   4840 Oct  2 22:07 1999 ./GENERIC/vm_proc.o
rw-r--r--  0/10   5772 Oct  2 22:07 1999 ./GENERIC/vm_sched.o
rw-r--r--  0/10   2504 Oct  2 22:08 1999 ./GENERIC/vm_subr.o
rw-r--r--  0/10   2708 Oct  2 22:08 1999 ./GENERIC/vm_sw.o
rw-r--r--  0/10   4671 Oct  2 22:08 1999 ./GENERIC/vm_swap.o
rw-r--r--  0/10   4453 Oct  2 22:08 1999 ./GENERIC/vm_swp.o
rw-r--r--  0/10   5522 Oct  2 22:08 1999 ./GENERIC/vm_text.o
rw-r--r--  0/10  14585 Oct  2 22:08 1999 ./GENERIC/autoconf.o
rw-r--r--  0/10   2170 Oct  2 22:08 1999 ./GENERIC/clock.o
rw-r--r--  0/10  12361 Oct  2 22:08 1999 ./GENERIC/conf.o
rw-r--r--  0/10   3255 Oct  2 22:08 1999 ./GENERIC/cons.o
rw-r--r--  0/10   2944 Oct  2 22:08 1999 ./GENERIC/cpudata.o
rw-r--r--  0/10   2937 Oct  2 22:08 1999 ./GENERIC/crl.o
rw-r--r--  0/10    393 Oct  2 22:08 1999 ./GENERIC/dkbad.o
rw-r--r--  0/10   2852 Oct  2 22:09 1999 ./GENERIC/flp.o
rw-r--r--  0/10    510 Oct  2 22:09 1999 ./GENERIC/in_cksum.o
rw-r--r--  0/10   3988 Oct  2 22:09 1999 ./GENERIC/ka650.o
rw-r--r--  0/10   1883 Oct  2 22:09 1999 ./GENERIC/ka630.o
rw-r--r--  0/10   1084 Oct  2 22:09 1999 ./GENERIC/ka730.o
rw-r--r--  0/10   1067 Oct  2 22:09 1999 ./GENERIC/ka750.o
rw-r--r--  0/10   1191 Oct  2 22:09 1999 ./GENERIC/ka780.o
rw-r--r--  0/10   2868 Oct  2 22:09 1999 ./GENERIC/ka820.o
rw-r--r--  0/10   1825 Oct  2 22:09 1999 ./GENERIC/ka860.o
rw-r--r--  0/10  10564 Oct  2 22:09 1999 ./GENERIC/machdep.o
rw-r--r--  0/10   2710 Oct  2 22:09 1999 ./GENERIC/mem.o
rw-r--r--  0/10   6724 Oct  2 22:09 1999 ./GENERIC/mscp.o
rw-r--r--  0/10   1929 Oct  2 22:09 1999 ./GENERIC/rx50.o
rw-r--r--  0/10    726 Oct  2 22:09 1999 ./GENERIC/ns_cksum.o
rw-r--r--  0/10   1564 Oct  2 22:09 1999 ./GENERIC/sys_machdep.o
rw-r--r--  0/10   4019 Oct  2 22:09 1999 ./GENERIC/trap.o
rw-r--r--  0/10   8386 Oct  2 22:10 1999 ./GENERIC/tu.o
rw-r--r--  0/10    163 Oct  2 22:10 1999 ./GENERIC/udiv.o
rw-r--r--  0/10   2247 Oct  2 22:10 1999 ./GENERIC/ufs_machdep.o
rw-r--r--  0/10    162 Oct  2 22:10 1999 ./GENERIC/urem.o
rw-r--r--  0/10   3095 Oct  2 22:10 1999 ./GENERIC/vm_machdep.o
rw-r--r--  0/10    802 Oct  2 22:10 1999 ./GENERIC/bi.o
rw-r--r--  0/10  15119 Oct  2 22:10 1999 ./GENERIC/kdb.o
rw-r--r--  0/10   7983 Oct  2 22:10 1999 ./GENERIC/if_de.o
rw-r--r--  0/10   7675 Oct  2 22:10 1999 ./GENERIC/if_ec.o
rw-r--r--  0/10   7615 Oct  2 22:10 1999 ./GENERIC/if_ex.o
rw-r--r--  0/10   7099 Oct  2 22:11 1999 ./GENERIC/if_il.o
rw-r--r--  0/10   8265 Oct  2 22:11 1999 ./GENERIC/if_qe.o
rw-r--r--  0/10   4202 Oct  2 22:11 1999 ./GENERIC/if_uba.o
rw-r--r--  0/10  13441 Oct  2 22:11 1999 ./GENERIC/hp.o
rw-r--r--  0/10   6004 Oct  2 22:11 1999 ./GENERIC/ht.o
rw-r--r--  0/10   4580 Oct  2 22:11 1999 ./GENERIC/mba.o
rw-r--r--  0/10   7361 Oct  2 22:12 1999 ./GENERIC/mt.o
rw-r--r--  0/10   7540 Oct  2 22:12 1999 ./GENERIC/dh.o
rw-r--r--  0/10   6471 Oct  2 22:12 1999 ./GENERIC/dhu.o
rw-r--r--  0/10   6577 Oct  2 22:12 1999 ./GENERIC/dmf.o
rw-r--r--  0/10   5116 Oct  2 22:12 1999 ./GENERIC/dmx.o
rw-r--r--  0/10   4767 Oct  2 22:12 1999 ./GENERIC/dmz.o
rw-r--r--  0/10   8080 Oct  2 22:12 1999 ./GENERIC/dz.o
rw-r--r--  0/10  12923 Oct  2 22:13 1999 ./GENERIC/idc.o
rw-r--r--  0/10   3636 Oct  2 22:13 1999 ./GENERIC/lp.o
rw-r--r--  0/10   9644 Oct  2 22:13 1999 ./GENERIC/rk.o
rw-r--r--  0/10   7301 Oct  2 22:13 1999 ./GENERIC/rl.o
rw-r--r--  0/10  13963 Oct  2 22:13 1999 ./GENERIC/tmscp.o
rw-r--r--  0/10   7974 Oct  2 22:13 1999 ./GENERIC/ts.o
rw-r--r--  0/10   7165 Oct  2 22:14 1999 ./GENERIC/uba.o
rw-r--r--  0/10  19357 Oct  2 22:14 1999 ./GENERIC/uda.o
rw-r--r--  0/10  10219 Oct  2 22:14 1999 ./GENERIC/up.o
rw-r--r--  0/10   7805 Oct  2 22:14 1999 ./GENERIC/ut.o
rw-r--r--  0/10   9639 Oct  2 22:14 1999 ./GENERIC/qv.o
rw-r--r--  0/10   5017 Oct  2 22:14 1999 ./GENERIC/qfont.o
rw-r--r--  0/10  25906 Oct  2 22:15 1999 ./GENERIC/qd.o
rw-r--r--  0/10   2179 Oct  2 22:15 1999 ./GENERIC/param.o
rw-r--r--  0/10      2 Oct  2 22:15 1999 ./GENERIC/version
rw-r--r--  0/10   9305 Oct  2 22:15 1999 ./GENERIC/ioconf.o
rw-r--r--  0/10    237 Oct  2 22:15 1999 ./GENERIC/vers.c
rw-r--r--  0/10   3106 Oct  2 22:15 1999 ./GENERIC/swapgeneric.o
rw-r--r--  0/10    275 Oct  2 22:15 1999 ./GENERIC/vers.o
rwxr-xr-x  0/10 484352 Oct  2 22:15 1999 ./GENERIC/vmunix
rwxr-xr-x  3/10      0 Oct  2 22:28 1999 ./mdec/
rw-r--r--  3/10   2694 Sep  5 15:48 1999 ./mdec/Makefile
r--r--r--  3/10   3077 Jan 12 14:56 1999 ./mdec/hkboot.c
r--r--r--  3/10   3673 Jan 12 14:56 1999 ./mdec/hpboot.c
rw-r--r--  3/10   2437 Mar  8 02:20 1986 ./mdec/hpboot.s.rom
r--r--r--  3/10   6314 Jan 12 14:56 1999 ./mdec/htboot.c
r--r--r--  3/10    725 Jan 12 14:56 1999 ./mdec/httoggle.s
r--r--r--  3/10   1036 Jan 12 14:56 1999 ./mdec/installboot.c
r--r--r--  3/10   7261 Jan 12 14:56 1999 ./mdec/mtboot.c
r--r--r--  3/10    917 Jan 12 14:56 1999 ./mdec/mttoggle.s
r--r--r--  3/10   2232 Jan 12 14:56 1999 ./mdec/raboot.c
r--r--r--  3/10   3437 Jan 12 14:56 1999 ./mdec/rdboot.c
r--r--r--  3/10   3381 Jan 12 14:56 1999 ./mdec/rlboot.c
r--r--r--  3/10   5350 Jan 12 14:56 1999 ./mdec/tmboot.c
r--r--r--  3/10  10969 Jan 12 14:56 1999 ./mdec/tmscpboot.c
r--r--r--  3/10    662 Jan 12 14:56 1999 ./mdec/tmtoggle.s
r--r--r--  3/10   5692 Jan 12 14:56 1999 ./mdec/tsboot.c
r--r--r--  3/10   1004 Jan 12 14:56 1999 ./mdec/tstoggle.s
r--r--r--  3/10  10854 Jan 12 14:56 1999 ./mdec/tuboot.c
r--r--r--  3/10   3142 Jan 12 14:56 1999 ./mdec/upboot.c
r--r--r--  3/10   5711 Jan 12 14:56 1999 ./mdec/utboot.c
r--r--r--  3/10    830 Jan 12 14:56 1999 ./mdec/uttoggle.s
rw-r--r--  0/10    136 Oct  2 22:28 1999 ./mdec/a.out
rw-r--r--  0/10    512 Oct  2 22:28 1999 ./mdec/noboot
rw-r--r--  0/10    512 Oct  2 22:28 1999 ./mdec/hkboot
rw-r--r--  0/10    512 Oct  2 22:28 1999 ./mdec/hpboot
rw-r--r--  0/10    512 Oct  2 22:28 1999 ./mdec/htboot
rw-r--r--  0/10    512 Oct  2 22:28 1999 ./mdec/kraboot
rw-r--r--  0/10    512 Oct  2 22:28 1999 ./mdec/mtboot
rw-r--r--  0/10    512 Oct  2 22:28 1999 ./mdec/raboot
rw-r--r--  0/10    512 Oct  2 22:28 1999 ./mdec/rdboot
rw-r--r--  0/10    512 Oct  2 22:28 1999 ./mdec/rlboot
rw-r--r--  0/10    512 Oct  2 22:28 1999 ./mdec/upboot
rw-r--r--  0/10    512 Oct  2 22:28 1999 ./mdec/utboot
rw-r--r--  0/10    512 Oct  2 22:28 1999 ./mdec/tmboot
rw-r--r--  0/10   1024 Oct  2 22:28 1999 ./mdec/tmscpboot
rw-r--r--  0/10    512 Oct  2 22:28 1999 ./mdec/tsboot
rw-r--r--  0/10   1024 Oct  2 22:28 1999 ./mdec/tuboot
rw-r--r--  0/10    112 Oct  2 22:28 1999 ./mdec/httoggle
rw-r--r--  0/10    120 Oct  2 22:28 1999 ./mdec/mttoggle
rw-r--r--  0/10     96 Oct  2 22:28 1999 ./mdec/tmtoggle
r--r--r--  3/10   2103 Sep  5 15:34 1999 ./mdec/kraboot.c
rw-r--r--  0/10    136 Oct  2 22:28 1999 ./mdec/tstoggle
rw-r--r--  0/10    104 Oct  2 22:28 1999 ./mdec/uttoggle
rwxr-xr-x  3/10      0 Jan 14 17:50 1999 ./net/
rwxr-xr-x  3/10      0 Oct  2 15:27 1999 ./net/tags symbolic link to ../machine/tags
r--r--r--  3/10   1978 Jan 12 15:01 1999 ./net/af.c
r--r--r--  3/10   1417 Jan 12 15:01 1999 ./net/af.h
r--r--r--  3/10   8075 Jan 12 15:01 1999 ./net/if.c
r--r--r--  3/10   7898 Jan 12 15:01 1999 ./net/if.h
r--r--r--  3/10   2487 Jan 12 15:01 1999 ./net/if_arp.h
r--r--r--  3/10   3243 Jan 12 15:01 1999 ./net/if_loop.c
r--r--r--  3/10  11823 Jan 12 15:01 1999 ./net/if_sl.c
r--r--r--  3/10   1834 Jan 12 15:01 1999 ./net/netisr.h
r--r--r--  3/10   3579 Jan 12 15:01 1999 ./net/raw_cb.c
r--r--r--  3/10   2193 Jan 12 15:01 1999 ./net/raw_cb.h
r--r--r--  3/10   6782 Jan 12 15:01 1999 ./net/raw_usrreq.c
r--r--r--  3/10   8391 Jan 12 15:01 1999 ./net/route.c
r--r--r--  3/10   3012 Jan 12 15:01 1999 ./net/route.h
rwxr-xr-x  3/10      0 Jan 14 17:50 1999 ./netimp/
rwxr-xr-x  3/10      0 Oct  2 15:27 1999 ./netimp/tags symbolic link to ../machine/tags
r--r--r--  3/10  23211 Jan 12 15:02 1999 ./netimp/if_imp.c
r--r--r--  3/10   8283 Jan 12 15:02 1999 ./netimp/if_imp.h
r--r--r--  3/10   5588 Jan 12 15:02 1999 ./netimp/if_imphost.c
r--r--r--  3/10   3830 Jan 12 15:02 1999 ./netimp/if_imphost.h
r--r--r--  3/10   3118 Jan 12 15:02 1999 ./netimp/raw_imp.c
rwxr-xr-x  3/10      0 Jan 14 17:50 1999 ./netinet/
rwxr-xr-x  3/10      0 Oct  2 15:27 1999 ./netinet/tags symbolic link to ../machine/tags
r--r--r--  3/10   1609 Jan 12 15:02 1999 ./netinet/icmp_var.h
r--r--r--  3/10  15377 Jan 12 15:02 1999 ./netinet/if_ether.c
r--r--r--  3/10   2915 Jan 12 15:02 1999 ./netinet/if_ether.h
r--r--r--  3/10  10952 Jan 12 15:02 1999 ./netinet/in.c
r--r--r--  3/10   3468 Jan 12 15:02 1999 ./netinet/in.h
r--r--r--  3/10   3364 Jan 12 15:02 1999 ./netinet/in_cksum.c
r--r--r--  3/10   9795 Jan 12 15:02 1999 ./netinet/in_pcb.c
r--r--r--  3/10   1891 Jan 12 15:02 1999 ./netinet/in_pcb.h
r--r--r--  3/10   3550 Jan 12 15:02 1999 ./netinet/in_proto.c
r--r--r--  3/10   1461 Jan 12 15:02 1999 ./netinet/in_systm.h
r--r--r--  3/10   2085 Jan 12 15:02 1999 ./netinet/in_var.h
r--r--r--  3/10   4146 Jan 12 15:02 1999 ./netinet/ip.h
r--r--r--  3/10  10837 Jan 12 15:02 1999 ./netinet/ip_icmp.c
r--r--r--  3/10   4307 Jan 12 15:02 1999 ./netinet/ip_icmp.h
r--r--r--  3/10  23797 Jan 12 15:02 1999 ./netinet/ip_input.c
r--r--r--  3/10  11719 Jan 12 15:02 1999 ./netinet/ip_output.c
r--r--r--  3/10   3669 Jan 12 15:02 1999 ./netinet/ip_var.h
r--r--r--  3/10   3859 Jan 12 15:02 1999 ./netinet/raw_ip.c
r--r--r--  3/10   2065 Jan 12 15:02 1999 ./netinet/tcp.h
r--r--r--  3/10   1514 Jan 12 15:02 1999 ./netinet/tcpip.h
r--r--r--  3/10   3285 Jan 12 15:02 1999 ./netinet/tcp_debug.c
r--r--r--  3/10   1295 Jan 12 15:02 1999 ./netinet/tcp_debug.h
r--r--r--  3/10   2585 Jan 12 15:02 1999 ./netinet/tcp_fsm.h
r--r--r--  3/10   1103 Jan 12 15:02 1999 ./netinet/udp.h
r--r--r--  3/10  34268 Jan 12 15:02 1999 ./netinet/tcp_input.c
r--r--r--  3/10  12357 Jan 12 15:02 1999 ./netinet/tcp_output.c
r--r--r--  3/10   1642 Jan 12 15:02 1999 ./netinet/tcp_seq.h
r--r--r--  3/10   7862 Jan 12 15:02 1999 ./netinet/tcp_subr.c
r--r--r--  3/10   7704 Jan 12 15:02 1999 ./netinet/tcp_timer.c
r--r--r--  3/10   4785 Jan 12 15:02 1999 ./netinet/tcp_timer.h
r--r--r--  3/10  11125 Jan 12 15:02 1999 ./netinet/tcp_usrreq.c
r--r--r--  3/10   8837 Jan 12 15:02 1999 ./netinet/tcp_var.h
r--r--r--  3/10   8469 Jan 12 15:02 1999 ./netinet/udp_usrreq.c
r--r--r--  3/10   1547 Jan 12 15:02 1999 ./netinet/udp_var.h
rwxr-xr-x  3/10      0 Jan 14 17:50 1999 ./netns/
rwxr-xr-x  3/10      0 Oct  2 15:27 1999 ./netns/tags symbolic link to ../machine/tags
r--r--r--  3/10   1278 Jan 12 15:03 1999 ./netns/idp.h
r--r--r--  3/10  11053 Jan 12 15:03 1999 ./netns/idp_usrreq.c
r--r--r--  3/10   1229 Jan 12 15:03 1999 ./netns/idp_var.h
r--r--r--  3/10   7227 Jan 12 15:03 1999 ./netns/ns.c
r--r--r--  3/10   3418 Jan 12 15:03 1999 ./netns/ns.h
r--r--r--  3/10   6682 Jan 12 15:03 1999 ./netns/ns_error.c
r--r--r--  3/10   2887 Jan 12 15:03 1999 ./netns/ns_error.h
r--r--r--  3/10   2139 Jan 12 15:03 1999 ./netns/ns_if.h
r--r--r--  3/10  11033 Jan 12 15:03 1999 ./netns/ns_input.c
r--r--r--  3/10   9224 Jan 12 15:03 1999 ./netns/ns_ip.c
r--r--r--  3/10   3287 Jan 12 15:03 1999 ./netns/ns_output.c
r--r--r--  3/10   7932 Jan 12 15:03 1999 ./netns/ns_pcb.c
r--r--r--  3/10   2182 Jan 12 15:03 1999 ./netns/ns_pcb.h
r--r--r--  3/10   2327 Jan 12 15:03 1999 ./netns/ns_proto.c
r--r--r--  3/10   1462 Jan 12 15:03 1999 ./netns/sp.h
r--r--r--  3/10   1540 Jan 12 15:03 1999 ./netns/spidp.h
r--r--r--  3/10   3587 Jan 12 15:03 1999 ./netns/spp_debug.c
r--r--r--  3/10   1303 Jan 12 15:03 1999 ./netns/spp_debug.h
r--r--r--  3/10   4270 Jan 12 15:03 1999 ./netns/spp_timer.h
r--r--r--  3/10  40581 Jan 12 15:03 1999 ./netns/spp_usrreq.c
r--r--r--  3/10   7831 Jan 12 15:03 1999 ./netns/spp_var.h
rwxr-xr-x  3/10      0 Jan 12 15:03 1999 ./stand/
r--r--r--  3/10    973 Jan 12 15:03 1999 ./stand/cat.c
r--r--r--  3/10   1705 Jan 12 15:03 1999 ./stand/docopy.c
r--r--r--  3/10   1455 Jan 12 15:03 1999 ./stand/gets.c
r--r--r--  3/10   2683 Jan 12 15:03 1999 ./stand/dev.c
r--r--r--  3/10   1583 Jan 12 15:03 1999 ./stand/saerrno.h
r--r--r--  3/10   1114 Jan 12 15:03 1999 ./stand/getfile.c
r--r--r--  3/10   1807 Jan 12 15:03 1999 ./stand/saioctl.h
r--r--r--  3/10   2123 Jan 12 15:03 1999 ./stand/ls.c
r--r--r--  3/10    633 Jan 12 15:03 1999 ./stand/printn.c
r--r--r--  3/10   3538 Jan 12 15:03 1999 ./stand/saio.h
r--r--r--  3/10  13284 Jan 12 15:03 1999 ./stand/sys.c
r--r--r--  3/10   1240 Jan 12 15:03 1999 ./stand/copy.c
rwxr-xr-x  3/10      0 Oct  2 11:28 1999 ./sys/
rwxr-xr-x  3/10      0 Oct  2 15:27 1999 ./sys/tags symbolic link to ../machine/tags
r--r--r--  3/10   6436 Jan 12 15:04 1999 ./sys/init_main.c
r--r--r--  3/10   9111 Jan 12 15:04 1999 ./sys/init_sysent.c
r--r--r--  3/10   3550 Jan 12 15:04 1999 ./sys/kern_acct.c
r--r--r--  3/10  11228 Jan 12 15:04 1999 ./sys/kern_clock.c
r--r--r--  3/10   6833 Jan 12 15:04 1999 ./sys/kern_descrip.c
r--r--r--  3/10  11107 Jan 12 15:04 1999 ./sys/kern_exec.c
rw-r--r--  3/10   7019 Dec 12 03:25 1986 ./sys/kern_exit.c.newwait
r--r--r--  3/10   6250 Jan 12 15:04 1999 ./sys/kern_exit.c
r--r--r--  3/10   6244 Jan 12 15:04 1999 ./sys/kern_fork.c
r--r--r--  3/10   5697 Jan 12 15:04 1999 ./sys/kern_malloc.c
r--r--r--  3/10   7193 Jul 10 04:59 1987 ./sys/kern_mman.c
r--r--r--  3/10   2079 Jan 12 15:04 1999 ./sys/kern_proc.c
r--r--r--  3/10   4513 Jan 12 15:04 1999 ./sys/kern_prot.c
r--r--r--  3/10   4319 Jan 12 15:04 1999 ./sys/kern_resource.c
r--r--r--  3/10  16666 Jan 12 15:04 1999 ./sys/kern_sig.c
r--r--r--  3/10   2596 Jan 12 15:04 1999 ./sys/kern_subr.c
r--r--r--  3/10   9641 Jan 12 15:04 1999 ./sys/kern_synch.c
r--r--r--  3/10   8698 Jan 12 15:04 1999 ./sys/kern_time.c
r--r--r--  3/10   6528 Jan 12 15:04 1999 ./sys/kern_xxx.c
r--r--r--  3/10   1949 Jan 12 15:04 1999 ./sys/Makefile
r--r--r--  3/10  16192 Jan 12 15:04 1999 ./sys/quota_kern.c
r--r--r--  3/10  35241 Jan 12 15:04 1999 ./sys/tty.c
r--r--r--  3/10   3442 Jan 12 15:04 1999 ./sys/quota_subr.c
r--r--r--  3/10   7505 Jan 12 15:04 1999 ./sys/quota_sys.c
r--r--r--  3/10   6186 Jan 12 15:04 1999 ./sys/quota_ufs.c
r--r--r--  3/10   3492 Jan 12 15:04 1999 ./sys/subr_log.c
r--r--r--  3/10   5624 Jan 12 15:04 1999 ./sys/subr_mcount.c
r--r--r--  3/10   8007 Jan 12 15:04 1999 ./sys/subr_prf.c
r--r--r--  3/10   8965 Jan 12 15:04 1999 ./sys/subr_rmap.c
r--r--r--  3/10   1331 Jan 12 15:04 1999 ./sys/subr_xxx.c
r--r--r--  3/10   5560 Jan 12 15:04 1999 ./sys/syscalls.c
r--r--r--  3/10   8469 Jan 12 15:04 1999 ./sys/sys_generic.c
r--r--r--  3/10  13031 Jan 12 15:04 1999 ./sys/sys_inode.c
r--r--r--  3/10   4498 Jan 12 15:04 1999 ./sys/sys_process.c
r--r--r--  3/10   3731 Jan 12 15:04 1999 ./sys/tty_bk.c
r--r--r--  3/10   1929 Jan 12 15:04 1999 ./sys/tty_conf.c
r--r--r--  3/10  12435 Jan 12 15:04 1999 ./sys/tty_pty.c
r--r--r--  3/10   9527 Jan 12 15:04 1999 ./sys/tty_subr.c
r--r--r--  3/10   8062 Jan 12 15:04 1999 ./sys/tty_tb.c
r--r--r--  3/10   1523 Jan 12 15:04 1999 ./sys/tty_tty.c
r--r--r--  3/10  28617 Jan 12 15:04 1999 ./sys/ufs_alloc.c
r--r--r--  3/10  14432 Jan 12 15:04 1999 ./sys/ufs_bio.c
r--r--r--  3/10   4786 Jan 12 15:04 1999 ./sys/ufs_bmap.c
r--r--r--  3/10   9239 Jan 12 15:04 1999 ./sys/ufs_disksubr.c
r--r--r--  3/10   2856 Jan 12 15:04 1999 ./sys/ufs_fio.c
r--r--r--  3/10  15353 May 25 21:01 1988 ./sys/vm_pt.c
r--r--r--  3/10   3830 Sep  8 10:07 1999 ./sys/vm_sw.c
r--r--r--  3/10  34812 Jan 12 15:04 1999 ./sys/ufs_namei.c
r--r--r--  3/10   7216 Jan 12 15:04 1999 ./sys/ufs_mount.c
r--r--r--  3/10   8737 Oct  2 11:28 1999 ./sys/ufs_subr.c
r--r--r--  3/10  17114 Jan 12 15:04 1999 ./sys/uipc_syscalls.c
r--r--r--  3/10  26817 Jan 12 15:04 1999 ./sys/ufs_syscalls.c
r--r--r--  3/10   4255 Jan 12 15:04 1999 ./sys/ufs_tables.c
r--r--r--  3/10   2520 Jan 12 15:04 1999 ./sys/ufs_xxx.c
r--r--r--  3/10   3417 Jan 12 15:04 1999 ./sys/uipc_domain.c
r--r--r--  3/10   8743 Jan 12 15:04 1999 ./sys/uipc_mbuf.c
r--r--r--  3/10   1712 Jan 12 15:04 1999 ./sys/uipc_proto.c
r--r--r--  3/10  15482 Jan 12 15:04 1999 ./sys/uipc_socket2.c
r--r--r--  3/10  17896 Jan 12 15:04 1999 ./sys/uipc_socket.c
r--r--r--  3/10   3529 Jan 12 15:04 1999 ./sys/sys_socket.c
r--r--r--  3/10  14431 Jan 12 15:04 1999 ./sys/uipc_usrreq.c
r--r--r--  3/10   6985 Jul 11 07:05 1987 ./sys/vm_drum.c
r--r--r--  3/10  12476 Nov 24 03:23 1987 ./sys/vm_mem.c
r--r--r--  3/10   1412 Jun  4 12:19 1986 ./sys/vm_mon.c
r--r--r--  3/10  33291 Sep  2 09:43 1987 ./sys/vm_page.c
r--r--r--  3/10   9929 May 31 01:54 1987 ./sys/vm_proc.c
r--r--r--  3/10  10784 Jan 12 15:04 1999 ./sys/vm_sched.c
r--r--r--  3/10   2680 Sep  5 03:32 1987 ./sys/vm_subr.c
r--r--r--  3/10   6025 Nov  2 23:02 1986 ./sys/vm_swap.c
r--r--r--  3/10   7394 Jan 12 15:04 1999 ./sys/vm_swp.c
r--r--r--  3/10   8750 Mar 25 04:42 1987 ./sys/vm_text.c
r--r--r--  3/10  16081 Jan 12 15:04 1999 ./sys/ufs_inode.c
rwxr-xr-x  3/10      0 Oct  2 11:34 1999 ./conf/
rwxr-xr-x  3/10      0 Oct  2 15:27 1999 ./conf/GENERIC symbolic link to GENERIC.allvax
rw-r--r--  3/10    654 Sep 17 22:53 1985 ./conf/ANSEL
rw-r--r--  3/10    766 May 21 04:42 1988 ./conf/CALDER
rw-r--r--  3/10    333 May 17 15:10 1983 ./conf/defines
r--r--r--  3/10      5 Jan 13 22:37 1999 ./conf/devices.tahoe
r--r--r--  3/10     50 Jan 13 22:37 1999 ./conf/devices.vax
r--r--r--  3/10   3222 Jan 13 22:37 1999 ./conf/files
r--r--r--  3/10   5432 Jan 13 22:37 1999 ./conf/files.tahoe
rwxr-xr-x  3/10      0 Oct  2 15:27 1999 ./conf/LINT symbolic link to LINT.vax
r--r--r--  3/10   3288 Jan 13 22:37 1999 ./conf/files.vax
rw-r--r--  3/10   3555 Oct  2 11:31 1999 ./conf/GENERIC.allvax
r--r--r--  3/10   4387 Jan 13 22:37 1999 ./conf/Makefile.vax
rw-r--r--  3/10   2590 Jun  2 02:16 1988 ./conf/GENERIC.tahoe
rw-r--r--  3/10   3292 Oct  2 11:31 1999 ./conf/GENERIC.vax
r--r--r--  3/10   3552 Jan 13 22:37 1999 ./conf/Makefile.tahoe
rw-r--r--  3/10    918 Nov 10 08:07 1986 ./conf/KDB
r--r--r--  3/10    585 Jan 13 22:37 1999 ./conf/newvers.sh
rw-r--r--  3/10   2579 May 25 00:00 1988 ./conf/LINT.tahoe
rw-r--r--  3/10   4396 Dec 23 21:36 1998 ./conf/LINT.vax
r--r--r--  3/10   2237 Jan 13 22:37 1999 ./conf/param.c
rw-r--r--  3/10    673 Oct  2 11:32 1999 ./conf/MICROVAXII
rw-r--r--  3/10   1182 May  1 07:03 1988 ./conf/OKEEFFE
rw-r--r--  3/10    528 Sep  2 15:38 1999 ./conf/LUTHIEN
rwxr-xr-x  3/10      0 Jun  9 22:25 1999 ./tahoe/
rwxr-xr-x  3/10      0 Jan 13 23:10 1999 ./tahoe/inline/
r--r--r--  3/10   1673 Feb 25 00:28 1986 ./tahoe/inline/Makefile
r--r--r--  3/10   2177 Feb 25 00:27 1986 ./tahoe/inline/inline.h
r--r--r--  3/10   2735 Nov 25 17:40 1986 ./tahoe/inline/langpats.c
r--r--r--  3/10    390 Feb 25 00:27 1986 ./tahoe/inline/libcpats.c
r--r--r--  3/10   4767 Feb 25 00:27 1986 ./tahoe/inline/machdep.c
r--r--r--  3/10    816 Feb 25 00:27 1986 ./tahoe/inline/machpats.c
r--r--r--  3/10   6849 Feb 25 00:27 1986 ./tahoe/inline/main.c
r--r--r--  3/10    960 May 21 20:37 1988 ./tahoe/urem.s
r--r--r--  3/10    720 May 21 20:37 1988 ./tahoe/symbols.raw
r--r--r--  3/10   6975 May 27 18:41 1988 ./tahoe/Locore.c
r--r--r--  3/10   1560 Jun 29 19:34 1988 ./tahoe/SYS.h
r--r--r--  3/10  12683 May 26 11:09 1988 ./tahoe/autoconf.c
r--r--r--  3/10   5188 Jun 29 19:34 1988 ./tahoe/genassym.c
r--r--r--  3/10  40475 Jul  6 19:26 1988 ./tahoe/locore.s
r--r--r--  3/10   2450 Jun 29 19:34 1988 ./tahoe/clock.c
r--r--r--  3/10   3098 May 21 20:37 1988 ./tahoe/mem.c
r--r--r--  3/10   1328 Jun 29 19:34 1988 ./tahoe/clock.h
r--r--r--  3/10   2605 Jun  7 12:08 1988 ./tahoe/swapgeneric.c
r--r--r--  3/10   4551 May 21 20:37 1988 ./tahoe/kdb_opset.c
rw-r--r--  3/10 308265 May 24 13:46 1988 ./tahoe/tags
r--r--r--  3/10   1807 May 21 20:37 1988 ./tahoe/pcb.h
r--r--r--  3/10   2650 May 21 20:37 1988 ./tahoe/scb.h
r--r--r--  3/10   1043 May 21 20:37 1988 ./tahoe/psl.h
rw-r--r--  3/10    379 Jan  5 21:15 1986 ./tahoe/symbols.sort
r--r--r--  3/10   8374 May 21 20:37 1988 ./tahoe/trap.c
r--r--r--  3/10   1565 May 21 20:37 1988 ./tahoe/trap.h
r--r--r--  3/10    291 May 21 20:36 1988 ./tahoe/frame.h
r--r--r--  3/10   2501 May 21 20:37 1988 ./tahoe/pte.h
r--r--r--  3/10   1460 May 21 20:37 1988 ./tahoe/mem.h
r--r--r--  3/10   1438 May 21 20:37 1988 ./tahoe/mtpr.h
r--r--r--  3/10   6991 Jun 29 19:30 1988 ./tahoe/conf.c
r--r--r--  3/10  10117 May 21 20:36 1988 ./tahoe/cons.c
r--r--r--  3/10    710 May 21 20:37 1988 ./tahoe/reg.h
r--r--r--  3/10    726 May 21 20:37 1988 ./tahoe/rpb.h
r--r--r--  3/10   2767 May 21 20:37 1988 ./tahoe/machparam.h
r--r--r--  3/10   1533 May 21 20:36 1988 ./tahoe/cp.h
r--r--r--  3/10   4062 Mar 29 13:07 1986 ./tahoe/astags
r--r--r--  3/10   1333 May 21 20:37 1988 ./tahoe/scb.s
r--r--r--  3/10   7891 May 21 20:37 1988 ./tahoe/kdb_machdep.c
r--r--r--  3/10    479 May 21 20:37 1988 ./tahoe/udiv.s
r--r--r--  3/10   4293 Jun 29 19:34 1988 ./tahoe/in_cksum.c
r--r--r--  3/10   5311 May 21 20:37 1988 ./tahoe/vmparam.h
r--r--r--  3/10   5284 Jun 29 19:34 1988 ./tahoe/ns_cksum.c
r--r--r--  3/10   2602 May 21 20:37 1988 ./tahoe/sys_machdep.c
r--r--r--  3/10   2974 Jun 29 19:34 1988 ./tahoe/ufs_machdep.c
r--r--r--  3/10   1795 May 21 20:36 1988 ./tahoe/cpu.h
r--r--r--  3/10   8163 Jun  9 22:25 1999 ./tahoe/kdb_instrs
r--r--r--  3/10   2223 May 21 20:37 1988 ./tahoe/kdbparam.h
r--r--r--  3/10  16561 May 26 11:09 1988 ./tahoe/machdep.c
r--r--r--  3/10   9969 Jul  9 18:35 1988 ./tahoe/vm_machdep.c
r--r--r--  3/10   1511 Jun 29 19:34 1988 ./tahoe/endian.h
rwxr-xr-x  3/10      0 Jan 14 00:27 1999 ./tahoedist/
r--r--r--  3/10    524 Jan 14 00:27 1999 ./tahoedist/netstart
r-xr-xr-x  3/10    733 Jan 12 15:05 1999 ./tahoedist/buildboot
r-xr-xr-x  3/10   1115 Jan 12 15:05 1999 ./tahoedist/buildmini
r--r--r--  3/10   4828 Jan 12 15:05 1999 ./tahoedist/disktab
rw-r--r--  3/10     61 Nov 16 07:21 1986 ./tahoedist/fstab.dk
r--r--r--  3/10   2894 Jan 12 15:05 1999 ./tahoedist/get
rwxr-xr-x  3/10      0 Oct  2 15:28 1999 ./tahoedist/group symbolic link to ../vaxdist/group
rwxr-xr-x  3/10      0 Oct  2 15:28 1999 ./tahoedist/inetd.conf symbolic link to ../vaxdist/inetd.conf
rwxr-xr-x  3/10      0 Oct  2 15:28 1999 ./tahoedist/MAKEHOSTS symbolic link to ../vaxdist/MAKEHOSTS
r--r--r--  3/10   6043 Jan 12 15:05 1999 ./tahoedist/MAKEDEV
rwxr-xr-x  3/10      0 Oct  2 15:28 1999 ./tahoedist/passwd symbolic link to ../vaxdist/passwd
r-xr-xr-x  3/10   2961 Jan 12 15:05 1999 ./tahoedist/maketape
rwxr-xr-x  3/10      0 Oct  2 15:28 1999 ./tahoedist/printcap symbolic link to ../vaxdist/printcap
rw-r--r--  3/10     79 Nov 16 07:09 1986 ./tahoedist/motd
rwxr-xr-x  3/10      0 Oct  2 15:28 1999 ./tahoedist/rc symbolic link to ../vaxdist/rc
rwxr-xr-x  3/10      0 Oct  2 15:28 1999 ./tahoedist/rc.local symbolic link to ../vaxdist/rc.local
rwxr-xr-x  3/10      0 Oct  2 15:28 1999 ./tahoedist/services symbolic link to ../vaxdist/services
rwxr-xr-x  3/10      0 Oct  2 15:28 1999 ./tahoedist/shells symbolic link to ../vaxdist/shells
rwxr-xr-x  3/10      0 Oct  2 15:28 1999 ./tahoedist/syslog.conf symbolic link to ../vaxdist/syslog.conf
rw-r--r--  3/10   1190 Jul 16 04:31 1988 ./tahoedist/ttys
rwxr-xr-x  3/10      0 Jan 13 22:43 1999 ./tahoealign/
r--r--r--  3/10   3324 Jul 20 13:17 1986 ./tahoealign/align.h
r--r--r--  3/10   3103 Jul 20 13:17 1986 ./tahoealign/defs.h
r--r--r--  3/10    540 Jul 20 13:17 1986 ./tahoealign/Aadd2.c
r--r--r--  3/10    541 Jul 20 13:17 1986 ./tahoealign/Aadd3.c
r--r--r--  3/10    277 Jul 20 13:17 1986 ./tahoealign/Aadda.c
r--r--r--  3/10    408 Jul 20 13:17 1986 ./tahoealign/Aaddd.c
r--r--r--  3/10    400 Jul 20 13:17 1986 ./tahoealign/Aaddf.c
r--r--r--  3/10    906 Jul 20 13:17 1986 ./tahoealign/Aadwc.c
r--r--r--  3/10    511 Jul 20 13:17 1986 ./tahoealign/Aand2.c
r--r--r--  3/10    512 Jul 20 13:17 1986 ./tahoealign/Aand3.c
r--r--r--  3/10    672 Jul 20 13:17 1986 ./tahoealign/Aaobleq.c
r--r--r--  3/10    664 Jul 20 13:17 1986 ./tahoealign/Aaoblss.c
r--r--r--  3/10    417 Jul 20 13:17 1986 ./tahoealign/Abbc.c
r--r--r--  3/10    411 Jul 20 13:17 1986 ./tahoealign/Abbs.c
r--r--r--  3/10    248 Jul 20 13:17 1986 ./tahoealign/Abicpsw.c
r--r--r--  3/10    243 Jul 20 13:17 1986 ./tahoealign/Abispsw.c
r--r--r--  3/10    482 Jul 20 13:17 1986 ./tahoealign/Abit.c
r--r--r--  3/10    973 Jul 20 13:17 1986 ./tahoealign/Acall.c
r--r--r--  3/10    590 Jul 20 13:17 1986 ./tahoealign/Acasel.c
r--r--r--  3/10    247 Jul 20 13:17 1986 ./tahoealign/Aclr.c
r--r--r--  3/10    502 Jul 20 13:17 1986 ./tahoealign/Acmp.c
r--r--r--  3/10    630 Jul 20 13:17 1986 ./tahoealign/Acmpd.c
r--r--r--  3/10    678 Jul 20 13:17 1986 ./tahoealign/Acmpd2.c
r--r--r--  3/10    625 Jul 20 13:17 1986 ./tahoealign/Acmpf.c
r--r--r--  3/10    671 Jul 20 13:17 1986 ./tahoealign/Acmpf2.c
r--r--r--  3/10    535 Jul 20 13:17 1986 ./tahoealign/Acvdl.c
r--r--r--  3/10    533 Jul 20 13:17 1986 ./tahoealign/Acvfl.c
r--r--r--  3/10    581 Jul 20 13:17 1986 ./tahoealign/Acvld.c
r--r--r--  3/10    651 Jul 20 13:17 1986 ./tahoealign/Acvlf.c
r--r--r--  3/10    438 Jul 20 13:17 1986 ./tahoealign/Acvt.c
r--r--r--  3/10    469 Jul 20 13:17 1986 ./tahoealign/Acvtlb.c
r--r--r--  3/10    459 Jul 20 13:17 1986 ./tahoealign/Acvtlw.c
r--r--r--  3/10    521 Jul 20 13:17 1986 ./tahoealign/Adec.c
r--r--r--  3/10    411 Jul 20 13:17 1986 ./tahoealign/Adivd.c
r--r--r--  3/10    406 Jul 20 13:17 1986 ./tahoealign/Adivf.c
r--r--r--  3/10    614 Jul 20 13:17 1986 ./tahoealign/Adivl2.c
r--r--r--  3/10    612 Jul 20 13:17 1986 ./tahoealign/Adivl3.c
r--r--r--  3/10    852 Jul 20 13:17 1986 ./tahoealign/Aediv.c
r--r--r--  3/10    789 Jul 20 13:17 1986 ./tahoealign/Aemul.c
r--r--r--  3/10    494 Jul 20 13:17 1986 ./tahoealign/Affc.c
r--r--r--  3/10    467 Jul 20 13:17 1986 ./tahoealign/Affs.c
r--r--r--  3/10    521 Jul 20 13:17 1986 ./tahoealign/Ainc.c
r--r--r--  3/10    546 Jul 20 13:17 1986 ./tahoealign/Aget_byte.c
r--r--r--  3/10    702 Jul 20 13:17 1986 ./tahoealign/Aget_long.c
r--r--r--  3/10    604 Jul 20 13:17 1986 ./tahoealign/Aget_word.c
r--r--r--  3/10    214 Jul 20 13:17 1986 ./tahoealign/Ajmp.c
r--r--r--  3/10    430 Jul 20 13:17 1986 ./tahoealign/Aldd.c
r--r--r--  3/10    464 Jul 20 13:17 1986 ./tahoealign/Aldf.c
r--r--r--  3/10    447 Jul 20 13:17 1986 ./tahoealign/Aldfd.c
r--r--r--  3/10    505 Jul 20 13:17 1986 ./tahoealign/Alnd.c
r--r--r--  3/10    460 Jul 20 13:17 1986 ./tahoealign/Alnf.c
r--r--r--  3/10    568 Jul 20 13:17 1986 ./tahoealign/Aloadr.c
r--r--r--  3/10    474 Jul 20 13:17 1986 ./tahoealign/Amcom.c
r--r--r--  3/10    475 Jul 20 13:17 1986 ./tahoealign/Amneg.c
r--r--r--  3/10    470 Jul 20 13:18 1986 ./tahoealign/Amov.c
r--r--r--  3/10    519 Jul 20 13:18 1986 ./tahoealign/Amova.c
r--r--r--  3/10    414 Jul 20 13:18 1986 ./tahoealign/Amuld.c
r--r--r--  3/10    409 Jul 20 13:18 1986 ./tahoealign/Amulf.c
r--r--r--  3/10    650 Jul 20 13:18 1986 ./tahoealign/Amovob.c
r--r--r--  3/10    219 Jul 20 13:18 1986 ./tahoealign/Amovpsl.c
r--r--r--  3/10    527 Jul 20 13:18 1986 ./tahoealign/Amovzb.c
r--r--r--  3/10    523 Jul 20 13:18 1986 ./tahoealign/Amovzwl.c
r--r--r--  3/10    553 Jul 20 13:18 1986 ./tahoealign/Amull2.c
r--r--r--  3/10    525 Jul 20 13:18 1986 ./tahoealign/Amull3.c
r--r--r--  3/10    537 Jul 20 13:18 1986 ./tahoealign/Aor2.c
r--r--r--  3/10   8879 Jul 20 13:18 1986 ./tahoealign/Aoperand.c
r--r--r--  3/10    537 Jul 20 13:18 1986 ./tahoealign/Aor3.c
r--r--r--  3/10    743 Jul 20 13:18 1986 ./tahoealign/Aprober.c
r--r--r--  3/10    744 Jul 20 13:18 1986 ./tahoealign/Aprobew.c
r--r--r--  3/10    352 Jul 20 13:18 1986 ./tahoealign/Apush.c
r--r--r--  3/10    395 Jul 20 13:18 1986 ./tahoealign/Apusha.c
r--r--r--  3/10    381 Jul 20 13:18 1986 ./tahoealign/Apushx.c
r--r--r--  3/10    912 Jul 20 13:18 1986 ./tahoealign/Asbwc.c
r--r--r--  3/10    539 Jul 20 13:18 1986 ./tahoealign/Aput_byte.c
r--r--r--  3/10    667 Jul 20 13:18 1986 ./tahoealign/Aput_long.c
r--r--r--  3/10    591 Jul 20 13:18 1986 ./tahoealign/Aput_word.c
r--r--r--  3/10   2514 Jul 20 13:18 1986 ./tahoealign/Areadable.c
r--r--r--  3/10   1312 Jul 20 13:18 1986 ./tahoealign/Aregister.c
r--r--r--  3/10    577 Jul 20 13:18 1986 ./tahoealign/Ashal.c
r--r--r--  3/10    555 Jul 20 13:18 1986 ./tahoealign/Ashar.c
r--r--r--  3/10    587 Jul 20 13:18 1986 ./tahoealign/Ashll.c
r--r--r--  3/10    673 Jul 20 13:18 1986 ./tahoealign/Ashlq.c
r--r--r--  3/10    552 Jul 20 13:18 1986 ./tahoealign/Ashrl.c
r--r--r--  3/10    674 Jul 20 13:18 1986 ./tahoealign/Ashrq.c
r--r--r--  3/10    430 Jul 20 13:18 1986 ./tahoealign/Astd.c
r--r--r--  3/10    378 Jul 20 13:18 1986 ./tahoealign/Astf.c
r--r--r--  3/10    570 Jul 20 13:18 1986 ./tahoealign/Astorer.c
r--r--r--  3/10    546 Jul 20 13:18 1986 ./tahoealign/Asub2.c
r--r--r--  3/10    546 Jul 20 13:18 1986 ./tahoealign/Asub3.c
r--r--r--  3/10    331 Jul 20 13:18 1986 ./tahoealign/Asuba.c
r--r--r--  3/10    417 Jul 20 13:18 1986 ./tahoealign/Asubd.c
r--r--r--  3/10    413 Jul 20 13:18 1986 ./tahoealign/Asubf.c
r--r--r--  3/10    365 Jul 20 13:18 1986 ./tahoealign/Atst.c
r--r--r--  3/10    643 Jul 20 13:18 1986 ./tahoealign/Awrite_long.c
r--r--r--  3/10    579 Jul 20 13:18 1986 ./tahoealign/Awrite_back.c
r--r--r--  3/10    935 Jul 20 13:18 1986 ./tahoealign/Awrite_byte.c
r--r--r--  3/10    910 Jul 20 13:18 1986 ./tahoealign/Awrite_quad.c
r--r--r--  3/10    937 Jul 20 13:18 1986 ./tahoealign/Awrite_word.c
r--r--r--  3/10   2520 Jul 20 13:18 1986 ./tahoealign/Awriteable.c
r--r--r--  3/10    509 Jul 20 13:18 1986 ./tahoealign/Axor2.c
r--r--r--  3/10    509 Jul 20 13:18 1986 ./tahoealign/Axor3.c
r--r--r--  3/10   1212 Jul 20 13:18 1986 ./tahoealign/align.c
r--r--r--  3/10   2499 Jul 20 13:18 1986 ./tahoealign/exception.c
r--r--r--  3/10  20313 Jul 20 13:18 1986 ./tahoealign/table.c
rwxr-xr-x  3/10      0 Jan 14 17:49 1999 ./tahoeif/
r--r--r--  3/10  22040 Jun 29 19:36 1988 ./tahoeif/if_ace.c
rwxr-xr-x  3/10      0 Oct  2 15:28 1999 ./tahoeif/tags symbolic link to ../tahoe/tags
r--r--r--  3/10   3514 May 21 20:31 1988 ./tahoeif/if_acereg.h
r--r--r--  3/10  18978 Jun 29 19:36 1988 ./tahoeif/if_enp.c
r--r--r--  3/10   5602 May 31 10:42 1988 ./tahoeif/if_enpreg.h
rwxr-xr-x  3/10      0 Jan 13 22:40 1999 ./tahoemath/
r--r--r--  3/10    416 Jan  4 01:51 1986 ./tahoemath/fp.h
r--r--r--  3/10    968 Jan  4 01:51 1986 ./tahoemath/Kfp.h
r--r--r--  3/10   3693 Jan  4 01:51 1986 ./tahoemath/fpe.c
r--r--r--  3/10    708 Jan  4 01:51 1986 ./tahoemath/SYS.h
r--r--r--  3/10   2789 Jan  5 20:51 1986 ./tahoemath/Kaddd.s
r--r--r--  3/10   2771 Jan  5 20:51 1986 ./tahoemath/Kaddf.s
r--r--r--  3/10   3282 Jan  5 20:51 1986 ./tahoemath/Katanf.s
r--r--r--  3/10    958 Jan  5 20:51 1986 ./tahoemath/Kcmpd.s
r--r--r--  3/10    520 Jan  5 20:51 1986 ./tahoemath/Kcmpf.s
r--r--r--  3/10   1043 Jan  5 20:51 1986 ./tahoemath/Kcvtdl.s
r--r--r--  3/10   1243 Jan  5 20:51 1986 ./tahoemath/Kcvtfl.s
r--r--r--  3/10   1300 Jan  5 20:51 1986 ./tahoemath/Kcvtld.s
r--r--r--  3/10   1274 Jan  5 20:51 1986 ./tahoemath/Kcvtlf.s
r--r--r--  3/10   1798 Jan  5 20:51 1986 ./tahoemath/Kdivd.s
r--r--r--  3/10   1690 Jan  5 20:51 1986 ./tahoemath/Kdivf.s
r--r--r--  3/10   3562 Jan  5 20:51 1986 ./tahoemath/Kexpf.s
r--r--r--  3/10   1127 Jan  5 20:51 1986 ./tahoemath/Kfnorm.s
r--r--r--  3/10    278 Jan  5 20:51 1986 ./tahoemath/Kfp_exp.s
r--r--r--  3/10    473 Jan  5 20:51 1986 ./tahoemath/Kfp_mvtoacc.s
r--r--r--  3/10    854 Jan  5 20:51 1986 ./tahoemath/Kfrexpd.s
r--r--r--  3/10    976 Jan  5 20:51 1986 ./tahoemath/Kfrexpf.s
r--r--r--  3/10   1755 Jan  5 20:51 1986 ./tahoemath/Kldexpf.s
r--r--r--  3/10   2842 Jan  5 20:51 1986 ./tahoemath/Klogf.s
r--r--r--  3/10   2221 Jan  5 20:51 1986 ./tahoemath/Kmodf.s
r--r--r--  3/10   2754 Jan  5 20:51 1986 ./tahoemath/Kmuld.s
r--r--r--  3/10   2035 Jan  5 20:51 1986 ./tahoemath/Kmulf.s
r--r--r--  3/10    413 Jan  5 20:51 1986 ./tahoemath/Knegd.s
r--r--r--  3/10    398 Jan  5 20:51 1986 ./tahoemath/Knegf.s
r--r--r--  3/10   1047 Jan  5 20:51 1986 ./tahoemath/Ksfnorm.s
r--r--r--  3/10    283 Jan  5 20:51 1986 ./tahoemath/Ksfp_exp.s
r--r--r--  3/10   4317 Jan  5 20:51 1986 ./tahoemath/Ksinfcosf.s
r--r--r--  3/10   2638 Jan  5 20:51 1986 ./tahoemath/Ksqrtf.s
r--r--r--  3/10    437 Jan  5 20:51 1986 ./tahoemath/Ksubd.s
r--r--r--  3/10    491 Jan  5 20:51 1986 ./tahoemath/Ksubf.s
r--r--r--  3/10    706 Nov  4 00:07 1986 ./tahoemath/FP.h
rwxr-xr-x  3/10      0 Jan 14 12:36 1999 ./tahoestand/
rwxr-xr-x  3/10      0 Jan 14 13:02 1999 ./tahoestand/vdformat/
r--r--r--  3/10   7635 Jul 12 13:17 1988 ./tahoestand/vdformat/vdfmt.h
r--r--r--  3/10   6590 Jun 30 20:53 1987 ./tahoestand/vdformat/cmd.c
r--r--r--  3/10   8369 Jun  7 16:36 1988 ./tahoestand/vdformat/io.c
r--r--r--  3/10  15879 Jun  7 16:36 1988 ./tahoestand/vdformat/maps.c
r--r--r--  3/10   4730 Jun  7 16:36 1988 ./tahoestand/vdformat/vdfmt.c
r--r--r--  3/10   3968 Jun  7 16:36 1988 ./tahoestand/vdformat/format.c
r--r--r--  3/10   6100 Jun  7 16:35 1988 ./tahoestand/vdformat/disklabel.c
r--r--r--  3/10   1284 Nov 23 17:29 1987 ./tahoestand/vdformat/exercise.c
r--r--r--  3/10    812 Nov  4 23:24 1986 ./tahoestand/vdformat/cmd.h
r--r--r--  3/10   6644 Nov 23 17:29 1987 ./tahoestand/vdformat/proc_cmd.c
r--r--r--  3/10   1702 Nov 23 17:29 1987 ./tahoestand/vdformat/profile.c
r--r--r--  3/10   9362 Jun  7 16:36 1988 ./tahoestand/vdformat/relocate.c
r--r--r--  3/10   2884 Jun 14 20:51 1988 ./tahoestand/vdformat/config.c
r--r--r--  3/10   4708 Jun  7 16:35 1988 ./tahoestand/vdformat/correct.c
r--r--r--  3/10   1479 Jun 30 20:55 1987 ./tahoestand/vdformat/delete.c
r--r--r--  3/10   1011 Jun 30 20:55 1987 ./tahoestand/vdformat/help.c
r--r--r--  3/10    606 Nov 23 17:29 1987 ./tahoestand/vdformat/info.c
r--r--r--  3/10   1782 Jun  7 16:36 1988 ./tahoestand/vdformat/smd.c
r--r--r--  3/10   1289 Nov 23 17:29 1987 ./tahoestand/vdformat/list.c
r--r--r--  3/10    327 Jun 30 20:55 1987 ./tahoestand/vdformat/reset.c
r--r--r--  3/10   1930 Jun  7 16:36 1988 ./tahoestand/vdformat/smd_e.c
r--r--r--  3/10    768 Nov 23 17:29 1987 ./tahoestand/vdformat/start.c
r--r--r--  3/10   6258 Jun  7 16:36 1988 ./tahoestand/vdformat/verify.c
r--r--r--  3/10   1881 May 31 10:45 1988 ./tahoestand/vdformat/util.c
r--r--r--  3/10   1752 Jun  7 16:34 1988 ./tahoestand/vdformat/status.c
r--r--r--  3/10   1546 Jun  2 20:57 1988 ./tahoestand/vdformat/cons.c
r--r--r--  3/10  10050 Jul  9 13:01 1988 ./tahoestand/vdformat/Makefile
r--r--r--  3/10   6655 Jul  9 13:00 1988 ./tahoestand/Makefile
r--r--r--  3/10   6251 May 24 15:33 1988 ./tahoestand/cy.c
r--r--r--  3/10   1281 Apr  2 18:29 1987 ./tahoestand/srt0.c
r--r--r--  3/10   3095 Mar  4 18:22 1988 ./tahoestand/boot.c
r--r--r--  3/10  10813 Jun 14 20:48 1988 ./tahoestand/vd.c
r--r--r--  3/10   5954 Dec 19 01:53 1986 ./tahoestand/cyvar.h
r--r--r--  3/10   1536 Jun 29 19:36 1988 ./tahoestand/conf.c
rw-r--r--  3/10   9220 Mar  4 00:48 1988 ./tahoestand/hdc.c
r--r--r--  3/10   3246 Mar  3 16:56 1988 ./tahoestand/prf.c
r--r--r--  3/10   2007 Oct 27 20:47 1987 ./tahoestand/machdep.c
rwxr-xr-x  3/10      0 Sep  5 14:02 1999 ./vax/
rwxr-xr-x  3/10      0 Jan 12 15:21 1999 ./vax/inline/
r--r--r--  3/10   2291 Jan 12 15:07 1999 ./vax/inline/inline.h
r--r--r--  3/10   1112 Jan 12 15:07 1999 ./vax/inline/libcpats.c
r--r--r--  3/10   9434 Jan 12 15:07 1999 ./vax/inline/machdep.c
r--r--r--  3/10   3128 Jan 12 15:07 1999 ./vax/inline/machpats.c
r--r--r--  3/10   7235 Jan 12 15:07 1999 ./vax/inline/main.c
r--r--r--  3/10   1677 Jan 12 15:07 1999 ./vax/inline/Makefile
r--r--r--  3/10   3948 Jan 12 15:07 1999 ./vax/inline/langpats.c
rwxr-xr-x  3/10  26624 Jan 12 15:21 1999 ./vax/inline/inline
r--r--r--  3/10  44121 Jan 12 15:06 1999 ./vax/locore.s
r--r--r--  3/10  33261 Sep  5 14:02 1999 ./vax/autoconf.c
r--r--r--  3/10   5335 Apr 30 02:06 1985 ./vax/asnumber.h
r--r--r--  3/10   1772 Aug  7 01:53 1984 ./vax/astags
r--r--r--  3/10  18485 Jan 12 15:06 1999 ./vax/conf.c
r--r--r--  3/10   5327 Jan 12 15:06 1999 ./vax/cons.c
r--r--r--  3/10   1461 Jan 12 15:06 1999 ./vax/cons.h
r--r--r--  3/10   4324 Jan 12 15:06 1999 ./vax/crl.c
r--r--r--  3/10   2939 Jan 12 15:06 1999 ./vax/crl.h
r--r--r--  3/10     92 Jan 12 15:06 1999 ./vax/crt0.ex
r--r--r--  3/10    785 Jan 12 15:06 1999 ./vax/dkbad.c
r--r--r--  3/10    605 Jan 12 15:06 1999 ./vax/dkio.h
r--r--r--  3/10   1512 Jan 12 15:06 1999 ./vax/endian.h
r--r--r--  3/10   5757 Jan 12 15:06 1999 ./vax/flp.c
r--r--r--  3/10   1735 Jan 12 15:06 1999 ./vax/flp.h
r--r--r--  3/10   4209 Jan 12 15:06 1999 ./vax/in_cksum.c
r--r--r--  3/10   2522 Jan 12 15:06 1999 ./vax/ka730.c
r--r--r--  3/10   2878 Jan 12 15:06 1999 ./vax/ka750.c
r--r--r--  3/10   6074 Jan 12 15:06 1999 ./vax/ka780.c
r--r--r--  3/10   1907 Jan 12 15:06 1999 ./vax/kdbparam.h
rw-r--r--  3/10  15862 Jan 16 03:18 1987 ./vax/kdb_instrs
r--r--r--  3/10   7010 Jan 12 15:06 1999 ./vax/kdb_machdep.c
r--r--r--  3/10  13340 Jan 12 15:06 1999 ./vax/kdb_opset.c
r--r--r--  3/10   8526 Jan 12 15:06 1999 ./vax/Locore.c
r--r--r--  3/10   2590 Jan 12 15:06 1999 ./vax/machparam.h
r--r--r--  3/10   3023 Jan 12 15:06 1999 ./vax/mem.c
r--r--r--  3/10    646 Jan 12 15:06 1999 ./vax/mem.h
r--r--r--  3/10   3831 Jan 12 15:06 1999 ./vax/ns_cksum.c
r--r--r--  3/10    957 Jan 12 15:06 1999 ./vax/pcb.m
r--r--r--  3/10   2459 Jan 12 15:07 1999 ./vax/pte.h
r--r--r--  3/10    731 Jan 12 15:06 1999 ./vax/rpb.h
r--r--r--  3/10    488 Jan 12 15:06 1999 ./vax/rpb.s
r--r--r--  3/10   5266 Jan 12 15:06 1999 ./vax/rx50.c
r--r--r--  3/10   2767 Jan 12 15:06 1999 ./vax/scb.h
r--r--r--  3/10   3256 Jan 12 15:06 1999 ./vax/scb.s
r--r--r--  3/10    928 Jan 12 15:06 1999 ./vax/symbols.raw
rw-r--r--  3/10    379 Jul 21 06:36 1984 ./vax/symbols.sort
r--r--r--  3/10   2783 Jan 12 15:06 1999 ./vax/sys_machdep.c
rw-r--r--  3/10 557088 May 23 23:45 1988 ./vax/tags
r--r--r--  3/10  11298 Jan 12 15:06 1999 ./vax/tmscp.h
r--r--r--  3/10   6988 Jan 12 15:06 1999 ./vax/trap.c
r--r--r--  3/10  15570 Jan 12 15:06 1999 ./vax/tu.c
r--r--r--  3/10   2199 Jan 12 15:06 1999 ./vax/udiv.s
r--r--r--  3/10   2345 Jan 12 15:06 1999 ./vax/ufs_machdep.c
r--r--r--  3/10   1312 Jan 12 15:06 1999 ./vax/urem.s
r--r--r--  3/10   5235 Jan 12 15:07 1999 ./vax/vmparam.h
r--r--r--  3/10   3457 Jan 12 15:06 1999 ./vax/vm_machdep.c
r--r--r--  3/10   5253 Jan 12 15:06 1999 ./vax/clock.c
r--r--r--  3/10   1731 Jan 12 15:06 1999 ./vax/clock.h
r--r--r--  3/10   4834 Jan 12 15:06 1999 ./vax/cpu.h
r--r--r--  3/10   5647 Jan 12 15:06 1999 ./vax/cpudata.c
r--r--r--  3/10  30094 Jan 12 15:06 1999 ./vax/emulate.s
r--r--r--  3/10    622 Jan 12 15:06 1999 ./vax/frame.h
r--r--r--  3/10   3151 Jan 12 15:06 1999 ./vax/genassym.c
r--r--r--  3/10   2564 Jan 12 15:06 1999 ./vax/ioa.h
r--r--r--  3/10   3663 Jan 12 15:06 1999 ./vax/ka630.c
r--r--r--  3/10   1920 Jan 12 15:06 1999 ./vax/ka630.h
r--r--r--  3/10   5191 Jan 12 15:06 1999 ./vax/ka650.c
r--r--r--  3/10   8282 Jan 12 15:06 1999 ./vax/ka650.h
r--r--r--  3/10   8981 Jan 12 15:06 1999 ./vax/ka820.c
r--r--r--  3/10   4289 Jan 12 15:06 1999 ./vax/ka820.h
r--r--r--  3/10   6721 Jan 12 15:06 1999 ./vax/ka860.c
r--r--r--  3/10  20518 Jan 12 15:06 1999 ./vax/machdep.c
r--r--r--  3/10  23782 Jan 12 15:06 1999 ./vax/mscp.c
r--r--r--  3/10  15450 Jan 12 15:06 1999 ./vax/mscp.h
r--r--r--  3/10   6714 Jan 12 15:06 1999 ./vax/mscpvar.h
r--r--r--  3/10   4937 Jan 12 15:06 1999 ./vax/mtpr.h
r--r--r--  3/10   3559 Jan 12 15:06 1999 ./vax/nexus.h
r--r--r--  3/10   1456 Jan 12 15:06 1999 ./vax/pcb.h
r--r--r--  3/10   1329 Jan 12 15:07 1999 ./vax/psl.h
r--r--r--  3/10    772 Jan 12 15:07 1999 ./vax/reg.h
r--r--r--  3/10   2488 Jan 12 15:06 1999 ./vax/rsp.h
r--r--r--  3/10   2320 Jan 12 15:06 1999 ./vax/rx50reg.h
r--r--r--  3/10   3584 Jan 12 15:06 1999 ./vax/swapgeneric.c
r--r--r--  3/10   1916 Jan 12 15:07 1999 ./vax/trap.h
rwxr-xr-x  3/10      0 Sep  6 21:47 1999 ./vaxbi/
r--r--r--  3/10  47840 Sep  6 21:47 1999 ./vaxbi/kdb.c
r--r--r--  3/10   2301 Jan 12 15:08 1999 ./vaxbi/bi.c
r--r--r--  3/10   9084 Jan 12 15:08 1999 ./vaxbi/bireg.h
r--r--r--  3/10   1426 Jan 12 15:08 1999 ./vaxbi/bivar.h
r--r--r--  3/10   3469 Jan 12 15:08 1999 ./vaxbi/kdbreg.h
r--r--r--  3/10   3182 Jan 12 15:08 1999 ./vaxbi/nireg.h
rwxr-xr-x  3/10      0 Sep  7 10:19 1999 ./vaxdist/
rwxr-xr-x  3/10      0 Dec 25 14:54 1998 ./vaxdist/tp/
rw-r--r--  3/10  38952 Oct  2 22:27 1999 ./vaxdist/tp/copy
rw-r--r--  3/10  39892 Oct  2 22:27 1999 ./vaxdist/tp/boot
rw-r--r--  3/10  32396 Oct  2 22:27 1999 ./vaxdist/tp/format
r-xr-xr-x  3/10    392 Oct  3 13:15 1999 ./vaxdist/buildmini
rw-r--r--  3/10    995 Sep 16 02:35 1985 ./vaxdist/.cshrc
rw-r--r--  3/10    137 Jun 23 10:29 1985 ./vaxdist/.login
rw-r--r--  3/10    121 Jun 23 10:29 1985 ./vaxdist/.profile
r--r--r--  3/10  15997 Sep  6 20:53 1999 ./vaxdist/disktab
rw-r--r--  3/10    722 Jun 14 09:39 1988 ./vaxdist/aliases
r--r--r--  3/10   2343 Sep  7 09:45 1999 ./vaxdist/get
rw-r--r--  3/10    456 Jul 16 04:33 1988 ./vaxdist/crontab
r--r--r--  3/10    400 Jan 12 15:09 1999 ./vaxdist/netstart
rw-r--r--  3/10     63 Aug 14 10:58 1983 ./vaxdist/fstab.rp07
rw-r--r--  3/10     63 Aug 14 10:58 1983 ./vaxdist/fstab.rm05
rw-r--r--  3/10     63 Aug 14 10:58 1983 ./vaxdist/fstab.ra81
rw-r--r--  3/10     63 Aug 14 10:58 1983 ./vaxdist/fstab.hp
rw-r--r--  3/10     63 Nov  2 23:55 1983 ./vaxdist/fstab.hp400m
rw-r--r--  3/10     63 Aug 14 10:58 1983 ./vaxdist/fstab.ra60
rw-r--r--  3/10     63 Aug 14 10:58 1983 ./vaxdist/fstab.ra80
rw-r--r--  3/10     63 Aug 14 10:58 1983 ./vaxdist/fstab.rb80
rw-r--r--  3/10    111 Aug 14 10:58 1983 ./vaxdist/fstab.rk07
rw-r--r--  3/10     41 Aug 14 10:58 1983 ./vaxdist/fstab.rm03
rw-r--r--  3/10     41 Aug 14 10:58 1983 ./vaxdist/fstab.rm80
rw-r--r--  3/10     41 Aug 14 10:58 1983 ./vaxdist/fstab.rp06
rw-r--r--  3/10     63 Aug 14 10:58 1983 ./vaxdist/fstab.up
rw-r--r--  3/10     41 Aug 14 10:58 1983 ./vaxdist/fstab.up160m
rw-r--r--  3/10      5 Feb 14 10:13 1986 ./vaxdist/ftpusers
rw-r--r--  3/10    162 Dec 25 17:19 1998 ./vaxdist/group
rw-r--r--  3/10     63 Aug 14 10:58 1983 ./vaxdist/fstab.up300m
r-xr-xr-x  3/10   1500 Oct  9 21:18 1999 ./vaxdist/maketape
rw-r--r--  3/10    303 Dec 25 17:24 1998 ./vaxdist/passwd
rw-r--r--  3/10    387 Jun  6 02:00 1986 ./vaxdist/hosts
rw-r--r--  3/10     32 Jul 22 12:49 1983 ./vaxdist/hosts.equiv
rw-r--r--  3/10    990 Jun  6 01:48 1986 ./vaxdist/inetd.conf
r-xr-xr-x  3/10   9362 Sep  7 10:19 1999 ./vaxdist/MAKEDEV
r--r--r--  3/10   1462 Jan 12 15:09 1999 ./vaxdist/MAKEHOSTS
rw-r--r--  3/10     76 Oct  9 20:56 1999 ./vaxdist/motd
rw-r--r--  3/10  12301 Jun  5 04:40 1986 ./vaxdist/networks
rw-r--r--  3/10     77 Aug 14 11:02 1983 ./vaxdist/printcap
rw-r--r--  3/10    441 Jul 18 02:05 1985 ./vaxdist/protocols
rw-r--r--  3/10   2854 Jul  9 23:21 1988 ./vaxdist/rc
rw-r--r--  3/10    442 Jul 16 02:30 1988 ./vaxdist/rc.local
rw-r--r--  3/10    881 Jun 23 04:40 1985 ./vaxdist/README
rw-r--r--  3/10   1629 Feb  8 22:03 1987 ./vaxdist/remote
rw-r--r--  3/10   1483 Jan 10 16:13 1999 ./vaxdist/services
rw-r--r--  3/10    141 Oct 30 05:16 1985 ./vaxdist/shells
rw-r--r--  3/10    287 Apr 20 21:01 1988 ./vaxdist/syslog.conf
rw-r--r--  3/10   1142 Jun 21 06:30 1985 ./vaxdist/ttys
rwxr-xr-x  3/10      0 Sep  7 11:40 1999 ./vaxif/
rwxr-xr-x  3/10      0 Oct  2 15:28 1999 ./vaxif/tags symbolic link to ../vax/tags
r--r--r--  3/10  10264 Jan 12 15:09 1999 ./vaxif/if_acc.c
r--r--r--  3/10  12154 Jan 12 15:09 1999 ./vaxif/if_css.c
r--r--r--  3/10  46625 Jan 12 15:09 1999 ./vaxif/if_ddn.c
r--r--r--  3/10   4363 Jan 12 15:09 1999 ./vaxif/if_ddnreg.h
r--r--r--  3/10   4164 Jan 12 15:09 1999 ./vaxif/if_ddnvar.h
r--r--r--  3/10  15729 Jan 12 15:09 1999 ./vaxif/if_hdh.c
r--r--r--  3/10   2337 Jan 12 15:09 1999 ./vaxif/if_accreg.h
r--r--r--  3/10   2793 Jan 12 15:09 1999 ./vaxif/if_cssreg.h
r--r--r--  3/10  22645 Jan 12 15:09 1999 ./vaxif/if_de.c
r--r--r--  3/10   7447 Jan 12 15:09 1999 ./vaxif/if_dereg.h
r--r--r--  3/10   3425 Sep  7 11:33 1999 ./vaxif/if_dmc.h
r--r--r--  3/10  24606 Jan 12 15:09 1999 ./vaxif/if_dmc.c
r--r--r--  3/10  27046 Jan 12 15:09 1999 ./vaxif/if_dmv.c
r--r--r--  3/10   5114 Sep  7 11:40 1999 ./vaxif/if_dmv.h
r--r--r--  3/10  24120 Jan 12 15:09 1999 ./vaxif/if_ec.c
r--r--r--  3/10   2774 Jan 12 15:09 1999 ./vaxif/if_ecreg.h
r--r--r--  3/10  18033 Jan 12 15:09 1999 ./vaxif/if_en.c
r--r--r--  3/10   1416 Jan 12 15:09 1999 ./vaxif/if_en.h
r--r--r--  3/10   1892 Jan 12 15:09 1999 ./vaxif/if_enreg.h
r--r--r--  3/10  25617 Jan 12 15:09 1999 ./vaxif/if_ex.c
r--r--r--  3/10  10872 Jan 12 15:09 1999 ./vaxif/if_exreg.h
r--r--r--  3/10   4757 Jan 12 15:10 1999 ./vaxif/if_hdhreg.h
r--r--r--  3/10  38501 Jan 12 15:10 1999 ./vaxif/if_hy.c
r--r--r--  3/10  10059 Jan 12 15:10 1999 ./vaxif/if_hy.h
r--r--r--  3/10   7438 Jan 12 15:10 1999 ./vaxif/if_hyreg.h
r--r--r--  3/10  20544 Jan 12 15:10 1999 ./vaxif/if_il.c
r--r--r--  3/10   2312 Jan 12 15:10 1999 ./vaxif/if_il.h
r--r--r--  3/10   4862 Jan 12 15:10 1999 ./vaxif/if_ilreg.h
r--r--r--  3/10  23625 Jan 12 15:10 1999 ./vaxif/if_ix.c
r--r--r--  3/10   3144 Jan 12 15:10 1999 ./vaxif/if_ix.h
r--r--r--  3/10  12960 Jan 12 15:10 1999 ./vaxif/if_pcl.c
r--r--r--  3/10   3148 Jan 12 15:10 1999 ./vaxif/if_pclreg.h
r--r--r--  3/10  29010 Jan 12 15:10 1999 ./vaxif/if_qe.c
r--r--r--  3/10   6132 Jan 12 15:10 1999 ./vaxif/if_qereg.h
r--r--r--  3/10   9890 Jan 12 15:10 1999 ./vaxif/if_uba.c
r--r--r--  3/10   4142 Jan 12 15:10 1999 ./vaxif/if_uba.h
r--r--r--  3/10  27633 Jan 12 15:10 1999 ./vaxif/if_vv.c
r--r--r--  3/10   4462 Jan 12 15:10 1999 ./vaxif/if_vv.h
r--r--r--  3/10   2435 Jan 12 15:10 1999 ./vaxif/raw_hy.c
rwxr-xr-x  3/10      0 Jan 14 17:49 1999 ./vaxmba/
rwxr-xr-x  3/10      0 Oct  2 15:28 1999 ./vaxmba/tags symbolic link to ../vax/tags
r--r--r--  3/10  30940 Jan 12 15:10 1999 ./vaxmba/mt.c
r--r--r--  3/10   6270 Jan 12 15:10 1999 ./vaxmba/hpreg.h
r--r--r--  3/10  36336 Jan 12 15:10 1999 ./vaxmba/hp.c
r--r--r--  3/10  13697 Jan 12 15:10 1999 ./vaxmba/ht.c
r--r--r--  3/10  11396 Jan 12 15:10 1999 ./vaxmba/mba.c
r--r--r--  3/10   4474 Jan 12 15:10 1999 ./vaxmba/htreg.h
r--r--r--  3/10   4176 Jan 12 15:10 1999 ./vaxmba/mbareg.h
r--r--r--  3/10   4696 Jan 12 15:10 1999 ./vaxmba/mbavar.h
r--r--r--  3/10   5209 Jan 12 15:10 1999 ./vaxmba/mtreg.h
rwxr-xr-x  3/10      0 Oct  2 22:28 1999 ./vaxstand/
r--r--r--  3/10   5019 Jan 12 15:11 1999 ./vaxstand/boot.c
r--r--r--  3/10   8402 Jan 12 15:11 1999 ./vaxstand/tmscp.c
r--r--r--  3/10  13659 Jan 12 15:11 1999 ./vaxstand/up.c
rw-r--r--  3/10  19288 Sep  5 15:00 1999 ./vaxstand/Makefile
r--r--r--  3/10   1031 Jan 12 15:11 1999 ./vaxstand/confxx.c
r--r--r--  3/10  47336 Jan 12 15:11 1999 ./vaxstand/qfont.c
r--r--r--  3/10   7053 Sep  5 14:08 1999 ./vaxstand/autoconf.c
r--r--r--  3/10   4043 Jan 12 15:11 1999 ./vaxstand/conf.c
r--r--r--  3/10   1245 Jan 12 15:11 1999 ./vaxstand/confhpup.c
r--r--r--  3/10   1918 Jan 12 15:11 1999 ./vaxstand/drtest.c
r--r--r--  3/10  15312 Jan 12 15:11 1999 ./vaxstand/format.c
r--r--r--  3/10  14042 Jan 12 15:11 1999 ./vaxstand/hp.c
r--r--r--  3/10   5092 Jan 12 15:11 1999 ./vaxstand/hpmaptype.c
r--r--r--  3/10   2463 Jan 12 15:11 1999 ./vaxstand/ht.c
r--r--r--  3/10   3369 Jan 12 15:11 1999 ./vaxstand/idc.c
r--r--r--  3/10   6745 Jan 12 15:11 1999 ./vaxstand/imptst.c
r--r--r--  3/10   6669 Sep  4 18:02 1999 ./vaxstand/kdb.c
r--r--r--  3/10    603 Jan 12 15:11 1999 ./vaxstand/machdep.c
r--r--r--  3/10   2240 Jan 12 15:11 1999 ./vaxstand/mba.c
r--r--r--  3/10   3037 Jan 12 15:11 1999 ./vaxstand/mt.c
r--r--r--  3/10   3066 Jan 12 15:11 1999 ./vaxstand/prf.c
r--r--r--  3/10  32717 Jan 12 15:11 1999 ./vaxstand/qdcons.c
r--r--r--  3/10  10156 Jan 12 15:11 1999 ./vaxstand/qvcons.c
r--r--r--  3/10   3501 Jan 12 15:11 1999 ./vaxstand/rk.c
r--r--r--  3/10   5760 Jan 12 15:11 1999 ./vaxstand/rl.c
r--r--r--  3/10   1337 Jan 12 15:11 1999 ./vaxstand/savax.h
rwxr-xr-x  0/10  47104 Oct  2 22:26 1999 ./vaxstand/cat
r--r--r--  3/10   3487 Jan 12 15:11 1999 ./vaxstand/srt0.c
r--r--r--  3/10   1635 Feb  3 23:10 1988 ./vaxstand/bootxx.c
r--r--r--  3/10   2359 Jan 12 15:11 1999 ./vaxstand/tm.c
r--r--r--  3/10   3246 Jan 12 15:11 1999 ./vaxstand/ts.c
r--r--r--  3/10   1675 Jan 12 15:11 1999 ./vaxstand/uba.c
r--r--r--  3/10   6969 Sep  6 20:54 1999 ./vaxstand/uda.c
r--r--r--  3/10   2235 Jan 12 15:11 1999 ./vaxstand/upmaptype.c
r--r--r--  3/10   2930 Jan 12 15:11 1999 ./vaxstand/ut.c
rw-r--r--  3/10   7530 Jan 21 09:09 1988 ./vaxstand/imploop.c
r--r--r--  3/10  11264 Oct  2 14:11 1999 ./vaxstand/pcs750.bin
rw-r--r--  0/10   2229 Oct  2 22:24 1999 ./vaxstand/boot.o
rw-r--r--  0/10    913 Oct  2 22:24 1999 ./vaxstand/relsrt0.o
rw-r--r--  0/10   1924 Oct  2 22:24 1999 ./vaxstand/conf.o
rw-r--r--  0/10   1079 Oct  2 22:24 1999 ./vaxstand/dev.o
rw-r--r--  0/10   1457 Oct  2 22:24 1999 ./vaxstand/bootconf.o
rw-r--r--  0/10    167 Oct  2 22:24 1999 ./vaxstand/dkbad.o
rw-r--r--  0/10    221 Oct  2 22:24 1999 ./vaxstand/getfile.o
rw-r--r--  0/10    344 Oct  2 22:24 1999 ./vaxstand/gets.o
rw-r--r--  0/10    167 Oct  2 22:24 1999 ./vaxstand/machdep.o
rw-r--r--  0/10   1143 Oct  2 22:24 1999 ./vaxstand/prf.o
rw-r--r--  0/10    283 Oct  2 22:24 1999 ./vaxstand/printn.o
rw-r--r--  0/10   3081 Oct  2 22:24 1999 ./vaxstand/qfont.o
rw-r--r--  0/10   5963 Oct  2 22:24 1999 ./vaxstand/sys.o
rw-r--r--  0/10  71126 Oct  2 22:26 1999 ./vaxstand/libsa.a
rw-r--r--  0/10   3695 Oct  2 22:24 1999 ./vaxstand/autoconf.o
rw-r--r--  0/10   5622 Oct  2 22:24 1999 ./vaxstand/hp.o
rw-r--r--  0/10   1568 Oct  2 22:24 1999 ./vaxstand/hpmaptype.o
rw-r--r--  0/10   1351 Oct  2 22:25 1999 ./vaxstand/ht.o
rw-r--r--  0/10   1773 Oct  2 22:25 1999 ./vaxstand/idc.o
rw-r--r--  0/10   2349 Oct  2 22:25 1999 ./vaxstand/kdb.o
rw-r--r--  0/10    930 Oct  2 22:25 1999 ./vaxstand/mba.o
rw-r--r--  0/10   1374 Oct  2 22:25 1999 ./vaxstand/mt.o
rw-r--r--  0/10   1794 Oct  2 22:25 1999 ./vaxstand/rk.o
rw-r--r--  0/10   6264 Oct  2 22:25 1999 ./vaxstand/qdcons.o
rw-r--r--  0/10   3034 Oct  2 22:25 1999 ./vaxstand/qvcons.o
rw-r--r--  0/10   1953 Oct  2 22:25 1999 ./vaxstand/rl.o
rw-r--r--  0/10   1234 Oct  2 22:25 1999 ./vaxstand/tm.o
rw-r--r--  0/10   2540 Oct  2 22:25 1999 ./vaxstand/tmscp.o
rw-r--r--  0/10   1873 Oct  2 22:25 1999 ./vaxstand/ts.o
rw-r--r--  0/10   5327 Oct  2 22:25 1999 ./vaxstand/up.o
rw-r--r--  0/10    672 Oct  2 22:25 1999 ./vaxstand/uba.o
rw-r--r--  0/10    870 Oct  2 22:25 1999 ./vaxstand/upmaptype.o
rw-r--r--  0/10   2911 Oct  2 22:26 1999 ./vaxstand/uda.o
rw-r--r--  0/10   1570 Oct  2 22:26 1999 ./vaxstand/ut.o
rwxr-xr-x  0/10  41984 Oct  2 22:26 1999 ./vaxstand/boot
rw-r--r--  0/10  39892 Oct  2 22:26 1999 ./vaxstand/tpboot
rw-r--r--  0/10   2091 Oct  2 22:26 1999 ./vaxstand/tpboot.o
rw-r--r--  0/10    252 Oct  2 22:26 1999 ./vaxstand/cat.o
rw-r--r--  0/10    746 Oct  2 22:26 1999 ./vaxstand/srt0.o
rw-r--r--  0/10    727 Oct  2 22:26 1999 ./vaxstand/copy.o
rwxr-xr-x  0/10  48128 Oct  2 22:26 1999 ./vaxstand/copy
rw-r--r--  0/10    746 Oct  2 22:26 1999 ./vaxstand/tpsrt0.o
rw-r--r--  0/10  38952 Oct  2 22:26 1999 ./vaxstand/tpcopy
rw-r--r--  0/10   8559 Oct  2 22:26 1999 ./vaxstand/format.o
rw-r--r--  0/10    377 Oct  2 22:26 1999 ./vaxstand/confhpup.o
rwxr-xr-x  0/10  38912 Oct  2 22:26 1999 ./vaxstand/format
rw-r--r--  0/10  32396 Oct  2 22:26 1999 ./vaxstand/tpformat
rw-r--r--  0/10   8555 Oct  2 22:26 1999 ./vaxstand/tpformat.o
rw-r--r--  0/10   1200 Oct  2 22:26 1999 ./vaxstand/drtest.o
rwxr-xr-x  0/10  32768 Oct  2 22:26 1999 ./vaxstand/drtest
rw-r--r--  0/10    868 Oct  2 22:26 1999 ./vaxstand/ls.o
rwxr-xr-x  0/10  48128 Oct  2 22:26 1999 ./vaxstand/ls
rw-r--r--  0/10   3616 Oct  2 22:26 1999 ./vaxstand/confhp.c
rw-r--r--  0/10      0 Oct  2 22:26 1999 ./vaxstand/confxx.o
rw-r--r--  0/10   1150 Oct  2 22:26 1999 ./vaxstand/confhp.o
rw-r--r--  0/10    781 Oct  2 22:27 1999 ./vaxstand/bootxx.o
rw-r--r--  0/10   1574 Oct  2 22:27 1999 ./vaxstand/sm_hp.o
rw-r--r--  0/10   7608 Oct  2 22:27 1999 ./vaxstand/boothp
rw-r--r--  0/10   4087 Oct  2 22:27 1999 ./vaxstand/sm_sys.o
rw-r--r--  0/10   3616 Oct  2 22:27 1999 ./vaxstand/confrk.c
rw-r--r--  0/10   1150 Oct  2 22:27 1999 ./vaxstand/confrk.o
rw-r--r--  0/10   7460 Oct  2 22:27 1999 ./vaxstand/bootra
rw-r--r--  0/10    625 Oct  2 22:27 1999 ./vaxstand/sm_autoconf.o
rw-r--r--  0/10   6560 Oct  2 22:27 1999 ./vaxstand/boothk
rw-r--r--  0/10   3623 Oct  2 22:27 1999 ./vaxstand/confkra.c
rw-r--r--  0/10   1152 Oct  2 22:27 1999 ./vaxstand/confkra.o
rw-r--r--  0/10   6596 Oct  2 22:27 1999 ./vaxstand/bootkra
rw-r--r--  0/10   3616 Oct  2 22:27 1999 ./vaxstand/confup.c
rw-r--r--  0/10    829 Oct  2 22:27 1999 ./vaxstand/kra_autoconf.o
rw-r--r--  0/10   1150 Oct  2 22:27 1999 ./vaxstand/confup.o
rw-r--r--  0/10   7588 Oct  2 22:27 1999 ./vaxstand/bootup
rw-r--r--  0/10   3616 Oct  2 22:27 1999 ./vaxstand/confrl.c
rw-r--r--  0/10   2638 Oct  2 22:27 1999 ./vaxstand/sm_up.o
rw-r--r--  0/10   3616 Oct  2 22:27 1999 ./vaxstand/confra.c
rw-r--r--  0/10   1150 Oct  2 22:27 1999 ./vaxstand/confra.o
rw-r--r--  0/10   1328 Oct  2 22:27 1999 ./vaxstand/ra_autoconf.o
rw-r--r--  0/10   1150 Oct  2 22:27 1999 ./vaxstand/confrl.o
rw-r--r--  0/10   6768 Oct  2 22:27 1999 ./vaxstand/bootrl
rwxr-xr-x  3/10      0 Sep  6 21:42 1999 ./vaxuba/
r--r--r--  3/10  57126 Jan 12 15:12 1999 ./vaxuba/tmscp.c
r--r--r--  3/10  16975 Jan 12 15:12 1999 ./vaxuba/uba.c
rwxr-xr-x  3/10      0 Oct  2 15:28 1999 ./vaxuba/tags symbolic link to ../vax/tags
r--r--r--  3/10   3437 Jan 12 15:12 1999 ./vaxuba/ad.c
r--r--r--  3/10    724 Jan 12 15:12 1999 ./vaxuba/adreg.h
r--r--r--  3/10   4622 Jan 12 15:12 1999 ./vaxuba/ct.c
r--r--r--  3/10   1688 Jan 12 15:12 1999 ./vaxuba/dhreg.h
r--r--r--  3/10   2030 Jan 12 15:12 1999 ./vaxuba/dmfreg.h
r--r--r--  3/10   1429 Jan 12 15:12 1999 ./vaxuba/dmreg.h
r--r--r--  3/10  12353 Jan 12 15:12 1999 ./vaxuba/dmx.c
r--r--r--  3/10    623 Jan 12 15:12 1999 ./vaxuba/dmzreg.h
r--r--r--  3/10   4239 Jan 12 15:12 1999 ./vaxuba/dn.c
r--r--r--  3/10  14258 Jan 12 15:12 1999 ./vaxuba/dz.c
r--r--r--  3/10   2492 Jan 12 15:12 1999 ./vaxuba/dzreg.h
r--r--r--  3/10   4077 Jan 12 15:12 1999 ./vaxuba/idcreg.h
r--r--r--  3/10   2416 Jan 12 15:12 1999 ./vaxuba/ikreg.h
r--r--r--  3/10   1842 Jan 12 15:12 1999 ./vaxuba/kgclock.c
r--r--r--  3/10   6771 Jan 12 15:12 1999 ./vaxuba/lp.c
r--r--r--  3/10  16113 Jan 12 15:12 1999 ./vaxuba/lpa.c
r--r--r--  3/10  46578 Jan 12 15:12 1999 ./vaxuba/np.c
r--r--r--  3/10  18404 Jan 12 15:12 1999 ./vaxuba/npreg.h
r--r--r--  3/10  15597 Jan 12 15:12 1999 ./vaxuba/ps.c
r--r--r--  3/10   3915 Jan 12 15:12 1999 ./vaxuba/qdioctl.h
r--r--r--  3/10  17213 Jan 12 15:12 1999 ./vaxuba/qduser.h
r--r--r--  3/10   2239 Jan 12 15:12 1999 ./vaxuba/qvioctl.h
r--r--r--  3/10   5043 Jan 12 15:12 1999 ./vaxuba/rkreg.h
r--r--r--  3/10   4129 Jan 12 15:12 1999 ./vaxuba/rlreg.h
r--r--r--  3/10  21220 Jan 12 15:12 1999 ./vaxuba/rx.c
r--r--r--  3/10   3406 Jan 12 15:12 1999 ./vaxuba/rxreg.h
r--r--r--  3/10  17094 Jan 12 15:12 1999 ./vaxuba/dh.c
r--r--r--  3/10  23539 Jan 12 15:12 1999 ./vaxuba/tm.c
r--r--r--  3/10   3393 Jan 12 15:12 1999 ./vaxuba/tmreg.h
rw-r--r--  3/10  40592 Jul  9 07:52 1988 ./vaxuba/up.c.disklabel
r--r--r--  3/10   6254 Jan 12 15:12 1999 ./vaxuba/upreg.h
r--r--r--  3/10  20726 Jan 12 15:12 1999 ./vaxuba/ut.c
r--r--r--  3/10   6492 Jan 12 15:12 1999 ./vaxuba/utreg.h
r--r--r--  3/10  18636 Jan 12 15:12 1999 ./vaxuba/uu.c
r--r--r--  3/10   1084 Jan 12 15:12 1999 ./vaxuba/uureg.h
r--r--r--  3/10  10152 Jan 12 15:12 1999 ./vaxuba/va.c
r--r--r--  3/10   7292 Jan 12 15:12 1999 ./vaxuba/vp.c
r--r--r--  3/10    689 Jan 12 15:12 1999 ./vaxuba/vpreg.h
r--r--r--  3/10   6176 Jan 12 15:12 1999 ./vaxuba/vsreg.h
r--r--r--  3/10  16720 Jan 12 15:12 1999 ./vaxuba/dhu.c
r--r--r--  3/10   4831 Jan 12 15:12 1999 ./vaxuba/dhureg.h
r--r--r--  3/10  14051 Jan 12 15:12 1999 ./vaxuba/dmf.c
r--r--r--  3/10    868 Jan 12 15:12 1999 ./vaxuba/dmx.h
r--r--r--  3/10   3749 Jan 12 15:12 1999 ./vaxuba/dmxreg.h
r--r--r--  3/10   6680 Jan 12 15:12 1999 ./vaxuba/dmz.c
r--r--r--  3/10  21394 Jan 12 15:12 1999 ./vaxuba/idc.c
r--r--r--  3/10   5085 Jan 12 15:12 1999 ./vaxuba/ik.c
r--r--r--  3/10    339 Jan 12 15:12 1999 ./vaxuba/pdma.h
r--r--r--  3/10   4186 Jan 12 15:12 1999 ./vaxuba/psreg.h
r--r--r--  3/10  89101 Jan 12 15:12 1999 ./vaxuba/qd.c
r--r--r--  3/10  10593 Jan 12 15:12 1999 ./vaxuba/qdreg.h
r--r--r--  3/10   3020 Jan 12 15:12 1999 ./vaxuba/qevent.h
r--r--r--  3/10  60149 Jan 12 15:12 1999 ./vaxuba/qfont.c
r--r--r--  3/10  33658 Jan 12 15:12 1999 ./vaxuba/qv.c
r--r--r--  3/10   2636 Jan 12 15:12 1999 ./vaxuba/qvreg.h
r--r--r--  3/10  18009 Jan 12 15:12 1999 ./vaxuba/rk.c
r--r--r--  3/10  16950 Jan 12 15:12 1999 ./vaxuba/rl.c
r--r--r--  3/10   3109 Jan 12 15:12 1999 ./vaxuba/tmscpreg.h
r--r--r--  3/10  23603 Jan 12 15:12 1999 ./vaxuba/ts.c
r--r--r--  3/10   5999 Jan 12 15:12 1999 ./vaxuba/tsreg.h
r--r--r--  3/10   9270 Jan 12 15:12 1999 ./vaxuba/ubareg.h
r--r--r--  3/10   9384 Jan 12 15:12 1999 ./vaxuba/ubavar.h
r--r--r--  3/10  62347 Sep  6 21:42 1999 ./vaxuba/uda.c
r--r--r--  3/10   2355 Jan 12 15:12 1999 ./vaxuba/udareg.h
r--r--r--  3/10  26143 Jan 12 15:12 1999 ./vaxuba/up.c
r--r--r--  3/10  21502 Jan 12 15:12 1999 ./vaxuba/vs.c
rwxr-xr-x  3/10      0 Jan 14 17:49 1999 ./tahoevba/
r--r--r--  3/10   7665 Jun 29 19:51 1988 ./tahoevba/vba.c
r--r--r--  3/10    553 May 21 20:47 1988 ./tahoevba/scope.h
r--r--r--  3/10  39127 Jul 16 16:25 1988 ./tahoevba/vd.c
rw-r--r--  3/10  13127 Mar  4 00:49 1988 ./tahoevba/hdc.h
r--r--r--  3/10  30231 Jul 16 16:27 1988 ./tahoevba/cy.c
r--r--r--  3/10   6500 Jan 13 23:53 1999 ./tahoevba/cyreg.h
r--r--r--  3/10  14230 Jun 29 19:51 1988 ./tahoevba/vdreg.h
r--r--r--  3/10  30565 Jul  9 18:35 1988 ./tahoevba/vx.c
r--r--r--  3/10   5720 Jun 29 19:51 1988 ./tahoevba/vxreg.h
r--r--r--  3/10  28355 May 21 20:33 1988 ./tahoevba/dr.c
r--r--r--  3/10   6906 May 21 20:33 1988 ./tahoevba/drreg.h
rwxr-xr-x  3/10      0 Oct  2 15:28 1999 ./tahoevba/tags symbolic link to ../tahoe/tags
r--r--r--  3/10   6664 Jan 14 00:02 1999 ./tahoevba/vbavar.h
r--r--r--  3/10   3395 Jun 29 19:51 1988 ./tahoevba/vbaparam.h
r--r--r--  3/10  32732 Jul  9 18:31 1988 ./tahoevba/mp.c
r--r--r--  3/10   2768 May 21 20:33 1988 ./tahoevba/ikreg.h
r--r--r--  3/10  15629 May 31 10:42 1988 ./tahoevba/ik.c
r--r--r--  3/10   2221 May 21 20:33 1988 ./tahoevba/psproto.h
r--r--r--  3/10   1641 May 21 20:33 1988 ./tahoevba/psreg.h
r--r--r--  3/10  15071 Jul 15 18:25 1988 ./tahoevba/mpreg.h
rwxr-xr-x  3/10      0 Oct  2 15:28 1999 ./machine symbolic link to vax
