drwxrwxr-x 0/10              0 Aug 14 10:22 1983 ./
drwxrwxr-x 0/10              0 Sep 29 05:26 1983 ./stand/
-r--r--r-- 0/10           2295 Jul 30 00:49 1983 ./stand/boot.c
-r--r--r-- 0/10            194 Jul 30 00:49 1983 ./stand/cat.c
-r--r--r-- 0/10            562 Jul 30 00:49 1983 ./stand/ls.c
-r--r--r-- 0/10           1897 Jul 30 00:49 1983 ./stand/mba.c
-r--r--r-- 0/10           2740 Jul 30 00:49 1983 ./stand/mt.c
-r--r--r-- 0/10           3494 Jul 30 00:49 1983 ./stand/prf.c
-r--r--r-- 0/10           2155 Jul 30 00:49 1983 ./stand/ht.c
-r--r--r-- 0/10          12472 Sep 26 11:06 1983 ./stand/hp.c
-r--r--r-- 0/10           2061 Jul 30 00:49 1983 ./stand/rk.c
-r--r--r-- 0/10           1516 Jul 30 00:49 1983 ./stand/srt0.c
-r--r--r-- 0/10           2465 Jul 30 00:49 1983 ./stand/conf.c
-r--r--r-- 0/10           2036 Jul 30 00:49 1983 ./stand/autoconf.c
-r--r--r-- 0/10           6542 Jul 30 00:49 1983 ./stand/imptst.c
-r--r--r-- 0/10            395 Jul 30 00:49 1983 ./stand/machdep.c
-r--r--r-- 0/10           3993 Sep 26 11:06 1983 ./stand/saio.h
-r--r--r-- 0/10           1143 Jul 30 00:49 1983 ./stand/savax.h
-r--r--r-- 0/10           1910 Jul 30 00:49 1983 ./stand/tm.c
-r--r--r-- 0/10          10717 Sep 26 11:06 1983 ./stand/sys.c
-r--r--r-- 0/10           2598 Jul 30 00:49 1983 ./stand/ts.c
-r--r--r-- 0/10           1329 Jul 30 00:49 1983 ./stand/uba.c
-r--r--r-- 0/10           3066 Jul 30 00:49 1983 ./stand/uda.c
-r--r--r-- 0/10          11675 Sep 26 11:06 1983 ./stand/up.c
-r--r--r-- 0/10           2429 Jul 30 00:49 1983 ./stand/ut.c
-r--r--r-- 0/10           1416 Jul 30 00:49 1983 ./stand/bootxx.c
-r--r--r-- 0/10           1159 Jul 30 00:49 1983 ./stand/confxx.c
-r--r--r-- 0/10           3164 Jul 30 00:49 1983 ./stand/idc.c
-r--r--r-- 0/10           8023 Sep 26 11:06 1983 ./stand/Makefile
-r--r--r-- 0/10           1962 Jul 30 00:49 1983 ./stand/drtest.c
-r--r--r-- 0/10           2205 Jul 30 00:49 1983 ./stand/up.old.c
-r--r--r-- 0/10          11518 Sep 26 11:06 1983 ./stand/format.c
-r--r--r-- 0/10           1250 Jul 30 00:49 1983 ./stand/confhpup.c
-r--r--r-- 0/10           5297 Jul 30 00:49 1983 ./stand/rl.c
-r--r--r-- 0/10           1235 Jul 30 00:49 1983 ./stand/copy.c
-r--r--r-- 0/10           3606 Jul 30 00:49 1983 ./stand/hpmaptype.c
-r--r--r-- 0/10           2459 Jul 30 00:49 1983 ./stand/hp.old.c
-rw-r--r-- 0/10           4958 Sep 29 05:26 1983 ./stand/sys.o
-rw-r--r-- 0/10           2049 Sep 29 05:25 1983 ./stand/conf.o
-r--r--r-- 0/10           1362 Jul 30 00:49 1983 ./stand/upmaptype.c
-rw-r--r-- 0/10           1347 Sep 29 05:26 1983 ./stand/prf.o
-rw-r--r-- 0/10            960 Sep 29 05:25 1983 ./stand/autoconf.o
-rw-r--r-- 0/10           5885 Sep 29 05:26 1983 ./stand/hp.o
-rw-r--r-- 0/10           1255 Sep 29 05:26 1983 ./stand/hpmaptype.o
-rw-r--r-- 0/10           1393 Sep 29 05:26 1983 ./stand/ht.o
-rw-r--r-- 0/10           1989 Sep 29 05:26 1983 ./stand/idc.o
-rw-r--r-- 0/10            908 Sep 29 05:26 1983 ./stand/mba.o
-rw-r--r-- 0/10           1432 Sep 29 05:26 1983 ./stand/mt.o
-rw-r--r-- 0/10           1454 Sep 29 05:26 1983 ./stand/rk.o
-rw-r--r-- 0/10           1987 Sep 29 05:26 1983 ./stand/rl.o
-rw-r--r-- 0/10           1084 Sep 29 05:26 1983 ./stand/tm.o
-rw-r--r-- 0/10           1919 Sep 29 05:26 1983 ./stand/ts.o
-rw-r--r-- 0/10           4727 Sep 29 05:26 1983 ./stand/up.o
-rw-r--r-- 0/10            734 Sep 29 05:26 1983 ./stand/upmaptype.o
-rw-r--r-- 0/10            655 Sep 29 05:26 1983 ./stand/uba.o
-rw-r--r-- 0/10           1779 Sep 29 05:26 1983 ./stand/uda.o
-rw-r--r-- 0/10           1452 Sep 29 05:26 1983 ./stand/ut.o
-rw-r--r-- 0/10            167 Sep 29 05:26 1983 ./stand/machdep.o
-rw-r--r-- 0/10            167 Sep 29 05:26 1983 ./stand/dkbad.o
-rw-r--r-- 0/10            495 Sep 29 05:26 1983 ./stand/srt0.o
-rw-r--r-- 0/10           1344 Sep 29 05:25 1983 ./stand/boot.o
-rw-r--r-- 0/10            642 Sep 29 05:26 1983 ./stand/relsrt0.o
-rwxr-xr-x 0/10          24576 Sep 29 05:28 1983 ./stand/boot
-rw-r--r-- 0/10           1448 Sep 29 05:25 1983 ./stand/bootconf.o
-rw-r--r-- 0/10            902 Sep 29 05:26 1983 ./stand/copy.o
-rw-r--r-- 0/10           1248 Sep 29 05:26 1983 ./stand/tpboot.o
-rw-r--r-- 0/10          23228 Sep 29 05:28 1983 ./stand/tpboot
-rwxr-xr-x 0/10          28672 Sep 29 05:28 1983 ./stand/copy
-rw-r--r-- 0/10            483 Sep 29 05:26 1983 ./stand/tpsrt0.o
-rwxr-xr-x 0/10          23552 Sep 29 05:28 1983 ./stand/format
-rw-r--r-- 0/10          23040 Sep 29 05:28 1983 ./stand/tpcopy
-rw-r--r-- 0/10           6548 Sep 29 05:26 1983 ./stand/format.o
-rw-r--r-- 0/10            893 Sep 29 05:25 1983 ./stand/confhpup.o
-rw-r--r-- 0/10           1487 Sep 29 05:26 1983 ./stand/drtest.o
-rw-r--r-- 0/10           6548 Sep 29 05:26 1983 ./stand/tpformat.o
-rw-r--r-- 0/10          19120 Sep 29 05:28 1983 ./stand/tpformat
-rwxr-xr-x 0/10          19456 Sep 29 05:28 1983 ./stand/drtest
-rw-r--r-- 0/10           1416 Aug 14 11:25 1983 ./stand/boothp.c
-rw-r--r-- 0/10            874 Sep 29 05:25 1983 ./stand/boothp.o
-rw-r--r-- 0/10           1159 Aug 14 11:25 1983 ./stand/confhp.c
-rw-r--r-- 0/10            764 Sep 29 05:25 1983 ./stand/confhp.o
-rw-r--r-- 0/10           1416 Aug 14 11:26 1983 ./stand/boothk.c
-rw-r--r-- 0/10           1606 Sep 29 05:26 1983 ./stand/hp.old.o
-rw-r--r-- 0/10           7540 Sep 29 05:28 1983 ./stand/boothp
-rw-r--r-- 0/10            874 Sep 29 05:25 1983 ./stand/boothk.o
-rw-r--r-- 0/10           1159 Aug 14 11:26 1983 ./stand/confrk.c
-rw-r--r-- 0/10            764 Sep 29 05:25 1983 ./stand/confrk.o
-rwxr-xr-x 0/10          14336 Sep 29 05:28 1983 ./stand/730boot
-rw-r--r-- 0/10           6596 Sep 29 05:28 1983 ./stand/boothk
-rw-r--r-- 0/10           1416 Aug 14 11:27 1983 ./stand/bootup.c
-rw-r--r-- 0/10            874 Sep 29 05:25 1983 ./stand/bootup.o
-rw-r--r-- 0/10           1159 Aug 14 11:27 1983 ./stand/confup.c
-rw-r--r-- 0/10            764 Sep 29 05:26 1983 ./stand/confup.o
-rw-r--r-- 0/10           6984 Sep 29 05:28 1983 ./stand/bootup
-rw-r--r-- 0/10           1605 Sep 29 05:26 1983 ./stand/up.old.o
-rw-r--r-- 0/10           1416 Aug 14 11:27 1983 ./stand/bootra.c
-rw-r--r-- 0/10            874 Sep 29 05:25 1983 ./stand/bootra.o
-rw-r--r-- 0/10           1159 Aug 14 11:28 1983 ./stand/confra.c
-rw-r--r-- 0/10            764 Sep 29 05:25 1983 ./stand/confra.o
-rw-r--r-- 0/10           6600 Sep 29 05:28 1983 ./stand/bootra
-rw-r--r-- 0/10           1416 Aug 14 11:28 1983 ./stand/bootrl.c
-rw-r--r-- 0/10            874 Sep 29 05:25 1983 ./stand/bootrl.o
-rw-r--r-- 0/10           1159 Aug 14 11:28 1983 ./stand/confrl.c
-rw-r--r-- 0/10            764 Sep 29 05:25 1983 ./stand/confrl.o
-rw-r--r-- 0/10           7052 Sep 29 05:28 1983 ./stand/bootrl
-rwxr-xr-x 0/10          16384 Sep 29 05:28 1983 ./stand/730copy
-rw-r--r-- 0/10           1344 Sep 29 05:25 1983 ./stand/730boot.o
-rw-r--r-- 0/10           1537 Sep 29 05:25 1983 ./stand/730conf.o
-rw-r--r-- 0/10           1150 Sep 29 05:25 1983 ./stand/730bootconf.o
-rwxr-xr-x 0/10          17408 Sep 29 05:28 1983 ./stand/730format
-rwxr-xr-x 0/10          13312 Sep 29 05:28 1983 ./stand/730drtest
-rwxr-xr-x 0/10           9864 Sep 29 05:30 1983 ./stand/a.out
drwxrwxr-x 0/10              0 Jul 10 17:21 1983 ./conf/
-r--r--r-- 0/10           2946 Jun 13 08:45 1983 ./conf/files
-r--r--r-- 0/10           2115 Aug  5 13:31 1983 ./conf/files.vax
-rwxr-xr-x 0/10            244 May 18 23:18 1983 ./conf/newvers.sh
-r--r--r-- 0/10            504 Nov  5 10:20 1982 ./conf/touch.c
-r--r--r-- 0/10            865 Jul 10 17:21 1983 ./conf/CALDER
-r--r--r-- 0/10           3314 Jun 13 20:20 1983 ./conf/LINT
-r--r--r-- 0/10           2366 Jul 10 07:50 1983 ./conf/GENERIC
-r--r--r-- 0/10           1373 Jul 10 07:50 1983 ./conf/ARPA
-r--r--r-- 0/10            333 May 18 20:10 1983 ./conf/defines
-r--r--r-- 0/10           1816 Jul 30 00:41 1983 ./conf/param.c
-r--r--r-- 0/10           2596 Jun 30 11:01 1983 ./conf/PROF
-r--r--r-- 0/10           4435 Sep 26 11:06 1983 ./conf/makefile.vax
-r--r--r-- 0/10            948 Sep 30 04:35 1983 ./conf/MATISSE
-r--r--r-- 0/10            654 May 18 17:29 1983 ./conf/ANSEL
-r--r--r-- 0/10           1109 Oct  2 16:10 1983 ./conf/UCBVAX
-r--r--r-- 0/10           1225 Jul 10 07:50 1983 ./conf/MONET
-r--r--r-- 0/10           1130 Sep 30 04:34 1983 ./conf/KIM
-r--r--r-- 0/10           1245 Sep 30 04:31 1983 ./conf/CORY
-r--r--r-- 0/10            823 Oct  2 16:10 1983 ./conf/MIRO
-r--r--r-- 0/10           1522 Sep 30 04:33 1983 ./conf/ERNIE
-r--r--r-- 0/10            853 Sep 30 04:32 1983 ./conf/DALI
-r--r--r-- 0/10            917 Sep 30 04:33 1983 ./conf/DEGAS
-r--r--r-- 0/10            199 May 13 21:54 1983 ./conf/files.UCSFIGV
-r--r--r-- 0/10            996 Oct  2 16:12 1983 ./conf/UCSFIGV
-r--r--r-- 0/10             43 May 18 16:05 1983 ./conf/devices.vax
drwxrwxr-x 0/10              0 Nov  4 07:55 1983 ./dist/
-r--r--r-- 0/10            284 Jul  9 18:39 1983 ./dist/buildmini
-r--r--r-- 0/10           3008 Jul 20 14:24 1983 ./dist/get
-r--r--r-- 0/10            899 Aug 14 05:51 1983 ./dist/README
-r-xr-xr-x 0/10           6472 Jul 23 17:43 1983 ./dist/MAKEDEV
-r--r--r-- 0/10           1293 Aug 15 15:58 1983 ./dist/maketape
-r--r--r-- 0/10           5567 Nov  4 07:54 1983 ./dist/disktab
-rw-r--r-- 0/10             63 Aug 15 15:59 1983 ./dist/fstab.hp
-rw-r--r-- 0/10             63 Aug 15 15:59 1983 ./dist/fstab.ra60
-rw-r--r-- 0/10             63 Aug 15 15:59 1983 ./dist/fstab.ra80
-rw-r--r-- 0/10             63 Aug 15 15:59 1983 ./dist/fstab.ra81
-rw-r--r-- 0/10             63 Aug 15 15:59 1983 ./dist/fstab.rb80
-rw-r--r-- 0/10            111 Aug 15 15:59 1983 ./dist/fstab.rk07
-rw-r--r-- 0/10             41 Aug 15 15:59 1983 ./dist/fstab.rm03
-rw-r--r-- 0/10             63 Aug 15 15:59 1983 ./dist/fstab.rm05
-rw-r--r-- 0/10             41 Aug 15 15:59 1983 ./dist/fstab.rm80
-rw-r--r-- 0/10             41 Aug 15 15:59 1983 ./dist/fstab.rp06
-rw-r--r-- 0/10             63 Aug 15 15:59 1983 ./dist/fstab.rp07
-rw-r--r-- 0/10             63 Aug 15 15:59 1983 ./dist/fstab.up
-rw-r--r-- 0/10             41 Aug 15 15:59 1983 ./dist/fstab.up160m
-rw-r--r-- 0/10             63 Aug 15 15:59 1983 ./dist/fstab.up300m
-r-xr-xr-x 0/10            160 Aug 15 15:59 1983 ./dist/MAKEHOSTS
-rw-r--r-- 0/10             84 Aug 15 16:03 1983 ./dist/group
-rw-r--r-- 0/10             80 Aug 15 16:03 1983 ./dist/motd
-rw-r--r-- 0/10           1812 Aug 15 16:03 1983 ./dist/passwd
-rw-r--r-- 0/10             77 Aug 15 16:03 1983 ./dist/printcap
-rw-r--r-- 0/10           2005 Aug 15 16:03 1983 ./dist/rc
-rw-r--r-- 0/10            910 Aug 28 18:46 1983 ./dist/rc.local
-rw-r--r-- 0/10            285 Aug 15 16:03 1983 ./dist/ttyconf
-rw-r--r-- 0/10            330 Aug 15 16:03 1983 ./dist/ttys
-rw-r--r-- 0/10             17 Aug 21 15:59 1983 ./dist/ftpusers
-rw-r--r-- 0/10             63 Nov  4 07:55 1983 ./dist/fstab.hp400m
drwxrwxr-x 0/10              0 Aug 14 11:36 1983 ./floppy/
-r--r--r-- 0/10            209 Sep 26 11:06 1983 ./floppy/anyboo.cmd
-rw-r--r-- 0/10          19296 Sep 29 05:29 1983 ./floppy/boot
-rw-r--r-- 0/10          23044 Sep 29 05:30 1983 ./floppy/copy
-rw-r--r-- 0/10          19124 Sep 29 05:30 1983 ./floppy/format
-rw-r--r-- 0/10            278 Sep 26 11:06 1983 ./floppy/defboo.cmd
-r--r--r-- 0/10            278 Sep 26 11:06 1983 ./floppy/defboo.hk
-r--r--r-- 0/10            278 Sep 26 11:06 1983 ./floppy/defboo.hp
-r--r--r-- 0/10            278 Sep 26 11:06 1983 ./floppy/defboo.up
-r--r--r-- 0/10            278 Sep 26 11:06 1983 ./floppy/defboo.ra
-r--r--r-- 0/10            175 Sep 26 11:06 1983 ./floppy/hpmboo.cmd
-r--r--r-- 0/10            179 Sep 26 11:06 1983 ./floppy/hpsboo.cmd
-r--r--r-- 0/10            175 Sep 26 11:06 1983 ./floppy/ramboo.cmd
-r--r--r-- 0/10            179 Sep 26 11:06 1983 ./floppy/rasboo.cmd
-r--r--r-- 0/10            270 Sep 26 11:06 1983 ./floppy/restar.cmd
-r--r--r-- 0/10            175 Sep 26 11:06 1983 ./floppy/upmboo.cmd
-r--r--r-- 0/10            179 Sep 26 11:06 1983 ./floppy/upsboo.cmd
-rw-r--r-- 0/10          15180 Sep 29 05:30 1983 ./floppy/drtest
-r--r--r-- 0/10            281 Sep 26 11:06 1983 ./floppy/utboot.cmd
-r--r--r-- 0/10            175 Sep 26 11:06 1983 ./floppy/hkmboo.cmd
-r--r--r-- 0/10            179 Sep 26 11:06 1983 ./floppy/hksboo.cmd
-r--r--r-- 0/10            864 Sep 29 04:05 1983 ./floppy/Makefile
-r--r--r-- 0/10          94336 Aug 14 11:36 1983 ./floppy/floppy
-r--r--r-- 0/10           9984 Jul 10 17:19 1983 ./floppy/3tracks
drwxrwxr-x 0/10              0 Aug  1 14:24 1983 ./h/
-r--r--r-- 0/10            504 Jul 29 23:49 1983 ./h/callout.h
-r--r--r-- 0/10           3586 Jul 29 23:49 1983 ./h/mbuf.h
-r--r--r-- 0/10           1008 Jul 29 23:49 1983 ./h/acct.h
-r--r--r-- 0/10           6144 Jul 29 23:49 1983 ./h/buf.h
-r--r--r-- 0/10           4938 Jul 29 23:49 1983 ./h/inode.h
-r--r--r-- 0/10           9099 Aug 21 09:04 1983 ./h/ioctl.h
-r--r--r-- 0/10           3014 Jul 29 23:49 1983 ./h/dir.h
-r--r--r-- 0/10           2968 Sep 26 11:06 1983 ./h/file.h
-r--r--r-- 0/10          14413 Jul 29 23:49 1983 ./h/fs.h
-r--r--r-- 0/10           5139 Aug 21 08:59 1983 ./h/param.h
-r--r--r-- 0/10            439 Jul 29 23:49 1983 ./h/nami.h
-r--r--r-- 0/10           1534 Jul 29 23:49 1983 ./h/cmap.h
-r--r--r-- 0/10           1125 Jul 29 23:49 1983 ./h/conf.h
-r--r--r-- 0/10           4599 Jul 29 23:49 1983 ./h/proc.h
-r--r--r-- 0/10           2117 Jul 29 23:49 1983 ./h/systm.h
-r--r--r-- 0/10            653 Jul 29 23:49 1983 ./h/dmap.h
-r--r--r-- 0/10            497 Jul 29 23:49 1983 ./h/kernel.h
-r--r--r-- 0/10            573 Jul 29 23:49 1983 ./h/reboot.h
-r--r--r-- 0/10           4891 Jul 29 23:49 1983 ./h/quota.h
-r--r--r-- 0/10           1121 Jul 29 23:49 1983 ./h/ttychars.h
-r--r--r-- 0/10            886 Jul 29 23:49 1983 ./h/types.h
-r--r--r-- 0/10           6210 Sep 26 11:06 1983 ./h/protosw.h
-r--r--r-- 0/10           3039 Jul 29 23:49 1983 ./h/socket.h
-r--r--r-- 0/10           1632 Jul 29 23:49 1983 ./h/map.h
-r--r--r-- 0/10            986 Jul 29 23:49 1983 ./h/stat.h
-r--r--r-- 0/10            390 Jul 29 23:49 1983 ./h/mount.h
-r--r--r-- 0/10           1513 Jul 29 23:49 1983 ./h/time.h
-r--r--r-- 0/10           4843 Aug  5 13:35 1983 ./h/user.h
-r--r--r-- 0/10            208 Jul 29 23:49 1983 ./h/vcmd.h
-r--r--r-- 0/10            782 Jul 29 23:49 1983 ./h/vtimes.h
-r--r--r-- 0/10            267 Jul 29 23:49 1983 ./h/domain.h
-r--r--r-- 0/10           3754 Jul 29 23:49 1983 ./h/vmmac.h
-r--r--r-- 0/10            211 Jul 29 23:49 1983 ./h/un.h
-r--r--r-- 0/10           4165 Aug  5 13:58 1983 ./h/tty.h
-r--r--r-- 0/10            123 Jul 29 23:49 1983 ./h/seg.h
-r--r--r-- 0/10           1361 Jul 29 23:49 1983 ./h/unpcb.h
-r--r--r-- 0/10           3605 Jul 29 23:49 1983 ./h/errno.h
-r--r--r-- 0/10           1086 Jul 29 23:49 1983 ./h/text.h
-r--r--r-- 0/10            168 Jul 29 23:49 1983 ./h/timeb.h
-r--r--r-- 0/10            254 Jul 29 23:49 1983 ./h/times.h
-r--r--r-- 0/10           1587 Jul 29 23:49 1983 ./h/mtio.h
-r--r--r-- 0/10           4705 Jul 29 23:49 1983 ./h/socketvar.h
-r--r--r-- 0/10            261 Jul 29 23:49 1983 ./h/vmparam.h
-r--r--r-- 0/10            248 Jul 29 23:49 1983 ./h/clist.h
-r--r--r-- 0/10           3054 Jul 29 23:49 1983 ./h/vmmeter.h
-r--r--r-- 0/10            379 Aug  5 13:45 1983 ./h/vm.h
-r--r--r-- 0/10           2016 Jul 29 23:49 1983 ./h/gprof.h
-r--r--r-- 0/10            381 Jul 29 23:49 1983 ./h/dk.h
-r--r--r-- 0/10            495 Jul 29 23:49 1983 ./h/vlimit.h
-r--r--r-- 0/10           2365 Jul 29 23:49 1983 ./h/trace.h
-r--r--r-- 0/10           1340 Jul 29 23:49 1983 ./h/vmsystm.h
-r--r--r-- 0/10            223 Jul 29 23:49 1983 ./h/msgbuf.h
-r--r--r-- 0/10           1341 Jul 29 23:49 1983 ./h/dkbad.h
-r--r--r-- 0/10            223 Jul 29 23:49 1983 ./h/uio.h
-r--r--r-- 0/10            462 Aug  1 14:24 1983 ./h/bk.h
-r--r--r-- 0/10           3370 Aug 15 07:32 1983 ./h/signal.h
-r--r--r-- 0/10            697 Jul 29 23:49 1983 ./h/mman.h
-r--r--r-- 0/10            610 Jul 29 23:49 1983 ./h/ttydev.h
-r--r--r-- 0/10            449 Jul 29 23:49 1983 ./h/vadvise.h
-r--r--r-- 0/10           2229 Jul 29 23:49 1983 ./h/wait.h
-r--r--r-- 0/10           1539 Jul 29 23:49 1983 ./h/resource.h
lrwxr-xr-x 0/10              0 Jul 10 04:34 1983 ./machine -> /sys/vax
drwxrwxr-x 0/10              0 Sep 30 03:13 1983 ./mdec/
-rw-r--r-- 0/10            392 Sep 30 03:13 1983 ./mdec/a.out
-r--r--r-- 0/10           2356 Sep 29 04:00 1983 ./mdec/Makefile
-rw-r--r-- 0/10            360 Sep 30 03:13 1983 ./mdec/b.out
-r--r--r-- 0/10           5496 Sep 30 03:12 1983 ./mdec/utboot.s
-rw-r--r-- 0/10            512 Aug 14 11:13 1983 ./mdec/hkboot
-r--r--r-- 0/10            577 Jul 30 00:44 1983 ./mdec/uttoggle.s
-rw-r--r-- 0/10            512 Aug 14 11:14 1983 ./mdec/hpboot
-rw-r--r-- 0/10            512 Aug 14 11:14 1983 ./mdec/htboot
-rw-r--r-- 0/10            512 Aug 14 11:14 1983 ./mdec/mtboot
-rw-r--r-- 0/10            512 Aug 14 11:14 1983 ./mdec/noboot
-rw-r--r-- 0/10            512 Aug 14 11:14 1983 ./mdec/raboot
-rw-r--r-- 0/10            512 Aug 14 11:14 1983 ./mdec/rlboot
-rw-r--r-- 0/10            512 Aug 14 11:14 1983 ./mdec/upboot
-rw-r--r-- 0/10            512 Sep 30 03:13 1983 ./mdec/utboot
-rw-r--r-- 0/10            512 Aug 14 11:14 1983 ./mdec/tmboot
-rw-r--r-- 0/10            512 Aug 14 11:14 1983 ./mdec/tsboot
-rw-r--r-- 0/10           1024 Aug 14 11:15 1983 ./mdec/tuboot
-rw-r--r-- 0/10             76 Aug 14 11:15 1983 ./mdec/httoggle
-r--r--r-- 0/10           1445 Jul 30 00:44 1983 ./mdec/raboot.s
-r--r--r-- 0/10           3509 Jul 30 00:44 1983 ./mdec/rlboot.s
-rw-r--r-- 0/10             84 Aug 14 11:15 1983 ./mdec/mttoggle
-r--r--r-- 0/10           2584 Jul 30 00:44 1983 ./mdec/hpboot.s
-rw-r--r-- 0/10             56 Aug 14 11:15 1983 ./mdec/tmtoggle
-r--r--r-- 0/10           2876 Jul 30 00:44 1983 ./mdec/hkboot.s
-r--r--r-- 0/10           6098 Jul 30 00:44 1983 ./mdec/htboot.s
-r--r--r-- 0/10            471 Jul 30 00:44 1983 ./mdec/httoggle.s
-r--r--r-- 0/10           7046 Jul 30 00:44 1983 ./mdec/mtboot.s
-r--r--r-- 0/10            664 Jul 30 00:44 1983 ./mdec/mttoggle.s
-r--r--r-- 0/10           5135 Jul 30 00:44 1983 ./mdec/tmboot.s
-r--r--r-- 0/10            409 Jul 30 00:44 1983 ./mdec/tmtoggle.s
-r--r--r-- 0/10           5477 Jul 30 00:44 1983 ./mdec/tsboot.s
-r--r--r-- 0/10            751 Jul 30 00:44 1983 ./mdec/tstoggle.s
-r--r--r-- 0/10          10629 Aug  2 04:58 1983 ./mdec/tuboot.s
-r--r--r-- 0/10           2923 Jul 30 00:44 1983 ./mdec/upboot.s
-r--r--r-- 0/10            624 Jul 30 00:44 1983 ./mdec/installboot.c
-rw-r--r-- 0/10            100 Aug 14 11:15 1983 ./mdec/tstoggle
-rw-r--r-- 0/10             68 Aug 14 11:15 1983 ./mdec/uttoggle
drwxrwxr-x 0/10              0 Jul  4 14:54 1983 ./net/
-r--r--r-- 0/10           5765 Sep 28 14:34 1983 ./net/if.c
-r--r--r-- 0/10           5550 Aug 28 18:30 1983 ./net/if.h
-r--r--r-- 0/10            576 Jul 30 00:09 1983 ./net/af.h
-r--r--r-- 0/10           6592 Nov  3 10:51 1983 ./net/route.c
-r--r--r-- 0/10           3204 Jul 30 00:09 1983 ./net/raw_cb.c
-r--r--r-- 0/10           1891 Jul 30 00:09 1983 ./net/route.h
-r--r--r-- 0/10            898 Jul 30 00:09 1983 ./net/af.c
-r--r--r-- 0/10           1232 Jul 30 00:09 1983 ./net/raw_cb.h
-r--r--r-- 0/10            971 Jul 30 00:09 1983 ./net/netisr.h
-r--r--r-- 0/10           6480 Jul 30 00:09 1983 ./net/raw_usrreq.c
drwxrwxr-x 0/10              0 Jul  4 14:54 1983 ./netimp/
-r--r--r-- 0/10           5348 Jul 30 00:15 1983 ./netimp/if_imp.h
-r--r--r-- 0/10           2292 Jul 30 00:16 1983 ./netimp/if_imphost.h
-r--r--r-- 0/10          15545 Jul 30 00:15 1983 ./netimp/if_imp.c
-r--r--r-- 0/10           4154 Jul 30 00:15 1983 ./netimp/if_imphost.c
-r--r--r-- 0/10           2360 Jul 30 00:16 1983 ./netimp/raw_imp.c
drwxrwxr-x 0/10              0 Jul 10 04:43 1983 ./netinet/
-r--r--r-- 0/10           2073 Jul 30 00:14 1983 ./netinet/in.c
-r--r--r-- 0/10           3028 Jul 30 00:14 1983 ./netinet/in.h
-r--r--r-- 0/10           2233 Jul 30 00:14 1983 ./netinet/if_loop.c
-r--r--r-- 0/10           1993 Sep 27 01:42 1983 ./netinet/if_ether.h
-r--r--r-- 0/10           6371 Jul 30 00:14 1983 ./netinet/in_pcb.c
-r--r--r-- 0/10            664 Jul 30 00:14 1983 ./netinet/in_systm.h
-r--r--r-- 0/10           1006 Jul 30 00:14 1983 ./netinet/in_pcb.h
-r--r--r-- 0/10           2007 Jul 30 00:14 1983 ./netinet/in_proto.c
-r--r--r-- 0/10           4937 Nov  3 10:51 1983 ./netinet/ip_output.c
-r--r--r-- 0/10           1971 Jul 30 00:14 1983 ./netinet/ip_var.h
-r--r--r-- 0/10          10733 Aug 28 18:30 1983 ./netinet/if_ether.c
-r--r--r-- 0/10          23008 Jul 30 00:14 1983 ./netinet/tcp_input.c
-r--r--r-- 0/10           2611 Jul 30 00:14 1983 ./netinet/tcp_debug.c
-r--r--r-- 0/10           2135 Jul 30 00:14 1983 ./netinet/raw_ip.c
-r--r--r-- 0/10           2631 Jul 30 00:14 1983 ./netinet/ip.h
-r--r--r-- 0/10           6236 Jul 30 00:14 1983 ./netinet/tcp_subr.c
-r--r--r-- 0/10           6846 Sep 26 11:06 1983 ./netinet/ip_icmp.c
-r--r--r-- 0/10           8959 Jul 30 00:14 1983 ./netinet/tcp_usrreq.c
-r--r--r-- 0/10           8950 Jul 30 00:14 1983 ./netinet/tcp_output.c
-r--r--r-- 0/10            688 Jul 30 00:14 1983 ./netinet/tcp.h
-r--r--r-- 0/10           2930 Jul 30 00:14 1983 ./netinet/ip_icmp.h
-r--r--r-- 0/10           3755 Jul 30 00:14 1983 ./netinet/tcp_timer.h
-r--r--r-- 0/10            673 Jul 30 00:14 1983 ./netinet/tcpip.h
-r--r--r-- 0/10            454 Jul 30 00:14 1983 ./netinet/tcp_debug.h
-r--r--r-- 0/10           1744 Jul 30 00:14 1983 ./netinet/tcp_fsm.h
-r--r--r-- 0/10            779 Jul 30 00:14 1983 ./netinet/tcp_seq.h
-r--r--r-- 0/10           2618 Jul 30 00:14 1983 ./netinet/tcp_var.h
-r--r--r-- 0/10            262 Jul 30 00:14 1983 ./netinet/udp.h
-r--r--r-- 0/10            643 Jul 30 00:14 1983 ./netinet/udp_var.h
-r--r--r-- 0/10            772 Sep 26 11:06 1983 ./netinet/icmp_var.h
-r--r--r-- 0/10          14955 Aug 17 16:18 1983 ./netinet/ip_input.c
-r--r--r-- 0/10           4437 Jul 30 00:14 1983 ./netinet/tcp_timer.c
-r--r--r-- 0/10           6774 Jul 30 00:14 1983 ./netinet/udp_usrreq.c
drwxrwxr-x 0/10              0 Jul  4 14:54 1983 ./netpup/
-r--r--r-- 0/10            481 Jul 30 00:16 1983 ./netpup/pup.c
-r--r--r-- 0/10            887 Jul 30 00:16 1983 ./netpup/pup.h
-r--r--r-- 0/10           2912 Jul 30 00:16 1983 ./netpup/raw_pup.c
-r--r--r-- 0/10            824 Jul 30 00:16 1983 ./netpup/pup_proto.c
-r--r--r-- 0/10           1497 Jul 30 00:16 1983 ./netpup/raw_ether.c
-r--r--r-- 0/10            242 Jul 30 00:16 1983 ./netpup/ether.h
drwxr-xr-x 0/10              0 Nov  3 11:01 1983 ./GENERIC/
-rw-r--r-- 0/10           5846 Sep 27 15:10 1983 ./GENERIC/ioconf.c
-rw-r--r-- 0/10           5342 Sep 27 15:10 1983 ./GENERIC/ubglue.s
-rw-r--r-- 0/10          53045 Sep 27 15:13 1983 ./GENERIC/makefile
-rw-r--r-- 0/10             18 Aug 14 11:37 1983 ./GENERIC/decnet.h
-rw-r--r-- 0/10             15 Aug 14 11:37 1983 ./GENERIC/imp.h
-rw-r--r-- 0/10             17 Aug 14 11:37 1983 ./GENERIC/ether.h
-rw-r--r-- 0/10             16 Aug 14 11:37 1983 ./GENERIC/loop.h
-rw-r--r-- 0/10             16 Aug 14 11:37 1983 ./GENERIC/inet.h
-rw-r--r-- 0/10             15 Aug 14 11:37 1983 ./GENERIC/pup.h
-rw-r--r-- 0/10             14 Aug 14 11:37 1983 ./GENERIC/bk.h
-rw-r--r-- 0/10             15 Aug 14 11:37 1983 ./GENERIC/pty.h
-rw-r--r-- 0/10             14 Aug 14 11:37 1983 ./GENERIC/tb.h
-rw-r--r-- 0/10             15 Aug 14 11:37 1983 ./GENERIC/efs.h
-rw-r--r-- 0/10             14 Aug 14 11:37 1983 ./GENERIC/nd.h
-rw-r--r-- 0/10             15 Aug 14 11:37 1983 ./GENERIC/acc.h
-rw-r--r-- 0/10             15 Aug 14 11:37 1983 ./GENERIC/css.h
-rw-r--r-- 0/10             15 Aug 14 11:37 1983 ./GENERIC/dmc.h
-rw-r--r-- 0/10             14 Aug 14 11:37 1983 ./GENERIC/ec.h
-rw-r--r-- 0/10             14 Aug 14 11:37 1983 ./GENERIC/en.h
-rw-r--r-- 0/10             14 Aug 14 11:37 1983 ./GENERIC/hy.h
-rw-r--r-- 0/10             14 Aug 14 11:37 1983 ./GENERIC/il.h
-rw-r--r-- 0/10             15 Aug 14 11:37 1983 ./GENERIC/pcl.h
-rw-r--r-- 0/10             14 Aug 14 11:37 1983 ./GENERIC/un.h
-rw-r--r-- 0/10             14 Aug 14 11:37 1983 ./GENERIC/vv.h
-rw-r--r-- 0/10             14 Aug 14 11:37 1983 ./GENERIC/hp.h
-rw-r--r-- 0/10             28 Aug 14 11:37 1983 ./GENERIC/tu.h
-rw-r--r-- 0/10             15 Aug 14 11:37 1983 ./GENERIC/mba.h
-rw-r--r-- 0/10             28 Aug 14 11:37 1983 ./GENERIC/mu.h
-rw-r--r-- 0/10             14 Aug 14 11:37 1983 ./GENERIC/ad.h
-rw-r--r-- 0/10             14 Aug 14 11:37 1983 ./GENERIC/ct.h
-rw-r--r-- 0/10             14 Aug 14 11:37 1983 ./GENERIC/dh.h
-rw-r--r-- 0/10             15 Aug 14 11:37 1983 ./GENERIC/dmf.h
-rw-r--r-- 0/10             14 Aug 14 11:37 1983 ./GENERIC/dn.h
-rw-r--r-- 0/10             14 Aug 14 11:37 1983 ./GENERIC/dz.h
-rw-r--r-- 0/10             16 Aug 14 11:37 1983 ./GENERIC/gpib.h
-rw-r--r-- 0/10             14 Aug 14 11:37 1983 ./GENERIC/ib.h
-rw-r--r-- 0/10             14 Aug 14 11:37 1983 ./GENERIC/kg.h
-rw-r--r-- 0/10             29 Aug 14 11:37 1983 ./GENERIC/rb.h
-rw-r--r-- 0/10             14 Aug 14 11:37 1983 ./GENERIC/ik.h
-rw-r--r-- 0/10             14 Aug 14 11:37 1983 ./GENERIC/lp.h
-rw-r--r-- 0/10             15 Aug 14 11:37 1983 ./GENERIC/lpa.h
-rw-r--r-- 0/10             14 Aug 14 11:37 1983 ./GENERIC/ps.h
-rw-r--r-- 0/10             28 Aug 14 11:37 1983 ./GENERIC/rk.h
-rw-r--r-- 0/10             28 Aug 14 11:37 1983 ./GENERIC/rl.h
-rw-r--r-- 0/10             14 Aug 14 11:37 1983 ./GENERIC/rx.h
-rw-r--r-- 0/10             28 Aug 14 11:37 1983 ./GENERIC/te.h
-rw-r--r-- 0/10             28 Aug 14 11:37 1983 ./GENERIC/ts.h
-rw-r--r-- 0/10             15 Aug 14 11:37 1983 ./GENERIC/uba.h
-rw-r--r-- 0/10             29 Aug 14 11:37 1983 ./GENERIC/ra.h
-rw-r--r-- 0/10             28 Aug 14 11:37 1983 ./GENERIC/up.h
-rw-r--r-- 0/10             28 Aug 14 11:37 1983 ./GENERIC/tj.h
-rw-r--r-- 0/10             14 Aug 14 11:37 1983 ./GENERIC/uu.h
-rw-r--r-- 0/10             14 Aug 14 11:37 1983 ./GENERIC/va.h
-rw-r--r-- 0/10             14 Aug 14 11:37 1983 ./GENERIC/vp.h
-rw-r--r-- 0/10            222 Sep 27 15:10 1983 ./GENERIC/swaphkvmunix.c
-rw-r--r-- 0/10            222 Sep 27 15:10 1983 ./GENERIC/swaphpvmunix.c
-rwxr-xr-x 0/10         291840 Nov  3 11:03 1983 ./GENERIC/vmunix
-rw-r--r-- 0/10            804 Sep 28 01:42 1983 ./GENERIC/assym.s
-rw-r--r-- 0/10          27722 Sep 27 15:13 1983 ./GENERIC/makefile.bak
-rw-r--r-- 0/10          35892 Oct  2 19:47 1983 ./GENERIC/locore.c
-rw-r--r-- 0/10            160 Sep 28 03:51 1983 ./GENERIC/udiv.o
-rw-r--r-- 0/10          48045 Oct  2 19:48 1983 ./GENERIC/locore.o
-rw-r--r-- 0/10            594 Sep 28 01:43 1983 ./GENERIC/af.o
-rw-r--r-- 0/10           2664 Sep 29 04:55 1983 ./GENERIC/if.o
-rw-r--r-- 0/10           1628 Sep 26 21:07 1983 ./GENERIC/raw_cb.o
-rw-r--r-- 0/10           2764 Nov  3 10:53 1983 ./GENERIC/route.o
-rw-r--r-- 0/10           2393 Sep 26 21:07 1983 ./GENERIC/raw_usrreq.o
-rw-r--r-- 0/10           1766 Sep 26 21:09 1983 ./GENERIC/if_loop.o
-rw-r--r-- 0/10           1049 Sep 26 21:09 1983 ./GENERIC/in.o
-rw-r--r-- 0/10           2689 Sep 26 21:10 1983 ./GENERIC/in_pcb.o
-rw-r--r-- 0/10           1088 Sep 26 21:11 1983 ./GENERIC/in_proto.o
-rw-r--r-- 0/10           2891 Sep 26 21:12 1983 ./GENERIC/ip_icmp.o
-rw-r--r-- 0/10           6041 Sep 26 21:13 1983 ./GENERIC/ip_input.o
-rw-r--r-- 0/10           1761 Nov  3 10:53 1983 ./GENERIC/ip_output.o
-rw-r--r-- 0/10            943 Sep 26 21:15 1983 ./GENERIC/raw_ip.o
-rw-r--r-- 0/10           3681 Sep 26 21:16 1983 ./GENERIC/tcp_debug.o
-rw-r--r-- 0/10           6113 Sep 26 21:18 1983 ./GENERIC/tcp_input.o
-rw-r--r-- 0/10           2927 Sep 26 21:20 1983 ./GENERIC/tcp_subr.o
-rw-r--r-- 0/10           2937 Sep 26 21:19 1983 ./GENERIC/tcp_output.o
-rw-r--r-- 0/10           2044 Sep 26 21:21 1983 ./GENERIC/tcp_timer.o
-rw-r--r-- 0/10           5615 Sep 26 21:24 1983 ./GENERIC/init_main.o
-rw-r--r-- 0/10           3414 Sep 26 21:22 1983 ./GENERIC/tcp_usrreq.o
-rw-r--r-- 0/10           3085 Sep 26 21:23 1983 ./GENERIC/udp_usrreq.o
-rw-r--r-- 0/10          11184 Oct  2 19:55 1983 ./GENERIC/tty.o
-rw-r--r-- 0/10           2647 Sep 26 21:25 1983 ./GENERIC/kern_acct.o
-rw-r--r-- 0/10           5447 Sep 26 21:25 1983 ./GENERIC/init_sysent.o
-rw-r--r-- 0/10           6353 Sep 26 21:29 1983 ./GENERIC/kern_exec.o
-rw-r--r-- 0/10           4128 Oct  2 19:50 1983 ./GENERIC/kern_clock.o
-rw-r--r-- 0/10           4296 Sep 26 21:27 1983 ./GENERIC/kern_descrip.o
-rw-r--r-- 0/10           4621 Sep 26 21:30 1983 ./GENERIC/kern_exit.o
-rw-r--r-- 0/10           4064 Sep 26 21:32 1983 ./GENERIC/kern_fork.o
-rw-r--r-- 0/10           3804 Sep 26 21:33 1983 ./GENERIC/kern_mman.o
-rw-r--r-- 0/10           2736 Sep 26 21:34 1983 ./GENERIC/kern_proc.o
-rw-r--r-- 0/10           3559 Sep 26 21:35 1983 ./GENERIC/kern_prot.o
-rw-r--r-- 0/10           6621 Sep 26 21:39 1983 ./GENERIC/kern_sig.o
-rw-r--r-- 0/10           3476 Sep 26 21:37 1983 ./GENERIC/kern_resource.o
-rw-r--r-- 0/10           1183 Sep 26 21:39 1983 ./GENERIC/kern_subr.o
-rw-r--r-- 0/10           2756 Sep 26 21:42 1983 ./GENERIC/kern_time.o
-rw-r--r-- 0/10           4455 Sep 26 21:41 1983 ./GENERIC/kern_synch.o
-rw-r--r-- 0/10           1677 Sep 26 21:43 1983 ./GENERIC/kern_xxx.o
-rw-r--r-- 0/10           3925 Sep 26 21:48 1983 ./GENERIC/quota_sys.o
-rw-r--r-- 0/10           5156 Sep 26 21:45 1983 ./GENERIC/quota_kern.o
-rw-r--r-- 0/10           2083 Sep 26 21:46 1983 ./GENERIC/quota_subr.o
-rw-r--r-- 0/10           2682 Sep 26 21:49 1983 ./GENERIC/quota_ufs.o
-rw-r--r-- 0/10           3397 Sep 26 21:50 1983 ./GENERIC/subr_prf.o
-rw-r--r-- 0/10           2476 Sep 26 21:51 1983 ./GENERIC/subr_rmap.o
-rw-r--r-- 0/10           2689 Sep 26 21:52 1983 ./GENERIC/subr_xxx.o
-rw-r--r-- 0/10           6083 Sep 26 21:56 1983 ./GENERIC/sys_inode.o
-rw-r--r-- 0/10           4437 Sep 26 21:53 1983 ./GENERIC/sys_generic.o
-rw-r--r-- 0/10           1729 Sep 26 22:03 1983 ./GENERIC/tty_conf.o
-rw-r--r-- 0/10           3592 Sep 26 21:57 1983 ./GENERIC/sys_process.o
-rw-r--r-- 0/10           1881 Sep 26 21:57 1983 ./GENERIC/sys_socket.o
-rw-r--r-- 0/10           4690 Oct  2 19:56 1983 ./GENERIC/tty_pty.o
-rw-r--r-- 0/10           2908 Sep 28 01:45 1983 ./GENERIC/tty_subr.o
-rw-r--r-- 0/10           1590 Sep 28 01:46 1983 ./GENERIC/tty_tty.o
-rw-r--r-- 0/10          10372 Sep 30 02:26 1983 ./GENERIC/ufs_alloc.o
-rw-r--r-- 0/10           5526 Sep 28 01:52 1983 ./GENERIC/ufs_bio.o
-rw-r--r-- 0/10           2774 Sep 28 01:54 1983 ./GENERIC/ufs_bmap.o
-rw-r--r-- 0/10            939 Sep 28 01:54 1983 ./GENERIC/ufs_dsort.o
-rw-r--r-- 0/10           1686 Sep 28 01:55 1983 ./GENERIC/ufs_fio.o
-rw-r--r-- 0/10           5575 Sep 28 01:59 1983 ./GENERIC/ufs_inode.o
-rw-r--r-- 0/10           3700 Sep 28 02:01 1983 ./GENERIC/ufs_mount.o
-rw-r--r-- 0/10           6360 Sep 28 02:04 1983 ./GENERIC/ufs_nami.o
-rw-r--r-- 0/10           4292 Sep 28 02:05 1983 ./GENERIC/ufs_subr.o
-rw-r--r-- 0/10           1253 Sep 28 02:07 1983 ./GENERIC/ufs_xxx.o
-rw-r--r-- 0/10          11078 Oct  2 20:00 1983 ./GENERIC/ufs_syscalls.o
-rw-r--r-- 0/10            795 Sep 28 02:07 1983 ./GENERIC/ufs_tables.o
-rw-r--r-- 0/10           4704 Sep 28 02:08 1983 ./GENERIC/uipc_mbuf.o
-rw-r--r-- 0/10           1173 Sep 28 02:08 1983 ./GENERIC/uipc_domain.o
-rw-r--r-- 0/10            275 Sep 28 02:09 1983 ./GENERIC/uipc_pipe.o
-rw-r--r-- 0/10           4546 Sep 28 02:35 1983 ./GENERIC/vm_drum.o
-rw-r--r-- 0/10            561 Sep 28 02:09 1983 ./GENERIC/uipc_proto.o
-rw-r--r-- 0/10           7219 Sep 30 04:28 1983 ./GENERIC/uipc_socket.o
-rw-r--r-- 0/10           4405 Sep 28 02:16 1983 ./GENERIC/uipc_socket2.o
-rw-r--r-- 0/10           7884 Sep 28 02:22 1983 ./GENERIC/uipc_syscalls.o
-rw-r--r-- 0/10           4901 Sep 28 02:29 1983 ./GENERIC/uipc_usrreq.o
-rw-r--r-- 0/10           8610 Sep 28 02:42 1983 ./GENERIC/vm_mem.o
-rw-r--r-- 0/10            713 Sep 28 02:43 1983 ./GENERIC/vm_mon.o
-rw-r--r-- 0/10           9885 Sep 28 02:55 1983 ./GENERIC/vm_page.o
-rw-r--r-- 0/10           4582 Sep 28 03:00 1983 ./GENERIC/vm_proc.o
-rw-r--r-- 0/10           5933 Sep 28 03:08 1983 ./GENERIC/vm_pt.o
-rw-r--r-- 0/10           6657 Sep 28 03:12 1983 ./GENERIC/vm_sched.o
-rw-r--r-- 0/10           2624 Sep 28 03:16 1983 ./GENERIC/vm_subr.o
-rw-r--r-- 0/10           2854 Sep 28 03:18 1983 ./GENERIC/vm_sw.o
-rw-r--r-- 0/10           4624 Sep 28 03:21 1983 ./GENERIC/vm_swap.o
-rw-r--r-- 0/10           3850 Sep 28 03:23 1983 ./GENERIC/vm_swp.o
-rw-r--r-- 0/10           4385 Sep 28 03:25 1983 ./GENERIC/vm_text.o
-rw-r--r-- 0/10           8388 Sep 30 02:28 1983 ./GENERIC/autoconf.o
-rw-r--r-- 0/10           1202 Sep 28 03:42 1983 ./GENERIC/clock.o
-rw-r--r-- 0/10           8640 Sep 28 03:42 1983 ./GENERIC/conf.o
-rw-r--r-- 0/10           2612 Sep 28 03:43 1983 ./GENERIC/cons.o
-rw-r--r-- 0/10            417 Sep 30 02:28 1983 ./GENERIC/cpudata.o
-rw-r--r-- 0/10            371 Sep 28 03:43 1983 ./GENERIC/dkbad.o
-rw-r--r-- 0/10           2802 Sep 28 03:44 1983 ./GENERIC/flp.o
-rw-r--r-- 0/10            486 Sep 28 03:44 1983 ./GENERIC/in_cksum.o
-rw-r--r-- 0/10           2639 Sep 28 03:48 1983 ./GENERIC/mem.o
-rw-r--r-- 0/10           9999 Oct  3 05:02 1983 ./GENERIC/machdep.o
-rw-r--r-- 0/10           3904 Sep 28 03:49 1983 ./GENERIC/trap.o
-rw-r--r-- 0/10           1451 Sep 30 02:29 1983 ./GENERIC/sys_machdep.o
-rw-r--r-- 0/10           8387 Nov  3 10:55 1983 ./GENERIC/tu.o
-rw-r--r-- 0/10            162 Sep 28 03:52 1983 ./GENERIC/urem.o
-rw-r--r-- 0/10           2094 Sep 28 03:51 1983 ./GENERIC/ufs_machdep.o
-r--r--r-- 0/10           1816 Aug 14 13:10 1983 ./GENERIC/param.c
-rw-r--r-- 0/10           1934 Sep 28 04:20 1983 ./GENERIC/param.o
-rw-r--r-- 0/10           3065 Sep 28 03:53 1983 ./GENERIC/vm_machdep.o
-rw-r--r-- 0/10           3393 Sep 30 02:30 1983 ./GENERIC/if_uba.o
-rw-r--r-- 0/10           9565 Sep 28 03:56 1983 ./GENERIC/hp.o
-rw-r--r-- 0/10           6166 Sep 28 03:58 1983 ./GENERIC/ht.o
-rw-r--r-- 0/10           4321 Sep 28 03:59 1983 ./GENERIC/mba.o
-rw-r--r-- 0/10           6126 Sep 28 04:00 1983 ./GENERIC/mt.o
-rw-r--r-- 0/10           6281 Sep 30 02:31 1983 ./GENERIC/dh.o
-rw-r--r-- 0/10           5867 Sep 30 02:33 1983 ./GENERIC/dmf.o
-rw-r--r-- 0/10           7124 Sep 28 04:04 1983 ./GENERIC/dz.o
-rw-r--r-- 0/10          13108 Sep 30 02:36 1983 ./GENERIC/idc.o
-rw-r--r-- 0/10           3552 Sep 28 04:07 1983 ./GENERIC/lp.o
-rw-r--r-- 0/10           9618 Nov  3 11:00 1983 ./GENERIC/rk.o
-rw-r--r-- 0/10           7383 Sep 30 02:40 1983 ./GENERIC/rl.o
-rw-r--r-- 0/10           7874 Sep 30 02:41 1983 ./GENERIC/tm.o
-rw-r--r-- 0/10           7503 Sep 30 02:43 1983 ./GENERIC/ts.o
-rw-r--r-- 0/10           5602 Sep 30 02:44 1983 ./GENERIC/uba.o
-rw-r--r-- 0/10           8973 Sep 30 02:49 1983 ./GENERIC/uda.o
-rw-r--r-- 0/10          10022 Sep 30 02:52 1983 ./GENERIC/up.o
-rw-r--r-- 0/10           8064 Sep 30 02:54 1983 ./GENERIC/ut.o
-rw-r--r-- 0/10              2 Nov  3 11:00 1983 ./GENERIC/version
-rw-r--r-- 0/10            105 Nov  3 11:00 1983 ./GENERIC/vers.o
-rw-r--r-- 0/10           6503 Sep 28 04:21 1983 ./GENERIC/ioconf.o
-rw-r--r-- 0/10             67 Nov  3 11:00 1983 ./GENERIC/vers.c
-rw-r--r-- 0/10           2973 Sep 28 04:21 1983 ./GENERIC/swapgeneric.o
drwxrwxr-x 0/10              0 Jul  4 14:56 1983 ./sys/
-r--r--r-- 0/10           5258 Jul 30 00:07 1983 ./sys/syscalls.c
-r--r--r-- 0/10           6079 Jul 30 00:07 1983 ./sys/init_main.c
-r--r--r-- 0/10           2336 Jul 30 00:07 1983 ./sys/uipc_domain.c
-r--r--r-- 0/10           1594 Jul 30 00:07 1983 ./sys/kern_proc.c
-r--r--r-- 0/10           7321 Jul 30 00:07 1983 ./sys/tty_subr.c
-r--r--r-- 0/10           3669 Jul 30 00:07 1983 ./sys/tty_bk.c
-r--r--r-- 0/10          15927 Sep 26 11:06 1983 ./sys/kern_sig.c
-r--r--r-- 0/10           6829 Sep 26 11:06 1983 ./sys/kern_descrip.c
-r--r--r-- 0/10          10547 Oct  2 16:06 1983 ./sys/kern_clock.c
-r--r--r-- 0/10           9339 Aug 24 06:00 1983 ./sys/kern_exec.c
-r--r--r-- 0/10           9708 Oct  2 16:06 1983 ./sys/tty_pty.c
-r--r--r-- 0/10           8750 Jul 30 00:07 1983 ./sys/subr_rmap.c
-r--r--r-- 0/10           5223 Jul 30 00:07 1983 ./sys/kern_exit.c
-r--r--r-- 0/10           7452 Jul 30 00:07 1983 ./sys/kern_time.c
-r--r--r-- 0/10           1996 Sep 26 11:06 1983 ./sys/subr_xxx.c
-r--r--r-- 0/10           5896 Jul 30 00:07 1983 ./sys/kern_mman.c
-r--r--r-- 0/10           5130 Jul 30 00:07 1983 ./sys/subr_mcount.c
-r--r--r-- 0/10           5034 Jul 30 00:07 1983 ./sys/quota_ufs.c
-r--r--r-- 0/10           8407 Sep 26 11:06 1983 ./sys/init_sysent.c
-r--r--r-- 0/10          15235 Jul 30 00:07 1983 ./sys/quota_kern.c
-r--r--r-- 0/10           2738 Jul 30 00:07 1983 ./sys/ufs_dsort.c
-r--r--r-- 0/10           4819 Jul 30 00:07 1983 ./sys/subr_prf.c
-r--r--r-- 0/10           2848 Jul 30 00:07 1983 ./sys/vm_subr.c
-r--r--r-- 0/10           4497 Sep 26 11:06 1983 ./sys/tty_tb.c
-r--r--r-- 0/10           2590 Jul 30 00:07 1983 ./sys/ufs_fio.c
-r--r--r-- 0/10           5282 Jul 30 00:07 1983 ./sys/uipc_mbuf.c
-r--r--r-- 0/10            741 Jul 30 00:07 1983 ./sys/uipc_proto.c
-r--r--r-- 0/10           1522 Sep 26 11:06 1983 ./sys/tty_conf.c
-r--r--r-- 0/10            733 Jul 30 00:07 1983 ./sys/uipc_pipe.c
-r--r--r-- 0/10           3997 Jul 30 00:07 1983 ./sys/ufs_tables.c
-rw-r--r-- 0/10          60535 Jun 26 11:34 1983 ./sys/tags
-r--r--r-- 0/10          31934 Oct  2 16:06 1983 ./sys/tty.c
-r--r--r-- 0/10           5670 Jul 30 00:07 1983 ./sys/vm_text.c
-r--r--r-- 0/10           6606 Jul 30 00:07 1983 ./sys/vm_drum.c
-r--r--r-- 0/10          22568 Sep 26 11:06 1983 ./sys/ufs_nami.c
-r--r--r-- 0/10           1210 Jul 30 00:07 1983 ./sys/vm_mon.c
-r--r--r-- 0/10           8584 Jul 30 00:07 1983 ./sys/vm_proc.c
-r--r--r-- 0/10          25120 Sep 27 15:06 1983 ./sys/vm_page.c
-r--r--r-- 0/10          12460 Jul 30 00:07 1983 ./sys/vm_sched.c
-r--r--r-- 0/10           6249 Sep 26 11:06 1983 ./sys/vm_swp.c
-r--r--r-- 0/10          11375 Jul 30 00:07 1983 ./sys/uipc_socket2.c
-r--r--r-- 0/10           1356 Jul 30 00:07 1983 ./sys/tty_tty.c
-r--r--r-- 0/10           4191 Jul 30 00:07 1983 ./sys/kern_prot.c
-r--r--r-- 0/10           3996 Jul 30 00:07 1983 ./sys/sys_process.c
-r--r--r-- 0/10          13885 Jul 30 00:07 1983 ./sys/vm_pt.c
-r--r--r-- 0/10           3518 Jul 30 00:07 1983 ./sys/vm_sw.c
-r--r--r-- 0/10           6342 Jul 30 00:07 1983 ./sys/kern_xxx.c
-r--r--r-- 0/10          12968 Jul 30 00:07 1983 ./sys/ufs_bio.c
-r--r--r-- 0/10          13143 Jul 30 00:07 1983 ./sys/vm_mem.c
-r--r--r-- 0/10           2279 Jul 30 00:07 1983 ./sys/kern_subr.c
-r--r--r-- 0/10           5219 Jul 30 00:07 1983 ./sys/vm_swap.c
-r--r--r-- 0/10           5396 Jul 30 00:07 1983 ./sys/kern_fork.c
-r--r--r-- 0/10           4249 Jul 30 00:07 1983 ./sys/kern_resource.c
-r--r--r-- 0/10           2900 Jul 30 00:07 1983 ./sys/kern_acct.c
-r--r--r-- 0/10          14379 Jul 30 00:07 1983 ./sys/ufs_inode.c
-r--r--r-- 0/10          24659 Sep 29 10:55 1983 ./sys/ufs_alloc.c
-r--r--r-- 0/10           2668 Jul 30 00:07 1983 ./sys/sys_socket.c
-r--r--r-- 0/10           2569 Jul 30 00:07 1983 ./sys/ufs_xxx.c
-r--r--r-- 0/10          11098 Jul 30 00:07 1983 ./sys/sys_inode.c
-r--r--r-- 0/10           4637 Jul 30 00:07 1983 ./sys/ufs_bmap.c
-r--r--r-- 0/10           7790 Jul 30 00:07 1983 ./sys/sys_generic.c
-r--r--r-- 0/10           6890 Jul 30 00:07 1983 ./sys/ufs_subr.c
-r--r--r-- 0/10          16240 Sep 26 11:06 1983 ./sys/uipc_syscalls.c
-r--r--r-- 0/10           2674 Jul 30 00:07 1983 ./sys/quota_subr.c
-r--r--r-- 0/10           6705 Jul 30 00:07 1983 ./sys/quota_sys.c
-r--r--r-- 0/10          23802 Oct  2 16:06 1983 ./sys/ufs_syscalls.c
-r--r--r-- 0/10          14387 Sep 30 04:24 1983 ./sys/uipc_socket.c
-r--r--r-- 0/10           5634 Jul 30 00:07 1983 ./sys/kern_synch.c
-r--r--r-- 0/10          10900 Sep 26 11:06 1983 ./sys/uipc_usrreq.c
-r--r--r-- 0/10           5338 Jul 30 00:07 1983 ./sys/ufs_mount.c
drwxrwxr-x 0/10              0 Aug  2 05:10 1983 ./vax/
-r--r--r-- 0/10           5553 Aug 12 12:31 1983 ./vax/Locore.c
-r--r--r-- 0/10          17354 Aug 12 12:31 1983 ./vax/autoconf.c
-r--r--r-- 0/10          12875 Jul 30 00:23 1983 ./vax/conf.c
-r--r--r-- 0/10           3639 Jul 30 00:23 1983 ./vax/cons.c
-r--r--r-- 0/10           1242 Jul 30 00:23 1983 ./vax/urem.s
-r--r--r-- 0/10           1725 Aug 12 15:27 1983 ./vax/scb.s
-r--r--r-- 0/10           1171 Jul 30 00:23 1983 ./vax/udiv.s
-r--r--r-- 0/10            588 Jul 30 00:23 1983 ./vax/dkbad.c
-r--r--r-- 0/10           1456 Jul 30 00:23 1983 ./vax/cpudata.c
-r--r--r-- 0/10           5611 Jul 30 00:23 1983 ./vax/flp.c
-r--r--r-- 0/10           2806 Jul 30 00:23 1983 ./vax/genassym.c
-r--r--r-- 0/10             79 Nov  5 10:23 1982 ./vax/crt0.ex
-r--r--r-- 0/10          27745 Oct  2 16:06 1983 ./vax/locore.s
-r--r--r-- 0/10           2862 Jul 30 00:23 1983 ./vax/mem.c
-r--r--r-- 0/10           9787 Jul 30 00:23 1983 ./vax/mscp.h
-r--r--r-- 0/10            869 Jul 30 00:23 1983 ./vax/clock.h
-r--r--r-- 0/10            751 Jul 30 00:23 1983 ./vax/cons.h
-r--r--r-- 0/10           1523 Jul 30 00:23 1983 ./vax/flp.h
-r--r--r-- 0/10           2792 Jul 30 00:23 1983 ./vax/mem.h
-r--r--r-- 0/10           2770 Jul 30 00:23 1983 ./vax/mtpr.h
-r--r--r-- 0/10            720 May  4 11:47 1983 ./vax/symbols.raw
-r--r--r-- 0/10           2854 Sep 26 11:06 1983 ./vax/asm.sed
-r--r--r-- 0/10           2754 Aug  2 05:10 1983 ./vax/nexus.h
-r--r--r-- 0/10           1514 Jul 30 00:23 1983 ./vax/cpu.h
-r--r--r-- 0/10           2048 Aug  2 05:09 1983 ./vax/scb.h
-r--r--r-- 0/10            519 Jul 30 00:23 1983 ./vax/rpb.h
-r--r--r-- 0/10            852 Jul 30 00:23 1983 ./vax/trap.h
-r--r--r-- 0/10           1374 Jul 30 00:23 1983 ./vax/pcb.h
-r--r--r-- 0/10            954 Jul 30 00:23 1983 ./vax/param.h
-r--r--r-- 0/10          21244 Oct  3 04:57 1983 ./vax/machdep.c
-rw-r--r-- 0/10            379 May  4 14:36 1983 ./vax/symbols.sort
-r--r--r-- 0/10           3249 Aug  6 10:58 1983 ./vax/swapgeneric.c
-r--r--r-- 0/10          15405 Nov  3 10:51 1983 ./vax/tu.c
-r--r--r-- 0/10           2621 Jul 30 00:23 1983 ./vax/sys_machdep.c
-r--r--r-- 0/10           3929 Jul 30 00:23 1983 ./vax/vm_machdep.c
-r--r--r-- 0/10            276 Aug  2 05:10 1983 ./vax/rpb.s
-r--r--r-- 0/10           1260 Jul 30 00:23 1983 ./vax/pup_cksum.c
-r--r--r-- 0/10           6792 Aug 19 08:05 1983 ./vax/trap.c
-r--r--r-- 0/10           4026 Jul 30 00:23 1983 ./vax/vmparam.h
-r--r--r-- 0/10           2189 Jul 30 00:23 1983 ./vax/ufs_machdep.c
-r--r--r-- 0/10           1065 Jul 30 00:23 1983 ./vax/psl.h
-r--r--r-- 0/10            388 Jul 30 00:23 1983 ./vax/dkio.h
-r--r--r-- 0/10           2062 Jul 30 00:23 1983 ./vax/pte.h
-r--r--r-- 0/10            441 Jul 30 00:23 1983 ./vax/reg.h
-r--r--r-- 0/10            746 Jul 30 00:23 1983 ./vax/pcb.m
-r--r--r-- 0/10           3268 Jul 30 00:23 1983 ./vax/in_cksum.c
-r--r--r-- 0/10           2965 Jul 30 00:23 1983 ./vax/clock.c
-r--r--r-- 0/10            410 Jul 30 00:23 1983 ./vax/frame.h
-r--r--r-- 0/10           2276 Jul 30 00:23 1983 ./vax/rsp.h
drwxrwxr-x 0/10              0 Jul  4 14:57 1983 ./vaxif/
-r--r--r-- 0/10           9050 Jul 30 00:40 1983 ./vaxif/if_acc.c
-r--r--r-- 0/10          11155 Jul 30 00:40 1983 ./vaxif/if_css.c
-r--r--r-- 0/10          11211 Jul 30 00:40 1983 ./vaxif/if_dmc.c
-r--r--r-- 0/10          18835 Jul 30 00:40 1983 ./vaxif/if_ec.c
-r--r--r-- 0/10          16383 Jul 30 00:40 1983 ./vaxif/if_en.c
-r--r--r-- 0/10          32572 Jul 30 00:40 1983 ./vaxif/if_hy.c
-r--r--r-- 0/10           4022 Jul 30 00:40 1983 ./vaxif/if_ilreg.h
-r--r--r-- 0/10            518 Jul 30 00:40 1983 ./vaxif/if_en.h
-r--r--r-- 0/10           6231 Jul 30 00:40 1983 ./vaxif/if_uba.c
-r--r--r-- 0/10           1497 Jul 30 00:40 1983 ./vaxif/if_accreg.h
-r--r--r-- 0/10           1953 Jul 30 00:40 1983 ./vaxif/if_cssreg.h
-r--r--r-- 0/10           1620 Jul 30 00:40 1983 ./vaxif/if_dmc.h
-r--r--r-- 0/10           1472 Jul 30 00:40 1983 ./vaxif/if_il.h
-r--r--r-- 0/10          17231 Sep 26 11:06 1983 ./vaxif/if_il.c
-r--r--r-- 0/10           1869 Jul 30 00:40 1983 ./vaxif/if_uba.h
-r--r--r-- 0/10            509 Jul 30 00:40 1983 ./vaxif/if_un.h
-r--r--r-- 0/10          13656 Jul 30 00:40 1983 ./vaxif/if_un.c
-r--r--r-- 0/10           1942 Jul 30 00:40 1983 ./vaxif/if_ecreg.h
-r--r--r-- 0/10           1052 Jul 30 00:40 1983 ./vaxif/if_enreg.h
-r--r--r-- 0/10           1637 Jul 30 00:40 1983 ./vaxif/if_unreg.h
-r--r--r-- 0/10          24333 Jul 30 00:40 1983 ./vaxif/if_vv.c
-r--r--r-- 0/10           1476 Jul 30 00:40 1983 ./vaxif/if_hy.h
-r--r--r-- 0/10          10097 Jul 30 00:40 1983 ./vaxif/if_hyreg.h
-r--r--r-- 0/10           2819 Jul 30 00:40 1983 ./vaxif/if_vv.h
-r--r--r-- 0/10          12649 Jul 30 00:40 1983 ./vaxif/if_pcl.c
-r--r--r-- 0/10            608 Jul 30 00:40 1983 ./vaxif/if_ether.h
-r--r--r-- 0/10           2308 Jul 30 00:40 1983 ./vaxif/if_pclreg.h
drwxrwxr-x 0/10              0 Jul 10 04:44 1983 ./vaxmba/
-r--r--r-- 0/10          23104 Sep 26 12:43 1983 ./vaxmba/hp.c
-r--r--r-- 0/10          13552 Sep 27 15:06 1983 ./vaxmba/ht.c
-r--r--r-- 0/10          10813 Jul 30 00:35 1983 ./vaxmba/mba.c
-r--r--r-- 0/10          14323 Jul 30 00:35 1983 ./vaxmba/mt.c
-r--r--r-- 0/10           6058 Jul 30 00:35 1983 ./vaxmba/hpreg.h
-r--r--r-- 0/10           4201 Jul 30 00:35 1983 ./vaxmba/htreg.h
-r--r--r-- 0/10           4897 Jul 30 00:35 1983 ./vaxmba/mtreg.h
-r--r--r-- 0/10           3964 Jul 30 00:35 1983 ./vaxmba/mbareg.h
-r--r--r-- 0/10           4356 Jul 30 00:35 1983 ./vaxmba/mbavar.h
drwxrwxr-x 0/10              0 Jul 30 00:54 1983 ./vaxuba/
-r--r--r-- 0/10           3265 Jul 30 00:33 1983 ./vaxuba/ad.c
-r--r--r-- 0/10            127 Jul 30 00:33 1983 ./vaxuba/pdma.h
-r--r--r-- 0/10           2385 Jul 30 00:33 1983 ./vaxuba/ct.c
-r--r--r-- 0/10          15585 Jul 30 00:33 1983 ./vaxuba/dh.c
-r--r--r-- 0/10          15224 Jul 30 00:33 1983 ./vaxuba/dmf.c
-r--r--r-- 0/10           4074 Jul 30 00:33 1983 ./vaxuba/dn.c
-r--r--r-- 0/10          13149 Jul 30 00:33 1983 ./vaxuba/dz.c
-r--r--r-- 0/10          21206 Jul 30 00:33 1983 ./vaxuba/idc.c
-r--r--r-- 0/10           4940 Jul 30 00:33 1983 ./vaxuba/ik.c
-r--r--r-- 0/10           6558 Jul 30 00:33 1983 ./vaxuba/lp.c
-r--r--r-- 0/10          15937 Jul 30 00:33 1983 ./vaxuba/lpa.c
-r--r--r-- 0/10          13277 Aug 14 05:41 1983 ./vaxuba/ps.c
-r--r--r-- 0/10          17810 Nov  3 10:51 1983 ./vaxuba/rk.c
-r--r--r-- 0/10          22875 Sep 26 11:06 1983 ./vaxuba/tm.c
-r--r--r-- 0/10          21374 Jul 30 00:33 1983 ./vaxuba/ts.c
-r--r--r-- 0/10           2198 Aug 14 05:41 1983 ./vaxuba/ikreg.h
-r--r--r-- 0/10          11088 Aug 22 08:44 1983 ./vaxuba/uba.c
-r--r--r-- 0/10          16856 Jul 30 00:33 1983 ./vaxuba/rl.c
-r--r--r-- 0/10           5632 Sep 30 02:19 1983 ./vaxuba/ubareg.h
-r--r--r-- 0/10          20930 Jul 30 00:33 1983 ./vaxuba/uda.c
-r--r--r-- 0/10          20843 Jul 30 00:33 1983 ./vaxuba/ut.c
-r--r--r-- 0/10          25648 Jul 30 00:33 1983 ./vaxuba/up.c
-r--r--r-- 0/10          10010 Jul 30 00:33 1983 ./vaxuba/va.c
-r--r--r-- 0/10           1476 Jul 30 00:33 1983 ./vaxuba/dhreg.h
-r--r--r-- 0/10           3865 Jul 30 00:33 1983 ./vaxuba/idcreg.h
-r--r--r-- 0/10           1528 Jul 30 00:33 1983 ./vaxuba/udareg.h
-r--r--r-- 0/10           3934 Aug 14 05:41 1983 ./vaxuba/psreg.h
-r--r--r-- 0/10           4831 Jul 30 00:33 1983 ./vaxuba/rkreg.h
-r--r--r-- 0/10           2282 Jul 30 00:33 1983 ./vaxuba/tmreg.h
-r--r--r-- 0/10           5681 Jul 30 00:33 1983 ./vaxuba/tsreg.h
-r--r--r-- 0/10           7035 Aug 14 05:41 1983 ./vaxuba/ubavar.h
-r--r--r-- 0/10           6042 Jul 30 00:33 1983 ./vaxuba/upreg.h
-r--r--r-- 0/10           6287 Jul 30 00:33 1983 ./vaxuba/utreg.h
-r--r--r-- 0/10            508 Jul 30 00:33 1983 ./vaxuba/adreg.h
-r--r--r-- 0/10           2287 Jul 30 00:33 1983 ./vaxuba/dzreg.h
-r--r--r-- 0/10           1217 Jul 30 00:33 1983 ./vaxuba/dmreg.h
-r--r--r-- 0/10           1488 Jul 30 00:33 1983 ./vaxuba/kgclock.c
-r--r--r-- 0/10          20980 Jul 30 00:33 1983 ./vaxuba/rx.c
-r--r--r-- 0/10          18491 Jul 30 00:33 1983 ./vaxuba/uu.c
-r--r--r-- 0/10           3123 Jul 30 00:33 1983 ./vaxuba/rxreg.h
-r--r--r-- 0/10           7162 Sep 26 11:06 1983 ./vaxuba/vp.c
-r--r--r-- 0/10           3917 Jul 30 00:33 1983 ./vaxuba/rlreg.h
-r--r--r-- 0/10            872 Jul 30 00:33 1983 ./vaxuba/uureg.h
-r--r--r-- 0/10           3948 Jul 30 00:33 1983 ./vaxuba/dmfreg.h
-r--r--r-- 0/10            477 Jul 30 00:33 1983 ./vaxuba/vpreg.h
drwxrwxr-x 0/10              0 Aug 14 11:37 1983 ./cassette/
-r--r--r-- 0/10            102 May  1 10:48 1983 ./cassette/hkmboo.cmd
-r--r--r-- 0/10            114 May  1 10:48 1983 ./cassette/hksboo.cmd
-r--r--r-- 0/10            102 May  1 10:48 1983 ./cassette/ramboo.cmd
-r--r--r-- 0/10            127 May  1 10:48 1983 ./cassette/anyboo.cmd
-rw-r--r-- 0/10          10220 Sep 29 05:30 1983 ./cassette/boot.730
-rw-r--r-- 0/10            155 May  1 10:48 1983 ./cassette/defboo.cmd
-r--r--r-- 0/10            154 May  1 10:48 1983 ./cassette/defboo.hk
-r--r--r-- 0/10            154 May  1 10:48 1983 ./cassette/defboo.ra
-r--r--r-- 0/10            154 May  1 10:48 1983 ./cassette/defboo.up
-rw-r--r-- 0/10          19296 Sep 29 05:30 1983 ./cassette/boot.750
-r--r--r-- 0/10            155 May  1 10:48 1983 ./cassette/defboo.rb
-r--r--r-- 0/10            103 May  1 10:48 1983 ./cassette/rbmboo.cmd
-r--r--r-- 0/10             49 May  1 10:48 1983 ./cassette/restar.cmd
-r--r--r-- 0/10            102 May  1 10:48 1983 ./cassette/upmboo.cmd
-r--r--r-- 0/10            114 May  1 10:48 1983 ./cassette/upsboo.cmd
-r--r--r-- 0/10            115 May  1 10:48 1983 ./cassette/rbsboo.cmd
-r--r--r-- 0/10            114 May  1 10:48 1983 ./cassette/rasboo.cmd
-r--r--r-- 0/10            156 Jun 17 11:42 1983 ./cassette/defboo.rl
-r--r--r-- 0/10            115 Sep 26 11:06 1983 ./cassette/rlsboo.cmd
-rw-r--r-- 0/10          12392 Sep 29 05:30 1983 ./cassette/copy.730
-r--r--r-- 0/10           1534 Sep 26 11:06 1983 ./cassette/Makefile
-rw-r--r-- 0/10          23044 Sep 29 05:30 1983 ./cassette/copy.750
-rw-r--r-- 0/10          13776 Sep 29 05:30 1983 ./cassette/format.730
-rw-r--r-- 0/10          18996 Aug 14 11:36 1983 ./cassette/boot
-rw-r--r-- 0/10          19124 Sep 29 05:30 1983 ./cassette/format.750
-rw-r--r-- 0/10           9832 Sep 29 05:30 1983 ./cassette/drtest.730
-rw-r--r-- 0/10          15180 Sep 29 05:30 1983 ./cassette/drtest.750
-rw-r--r-- 0/10          91136 Aug 14 11:36 1983 ./cassette/cassette
-rw-r--r-- 0/10          17348 Aug 14 11:36 1983 ./cassette/format
-rw-r--r-- 0/10          22744 Aug 14 11:36 1983 ./cassette/copy
-rw-r--r-- 0/10          14880 Aug 14 11:36 1983 ./cassette/drtest
